Log file open, 01/22/20 11:39:36
LogWindows: Failed to load 'aqProf.dll' (GetLastError=126)
LogWindows: File 'aqProf.dll' does not exist
LogWindows: Failed to load 'VtuneApi.dll' (GetLastError=126)
LogWindows: File 'VtuneApi.dll' does not exist
LogWindows: Failed to load 'VtuneApi32e.dll' (GetLastError=126)
LogWindows: File 'VtuneApi32e.dll' does not exist
LogConsoleResponse: Display: Failed to find resolution value strings in scalability ini. Falling back to default.
LogInit: Display: Running engine for game: Horror_Game
LogPakFile: Registered encryption key '00000000000000000000000000000000': 0 pak files mounted, 0 remain pending
LogPlatformFile: Not using cached read wrapper
LogTaskGraph: Started task graph with 5 named threads and 26 total threads with 3 sets of task threads.
LogStats: Stats thread started at 0.290106
LogD3D11RHI: Loaded GFSDK_Aftermath_Lib.x64.dll
LogICUInternationalization: ICU TimeZone Detection - Raw Offset: -5:00, Platform Override: ''
LogPluginManager: Mounting plugin Paper2D
LogPluginManager: Mounting plugin AISupport
LogPluginManager: Mounting plugin LightPropagationVolume
LogPluginManager: Mounting plugin ActorLayerUtilities
LogPluginManager: Mounting plugin AnimationSharing
LogPluginManager: Mounting plugin CLionSourceCodeAccess
LogPluginManager: Mounting plugin CodeLiteSourceCodeAccess
LogPluginManager: Mounting plugin GitSourceControl
LogPluginManager: Mounting plugin KDevelopSourceCodeAccess
LogPluginManager: Mounting plugin NullSourceCodeAccess
LogPluginManager: Mounting plugin PerforceSourceControl
LogPluginManager: Mounting plugin SubversionSourceControl
LogPluginManager: Mounting plugin UObjectPlugin
LogPluginManager: Mounting plugin VisualStudioCodeSourceCodeAccess
LogPluginManager: Mounting plugin VisualStudioSourceCodeAccess
LogPluginManager: Mounting plugin XCodeSourceCodeAccess
LogPluginManager: Mounting plugin AssetManagerEditor
LogPluginManager: Mounting plugin CryptoKeys
LogPluginManager: Mounting plugin DataValidation
LogPluginManager: Mounting plugin FacialAnimation
LogPluginManager: Mounting plugin GameplayTagsEditor
LogPluginManager: Mounting plugin MacGraphicsSwitching
LogPluginManager: Mounting plugin MaterialAnalyzer
LogPluginManager: Mounting plugin MobileLauncherProfileWizard
LogPluginManager: Mounting plugin PluginBrowser
LogPluginManager: Mounting plugin SpeedTreeImporter
LogPluginManager: Mounting plugin DatasmithContent
LogPluginManager: Mounting plugin VariantManagerContent
LogPluginManager: Mounting plugin AlembicImporter
LogPluginManager: Mounting plugin AppleImageUtils
LogPluginManager: Mounting plugin AppleVision
LogPluginManager: Mounting plugin BackChannel
LogPluginManager: Mounting plugin CharacterAI
LogPluginManager: Mounting plugin GeometryCache
LogPluginManager: Mounting plugin HTML5Networking
LogPluginManager: Mounting plugin ProxyLODPlugin
LogPluginManager: Mounting plugin SkeletalReduction
LogPluginManager: Mounting plugin MagicLeap
LogPluginManager: Mounting plugin MagicLeapMedia
LogPluginManager: Mounting plugin AndroidMedia
LogPluginManager: Mounting plugin AvfMedia
LogPluginManager: Mounting plugin ImgMedia
LogPluginManager: Mounting plugin LinearTimecode
LogPluginManager: Mounting plugin MediaCompositing
LogPluginManager: Mounting plugin MediaPlayerEditor
LogPluginManager: Mounting plugin WebMMedia
LogPluginManager: Mounting plugin WmfMedia
LogPluginManager: Mounting plugin TcpMessaging
LogPluginManager: Mounting plugin UdpMessaging
LogPluginManager: Mounting plugin ActorSequence
LogPluginManager: Mounting plugin LevelSequenceEditor
LogPluginManager: Mounting plugin MatineeToLevelSequence
LogPluginManager: Mounting plugin NetcodeUnitTest
LogPluginManager: Mounting plugin NUTUnrealEngine4
LogPluginManager: Mounting plugin OnlineSubsystemGooglePlay
LogPluginManager: Mounting plugin OnlineSubsystemIOS
LogPluginManager: Mounting plugin OnlineSubsystem
LogPluginManager: Mounting plugin OnlineSubsystemNull
LogPluginManager: Mounting plugin OnlineSubsystemSteam
LogPluginManager: Mounting plugin OnlineSubsystemUtils
LogPluginManager: Mounting plugin LauncherChunkInstaller
LogPluginManager: Mounting plugin AndroidDeviceProfileSelector
LogPluginManager: Mounting plugin AndroidMoviePlayer
LogPluginManager: Mounting plugin AndroidPermission
LogPluginManager: Mounting plugin AppleMoviePlayer
LogPluginManager: Mounting plugin ArchVisCharacter
LogPluginManager: Mounting plugin AudioCapture
LogPluginManager: Mounting plugin CableComponent
LogPluginManager: Mounting plugin CustomMeshComponent
LogPluginManager: Mounting plugin EditableMesh
LogPluginManager: Mounting plugin ExampleDeviceProfileSelector
LogPluginManager: Mounting plugin Firebase
LogPluginManager: Mounting plugin GoogleCloudMessaging
LogPluginManager: Mounting plugin IOSDeviceProfileSelector
LogPluginManager: Mounting plugin LinuxDeviceProfileSelector
LogPluginManager: Mounting plugin LocationServicesBPLibrary
LogPluginManager: Mounting plugin MobilePatchingUtils
LogPluginManager: Mounting plugin OculusVR
LogPluginManager: Mounting plugin PhysXVehicles
LogPluginManager: Mounting plugin ProceduralMeshComponent
LogPluginManager: Mounting plugin RuntimePhysXCooking
LogPluginManager: Mounting plugin SignificanceManager
LogPluginManager: Mounting plugin SteamVR
LogPluginManager: Mounting plugin WebMMoviePlayer
LogPluginManager: Mounting plugin WindowsMoviePlayer
LogInit: Using libcurl 7.55.1-DEV
LogInit:  - built for x86_64-pc-win32
LogInit:  - supports SSL with OpenSSL/1.1.1
LogInit:  - supports HTTP deflate (compression) using libz 1.2.8
LogInit:  - other features:
LogInit:      CURL_VERSION_SSL
LogInit:      CURL_VERSION_LIBZ
LogInit:      CURL_VERSION_IPV6
LogInit:      CURL_VERSION_ASYNCHDNS
LogInit:      CURL_VERSION_LARGEFILE
LogInit:      CURL_VERSION_IDN
LogInit:  CurlRequestOptions (configurable via config and command line):
LogInit:  - bVerifyPeer = true  - Libcurl will verify peer certificate
LogInit:  - bUseHttpProxy = false  - Libcurl will NOT use HTTP proxy
LogInit:  - bDontReuseConnections = false  - Libcurl will reuse connections
LogInit:  - MaxHostConnections = 16  - Libcurl will limit the number of connections to a host
LogInit:  - LocalHostAddr = Default
LogInit:  - BufferSize = 65536
LogOnline: Display: STEAM: Loading Steam SDK 1.39
LogOnline: Warning: STEAM: Steamworks: SteamUtils() failed!
LogOnline: Warning: STEAM: Steamworks: SteamUser() failed!
LogOnline: Warning: STEAM: Steamworks: SteamFriends() failed!
LogOnline: Warning: STEAM: Steamworks: SteamRemoteStorage() failed!
LogOnline: Warning: STEAM: Steamworks: SteamUserStats() failed!
LogOnline: Warning: STEAM: Steamworks: SteamMatchmakingServers() failed!
LogOnline: Warning: STEAM: Steamworks: SteamApps() failed!
LogOnline: Warning: STEAM: Steamworks: SteamNetworking() failed!
LogOnline: Warning: STEAM: Steamworks: SteamMatchmaking() failed!
LogOnline: STEAM: [AppId: 0] Client API initialized 0
LogOnline: Display: STEAM: OnlineSubsystemSteam::Shutdown()
LogOnline: Warning: STEAM: Steam API failed to initialize!
LogOnline: Display: STEAM: OnlineSubsystemSteam::Shutdown()
LogOnline: OSS: Unable to create OnlineSubsystem module Steam
LogInit: WinSock: version 1.1 (2.2), MaxSocks=32767, MaxUdp=65467
LogHMD: Failed initializing OVRPlugin 1.32.0
LogInit: Build: ++UE4+Release-4.22-CL-7053642
LogInit: Engine Version: 4.22.3-7053642+++UE4+Release-4.22
LogInit: Compatible Engine Version: 4.22.0-5660361+++UE4+Release-4.22
LogInit: Net CL: 5660361
LogInit: OS: Windows 10 (Release 1903) (), CPU: Intel(R) Core(TM) i7-9700 CPU @ 3.00GHz, GPU: NVIDIA GeForce GTX 1660 Ti
LogInit: Compiled (64-bit): Jun 18 2019 03:09:11
LogInit: Compiled with Visual C++: 19.16.27025.01
LogInit: Build Configuration: Development
LogInit: Branch Name: ++UE4+Release-4.22
LogInit: Command Line:  /Game/Maps/Menus -game -PIEVIACONSOLE -ResX=1280 -ResY=720 -Multiprocess -messaging -SessionName="Play in Standalone Game" -windowed
LogInit: Base Directory: C:/Epic Games/UE_4.22/Engine/Binaries/Win64/
LogInit: Installed Engine Build: 1
LogDevObjectVersion: Number of dev versions registered: 23
LogDevObjectVersion:   Dev-Blueprints (B0D832E4-1F89-4F0D-ACCF-7EB736FD4AA2): 10
LogDevObjectVersion:   Dev-Build (E1C64328-A22C-4D53-A36C-8E866417BD8C): 0
LogDevObjectVersion:   Dev-Core (375EC13C-06E4-48FB-B500-84F0262A717E): 3
LogDevObjectVersion:   Dev-Editor (E4B068ED-F494-42E9-A231-DA0B2E46BB41): 30
LogDevObjectVersion:   Dev-Framework (CFFC743F-43B0-4480-9391-14DF171D2073): 35
LogDevObjectVersion:   Dev-Mobile (B02B49B5-BB20-44E9-A304-32B752E40360): 2
LogDevObjectVersion:   Dev-Networking (A4E4105C-59A1-49B5-A7C5-40C4547EDFEE): 0
LogDevObjectVersion:   Dev-Online (39C831C9-5AE6-47DC-9A44-9C173E1C8E7C): 0
LogDevObjectVersion:   Dev-Physics (78F01B33-EBEA-4F98-B9B4-84EACCB95AA2): 0
LogDevObjectVersion:   Dev-Platform (6631380F-2D4D-43E0-8009-CF276956A95A): 0
LogDevObjectVersion:   Dev-Rendering (12F88B9F-8875-4AFC-A67C-D90C383ABD29): 28
LogDevObjectVersion:   Dev-Sequencer (7B5AE74C-D270-4C10-A958-57980B212A5A): 11
LogDevObjectVersion:   Dev-VR (D7296918-1DD6-4BDD-9DE2-64A83CC13884): 2
LogDevObjectVersion:   Dev-LoadTimes (C2A15278-BFE7-4AFE-6C17-90FF531DF755): 1
LogDevObjectVersion:   Private-Geometry (6EACA3D4-40EC-4CC1-B786-8BED09428FC5): 3
LogDevObjectVersion:   Dev-AnimPhys (29E575DD-E0A3-4627-9D10-D276232CDCEA): 17
LogDevObjectVersion:   Dev-Anim (AF43A65D-7FD3-4947-9873-3E8ED9C1BB05): 2
LogDevObjectVersion:   Dev-ReflectionCapture (6B266CEC-1EC7-4B8F-A30B-E4D90942FC07): 1
LogDevObjectVersion:   Dev-Automation (0DF73D61-A23F-47EA-B727-89E90C41499A): 1
LogDevObjectVersion:   FortniteMain (601D1886-AC64-4F84-AA16-D3DE0DEAC7D6): 25
LogDevObjectVersion:   Dev-Enterprise (9DFFBCD6-494F-0158-E221-12823C92A888): 6
LogDevObjectVersion:   Dev-Niagara (F2AED0AC-9AFE-416F-8664-AA7FFA26D6FC): 1
LogDevObjectVersion:   Dev-Destruction (174F1F0B-B4C6-45A5-B13F-2EE8D0FB917D): 2
LogInit: Presizing for max 16777216 objects, including 0 objects not considered by GC, pre-allocating 0 bytes for permanent pool.
LogInit: Object subsystem initialized
LogConfig: Setting CVar [[con.DebugEarlyDefault:1]]
LogConfig: Setting CVar [[r.setres:1280x720]]
[2020.01.22-16.39.37:865][  0]LogConfig: Setting CVar [[con.DebugEarlyDefault:1]]
[2020.01.22-16.39.37:865][  0]LogConfig: Setting CVar [[r.setres:1280x720]]
[2020.01.22-16.39.37:865][  0]LogConfig: Applying CVar settings from Section [/Script/Engine.RendererSettings] File [C:/Users/02kaden.seeger/Desktop/Unreal Projects/RnD 2019-2020/HorrorGame/Saved/Config/Windows/Engine.ini]
[2020.01.22-16.39.37:865][  0]LogConfig: Setting CVar [[r.GPUCrashDebugging:0]]
[2020.01.22-16.39.37:865][  0]LogConfig: Applying CVar settings from Section [/Script/Engine.RendererOverrideSettings] File [C:/Users/02kaden.seeger/Desktop/Unreal Projects/RnD 2019-2020/HorrorGame/Saved/Config/Windows/Engine.ini]
[2020.01.22-16.39.37:865][  0]LogConfig: Applying CVar settings from Section [/Script/Engine.StreamingSettings] File [C:/Users/02kaden.seeger/Desktop/Unreal Projects/RnD 2019-2020/HorrorGame/Saved/Config/Windows/Engine.ini]
[2020.01.22-16.39.37:865][  0]LogConfig: Setting CVar [[s.MinBulkDataSizeForAsyncLoading:131072]]
[2020.01.22-16.39.37:865][  0]LogConfig: Setting CVar [[s.AsyncLoadingThreadEnabled:0]]
[2020.01.22-16.39.37:865][  0]LogConfig: Setting CVar [[s.EventDrivenLoaderEnabled:1]]
[2020.01.22-16.39.37:865][  0]LogConfig: Setting CVar [[s.WarnIfTimeLimitExceeded:0]]
[2020.01.22-16.39.37:865][  0]LogConfig: Setting CVar [[s.TimeLimitExceededMultiplier:1.5]]
[2020.01.22-16.39.37:865][  0]LogConfig: Setting CVar [[s.TimeLimitExceededMinTime:0.005]]
[2020.01.22-16.39.37:865][  0]LogConfig: Setting CVar [[s.UseBackgroundLevelStreaming:1]]
[2020.01.22-16.39.37:865][  0]LogConfig: Setting CVar [[s.PriorityAsyncLoadingExtraTime:15.0]]
[2020.01.22-16.39.37:865][  0]LogConfig: Setting CVar [[s.LevelStreamingActorsUpdateTimeLimit:5.0]]
[2020.01.22-16.39.37:865][  0]LogConfig: Setting CVar [[s.PriorityLevelStreamingActorsUpdateExtraTime:5.0]]
[2020.01.22-16.39.37:865][  0]LogConfig: Setting CVar [[s.LevelStreamingComponentsRegistrationGranularity:10]]
[2020.01.22-16.39.37:865][  0]LogConfig: Setting CVar [[s.UnregisterComponentsTimeLimit:1.0]]
[2020.01.22-16.39.37:865][  0]LogConfig: Setting CVar [[s.LevelStreamingComponentsUnregistrationGranularity:5]]
[2020.01.22-16.39.37:865][  0]LogConfig: Applying CVar settings from Section [/Script/Engine.GarbageCollectionSettings] File [C:/Users/02kaden.seeger/Desktop/Unreal Projects/RnD 2019-2020/HorrorGame/Saved/Config/Windows/Engine.ini]
[2020.01.22-16.39.37:865][  0]LogConfig: Setting CVar [[gc.MaxObjectsNotConsideredByGC:1]]
[2020.01.22-16.39.37:865][  0]LogConfig: Setting CVar [[gc.SizeOfPermanentObjectPool:0]]
[2020.01.22-16.39.37:865][  0]LogConfig: Setting CVar [[gc.FlushStreamingOnGC:0]]
[2020.01.22-16.39.37:865][  0]LogConfig: Setting CVar [[gc.NumRetriesBeforeForcingGC:10]]
[2020.01.22-16.39.37:865][  0]LogConfig: Setting CVar [[gc.AllowParallelGC:1]]
[2020.01.22-16.39.37:865][  0]LogConfig: Setting CVar [[gc.TimeBetweenPurgingPendingKillObjects:61.1]]
[2020.01.22-16.39.37:865][  0]LogConfig: Setting CVar [[gc.MaxObjectsInEditor:16777216]]
[2020.01.22-16.39.37:865][  0]LogConfig: Setting CVar [[gc.IncrementalBeginDestroyEnabled:1]]
[2020.01.22-16.39.37:865][  0]LogConfig: Setting CVar [[gc.CreateGCClusters:1]]
[2020.01.22-16.39.37:865][  0]LogConfig: Setting CVar [[gc.MinGCClusterSize:5]]
[2020.01.22-16.39.37:865][  0]LogConfig: Setting CVar [[gc.ActorClusteringEnabled:0]]
[2020.01.22-16.39.37:865][  0]LogConfig: Setting CVar [[gc.BlueprintClusteringEnabled:0]]
[2020.01.22-16.39.37:865][  0]LogConfig: Setting CVar [[gc.UseDisregardForGCOnDedicatedServers:0]]
[2020.01.22-16.39.37:865][  0]LogConfig: Applying CVar settings from Section [/Script/Engine.NetworkSettings] File [C:/Users/02kaden.seeger/Desktop/Unreal Projects/RnD 2019-2020/HorrorGame/Saved/Config/Windows/Engine.ini]
[2020.01.22-16.39.37:865][  0]LogConfig: Applying CVar settings from Section [/Script/UnrealEd.CookerSettings] File [C:/Users/02kaden.seeger/Desktop/Unreal Projects/RnD 2019-2020/HorrorGame/Saved/Config/Windows/Engine.ini]
[2020.01.22-16.39.37:869][  0]LogConfig: Applying CVar settings from Section [ViewDistanceQuality@3] File [C:/Users/02kaden.seeger/Desktop/Unreal Projects/RnD 2019-2020/HorrorGame/Saved/Config/Windows/Scalability.ini]
[2020.01.22-16.39.37:869][  0]LogConfig: Setting CVar [[r.SkeletalMeshLODBias:0]]
[2020.01.22-16.39.37:869][  0]LogConfig: Setting CVar [[r.ViewDistanceScale:1.0]]
[2020.01.22-16.39.37:869][  0]LogConfig: Applying CVar settings from Section [AntiAliasingQuality@3] File [C:/Users/02kaden.seeger/Desktop/Unreal Projects/RnD 2019-2020/HorrorGame/Saved/Config/Windows/Scalability.ini]
[2020.01.22-16.39.37:869][  0]LogConfig: Setting CVar [[r.PostProcessAAQuality:4]]
[2020.01.22-16.39.37:869][  0]LogConfig: Applying CVar settings from Section [ShadowQuality@3] File [C:/Users/02kaden.seeger/Desktop/Unreal Projects/RnD 2019-2020/HorrorGame/Saved/Config/Windows/Scalability.ini]
[2020.01.22-16.39.37:869][  0]LogConfig: Setting CVar [[r.LightFunctionQuality:1]]
[2020.01.22-16.39.37:869][  0]LogConfig: Setting CVar [[r.ShadowQuality:5]]
[2020.01.22-16.39.37:869][  0]LogConfig: Setting CVar [[r.Shadow.CSM.MaxCascades:10]]
[2020.01.22-16.39.37:869][  0]LogConfig: Setting CVar [[r.Shadow.MaxResolution:2048]]
[2020.01.22-16.39.37:869][  0]LogConfig: Setting CVar [[r.Shadow.MaxCSMResolution:2048]]
[2020.01.22-16.39.37:869][  0]LogConfig: Setting CVar [[r.Shadow.RadiusThreshold:0.01]]
[2020.01.22-16.39.37:869][  0]LogConfig: Setting CVar [[r.Shadow.DistanceScale:1.0]]
[2020.01.22-16.39.37:869][  0]LogConfig: Setting CVar [[r.Shadow.CSM.TransitionScale:1.0]]
[2020.01.22-16.39.37:869][  0]LogConfig: Setting CVar [[r.Shadow.PreShadowResolutionFactor:1.0]]
[2020.01.22-16.39.37:869][  0]LogConfig: Setting CVar [[r.DistanceFieldShadowing:1]]
[2020.01.22-16.39.37:869][  0]LogConfig: Setting CVar [[r.DistanceFieldAO:1]]
[2020.01.22-16.39.37:869][  0]LogConfig: Setting CVar [[r.AOQuality:2]]
[2020.01.22-16.39.37:869][  0]LogConfig: Setting CVar [[r.VolumetricFog:1]]
[2020.01.22-16.39.37:869][  0]LogConfig: Setting CVar [[r.VolumetricFog.GridPixelSize:8]]
[2020.01.22-16.39.37:869][  0]LogConfig: Setting CVar [[r.VolumetricFog.GridSizeZ:128]]
[2020.01.22-16.39.37:869][  0]LogConfig: Setting CVar [[r.VolumetricFog.HistoryMissSupersampleCount:4]]
[2020.01.22-16.39.37:869][  0]LogConfig: Setting CVar [[r.LightMaxDrawDistanceScale:1]]
[2020.01.22-16.39.37:869][  0]LogConfig: Setting CVar [[r.CapsuleShadows:1]]
[2020.01.22-16.39.37:869][  0]LogConfig: Applying CVar settings from Section [PostProcessQuality@3] File [C:/Users/02kaden.seeger/Desktop/Unreal Projects/RnD 2019-2020/HorrorGame/Saved/Config/Windows/Scalability.ini]
[2020.01.22-16.39.37:869][  0]LogConfig: Setting CVar [[r.MotionBlurQuality:4]]
[2020.01.22-16.39.37:869][  0]LogConfig: Setting CVar [[r.AmbientOcclusionMipLevelFactor:0.4]]
[2020.01.22-16.39.37:869][  0]LogConfig: Setting CVar [[r.AmbientOcclusionMaxQuality:100]]
[2020.01.22-16.39.37:869][  0]LogConfig: Setting CVar [[r.AmbientOcclusionLevels:-1]]
[2020.01.22-16.39.37:869][  0]LogConfig: Setting CVar [[r.AmbientOcclusionRadiusScale:1.0]]
[2020.01.22-16.39.37:869][  0]LogConfig: Setting CVar [[r.DepthOfFieldQuality:2]]
[2020.01.22-16.39.37:869][  0]LogConfig: Setting CVar [[r.RenderTargetPoolMin:400]]
[2020.01.22-16.39.37:869][  0]LogConfig: Setting CVar [[r.LensFlareQuality:2]]
[2020.01.22-16.39.37:869][  0]LogConfig: Setting CVar [[r.SceneColorFringeQuality:1]]
[2020.01.22-16.39.37:869][  0]LogConfig: Setting CVar [[r.EyeAdaptationQuality:2]]
[2020.01.22-16.39.37:869][  0]LogConfig: Setting CVar [[r.BloomQuality:5]]
[2020.01.22-16.39.37:869][  0]LogConfig: Setting CVar [[r.FastBlurThreshold:100]]
[2020.01.22-16.39.37:869][  0]LogConfig: Setting CVar [[r.Upscale.Quality:3]]
[2020.01.22-16.39.37:869][  0]LogConfig: Setting CVar [[r.Tonemapper.GrainQuantization:1]]
[2020.01.22-16.39.37:869][  0]LogConfig: Setting CVar [[r.LightShaftQuality:1]]
[2020.01.22-16.39.37:869][  0]LogConfig: Setting CVar [[r.Filter.SizeScale:1]]
[2020.01.22-16.39.37:869][  0]LogConfig: Setting CVar [[r.Tonemapper.Quality:5]]
[2020.01.22-16.39.37:869][  0]LogConfig: Setting CVar [[r.DOF.Gather.AccumulatorQuality:1        ; higher gathering accumulator quality]]
[2020.01.22-16.39.37:869][  0]LogConfig: Setting CVar [[r.DOF.Gather.PostfilterMethod:1          ; Median3x3 postfilering method]]
[2020.01.22-16.39.37:869][  0]LogConfig: Setting CVar [[r.DOF.Gather.EnableBokehSettings:0       ; no bokeh simulation when gathering]]
[2020.01.22-16.39.37:869][  0]LogConfig: Setting CVar [[r.DOF.Gather.RingCount:4                 ; medium number of samples when gathering]]
[2020.01.22-16.39.37:869][  0]LogConfig: Setting CVar [[r.DOF.Scatter.ForegroundCompositing:1    ; additive foreground scattering]]
[2020.01.22-16.39.37:869][  0]LogConfig: Setting CVar [[r.DOF.Scatter.BackgroundCompositing:2    ; additive background scattering]]
[2020.01.22-16.39.37:869][  0]LogConfig: Setting CVar [[r.DOF.Scatter.EnableBokehSettings:1      ; bokeh simulation when scattering]]
[2020.01.22-16.39.37:869][  0]LogConfig: Setting CVar [[r.DOF.Scatter.MaxSpriteRatio:0.1         ; only a maximum of 10% of scattered bokeh]]
[2020.01.22-16.39.37:869][  0]LogConfig: Setting CVar [[r.DOF.Recombine.Quality:1                ; cheap slight out of focus]]
[2020.01.22-16.39.37:869][  0]LogConfig: Setting CVar [[r.DOF.Recombine.EnableBokehSettings:0    ; no bokeh simulation on slight out of focus]]
[2020.01.22-16.39.37:869][  0]LogConfig: Setting CVar [[r.DOF.TemporalAAQuality:1                ; more stable temporal accumulation]]
[2020.01.22-16.39.37:869][  0]LogConfig: Setting CVar [[r.DOF.Kernel.MaxForegroundRadius:0.025]]
[2020.01.22-16.39.37:869][  0]LogConfig: Setting CVar [[r.DOF.Kernel.MaxBackgroundRadius:0.025]]
[2020.01.22-16.39.37:869][  0]LogConfig: Applying CVar settings from Section [TextureQuality@3] File [C:/Users/02kaden.seeger/Desktop/Unreal Projects/RnD 2019-2020/HorrorGame/Saved/Config/Windows/Scalability.ini]
[2020.01.22-16.39.37:869][  0]LogConfig: Setting CVar [[r.Streaming.MipBias:0]]
[2020.01.22-16.39.37:869][  0]LogConfig: Setting CVar [[r.Streaming.AmortizeCPUToGPUCopy:0]]
[2020.01.22-16.39.37:869][  0]LogConfig: Setting CVar [[r.Streaming.MaxNumTexturesToStreamPerFrame:0]]
[2020.01.22-16.39.37:869][  0]LogConfig: Setting CVar [[r.Streaming.Boost:1]]
[2020.01.22-16.39.37:869][  0]LogConfig: Setting CVar [[r.MaxAnisotropy:8]]
[2020.01.22-16.39.37:869][  0]LogConfig: Setting CVar [[r.Streaming.LimitPoolSizeToVRAM:0]]
[2020.01.22-16.39.37:869][  0]LogConfig: Setting CVar [[r.Streaming.PoolSize:1000]]
[2020.01.22-16.39.37:869][  0]LogConfig: Setting CVar [[r.Streaming.MaxEffectiveScreenSize:0]]
[2020.01.22-16.39.37:869][  0]LogConfig: Applying CVar settings from Section [EffectsQuality@3] File [C:/Users/02kaden.seeger/Desktop/Unreal Projects/RnD 2019-2020/HorrorGame/Saved/Config/Windows/Scalability.ini]
[2020.01.22-16.39.37:869][  0]LogConfig: Setting CVar [[r.TranslucencyLightingVolumeDim:64]]
[2020.01.22-16.39.37:869][  0]LogConfig: Setting CVar [[r.RefractionQuality:2]]
[2020.01.22-16.39.37:869][  0]LogConfig: Setting CVar [[r.SSR.Quality:3]]
[2020.01.22-16.39.37:869][  0]LogConfig: Setting CVar [[r.SceneColorFormat:4]]
[2020.01.22-16.39.37:869][  0]LogConfig: Setting CVar [[r.DetailMode:2]]
[2020.01.22-16.39.37:869][  0]LogConfig: Setting CVar [[r.TranslucencyVolumeBlur:1]]
[2020.01.22-16.39.37:869][  0]LogConfig: Setting CVar [[r.MaterialQualityLevel:1 ; High quality]]
[2020.01.22-16.39.37:869][  0]LogConfig: Setting CVar [[r.SSS.Scale:1]]
[2020.01.22-16.39.37:869][  0]LogConfig: Setting CVar [[r.SSS.SampleSet:2]]
[2020.01.22-16.39.37:869][  0]LogConfig: Setting CVar [[r.SSS.Quality:1]]
[2020.01.22-16.39.37:869][  0]LogConfig: Setting CVar [[r.SSS.HalfRes:1]]
[2020.01.22-16.39.37:869][  0]LogConfig: Setting CVar [[r.EmitterSpawnRateScale:1.0]]
[2020.01.22-16.39.37:869][  0]LogConfig: Setting CVar [[r.ParticleLightQuality:2]]
[2020.01.22-16.39.37:869][  0]LogConfig: Applying CVar settings from Section [FoliageQuality@3] File [C:/Users/02kaden.seeger/Desktop/Unreal Projects/RnD 2019-2020/HorrorGame/Saved/Config/Windows/Scalability.ini]
[2020.01.22-16.39.37:869][  0]LogConfig: Setting CVar [[foliage.DensityScale:1.0]]
[2020.01.22-16.39.37:869][  0]LogConfig: Setting CVar [[grass.DensityScale:1.0]]
[2020.01.22-16.39.37:869][  0]LogInit: Selected Device Profile: [Windows]
[2020.01.22-16.39.37:869][  0]LogInit: Applying CVar settings loaded from the selected device profile: [Windows]
[2020.01.22-16.39.37:880][  0]LogHAL: Display: Platform has ~ 16 GB [17106104320 / 17179869184 / 16], which maps to Larger [LargestMinGB=32, LargerMinGB=12, DefaultMinGB=8, SmallerMinGB=6, SmallestMinGB=0)
[2020.01.22-16.39.37:880][  0]LogConfig: Setting CVar [[r.Vulkan.UseRealUBs:0		; Required until we fix HLR fall-out]]
[2020.01.22-16.39.37:880][  0]LogInit: Going up to parent DeviceProfile []
[2020.01.22-16.39.37:880][  0]LogConfig: Applying CVar settings from Section [ViewDistanceQuality@3] File [C:/Users/02kaden.seeger/Desktop/Unreal Projects/RnD 2019-2020/HorrorGame/Saved/Config/Windows/Scalability.ini]
[2020.01.22-16.39.37:880][  0]LogConfig: Setting CVar [[r.SkeletalMeshLODBias:0]]
[2020.01.22-16.39.37:880][  0]LogConfig: Setting CVar [[r.ViewDistanceScale:1.0]]
[2020.01.22-16.39.37:880][  0]LogConfig: Applying CVar settings from Section [AntiAliasingQuality@3] File [C:/Users/02kaden.seeger/Desktop/Unreal Projects/RnD 2019-2020/HorrorGame/Saved/Config/Windows/Scalability.ini]
[2020.01.22-16.39.37:880][  0]LogConfig: Setting CVar [[r.PostProcessAAQuality:4]]
[2020.01.22-16.39.37:880][  0]LogConfig: Applying CVar settings from Section [ShadowQuality@3] File [C:/Users/02kaden.seeger/Desktop/Unreal Projects/RnD 2019-2020/HorrorGame/Saved/Config/Windows/Scalability.ini]
[2020.01.22-16.39.37:880][  0]LogConfig: Setting CVar [[r.LightFunctionQuality:1]]
[2020.01.22-16.39.37:880][  0]LogConfig: Setting CVar [[r.ShadowQuality:5]]
[2020.01.22-16.39.37:880][  0]LogConfig: Setting CVar [[r.Shadow.CSM.MaxCascades:10]]
[2020.01.22-16.39.37:880][  0]LogConfig: Setting CVar [[r.Shadow.MaxResolution:2048]]
[2020.01.22-16.39.37:880][  0]LogConfig: Setting CVar [[r.Shadow.MaxCSMResolution:2048]]
[2020.01.22-16.39.37:880][  0]LogConfig: Setting CVar [[r.Shadow.RadiusThreshold:0.01]]
[2020.01.22-16.39.37:880][  0]LogConfig: Setting CVar [[r.Shadow.DistanceScale:1.0]]
[2020.01.22-16.39.37:880][  0]LogConfig: Setting CVar [[r.Shadow.CSM.TransitionScale:1.0]]
[2020.01.22-16.39.37:880][  0]LogConfig: Setting CVar [[r.Shadow.PreShadowResolutionFactor:1.0]]
[2020.01.22-16.39.37:880][  0]LogConfig: Setting CVar [[r.DistanceFieldShadowing:1]]
[2020.01.22-16.39.37:880][  0]LogConfig: Setting CVar [[r.DistanceFieldAO:1]]
[2020.01.22-16.39.37:880][  0]LogConfig: Setting CVar [[r.AOQuality:2]]
[2020.01.22-16.39.37:880][  0]LogConfig: Setting CVar [[r.VolumetricFog:1]]
[2020.01.22-16.39.37:880][  0]LogConfig: Setting CVar [[r.VolumetricFog.GridPixelSize:8]]
[2020.01.22-16.39.37:880][  0]LogConfig: Setting CVar [[r.VolumetricFog.GridSizeZ:128]]
[2020.01.22-16.39.37:880][  0]LogConfig: Setting CVar [[r.VolumetricFog.HistoryMissSupersampleCount:4]]
[2020.01.22-16.39.37:880][  0]LogConfig: Setting CVar [[r.LightMaxDrawDistanceScale:1]]
[2020.01.22-16.39.37:880][  0]LogConfig: Setting CVar [[r.CapsuleShadows:1]]
[2020.01.22-16.39.37:880][  0]LogConfig: Applying CVar settings from Section [PostProcessQuality@3] File [C:/Users/02kaden.seeger/Desktop/Unreal Projects/RnD 2019-2020/HorrorGame/Saved/Config/Windows/Scalability.ini]
[2020.01.22-16.39.37:880][  0]LogConfig: Setting CVar [[r.MotionBlurQuality:4]]
[2020.01.22-16.39.37:880][  0]LogConfig: Setting CVar [[r.AmbientOcclusionMipLevelFactor:0.4]]
[2020.01.22-16.39.37:880][  0]LogConfig: Setting CVar [[r.AmbientOcclusionMaxQuality:100]]
[2020.01.22-16.39.37:880][  0]LogConfig: Setting CVar [[r.AmbientOcclusionLevels:-1]]
[2020.01.22-16.39.37:880][  0]LogConfig: Setting CVar [[r.AmbientOcclusionRadiusScale:1.0]]
[2020.01.22-16.39.37:880][  0]LogConfig: Setting CVar [[r.DepthOfFieldQuality:2]]
[2020.01.22-16.39.37:880][  0]LogConfig: Setting CVar [[r.RenderTargetPoolMin:400]]
[2020.01.22-16.39.37:880][  0]LogConfig: Setting CVar [[r.LensFlareQuality:2]]
[2020.01.22-16.39.37:880][  0]LogConfig: Setting CVar [[r.SceneColorFringeQuality:1]]
[2020.01.22-16.39.37:880][  0]LogConfig: Setting CVar [[r.EyeAdaptationQuality:2]]
[2020.01.22-16.39.37:880][  0]LogConfig: Setting CVar [[r.BloomQuality:5]]
[2020.01.22-16.39.37:880][  0]LogConfig: Setting CVar [[r.FastBlurThreshold:100]]
[2020.01.22-16.39.37:880][  0]LogConfig: Setting CVar [[r.Upscale.Quality:3]]
[2020.01.22-16.39.37:880][  0]LogConfig: Setting CVar [[r.Tonemapper.GrainQuantization:1]]
[2020.01.22-16.39.37:880][  0]LogConfig: Setting CVar [[r.LightShaftQuality:1]]
[2020.01.22-16.39.37:880][  0]LogConfig: Setting CVar [[r.Filter.SizeScale:1]]
[2020.01.22-16.39.37:880][  0]LogConfig: Setting CVar [[r.Tonemapper.Quality:5]]
[2020.01.22-16.39.37:880][  0]LogConfig: Setting CVar [[r.DOF.Gather.AccumulatorQuality:1        ; higher gathering accumulator quality]]
[2020.01.22-16.39.37:880][  0]LogConfig: Setting CVar [[r.DOF.Gather.PostfilterMethod:1          ; Median3x3 postfilering method]]
[2020.01.22-16.39.37:880][  0]LogConfig: Setting CVar [[r.DOF.Gather.EnableBokehSettings:0       ; no bokeh simulation when gathering]]
[2020.01.22-16.39.37:880][  0]LogConfig: Setting CVar [[r.DOF.Gather.RingCount:4                 ; medium number of samples when gathering]]
[2020.01.22-16.39.37:880][  0]LogConfig: Setting CVar [[r.DOF.Scatter.ForegroundCompositing:1    ; additive foreground scattering]]
[2020.01.22-16.39.37:880][  0]LogConfig: Setting CVar [[r.DOF.Scatter.BackgroundCompositing:2    ; additive background scattering]]
[2020.01.22-16.39.37:880][  0]LogConfig: Setting CVar [[r.DOF.Scatter.EnableBokehSettings:1      ; bokeh simulation when scattering]]
[2020.01.22-16.39.37:880][  0]LogConfig: Setting CVar [[r.DOF.Scatter.MaxSpriteRatio:0.1         ; only a maximum of 10% of scattered bokeh]]
[2020.01.22-16.39.37:880][  0]LogConfig: Setting CVar [[r.DOF.Recombine.Quality:1                ; cheap slight out of focus]]
[2020.01.22-16.39.37:880][  0]LogConfig: Setting CVar [[r.DOF.Recombine.EnableBokehSettings:0    ; no bokeh simulation on slight out of focus]]
[2020.01.22-16.39.37:880][  0]LogConfig: Setting CVar [[r.DOF.TemporalAAQuality:1                ; more stable temporal accumulation]]
[2020.01.22-16.39.37:880][  0]LogConfig: Setting CVar [[r.DOF.Kernel.MaxForegroundRadius:0.025]]
[2020.01.22-16.39.37:880][  0]LogConfig: Setting CVar [[r.DOF.Kernel.MaxBackgroundRadius:0.025]]
[2020.01.22-16.39.37:880][  0]LogConfig: Applying CVar settings from Section [TextureQuality@3] File [C:/Users/02kaden.seeger/Desktop/Unreal Projects/RnD 2019-2020/HorrorGame/Saved/Config/Windows/Scalability.ini]
[2020.01.22-16.39.37:880][  0]LogConfig: Setting CVar [[r.Streaming.MipBias:0]]
[2020.01.22-16.39.37:880][  0]LogConfig: Setting CVar [[r.Streaming.AmortizeCPUToGPUCopy:0]]
[2020.01.22-16.39.37:880][  0]LogConfig: Setting CVar [[r.Streaming.MaxNumTexturesToStreamPerFrame:0]]
[2020.01.22-16.39.37:881][  0]LogConfig: Setting CVar [[r.Streaming.Boost:1]]
[2020.01.22-16.39.37:881][  0]LogConfig: Setting CVar [[r.MaxAnisotropy:8]]
[2020.01.22-16.39.37:881][  0]LogConfig: Setting CVar [[r.Streaming.LimitPoolSizeToVRAM:0]]
[2020.01.22-16.39.37:881][  0]LogConfig: Setting CVar [[r.Streaming.PoolSize:1000]]
[2020.01.22-16.39.37:881][  0]LogConfig: Setting CVar [[r.Streaming.MaxEffectiveScreenSize:0]]
[2020.01.22-16.39.37:881][  0]LogConfig: Applying CVar settings from Section [EffectsQuality@3] File [C:/Users/02kaden.seeger/Desktop/Unreal Projects/RnD 2019-2020/HorrorGame/Saved/Config/Windows/Scalability.ini]
[2020.01.22-16.39.37:881][  0]LogConfig: Setting CVar [[r.TranslucencyLightingVolumeDim:64]]
[2020.01.22-16.39.37:881][  0]LogConfig: Setting CVar [[r.RefractionQuality:2]]
[2020.01.22-16.39.37:881][  0]LogConfig: Setting CVar [[r.SSR.Quality:3]]
[2020.01.22-16.39.37:881][  0]LogConfig: Setting CVar [[r.SceneColorFormat:4]]
[2020.01.22-16.39.37:881][  0]LogConfig: Setting CVar [[r.DetailMode:2]]
[2020.01.22-16.39.37:881][  0]LogConfig: Setting CVar [[r.TranslucencyVolumeBlur:1]]
[2020.01.22-16.39.37:881][  0]LogConfig: Setting CVar [[r.MaterialQualityLevel:1 ; High quality]]
[2020.01.22-16.39.37:881][  0]LogConfig: Setting CVar [[r.SSS.Scale:1]]
[2020.01.22-16.39.37:881][  0]LogConfig: Setting CVar [[r.SSS.SampleSet:2]]
[2020.01.22-16.39.37:881][  0]LogConfig: Setting CVar [[r.SSS.Quality:1]]
[2020.01.22-16.39.37:881][  0]LogConfig: Setting CVar [[r.SSS.HalfRes:1]]
[2020.01.22-16.39.37:881][  0]LogConfig: Setting CVar [[r.EmitterSpawnRateScale:1.0]]
[2020.01.22-16.39.37:881][  0]LogConfig: Setting CVar [[r.ParticleLightQuality:2]]
[2020.01.22-16.39.37:881][  0]LogConfig: Applying CVar settings from Section [FoliageQuality@3] File [C:/Users/02kaden.seeger/Desktop/Unreal Projects/RnD 2019-2020/HorrorGame/Saved/Config/Windows/Scalability.ini]
[2020.01.22-16.39.37:881][  0]LogConfig: Setting CVar [[foliage.DensityScale:1.0]]
[2020.01.22-16.39.37:881][  0]LogConfig: Setting CVar [[grass.DensityScale:1.0]]
[2020.01.22-16.39.37:881][  0]LogConfig: Applying CVar settings from Section [Startup] File [../../../Engine/Config/ConsoleVariables.ini]
[2020.01.22-16.39.37:881][  0]LogConfig: Setting CVar [[net.UseAdaptiveNetUpdateFrequency:0]]
[2020.01.22-16.39.37:881][  0]LogConfig: Setting CVar [[p.chaos.AllowCreatePhysxBodies:1]]
[2020.01.22-16.39.37:881][  0]LogConfig: Applying CVar settings from Section [ConsoleVariables] File [C:/Users/02kaden.seeger/Desktop/Unreal Projects/RnD 2019-2020/HorrorGame/Saved/Config/Windows/Engine.ini]
[2020.01.22-16.39.37:881][  0]LogInit: Computer: GUL-HS-GAMESD01
[2020.01.22-16.39.37:881][  0]LogInit: User: 02kadenseeger
[2020.01.22-16.39.37:881][  0]LogInit: CPU Page size=4096, Cores=8
[2020.01.22-16.39.37:881][  0]LogInit: High frequency timer resolution =10.000000 MHz
[2020.01.22-16.39.37:881][  0]LogMemory: Memory total: Physical=15.9GB (16GB approx)
[2020.01.22-16.39.37:881][  0]LogMemory: Platform Memory Stats for Windows
[2020.01.22-16.39.37:881][  0]LogMemory: Process Physical Memory: 102.88 MB used, 102.89 MB peak
[2020.01.22-16.39.37:881][  0]LogMemory: Process Virtual Memory: 101.25 MB used, 101.25 MB peak
[2020.01.22-16.39.37:881][  0]LogMemory: Physical Memory: 7914.91 MB used,  8398.74 MB free, 16313.65 MB total
[2020.01.22-16.39.37:881][  0]LogMemory: Virtual Memory: 4675.93 MB used,  134213048.00 MB free, 134217728.00 MB total
[2020.01.22-16.39.37:891][  0]LogInit: Using OS detected language (en-US).
[2020.01.22-16.39.37:891][  0]LogInit: Using OS detected locale (en-US).
[2020.01.22-16.39.37:891][  0]LogTextLocalizationManager: No specific localization for 'en-US' exists, so the 'en' localization will be used.
[2020.01.22-16.39.38:033][  0]LogSlate: New Slate User Created.  User Index 0, Is Virtual User: 0
[2020.01.22-16.39.38:033][  0]LogSlate: Slate User Registered.  User Index 0, Is Virtual User: 0
[2020.01.22-16.39.38:047][  0]LogHMD: Failed to initialize OpenVR with code 110
[2020.01.22-16.39.38:047][  0]LogD3D11RHI: D3D11 adapters:
[2020.01.22-16.39.38:097][  0]LogD3D11RHI:    0. 'NVIDIA GeForce GTX 1660 Ti' (Feature Level 11_0)
[2020.01.22-16.39.38:097][  0]LogD3D11RHI:       5991/0/8156 MB DedicatedVideo/DedicatedSystem/SharedSystem, Outputs:2, VendorId:0x10de
[2020.01.22-16.39.38:098][  0]LogD3D11RHI:    1. 'Microsoft Basic Render Driver' (Feature Level 11_0)
[2020.01.22-16.39.38:098][  0]LogD3D11RHI:       0/0/8156 MB DedicatedVideo/DedicatedSystem/SharedSystem, Outputs:0, VendorId:0x1414
[2020.01.22-16.39.38:098][  0]LogD3D11RHI: Chosen D3D11 Adapter: 0
[2020.01.22-16.39.38:104][  0]LogD3D11RHI: Creating new Direct3DDevice
[2020.01.22-16.39.38:104][  0]LogD3D11RHI:     GPU DeviceId: 0x2182 (for the marketing name, search the web for "GPU Device Id")
[2020.01.22-16.39.38:104][  0]LogWindows: EnumDisplayDevices:
[2020.01.22-16.39.38:104][  0]LogWindows:    0. 'NVIDIA GeForce GTX 1660 Ti' (P:0 D:1)
[2020.01.22-16.39.38:104][  0]LogWindows:    1. 'NVIDIA GeForce GTX 1660 Ti' (P:1 D:1)
[2020.01.22-16.39.38:104][  0]LogWindows:    2. 'NVIDIA GeForce GTX 1660 Ti' (P:0 D:0)
[2020.01.22-16.39.38:104][  0]LogWindows:    3. 'NVIDIA GeForce GTX 1660 Ti' (P:0 D:0)
[2020.01.22-16.39.38:105][  0]LogWindows: DebugString: FoundDriverCount:4 
[2020.01.22-16.39.38:105][  0]LogD3D11RHI:     Adapter Name: NVIDIA GeForce GTX 1660 Ti
[2020.01.22-16.39.38:105][  0]LogD3D11RHI:   Driver Version: 430.86 (internal:26.21.14.3086, unified:430.86)
[2020.01.22-16.39.38:105][  0]LogD3D11RHI:      Driver Date: 5-22-2019
[2020.01.22-16.39.38:105][  0]LogRHI: Texture pool is 4193 MB (70% of 5991 MB)
[2020.01.22-16.39.38:143][  0]LogD3D11RHI: Async texture creation enabled
[2020.01.22-16.39.38:145][  0]LogRendererCore: FGlobalReadBuffer::InitRHI
[2020.01.22-16.39.38:145][  0]LogRendererCore: FGlobalReadBuffer::InitRHI
[2020.01.22-16.39.38:145][  0]LogRendererCore: FGlobalReadBuffer::InitRHI
[2020.01.22-16.39.38:152][  0]LogD3D11RHI: GPU Timing Frequency: 1000.000000 (Debug: 2 1)
[2020.01.22-16.39.38:405][  0]LogTemp: Display: Module 'WindowsClientTargetPlatform' loaded TargetPlatform 'WindowsClient'
[2020.01.22-16.39.38:416][  0]LogTemp: Display: Module 'WindowsNoEditorTargetPlatform' loaded TargetPlatform 'WindowsNoEditor'
[2020.01.22-16.39.38:426][  0]LogTemp: Display: Module 'WindowsServerTargetPlatform' loaded TargetPlatform 'WindowsServer'
[2020.01.22-16.39.38:431][  0]LogTemp: Display: Module 'WindowsTargetPlatform' loaded TargetPlatform 'Windows'
[2020.01.22-16.39.38:431][  0]LogTargetPlatformManager: Display: Building Assets For Windows
[2020.01.22-16.39.38:436][  0]LogAudioDebug: Display: Lib vorbis DLL was dynamically loaded.
[2020.01.22-16.39.38:467][  0]LogShaderCompilers: Guid format shader working directory is -30 characters bigger than the processId version (../../../../../Users/02kaden.seeger/Desktop/Unreal Projects/RnD 2019-2020/HorrorGame/Intermediate/Shaders/WorkingDirectory/11156/).
[2020.01.22-16.39.38:468][  0]LogShaderCompilers: Cleaned the shader compiler working directory 'C:/Users/02kaden.seeger/AppData/Local/Temp/UnrealShaderWorkingDir/F1AE79C64247E888D37170AC533953FA/'.
[2020.01.22-16.39.38:469][  0]LogXGEController: Cannot use XGE Controller as Incredibuild is not installed on this machine.
[2020.01.22-16.39.38:469][  0]LogShaderCompilers: Cannot use XGE Shader Compiler as Incredibuild is not installed on this machine.
[2020.01.22-16.39.38:469][  0]LogShaderCompilers: Display: Using Local Shader Compiler.
[2020.01.22-16.39.38:886][  0]LogDerivedDataCache: Display: Max Cache Size: 512 MB
[2020.01.22-16.39.38:927][  0]LogDerivedDataCache: Loaded boot cache 0.04s 71MB C:/Users/02kaden.seeger/AppData/Local/UnrealEngine/4.22/DerivedDataCache/Boot.ddc.
[2020.01.22-16.39.38:927][  0]LogDerivedDataCache: Display: Loaded Boot cache: C:/Users/02kaden.seeger/AppData/Local/UnrealEngine/4.22/DerivedDataCache/Boot.ddc
[2020.01.22-16.39.38:927][  0]LogDerivedDataCache: FDerivedDataBackendGraph:  Pak pak cache file ../../../../../Users/02kaden.seeger/Desktop/Unreal Projects/RnD 2019-2020/HorrorGame/DerivedDataCache/DDC.ddp not found, will not use a pak cache.
[2020.01.22-16.39.38:927][  0]LogDerivedDataCache: Unable to find inner node Pak for hierarchical cache Hierarchy.
[2020.01.22-16.39.38:927][  0]LogDerivedDataCache: FDerivedDataBackendGraph:  CompressedPak pak cache file ../../../../../Users/02kaden.seeger/Desktop/Unreal Projects/RnD 2019-2020/HorrorGame/DerivedDataCache/Compressed.ddp not found, will not use a pak cache.
[2020.01.22-16.39.38:927][  0]LogDerivedDataCache: Unable to find inner node CompressedPak for hierarchical cache Hierarchy.
[2020.01.22-16.39.38:937][  0]LogDerivedDataCache: Display: Pak cache opened for reading ../../../Engine/DerivedDataCache/Compressed.ddp.
[2020.01.22-16.39.38:937][  0]LogDerivedDataCache: FDerivedDataBackendGraph:  EnterprisePak pak cache file ../../../Enterprise/DerivedDataCache/Compressed.ddp not found, will not use a pak cache.
[2020.01.22-16.39.38:937][  0]LogDerivedDataCache: Unable to find inner node EnterprisePak for hierarchical cache Hierarchy.
[2020.01.22-16.39.38:949][  0]LogDerivedDataCache: Using Local data cache path C:/Users/02kaden.seeger/AppData/Local/UnrealEngine/Common/DerivedDataCache: Writable
[2020.01.22-16.39.38:949][  0]LogDerivedDataCache: Shared data cache path not found in *engine.ini, will not use an Shared cache.
[2020.01.22-16.39.38:949][  0]LogDerivedDataCache: Unable to find inner node Shared for hierarchical cache Hierarchy.
[2020.01.22-16.39.38:966][  0]LogMaterial: Verifying Global Shaders for PCD3D_SM5
[2020.01.22-16.39.38:967][  0]LogSlate: Using FreeType 2.6.0
[2020.01.22-16.39.38:967][  0]LogSlate: SlateFontServices - WITH_FREETYPE: 1, WITH_HARFBUZZ: 1
[2020.01.22-16.39.39:037][  0]LogInit: Using OS detected language (en-US).
[2020.01.22-16.39.39:037][  0]LogInit: Using OS detected locale (en-US).
[2020.01.22-16.39.39:037][  0]LogTextLocalizationManager: No localization for 'en-US' exists, so 'en' will be used for the language.
[2020.01.22-16.39.39:037][  0]LogTextLocalizationManager: No localization for 'en-US' exists, so 'en' will be used for the locale.
[2020.01.22-16.39.39:037][  0]LogSlate: FontCache flush requested. Reason: Culture for localization was changed
[2020.01.22-16.39.39:037][  0]LogSlate: FontCache flush requested. Reason: Culture for localization was changed
[2020.01.22-16.39.39:038][  0]LogTextLocalizationManager: Compacting localization data took   0.00ms
[2020.01.22-16.39.39:043][  0]LogAssetRegistry: FAssetRegistry took 0.0034 seconds to start up
[2020.01.22-16.39.39:181][  0]LogPackageLocalizationCache: Processed 10 localized package path(s) for 1 prioritized culture(s) in 0.000339 seconds
[2020.01.22-16.39.39:280][  0]LogInit: Selected Device Profile: [Windows]
[2020.01.22-16.39.39:374][  0]LogMeshReduction: Using QuadricMeshReduction for automatic static mesh reduction
[2020.01.22-16.39.39:374][  0]LogMeshReduction: Using SimplygonMeshReduction for automatic skeletal mesh reduction
[2020.01.22-16.39.39:374][  0]LogMeshReduction: Using ProxyLODMeshReduction for automatic mesh merging
[2020.01.22-16.39.39:374][  0]LogMeshReduction: No distributed automatic mesh merging module available
[2020.01.22-16.39.39:374][  0]LogMeshMerging: No distributed automatic mesh merging module available
[2020.01.22-16.39.39:382][  0]LogNetVersion: Horror_Game 1.0.0, NetCL: 5660361, EngineNetVer: 10, GameNetVer: 0 (Checksum: 364352182)
[2020.01.22-16.39.39:750][  0]LogMoviePlayer: Initializing movie player
[2020.01.22-16.39.39:846][  0]LogTcpMessaging: Initializing TcpMessaging bridge
[2020.01.22-16.39.39:858][  0]LogUdpMessaging: Initializing bridge on interface 0.0.0.0:0 to multicast group 230.0.0.1:6666.
[2020.01.22-16.39.39:944][  0]SourceControl: Source control is disabled
[2020.01.22-16.39.39:944][  0]SourceControl: Source control is disabled
[2020.01.22-16.39.39:944][  0]SourceControl: Source control is disabled
[2020.01.22-16.39.39:950][  0]LogVSAccessor: Display: Unable to create Visual Studio setup instance: 80040154
[2020.01.22-16.39.39:951][  0]LogVSAccessor: Display: Unable to create Visual Studio setup instance: 80040154
[2020.01.22-16.39.39:999][  0]LogAndroidPermission: UAndroidPermissionCallbackProxy::GetInstance
[2020.01.22-16.39.40:045][  0]LogOcInput: OculusInput pre-init called
[2020.01.22-16.39.40:052][  0]LogUObjectArray: 46490 objects as part of root set at end of initial load.
[2020.01.22-16.39.40:052][  0]LogUObjectAllocator: 8177640 out of 0 bytes used by permanent object pool.
[2020.01.22-16.39.40:052][  0]LogUObjectArray: CloseDisregardForGC: 0/0 objects in disregard for GC pool
[2020.01.22-16.39.40:169][  0]LogEngine: Initializing Engine...
[2020.01.22-16.39.40:169][  0]LogHMD: Failed to initialize OpenVR with code 110
[2020.01.22-16.39.40:181][  0]LogStats: UGameplayTagsManager::InitializeManager -  0.000 s
[2020.01.22-16.39.40:299][  0]LogInit: Initializing FReadOnlyCVARCache
[2020.01.22-16.39.40:308][  0]LogInit: XAudio2 using 'Headset Earphone (2- DELL PRO STEREO HEADSET UC150)' : 2 channels at 48 kHz using 16 bits per sample (channel mask 0x3)
[2020.01.22-16.39.40:319][  0]LogInit: FAudioDevice initialized.
[2020.01.22-16.39.40:330][  0]LogNetVersion: Set ProjectVersion to 1.0.0.0. Version Checksum will be recalculated on next use.
[2020.01.22-16.39.40:333][  0]LogInit: Texture streaming: Enabled
[2020.01.22-16.39.40:461][  0]LogSlate: Updating window title bar state: overlay mode, drag disabled, window buttons hidden, title bar hidden
[2020.01.22-16.39.40:461][  0]LogInit: Display: Game Engine Initialized.
[2020.01.22-16.39.40:498][  0]LogInit: Display: Starting Game.
[2020.01.22-16.39.40:498][  0]LogNet: Browse: /Game/Maps/Menus?Name=Player
[2020.01.22-16.39.40:498][  0]LogLoad: LoadMap: /Game/Maps/Menus?Name=Player
[2020.01.22-16.39.40:521][  0]LogUObjectHash: Compacting FUObjectHashTables data took   1.33ms
[2020.01.22-16.39.40:542][  0]LogAIModule: Creating AISystem for world Menus
[2020.01.22-16.39.40:542][  0]LogLoad: Game class is 'MainmenuGM_C'
[2020.01.22-16.39.40:542][  0]LogWorld: Bringing World /Game/Maps/Menus.Menus up for play (max tick rate 0) at 2020.01.22-11.39.40
[2020.01.22-16.39.40:543][  0]LogWorld: Bringing up level for play took: 0.000412
[2020.01.22-16.39.40:543][  0]LogGameMode: FindPlayerStart: PATHS NOT DEFINED or NO PLAYERSTART with positive rating
[2020.01.22-16.39.40:546][  0]LogPlayerController: Error: InputMode:UIOnly - Attempting to focus Non-Focusable widget SObjectWidget [Widget.cpp(710)]!
[2020.01.22-16.39.40:546][  0]LogLoad: Took 0.047397 seconds to LoadMap(/Game/Maps/Menus)
[2020.01.22-16.39.40:594][  0]LogRenderer: Reallocating scene render targets to support 1280x720 Format 10 NumSamples 1 (Frame:1).
[2020.01.22-16.39.40:594][  0]LogLoad: (Engine Initialization) Total time: 5.17 seconds
[2020.01.22-16.39.40:594][  0]LogLoad: (Engine Initialization) Total Blueprint compile time: 0.00 seconds
[2020.01.22-16.39.40:613][  0]LogContentStreaming: Texture pool size now 1000 MB
[2020.01.22-16.39.41:789][ 73]LogSlate: FSceneViewport::OnFocusLost() reason 0
[2020.01.22-16.39.41:870][ 78]LogSlate: Updating window title bar state: overlay mode, drag disabled, window buttons hidden, title bar hidden
[2020.01.22-16.39.41:872][ 78]LogSlate: Took 0.000173 seconds to synchronously load lazily loaded font '../../../Engine/Content/Slate/Fonts/Roboto-Regular.ttf' (155K)
[2020.01.22-16.39.49:745][566]LogInit: WinSock: I am GUL-HS-GAMESD01 (192.168.56.1:0)
[2020.01.22-16.39.49:820][566]LogPackageName: SearchForPackageOnDisk took   0.074s to resolve Warped_Quarters_Mutant.umap.
[2020.01.22-16.39.49:892][566]LogPackageName: SearchForPackageOnDisk took   0.072s to resolve Warped_Quarters_Mutant.umap.
[2020.01.22-16.39.49:892][566]LogNet: Browse: /Game/Maps/Warped_Quarters_Mutant?listen
[2020.01.22-16.39.49:892][566]LogLoad: LoadMap: /Game/Maps/Warped_Quarters_Mutant?listen
[2020.01.22-16.39.49:915][566]LogUObjectHash: Compacting FUObjectHashTables data took   1.31ms
[2020.01.22-16.39.50:552][566]LogLinker: Warning: Can't find file '/Game/HousingPack02/Textures/T_Cladding_01_RMA'
[2020.01.22-16.39.50:553][566]LoadErrors: Failed to load /Game/HousingPack02/Textures/T_Cladding_01_RMA.T_Cladding_01_RMA Referenced by MI_Cladding_01
[2020.01.22-16.39.50:553][566]LogUObjectGlobals: Warning: Failed to load '/Game/HousingPack02/Textures/T_Cladding_01_RMA': Can't find file '/Game/HousingPack02/Textures/T_Cladding_01_RMA'
[2020.01.22-16.39.50:553][566]LogLinker: Warning: Can't find file for asset '/Game/HousingPack02/Textures/T_Cladding_01_RMA' while loading NULL.
[2020.01.22-16.39.50:553][566]LogUObjectGlobals: Warning: Failed to load '/Game/HousingPack02/Textures/T_Cladding_01_RMA': Can't find file for asset '/Game/HousingPack02/Textures/T_Cladding_01_RMA' while loading NULL.
[2020.01.22-16.39.50:553][566]LogLinker: Warning: Can't find file '/Game/HousingPack02/Textures/T_Lighting_Fixtures_01'
[2020.01.22-16.39.50:553][566]LoadErrors: Failed to load /Game/HousingPack02/Textures/T_Lighting_Fixtures_01.T_Lighting_Fixtures_01 Referenced by MI_Lighting_Fixtures_01
[2020.01.22-16.39.50:553][566]LogUObjectGlobals: Warning: Failed to load '/Game/HousingPack02/Textures/T_Lighting_Fixtures_01': Can't find file '/Game/HousingPack02/Textures/T_Lighting_Fixtures_01'
[2020.01.22-16.39.50:553][566]LogLinker: Warning: Can't find file for asset '/Game/HousingPack02/Textures/T_Lighting_Fixtures_01' while loading NULL.
[2020.01.22-16.39.50:553][566]LogUObjectGlobals: Warning: Failed to load '/Game/HousingPack02/Textures/T_Lighting_Fixtures_01': Can't find file for asset '/Game/HousingPack02/Textures/T_Lighting_Fixtures_01' while loading NULL.
[2020.01.22-16.39.51:172][566]LogAIModule: Creating AISystem for world Warped_Quarters_Mutant
[2020.01.22-16.39.51:176][566]LogLoad: Game class is 'ThirdPersonGameMode_C'
[2020.01.22-16.39.51:177][566]LogOnline: Warning: STEAM: Steamworks: SteamUtils() failed!
[2020.01.22-16.39.51:177][566]LogOnline: Warning: STEAM: Steamworks: SteamUser() failed!
[2020.01.22-16.39.51:177][566]LogOnline: Warning: STEAM: Steamworks: SteamFriends() failed!
[2020.01.22-16.39.51:177][566]LogOnline: Warning: STEAM: Steamworks: SteamRemoteStorage() failed!
[2020.01.22-16.39.51:177][566]LogOnline: Warning: STEAM: Steamworks: SteamUserStats() failed!
[2020.01.22-16.39.51:177][566]LogOnline: Warning: STEAM: Steamworks: SteamMatchmakingServers() failed!
[2020.01.22-16.39.51:177][566]LogOnline: Warning: STEAM: Steamworks: SteamApps() failed!
[2020.01.22-16.39.51:177][566]LogOnline: Warning: STEAM: Steamworks: SteamNetworking() failed!
[2020.01.22-16.39.51:177][566]LogOnline: Warning: STEAM: Steamworks: SteamMatchmaking() failed!
[2020.01.22-16.39.51:177][566]LogOnline: STEAM: [AppId: 0] Client API initialized 0
[2020.01.22-16.39.51:177][566]LogOnline: Display: STEAM: OnlineSubsystemSteam::Shutdown()
[2020.01.22-16.39.51:177][566]LogOnline: Warning: STEAM: Steam API failed to initialize!
[2020.01.22-16.39.51:177][566]LogOnline: Display: STEAM: OnlineSubsystemSteam::Shutdown()
[2020.01.22-16.39.51:177][566]LogTemp: Display: ParseSettings for GameNetDriver
[2020.01.22-16.39.51:177][566]LogTemp: Display: ParseSettings for IpNetDriver_0
[2020.01.22-16.39.51:177][566]LogTemp: Display: ParseSettings for GameNetDriver
[2020.01.22-16.39.51:177][566]LogNet: ReplicationDriverClass is null! Not using ReplicationDriver.
[2020.01.22-16.39.51:177][566]PacketHandlerLog: DDoS detection status: detection enabled: 0 analytics enabled: 0
[2020.01.22-16.39.51:177][566]LogInit: WinSock: Socket queue 131072 / 131072
[2020.01.22-16.39.51:177][566]PacketHandlerLog: Loaded PacketHandler component: Engine.EngineHandlerComponentFactory (StatelessConnectHandlerComponent)
[2020.01.22-16.39.51:177][566]LogNet: GameNetDriver IpNetDriver_0 IpNetDriver listening on port 7777
[2020.01.22-16.39.51:197][566]LogWorld: Bringing World /Game/Maps/Warped_Quarters_Mutant.Warped_Quarters_Mutant up for play (max tick rate 0) at 2020.01.22-11.39.51
[2020.01.22-16.39.51:205][566]LogScript: Warning: Accessed None trying to read property CallFunc_GetPlayerController_ReturnValue
	Enemy_Mutant1_C /Game/Maps/Warped_Quarters_Mutant.Warped_Quarters_Mutant:PersistentLevel.Enemy_Mutant1_2
	Function /Game/ThirdPersonBP/Blueprints/Enemy/Enemy_Mutant1.Enemy_Mutant1_C:ExecuteUbergraph_Enemy_Mutant1:0074
[2020.01.22-16.39.51:205][566]LogScript: Warning: Script call stack:
	Function /Game/ThirdPersonBP/Blueprints/Enemy/Enemy_Mutant1.Enemy_Mutant1_C:BndEvt__Box1_K2Node_ComponentBoundEvent_1_ComponentBeginOverlapSignature__DelegateSignature
	Function /Game/ThirdPersonBP/Blueprints/Enemy/Enemy_Mutant1.Enemy_Mutant1_C:ExecuteUbergraph_Enemy_Mutant1

[2020.01.22-16.39.51:206][566]LogWorld: Bringing up level for play took: 0.027346
[2020.01.22-16.39.51:210][566]LogLoad: Took 1.316622 seconds to LoadMap(/Game/Maps/Warped_Quarters_Mutant)
[2020.01.22-16.39.55:801][847]LogSlate: Updating window title bar state: overlay mode, drag disabled, window buttons hidden, title bar hidden
[2020.01.22-16.40.09:289][683]LogPlayerController: Error: InputMode:UIOnly - Attempting to focus Non-Focusable widget SObjectWidget [Widget.cpp(710)]!
[2020.01.22-16.40.10:371][750]LogSlate: Updating window title bar state: overlay mode, drag disabled, window buttons hidden, title bar hidden
[2020.01.22-16.40.13:103][918]LogSlate: Window 'Horror_Game (64-bit Development PCD3D_SM5) ' being destroyed
[2020.01.22-16.40.13:104][918]LogWindowsTextInputMethodSystem: Display: IME system now deactivated.
[2020.01.22-16.40.13:107][918]LogSlate: Updating window title bar state: overlay mode, drag disabled, window buttons hidden, title bar hidden
[2020.01.22-16.40.13:107][918]LogEngine: All Windows Closed
[2020.01.22-16.40.13:107][918]LogWindows: FPlatformMisc::RequestExit(0)
[2020.01.22-16.40.13:110][919]LogNet: World NetDriver shutdown IpNetDriver_0 [GameNetDriver]
[2020.01.22-16.40.13:110][919]LogNet: DestroyNamedNetDriver IpNetDriver_0 [GameNetDriver]
[2020.01.22-16.40.13:110][919]LogExit: GameNetDriver IpNetDriver_0 shut down
[2020.01.22-16.40.13:206][919]LogExit: Preparing to exit.
[2020.01.22-16.40.13:206][919]LogMoviePlayer: Shutting down movie player
[2020.01.22-16.40.13:894][919]LogSlate: Updating window title bar state: overlay mode, drag disabled, window buttons hidden, title bar hidden
[2020.01.22-16.40.13:904][919]LogExit: Game engine shut down
[2020.01.22-16.40.13:947][919]LogExit: Object subsystem successfully closed.
[2020.01.22-16.40.13:965][919]LogShaderCompilers: Display: Shaders left to compile 0
[2020.01.22-16.40.13:967][919]LogD3D11RHI: Shutdown
[2020.01.22-16.40.13:967][919]LogD3D11RHI: CleanupD3DDevice
[2020.01.22-16.40.13:968][919]LogRendererCore: FGlobalReadBuffer::ReleaseRHI
[2020.01.22-16.40.13:968][919]LogRendererCore: FGlobalDynamicReadBuffer::Cleanup()
[2020.01.22-16.40.13:968][919]LogRendererCore: FGlobalReadBuffer::ReleaseRHI
[2020.01.22-16.40.13:968][919]LogRendererCore: FGlobalDynamicReadBuffer::Cleanup()
[2020.01.22-16.40.13:968][919]LogRendererCore: FGlobalReadBuffer::ReleaseRHI
[2020.01.22-16.40.13:968][919]LogRendererCore: FGlobalDynamicReadBuffer::Cleanup()
[2020.01.22-16.40.14:006][919]LogD3D11RHI: ~FD3D11DynamicRHI
[2020.01.22-16.40.14:015][919]LogModuleManager: Shutting down and abandoning module SequenceRecorderSections (402)
[2020.01.22-16.40.14:015][919]LogModuleManager: Shutting down and abandoning module SequenceRecorder (400)
[2020.01.22-16.40.14:015][919]LogModuleManager: Shutting down and abandoning module AutomationController (398)
[2020.01.22-16.40.14:015][919]LogModuleManager: Shutting down and abandoning module AutomationWorker (396)
[2020.01.22-16.40.14:015][919]LogModuleManager: Shutting down and abandoning module Voice (394)
[2020.01.22-16.40.14:015][919]LogModuleManager: Shutting down and abandoning module AIModule (392)
[2020.01.22-16.40.14:015][919]LogModuleManager: Shutting down and abandoning module GameplayDebugger (391)
[2020.01.22-16.40.14:015][919]LogModuleManager: Shutting down and abandoning module AITestSuite (389)
[2020.01.22-16.40.14:015][919]LogModuleManager: Shutting down and abandoning module NavigationSystem (387)
[2020.01.22-16.40.14:015][919]LogModuleManager: Shutting down and abandoning module OculusMR (384)
[2020.01.22-16.40.14:015][919]LogModuleManager: Shutting down and abandoning module WmfMediaFactory (382)
[2020.01.22-16.40.14:015][919]LogModuleManager: Shutting down and abandoning module WebMMediaFactory (380)
[2020.01.22-16.40.14:015][919]LogModuleManager: Shutting down and abandoning module WebMMedia (378)
[2020.01.22-16.40.14:015][919]LogModuleManager: Shutting down and abandoning module OpenExrWrapper (376)
[2020.01.22-16.40.14:015][919]LogModuleManager: Shutting down and abandoning module ImgMediaFactory (374)
[2020.01.22-16.40.14:016][919]LogModuleManager: Shutting down and abandoning module AvfMediaFactory (372)
[2020.01.22-16.40.14:016][919]LogModuleManager: Shutting down and abandoning module MagicLeapCameraPreviewFactory (370)
[2020.01.22-16.40.14:016][919]LogModuleManager: Shutting down and abandoning module MagicLeapMediaCodecFactory (368)
[2020.01.22-16.40.14:016][919]LogModuleManager: Shutting down and abandoning module MagicLeapMediaFactory (366)
[2020.01.22-16.40.14:016][919]LogModuleManager: Shutting down and abandoning module CharacterAI (364)
[2020.01.22-16.40.14:016][919]LogModuleManager: Shutting down and abandoning module SessionServices (362)
[2020.01.22-16.40.14:016][919]LogModuleManager: Shutting down and abandoning module MovieSceneCapture (360)
[2020.01.22-16.40.14:016][919]LogModuleManager: Shutting down and abandoning module LiveCoding (358)
[2020.01.22-16.40.14:016][919]LogModuleManager: Shutting down and abandoning module LevelSequence (356)
[2020.01.22-16.40.14:016][919]LogModuleManager: Shutting down and abandoning module MovieSceneTracks (354)
[2020.01.22-16.40.14:016][919]LogModuleManager: Shutting down and abandoning module MovieScene (352)
[2020.01.22-16.40.14:016][919]LogModuleManager: Shutting down and abandoning module StreamingPauseRendering (350)
[2020.01.22-16.40.14:016][919]LogModuleManager: Shutting down and abandoning module PortalServices (348)
[2020.01.22-16.40.14:016][919]LogModuleManager: Shutting down and abandoning module PortalRpc (346)
[2020.01.22-16.40.14:016][919]LogModuleManager: Shutting down and abandoning module MessagingRpc (344)
[2020.01.22-16.40.14:016][919]LogModuleManager: Shutting down and abandoning module ImageWriteQueue (342)
[2020.01.22-16.40.14:017][919]LogModuleManager: Shutting down and abandoning module ProfilerService (340)
[2020.01.22-16.40.14:142][919]LogModuleManager: Shutting down and abandoning module TaskGraph (338)
[2020.01.22-16.40.14:142][919]LogModuleManager: Shutting down and abandoning module SteamVRController (336)
[2020.01.22-16.40.14:142][919]LogModuleManager: Shutting down and abandoning module ProceduralMeshComponent (334)
[2020.01.22-16.40.14:142][919]LogModuleManager: Shutting down and abandoning module OculusInput (332)
[2020.01.22-16.40.14:142][919]LogModuleManager: Shutting down and abandoning module MobilePatchingUtils (330)
[2020.01.22-16.40.14:142][919]LogModuleManager: Shutting down and abandoning module EditableMesh (328)
[2020.01.22-16.40.14:142][919]LogModuleManager: Shutting down and abandoning module CustomMeshComponent (326)
[2020.01.22-16.40.14:142][919]LogModuleManager: Shutting down and abandoning module CableComponent (324)
[2020.01.22-16.40.14:142][919]LogModuleManager: Shutting down and abandoning module AudioCapture (322)
[2020.01.22-16.40.14:143][919]LogModuleManager: Shutting down and abandoning module ArchVisCharacter (320)
[2020.01.22-16.40.14:143][919]LogModuleManager: Shutting down and abandoning module AndroidPermission (318)
[2020.01.22-16.40.14:143][919]LogModuleManager: Shutting down and abandoning module NUTUnrealEngine4 (316)
[2020.01.22-16.40.14:143][919]LogModuleManager: Shutting down and abandoning module NetcodeUnitTest (314)
[2020.01.22-16.40.14:143][919]LogModuleManager: Shutting down and abandoning module MediaCompositing (312)
[2020.01.22-16.40.14:143][919]LogModuleManager: Shutting down and abandoning module LinearTimecode (310)
[2020.01.22-16.40.14:143][919]LogModuleManager: Shutting down and abandoning module ImgMedia (308)
[2020.01.22-16.40.14:143][919]LogModuleManager: Shutting down and abandoning module MagicLeapHelperVulkan (306)
[2020.01.22-16.40.14:143][919]LogModuleManager: Shutting down and abandoning module MagicLeapHelperOpenGL (304)
[2020.01.22-16.40.14:143][919]LogModuleManager: Shutting down and abandoning module MagicLeapAudio (302)
[2020.01.22-16.40.14:143][919]LogModuleManager: Shutting down and abandoning module HTML5Networking (300)
[2020.01.22-16.40.14:143][919]LogModuleManager: Shutting down and abandoning module GeometryCacheTracks (298)
[2020.01.22-16.40.14:143][919]LogModuleManager: Shutting down and abandoning module GeometryCacheSequencer (297)
[2020.01.22-16.40.14:143][919]LogModuleManager: Shutting down and abandoning module GeometryCache (294)
[2020.01.22-16.40.14:143][919]LogModuleManager: Shutting down and abandoning module GeometryCacheEd (293)
[2020.01.22-16.40.14:143][919]LogModuleManager: Shutting down and abandoning module BackChannel (290)
[2020.01.22-16.40.14:143][919]LogModuleManager: Shutting down and abandoning module AppleVision (288)
[2020.01.22-16.40.14:143][919]LogModuleManager: Shutting down and abandoning module AppleImageUtilsBlueprintSupport (286)
[2020.01.22-16.40.14:143][919]LogModuleManager: Shutting down and abandoning module AppleImageUtils (284)
[2020.01.22-16.40.14:143][919]LogModuleManager: Shutting down and abandoning module VariantManagerContent (282)
[2020.01.22-16.40.14:143][919]LogModuleManager: Shutting down and abandoning module CryptoKeysOpenSSL (280)
[2020.01.22-16.40.14:143][919]LogModuleManager: Shutting down and abandoning module CryptoKeys (278)
[2020.01.22-16.40.14:143][919]LogModuleManager: Shutting down and abandoning module VisualStudioSourceCodeAccess (276)
[2020.01.22-16.40.14:143][919]LogModuleManager: Shutting down and abandoning module HotReload (275)
[2020.01.22-16.40.14:143][919]LogModuleManager: Shutting down and abandoning module DirectoryWatcher (274)
[2020.01.22-16.40.14:143][919]LogModuleManager: Shutting down and abandoning module VisualStudioCodeSourceCodeAccess (270)
[2020.01.22-16.40.14:143][919]LogModuleManager: Shutting down and abandoning module UObjectPlugin (268)
[2020.01.22-16.40.14:143][919]LogModuleManager: Shutting down and abandoning module SubversionSourceControl (266)
[2020.01.22-16.40.14:143][919]LogModuleManager: Shutting down and abandoning module PerforceSourceControl (264)
[2020.01.22-16.40.14:143][919]LogModuleManager: Shutting down and abandoning module SourceControl (263)
[2020.01.22-16.40.14:143][919]LogModuleManager: Shutting down and abandoning module CLionSourceCodeAccess (260)
[2020.01.22-16.40.14:143][919]LogModuleManager: Shutting down and abandoning module ActorLayerUtilities (258)
[2020.01.22-16.40.14:143][919]LogModuleManager: Shutting down and abandoning module SignificanceManager (256)
[2020.01.22-16.40.14:143][919]LogModuleManager: Shutting down and abandoning module RuntimePhysXCooking (254)
[2020.01.22-16.40.14:143][919]LogModuleManager: Shutting down and abandoning module PhysXVehiclesEditor (252)
[2020.01.22-16.40.14:143][919]LogModuleManager: Shutting down and abandoning module PhysXVehicles (250)
[2020.01.22-16.40.14:143][919]LogModuleManager: Shutting down and abandoning module LocationServicesBPLibrary (248)
[2020.01.22-16.40.14:143][919]LogModuleManager: Shutting down and abandoning module ActorSequence (246)
[2020.01.22-16.40.14:143][919]LogModuleManager: Shutting down and abandoning module UdpMessaging (244)
[2020.01.22-16.40.14:244][919]LogModuleManager: Shutting down and abandoning module TcpMessaging (242)
[2020.01.22-16.40.14:874][919]LogModuleManager: Shutting down and abandoning module MagicLeapIdentity (240)
[2020.01.22-16.40.14:874][919]LogModuleManager: Shutting down and abandoning module MagicLeapSecureStorage (238)
[2020.01.22-16.40.14:874][919]LogModuleManager: Shutting down and abandoning module MagicLeapHandTracking (236)
[2020.01.22-16.40.14:874][919]LogModuleManager: Shutting down and abandoning module MagicLeapEyeTracker (234)
[2020.01.22-16.40.14:874][919]LogModuleManager: Shutting down and abandoning module MagicLeapController (232)
[2020.01.22-16.40.14:874][919]LogSlate: Slate User Destroyed.  User Index 0, Is Virtual User: 0
[2020.01.22-16.40.14:874][919]LogModuleManager: Shutting down and abandoning module MagicLeapAR (230)
[2020.01.22-16.40.14:874][919]LogModuleManager: Shutting down and abandoning module AugmentedReality (229)
[2020.01.22-16.40.14:874][919]LogModuleManager: Shutting down and abandoning module GameplayTagsEditor (226)
[2020.01.22-16.40.14:874][919]LogModuleManager: Shutting down and abandoning module FacialAnimation (224)
[2020.01.22-16.40.14:874][919]LogModuleManager: Shutting down and abandoning module DataValidation (222)
[2020.01.22-16.40.14:874][919]LogModuleManager: Shutting down and abandoning module AssetManagerEditor (220)
[2020.01.22-16.40.14:874][919]LogModuleManager: Shutting down and abandoning module TreeMap (219)
[2020.01.22-16.40.14:874][919]LogModuleManager: Shutting down and abandoning module AnimationSharing (216)
[2020.01.22-16.40.14:874][919]LogModuleManager: Shutting down and abandoning module LightPropagationVolumeRuntime (214)
[2020.01.22-16.40.14:874][919]LogModuleManager: Shutting down and abandoning module AISupportModule (212)
[2020.01.22-16.40.14:874][919]LogModuleManager: Shutting down and abandoning module Paper2D (210)
[2020.01.22-16.40.14:874][919]LogModuleManager: Shutting down and abandoning module WindowsMoviePlayer (208)
[2020.01.22-16.40.14:874][919]LogModuleManager: Shutting down and abandoning module WebMMoviePlayer (206)
[2020.01.22-16.40.14:874][919]LogModuleManager: Shutting down and abandoning module PacketHandler (204)
[2020.01.22-16.40.14:874][919]LogModuleManager: Shutting down and abandoning module ClothingSystemEditor (202)
[2020.01.22-16.40.14:874][919]LogModuleManager: Shutting down and abandoning module ClothingSystemRuntime (200)
[2020.01.22-16.40.14:874][919]LogModuleManager: Shutting down and abandoning module MediaAssets (198)
[2020.01.22-16.40.14:874][919]LogModuleManager: Shutting down and abandoning module Overlay (196)
[2020.01.22-16.40.14:874][919]LogModuleManager: Shutting down and abandoning module OverlayEditor (195)
[2020.01.22-16.40.14:874][919]LogModuleManager: Shutting down and abandoning module EnvironmentQueryEditor (192)
[2020.01.22-16.40.14:874][919]LogModuleManager: Shutting down and abandoning module VREditor (190)
[2020.01.22-16.40.14:875][919]LogModuleManager: Shutting down and abandoning module StringTableEditor (188)
[2020.01.22-16.40.14:875][919]LogModuleManager: Shutting down and abandoning module GameplayTasksEditor (186)
[2020.01.22-16.40.14:875][919]LogModuleManager: Shutting down and abandoning module BehaviorTreeEditor (184)
[2020.01.22-16.40.14:875][919]LogModuleManager: Shutting down and abandoning module FunctionalTesting (182)
[2020.01.22-16.40.14:875][919]LogModuleManager: Shutting down and abandoning module CollisionAnalyzer (180)
[2020.01.22-16.40.14:875][919]LogModuleManager: Shutting down and abandoning module WorkspaceMenuStructure (179)
[2020.01.22-16.40.14:875][919]LogModuleManager: Shutting down and abandoning module UMG (176)
[2020.01.22-16.40.14:875][919]LogModuleManager: Shutting down and abandoning module UMGEditor (175)
[2020.01.22-16.40.14:875][919]LogModuleManager: Shutting down and abandoning module Sequencer (174)
[2020.01.22-16.40.14:875][919]LogModuleManager: Shutting down and abandoning module MessageLog (171)
[2020.01.22-16.40.14:875][919]LogModuleManager: Shutting down and abandoning module SlateReflector (166)
[2020.01.22-16.40.14:875][919]LogModuleManager: Shutting down and abandoning module Slate (164)
[2020.01.22-16.40.14:875][919]LogModuleManager: Shutting down and abandoning module EditorStyle (162)
[2020.01.22-16.40.14:876][919]LogModuleManager: Shutting down and abandoning module UnrealEd (160)
[2020.01.22-16.40.14:876][919]LogModuleManager: Shutting down and abandoning module MRMesh (158)
[2020.01.22-16.40.14:876][919]LogModuleManager: Shutting down and abandoning module Messaging (156)
[2020.01.22-16.40.14:876][919]LogModuleManager: Shutting down and abandoning module SourceCodeAccess (154)
[2020.01.22-16.40.14:876][919]LogModuleManager: Shutting down and abandoning module HeadMountedDisplay (152)
[2020.01.22-16.40.14:876][919]LogModuleManager: Shutting down and abandoning module XAudio2 (150)
[2020.01.22-16.40.14:876][919]LogModuleManager: Shutting down and abandoning module Networking (148)
[2020.01.22-16.40.14:876][919]LogModuleManager: Shutting down and abandoning module Core (146)
[2020.01.22-16.40.14:876][919]LogModuleManager: Shutting down and abandoning module KismetCompiler (144)
[2020.01.22-16.40.14:876][919]LogModuleManager: Shutting down and abandoning module MeshUtilities (142)
[2020.01.22-16.40.14:876][919]LogModuleManager: Shutting down and abandoning module MeshMergeUtilities (141)
[2020.01.22-16.40.14:876][919]LogModuleManager: Shutting down and abandoning module MeshReductionInterface (140)
[2020.01.22-16.40.14:876][919]LogModuleManager: Shutting down and abandoning module SkeletalMeshReduction (139)
[2020.01.22-16.40.14:876][919]LogModuleManager: Shutting down and abandoning module ProxyLODMeshReduction (137)
[2020.01.22-16.40.14:876][919]LogModuleManager: Shutting down and abandoning module QuadricMeshReduction (135)
[2020.01.22-16.40.14:876][919]LogModuleManager: Shutting down and abandoning module MaterialBaking (131)
[2020.01.22-16.40.14:876][919]LogModuleManager: Shutting down and abandoning module PIEPreviewDeviceProfileSelector (126)
[2020.01.22-16.40.14:876][919]LogModuleManager: Shutting down and abandoning module DerivedDataCache (124)
[2020.01.22-16.40.14:988][919]LogDerivedDataCache: Shutdown
[2020.01.22-16.40.14:988][919]LogModuleManager: Shutting down and abandoning module XGEController (122)
[2020.01.22-16.40.14:988][919]LogModuleManager: Shutting down and abandoning module TargetPlatform (120)
[2020.01.22-16.40.14:988][919]LogModuleManager: Shutting down and abandoning module VulkanShaderFormat (119)
[2020.01.22-16.40.14:988][919]LogModuleManager: Shutting down and abandoning module ShaderFormatVectorVM (117)
[2020.01.22-16.40.14:988][919]LogModuleManager: Shutting down and abandoning module ShaderFormatOpenGL (115)
[2020.01.22-16.40.14:988][919]LogModuleManager: Shutting down and abandoning module ShaderFormatD3D (113)
[2020.01.22-16.40.14:988][919]LogModuleManager: Shutting down and abandoning module MetalShaderFormat (111)
[2020.01.22-16.40.14:988][919]LogModuleManager: Shutting down and abandoning module TextureFormatUncompressed (109)
[2020.01.22-16.40.14:988][919]LogModuleManager: Shutting down and abandoning module TextureFormatPVR (107)
[2020.01.22-16.40.14:988][919]LogModuleManager: Shutting down and abandoning module TextureFormatDXT (105)
[2020.01.22-16.40.14:988][919]LogModuleManager: Shutting down and abandoning module TextureFormatIntelISPCTexComp (103)
[2020.01.22-16.40.14:988][919]LogModuleManager: Shutting down and abandoning module TextureFormatASTC (101)
[2020.01.22-16.40.14:988][919]LogModuleManager: Shutting down and abandoning module ImageWrapper (100)
[2020.01.22-16.40.14:988][919]LogModuleManager: Shutting down and abandoning module TextureFormatAndroid (97)
[2020.01.22-16.40.14:988][919]LogModuleManager: Shutting down and abandoning module AudioFormatOpus (95)
[2020.01.22-16.40.14:988][919]LogModuleManager: Shutting down and abandoning module AudioFormatOgg (93)
[2020.01.22-16.40.14:988][919]LogModuleManager: Shutting down and abandoning module AudioFormatADPCM (91)
[2020.01.22-16.40.14:988][919]LogModuleManager: Shutting down and abandoning module WindowsTargetPlatform (89)
[2020.01.22-16.40.14:988][919]LogModuleManager: Shutting down and abandoning module WindowsServerTargetPlatform (87)
[2020.01.22-16.40.14:988][919]LogModuleManager: Shutting down and abandoning module WindowsNoEditorTargetPlatform (85)
[2020.01.22-16.40.14:988][919]LogModuleManager: Shutting down and abandoning module WindowsClientTargetPlatform (83)
[2020.01.22-16.40.14:988][919]LogModuleManager: Shutting down and abandoning module InputCore (80)
[2020.01.22-16.40.14:988][919]LogModuleManager: Shutting down and abandoning module Settings (78)
[2020.01.22-16.40.14:988][919]LogModuleManager: Shutting down and abandoning module PhysXCooking (76)
[2020.01.22-16.40.14:988][919]LogModuleManager: Shutting down and abandoning module SteamVR (74)
[2020.01.22-16.40.14:988][919]LogHMD: Freeing OpenVRDLLHandle.
[2020.01.22-16.40.14:988][919]LogModuleManager: Shutting down and abandoning module OculusHMD (72)
[2020.01.22-16.40.14:988][919]LogModuleManager: Shutting down and abandoning module ExampleDeviceProfileSelector (70)
[2020.01.22-16.40.14:988][919]LogModuleManager: Shutting down and abandoning module LauncherChunkInstaller (68)
[2020.01.22-16.40.14:988][919]LogModuleManager: Shutting down and abandoning module OnlineBlueprintSupport (66)
[2020.01.22-16.40.14:988][919]LogModuleManager: Shutting down and abandoning module OnlineSubsystem (62)
[2020.01.22-16.40.14:989][919]LogModuleManager: Shutting down and abandoning module XMPP (55)
[2020.01.22-16.40.14:989][919]LogModuleManager: Shutting down and abandoning module WebSockets (54)
[2020.01.22-16.40.15:020][919]LogModuleManager: Shutting down and abandoning module HTTP (51)
[2020.01.22-16.40.15:029][919]LogModuleManager: Shutting down and abandoning module SSL (50)
[2020.01.22-16.40.15:030][919]LogModuleManager: Shutting down and abandoning module WmfMedia (46)
[2020.01.22-16.40.15:030][919]LogModuleManager: Shutting down and abandoning module Media (45)
[2020.01.22-16.40.15:036][919]LogModuleManager: Shutting down and abandoning module MagicLeap (42)
[2020.01.22-16.40.15:036][919]LogModuleManager: Shutting down and abandoning module DatasmithContent (40)
[2020.01.22-16.40.15:036][919]LogModuleManager: Shutting down and abandoning module AnimationModifiers (38)
[2020.01.22-16.40.15:036][919]LogModuleManager: Shutting down and abandoning module PropertyEditor (37)
[2020.01.22-16.40.15:036][919]LogModuleManager: Shutting down and abandoning module AudioEditor (34)
[2020.01.22-16.40.15:037][919]LogModuleManager: Shutting down and abandoning module TextureCompressor (32)
[2020.01.22-16.40.15:037][919]LogModuleManager: Shutting down and abandoning module RenderCore (30)
[2020.01.22-16.40.15:037][919]LogModuleManager: Shutting down and abandoning module Landscape (28)
[2020.01.22-16.40.15:037][919]LogModuleManager: Shutting down and abandoning module SlateRHIRenderer (26)
[2020.01.22-16.40.15:037][919]LogModuleManager: Shutting down and abandoning module OpenGLDrv (24)
[2020.01.22-16.40.15:037][919]LogModuleManager: Shutting down and abandoning module D3D11RHI (22)
[2020.01.22-16.40.15:037][919]LogModuleManager: Shutting down and abandoning module AnimGraphRuntime (20)
[2020.01.22-16.40.15:037][919]LogModuleManager: Shutting down and abandoning module Renderer (18)
[2020.01.22-16.40.15:037][919]LogModuleManager: Shutting down and abandoning module Engine (16)
[2020.01.22-16.40.15:037][919]LogModuleManager: Shutting down and abandoning module CoreUObject (14)
[2020.01.22-16.40.15:037][919]LogModuleManager: Shutting down and abandoning module NetworkFile (12)
[2020.01.22-16.40.15:037][919]LogModuleManager: Shutting down and abandoning module CookedIterativeFile (10)
[2020.01.22-16.40.15:037][919]LogModuleManager: Shutting down and abandoning module StreamingFile (8)
[2020.01.22-16.40.15:037][919]LogModuleManager: Shutting down and abandoning module SandboxFile (6)
[2020.01.22-16.40.15:037][919]LogModuleManager: Shutting down and abandoning module PakFile (4)
[2020.01.22-16.40.15:037][919]LogModuleManager: Shutting down and abandoning module RSA (3)
[2020.01.22-16.40.15:042][919]LogExit: Exiting.
[2020.01.22-16.40.15:046][919]Log file closed, 01/22/20 11:40:15
