Log file open, 01/22/20 14:25:49
LogWindows: Failed to load 'aqProf.dll' (GetLastError=126)
LogWindows: File 'aqProf.dll' does not exist
LogWindows: Failed to load 'VtuneApi.dll' (GetLastError=126)
LogWindows: File 'VtuneApi.dll' does not exist
LogWindows: Failed to load 'VtuneApi32e.dll' (GetLastError=126)
LogWindows: File 'VtuneApi32e.dll' does not exist
LogConsoleResponse: Display: Failed to find resolution value strings in scalability ini. Falling back to default.
LogInit: Display: Running engine for game: Horror_Game
LogPakFile: Registered encryption key '00000000000000000000000000000000': 0 pak files mounted, 0 remain pending
LogPlatformFile: Not using cached read wrapper
LogTaskGraph: Started task graph with 5 named threads and 23 total threads with 3 sets of task threads.
LogStats: Stats thread started at 0.331311
LogD3D11RHI: Loaded GFSDK_Aftermath_Lib.x64.dll
LogICUInternationalization: ICU TimeZone Detection - Raw Offset: -5:00, Platform Override: ''
LogPluginManager: Mounting plugin Paper2D
LogPluginManager: Mounting plugin AISupport
LogPluginManager: Mounting plugin LightPropagationVolume
LogPluginManager: Mounting plugin ActorLayerUtilities
LogPluginManager: Mounting plugin AnimationSharing
LogPluginManager: Mounting plugin CLionSourceCodeAccess
LogPluginManager: Mounting plugin CodeLiteSourceCodeAccess
LogPluginManager: Mounting plugin GitSourceControl
LogPluginManager: Mounting plugin KDevelopSourceCodeAccess
LogPluginManager: Mounting plugin NullSourceCodeAccess
LogPluginManager: Mounting plugin PerforceSourceControl
LogPluginManager: Mounting plugin SubversionSourceControl
LogPluginManager: Mounting plugin UObjectPlugin
LogPluginManager: Mounting plugin VisualStudioCodeSourceCodeAccess
LogPluginManager: Mounting plugin VisualStudioSourceCodeAccess
LogPluginManager: Mounting plugin XCodeSourceCodeAccess
LogPluginManager: Mounting plugin AssetManagerEditor
LogPluginManager: Mounting plugin CryptoKeys
LogPluginManager: Mounting plugin DataValidation
LogPluginManager: Mounting plugin FacialAnimation
LogPluginManager: Mounting plugin GameplayTagsEditor
LogPluginManager: Mounting plugin MacGraphicsSwitching
LogPluginManager: Mounting plugin MaterialAnalyzer
LogPluginManager: Mounting plugin MobileLauncherProfileWizard
LogPluginManager: Mounting plugin PluginBrowser
LogPluginManager: Mounting plugin SpeedTreeImporter
LogPluginManager: Mounting plugin DatasmithContent
LogPluginManager: Mounting plugin VariantManagerContent
LogPluginManager: Mounting plugin AlembicImporter
LogPluginManager: Mounting plugin AppleImageUtils
LogPluginManager: Mounting plugin AppleVision
LogPluginManager: Mounting plugin BackChannel
LogPluginManager: Mounting plugin CharacterAI
LogPluginManager: Mounting plugin GeometryCache
LogPluginManager: Mounting plugin HTML5Networking
LogPluginManager: Mounting plugin ProxyLODPlugin
LogPluginManager: Mounting plugin SkeletalReduction
LogPluginManager: Mounting plugin MagicLeap
LogPluginManager: Mounting plugin MagicLeapMedia
LogPluginManager: Mounting plugin AndroidMedia
LogPluginManager: Mounting plugin AvfMedia
LogPluginManager: Mounting plugin ImgMedia
LogPluginManager: Mounting plugin LinearTimecode
LogPluginManager: Mounting plugin MediaCompositing
LogPluginManager: Mounting plugin MediaPlayerEditor
LogPluginManager: Mounting plugin WebMMedia
LogPluginManager: Mounting plugin WmfMedia
LogPluginManager: Mounting plugin TcpMessaging
LogPluginManager: Mounting plugin UdpMessaging
LogPluginManager: Mounting plugin ActorSequence
LogPluginManager: Mounting plugin LevelSequenceEditor
LogPluginManager: Mounting plugin MatineeToLevelSequence
LogPluginManager: Mounting plugin NetcodeUnitTest
LogPluginManager: Mounting plugin NUTUnrealEngine4
LogPluginManager: Mounting plugin OnlineSubsystemGooglePlay
LogPluginManager: Mounting plugin OnlineSubsystemIOS
LogPluginManager: Mounting plugin OnlineSubsystem
LogPluginManager: Mounting plugin OnlineSubsystemNull
LogPluginManager: Mounting plugin OnlineSubsystemSteam
LogPluginManager: Mounting plugin OnlineSubsystemUtils
LogPluginManager: Mounting plugin LauncherChunkInstaller
LogPluginManager: Mounting plugin AndroidDeviceProfileSelector
LogPluginManager: Mounting plugin AndroidMoviePlayer
LogPluginManager: Mounting plugin AndroidPermission
LogPluginManager: Mounting plugin AppleMoviePlayer
LogPluginManager: Mounting plugin ArchVisCharacter
LogPluginManager: Mounting plugin AudioCapture
LogPluginManager: Mounting plugin CableComponent
LogPluginManager: Mounting plugin CustomMeshComponent
LogPluginManager: Mounting plugin EditableMesh
LogPluginManager: Mounting plugin ExampleDeviceProfileSelector
LogPluginManager: Mounting plugin Firebase
LogPluginManager: Mounting plugin GoogleCloudMessaging
LogPluginManager: Mounting plugin IOSDeviceProfileSelector
LogPluginManager: Mounting plugin LinuxDeviceProfileSelector
LogPluginManager: Mounting plugin LocationServicesBPLibrary
LogPluginManager: Mounting plugin MobilePatchingUtils
LogPluginManager: Mounting plugin OculusVR
LogPluginManager: Mounting plugin PhysXVehicles
LogPluginManager: Mounting plugin ProceduralMeshComponent
LogPluginManager: Mounting plugin RuntimePhysXCooking
LogPluginManager: Mounting plugin SignificanceManager
LogPluginManager: Mounting plugin SteamVR
LogPluginManager: Mounting plugin WebMMoviePlayer
LogPluginManager: Mounting plugin WindowsMoviePlayer
LogInit: Using libcurl 7.55.1-DEV
LogInit:  - built for x86_64-pc-win32
LogInit:  - supports SSL with OpenSSL/1.1.1
LogInit:  - supports HTTP deflate (compression) using libz 1.2.8
LogInit:  - other features:
LogInit:      CURL_VERSION_SSL
LogInit:      CURL_VERSION_LIBZ
LogInit:      CURL_VERSION_IPV6
LogInit:      CURL_VERSION_ASYNCHDNS
LogInit:      CURL_VERSION_LARGEFILE
LogInit:      CURL_VERSION_IDN
LogInit:  CurlRequestOptions (configurable via config and command line):
LogInit:  - bVerifyPeer = true  - Libcurl will verify peer certificate
LogInit:  - bUseHttpProxy = false  - Libcurl will NOT use HTTP proxy
LogInit:  - bDontReuseConnections = false  - Libcurl will reuse connections
LogInit:  - MaxHostConnections = 16  - Libcurl will limit the number of connections to a host
LogInit:  - LocalHostAddr = Default
LogInit:  - BufferSize = 65536
LogOnline: Display: STEAM: Loading Steam SDK 1.39
LogOnline: STEAM: Steam User is subscribed 1
LogOnline: STEAM: [AppId: 480] Client API initialized 1
LogOnline: STEAM: [AppId: 480] Game Server API initialized 1
LogOnline: STEAM: Missing P2PCleanupTimeout key in OnlineSubsystemSteam of DefaultEngine.ini, using default
LogInit: WinSock: version 1.1 (2.2), MaxSocks=32767, MaxUdp=65467
LogInit: Build: ++UE4+Release-4.22-CL-7053642
LogInit: Engine Version: 4.22.3-7053642+++UE4+Release-4.22
LogInit: Compatible Engine Version: 4.22.0-5660361+++UE4+Release-4.22
LogInit: Net CL: 5660361
LogInit: OS: Windows 10 (Release 1903) (), CPU: Intel(R) Core(TM) i7-7700 CPU @ 3.60GHz, GPU: Intel(R) HD Graphics 630
LogInit: Compiled (64-bit): Jun 18 2019 03:09:11
LogInit: Compiled with Visual C++: 19.16.27025.01
LogInit: Build Configuration: Development
LogInit: Branch Name: ++UE4+Release-4.22
LogInit: Command Line:  /Game/Maps/Menus -game -PIEVIACONSOLE -ResX=1280 -ResY=720 -Multiprocess -messaging -SessionName="Play in Standalone Game" -windowed
LogInit: Base Directory: C:/Epic Games/UE_4.22/Engine/Binaries/Win64/
LogInit: Installed Engine Build: 1
LogDevObjectVersion: Number of dev versions registered: 23
LogDevObjectVersion:   Dev-Blueprints (B0D832E4-1F89-4F0D-ACCF-7EB736FD4AA2): 10
LogDevObjectVersion:   Dev-Build (E1C64328-A22C-4D53-A36C-8E866417BD8C): 0
LogDevObjectVersion:   Dev-Core (375EC13C-06E4-48FB-B500-84F0262A717E): 3
LogDevObjectVersion:   Dev-Editor (E4B068ED-F494-42E9-A231-DA0B2E46BB41): 30
LogDevObjectVersion:   Dev-Framework (CFFC743F-43B0-4480-9391-14DF171D2073): 35
LogDevObjectVersion:   Dev-Mobile (B02B49B5-BB20-44E9-A304-32B752E40360): 2
LogDevObjectVersion:   Dev-Networking (A4E4105C-59A1-49B5-A7C5-40C4547EDFEE): 0
LogDevObjectVersion:   Dev-Online (39C831C9-5AE6-47DC-9A44-9C173E1C8E7C): 0
LogDevObjectVersion:   Dev-Physics (78F01B33-EBEA-4F98-B9B4-84EACCB95AA2): 0
LogDevObjectVersion:   Dev-Platform (6631380F-2D4D-43E0-8009-CF276956A95A): 0
LogDevObjectVersion:   Dev-Rendering (12F88B9F-8875-4AFC-A67C-D90C383ABD29): 28
LogDevObjectVersion:   Dev-Sequencer (7B5AE74C-D270-4C10-A958-57980B212A5A): 11
LogDevObjectVersion:   Dev-VR (D7296918-1DD6-4BDD-9DE2-64A83CC13884): 2
LogDevObjectVersion:   Dev-LoadTimes (C2A15278-BFE7-4AFE-6C17-90FF531DF755): 1
LogDevObjectVersion:   Private-Geometry (6EACA3D4-40EC-4CC1-B786-8BED09428FC5): 3
LogDevObjectVersion:   Dev-AnimPhys (29E575DD-E0A3-4627-9D10-D276232CDCEA): 17
LogDevObjectVersion:   Dev-Anim (AF43A65D-7FD3-4947-9873-3E8ED9C1BB05): 2
LogDevObjectVersion:   Dev-ReflectionCapture (6B266CEC-1EC7-4B8F-A30B-E4D90942FC07): 1
LogDevObjectVersion:   Dev-Automation (0DF73D61-A23F-47EA-B727-89E90C41499A): 1
LogDevObjectVersion:   FortniteMain (601D1886-AC64-4F84-AA16-D3DE0DEAC7D6): 25
LogDevObjectVersion:   Dev-Enterprise (9DFFBCD6-494F-0158-E221-12823C92A888): 6
LogDevObjectVersion:   Dev-Niagara (F2AED0AC-9AFE-416F-8664-AA7FFA26D6FC): 1
LogDevObjectVersion:   Dev-Destruction (174F1F0B-B4C6-45A5-B13F-2EE8D0FB917D): 2
LogInit: Presizing for max 16777216 objects, including 0 objects not considered by GC, pre-allocating 0 bytes for permanent pool.
LogInit: Object subsystem initialized
LogConfig: Setting CVar [[con.DebugEarlyDefault:1]]
LogConfig: Setting CVar [[r.setres:1280x720]]
[2020.01.22-19.25.51:562][  0]LogConfig: Setting CVar [[con.DebugEarlyDefault:1]]
[2020.01.22-19.25.51:562][  0]LogConfig: Setting CVar [[r.setres:1280x720]]
[2020.01.22-19.25.51:563][  0]LogConfig: Applying CVar settings from Section [/Script/Engine.RendererSettings] File [C:/Users/02tyson.watson/Desktop/Tyson Watson/Unreal Prjects/HorrorGame/Saved/Config/Windows/Engine.ini]
[2020.01.22-19.25.51:563][  0]LogConfig: Setting CVar [[r.GPUCrashDebugging:0]]
[2020.01.22-19.25.51:563][  0]LogConfig: Applying CVar settings from Section [/Script/Engine.RendererOverrideSettings] File [C:/Users/02tyson.watson/Desktop/Tyson Watson/Unreal Prjects/HorrorGame/Saved/Config/Windows/Engine.ini]
[2020.01.22-19.25.51:563][  0]LogConfig: Applying CVar settings from Section [/Script/Engine.StreamingSettings] File [C:/Users/02tyson.watson/Desktop/Tyson Watson/Unreal Prjects/HorrorGame/Saved/Config/Windows/Engine.ini]
[2020.01.22-19.25.51:563][  0]LogConfig: Setting CVar [[s.MinBulkDataSizeForAsyncLoading:131072]]
[2020.01.22-19.25.51:563][  0]LogConfig: Setting CVar [[s.AsyncLoadingThreadEnabled:0]]
[2020.01.22-19.25.51:563][  0]LogConfig: Setting CVar [[s.EventDrivenLoaderEnabled:1]]
[2020.01.22-19.25.51:563][  0]LogConfig: Setting CVar [[s.WarnIfTimeLimitExceeded:0]]
[2020.01.22-19.25.51:563][  0]LogConfig: Setting CVar [[s.TimeLimitExceededMultiplier:1.5]]
[2020.01.22-19.25.51:563][  0]LogConfig: Setting CVar [[s.TimeLimitExceededMinTime:0.005]]
[2020.01.22-19.25.51:563][  0]LogConfig: Setting CVar [[s.UseBackgroundLevelStreaming:1]]
[2020.01.22-19.25.51:563][  0]LogConfig: Setting CVar [[s.PriorityAsyncLoadingExtraTime:15.0]]
[2020.01.22-19.25.51:563][  0]LogConfig: Setting CVar [[s.LevelStreamingActorsUpdateTimeLimit:5.0]]
[2020.01.22-19.25.51:563][  0]LogConfig: Setting CVar [[s.PriorityLevelStreamingActorsUpdateExtraTime:5.0]]
[2020.01.22-19.25.51:563][  0]LogConfig: Setting CVar [[s.LevelStreamingComponentsRegistrationGranularity:10]]
[2020.01.22-19.25.51:563][  0]LogConfig: Setting CVar [[s.UnregisterComponentsTimeLimit:1.0]]
[2020.01.22-19.25.51:563][  0]LogConfig: Setting CVar [[s.LevelStreamingComponentsUnregistrationGranularity:5]]
[2020.01.22-19.25.51:563][  0]LogConfig: Applying CVar settings from Section [/Script/Engine.GarbageCollectionSettings] File [C:/Users/02tyson.watson/Desktop/Tyson Watson/Unreal Prjects/HorrorGame/Saved/Config/Windows/Engine.ini]
[2020.01.22-19.25.51:563][  0]LogConfig: Setting CVar [[gc.MaxObjectsNotConsideredByGC:1]]
[2020.01.22-19.25.51:563][  0]LogConfig: Setting CVar [[gc.SizeOfPermanentObjectPool:0]]
[2020.01.22-19.25.51:563][  0]LogConfig: Setting CVar [[gc.FlushStreamingOnGC:0]]
[2020.01.22-19.25.51:563][  0]LogConfig: Setting CVar [[gc.NumRetriesBeforeForcingGC:10]]
[2020.01.22-19.25.51:563][  0]LogConfig: Setting CVar [[gc.AllowParallelGC:1]]
[2020.01.22-19.25.51:563][  0]LogConfig: Setting CVar [[gc.TimeBetweenPurgingPendingKillObjects:61.1]]
[2020.01.22-19.25.51:564][  0]LogConfig: Setting CVar [[gc.MaxObjectsInEditor:16777216]]
[2020.01.22-19.25.51:564][  0]LogConfig: Setting CVar [[gc.IncrementalBeginDestroyEnabled:1]]
[2020.01.22-19.25.51:564][  0]LogConfig: Setting CVar [[gc.CreateGCClusters:1]]
[2020.01.22-19.25.51:564][  0]LogConfig: Setting CVar [[gc.MinGCClusterSize:5]]
[2020.01.22-19.25.51:564][  0]LogConfig: Setting CVar [[gc.ActorClusteringEnabled:0]]
[2020.01.22-19.25.51:564][  0]LogConfig: Setting CVar [[gc.BlueprintClusteringEnabled:0]]
[2020.01.22-19.25.51:564][  0]LogConfig: Setting CVar [[gc.UseDisregardForGCOnDedicatedServers:0]]
[2020.01.22-19.25.51:564][  0]LogConfig: Applying CVar settings from Section [/Script/Engine.NetworkSettings] File [C:/Users/02tyson.watson/Desktop/Tyson Watson/Unreal Prjects/HorrorGame/Saved/Config/Windows/Engine.ini]
[2020.01.22-19.25.51:564][  0]LogConfig: Applying CVar settings from Section [/Script/UnrealEd.CookerSettings] File [C:/Users/02tyson.watson/Desktop/Tyson Watson/Unreal Prjects/HorrorGame/Saved/Config/Windows/Engine.ini]
[2020.01.22-19.25.51:575][  0]LogConfig: Applying CVar settings from Section [ViewDistanceQuality@3] File [C:/Users/02tyson.watson/Desktop/Tyson Watson/Unreal Prjects/HorrorGame/Saved/Config/Windows/Scalability.ini]
[2020.01.22-19.25.51:575][  0]LogConfig: Setting CVar [[r.SkeletalMeshLODBias:0]]
[2020.01.22-19.25.51:575][  0]LogConfig: Setting CVar [[r.ViewDistanceScale:1.0]]
[2020.01.22-19.25.51:575][  0]LogConfig: Applying CVar settings from Section [AntiAliasingQuality@3] File [C:/Users/02tyson.watson/Desktop/Tyson Watson/Unreal Prjects/HorrorGame/Saved/Config/Windows/Scalability.ini]
[2020.01.22-19.25.51:575][  0]LogConfig: Setting CVar [[r.PostProcessAAQuality:4]]
[2020.01.22-19.25.51:575][  0]LogConfig: Applying CVar settings from Section [ShadowQuality@3] File [C:/Users/02tyson.watson/Desktop/Tyson Watson/Unreal Prjects/HorrorGame/Saved/Config/Windows/Scalability.ini]
[2020.01.22-19.25.51:575][  0]LogConfig: Setting CVar [[r.LightFunctionQuality:1]]
[2020.01.22-19.25.51:575][  0]LogConfig: Setting CVar [[r.ShadowQuality:5]]
[2020.01.22-19.25.51:576][  0]LogConfig: Setting CVar [[r.Shadow.CSM.MaxCascades:10]]
[2020.01.22-19.25.51:576][  0]LogConfig: Setting CVar [[r.Shadow.MaxResolution:2048]]
[2020.01.22-19.25.51:576][  0]LogConfig: Setting CVar [[r.Shadow.MaxCSMResolution:2048]]
[2020.01.22-19.25.51:576][  0]LogConfig: Setting CVar [[r.Shadow.RadiusThreshold:0.01]]
[2020.01.22-19.25.51:576][  0]LogConfig: Setting CVar [[r.Shadow.DistanceScale:1.0]]
[2020.01.22-19.25.51:576][  0]LogConfig: Setting CVar [[r.Shadow.CSM.TransitionScale:1.0]]
[2020.01.22-19.25.51:576][  0]LogConfig: Setting CVar [[r.Shadow.PreShadowResolutionFactor:1.0]]
[2020.01.22-19.25.51:576][  0]LogConfig: Setting CVar [[r.DistanceFieldShadowing:1]]
[2020.01.22-19.25.51:576][  0]LogConfig: Setting CVar [[r.DistanceFieldAO:1]]
[2020.01.22-19.25.51:576][  0]LogConfig: Setting CVar [[r.AOQuality:2]]
[2020.01.22-19.25.51:576][  0]LogConfig: Setting CVar [[r.VolumetricFog:1]]
[2020.01.22-19.25.51:576][  0]LogConfig: Setting CVar [[r.VolumetricFog.GridPixelSize:8]]
[2020.01.22-19.25.51:576][  0]LogConfig: Setting CVar [[r.VolumetricFog.GridSizeZ:128]]
[2020.01.22-19.25.51:576][  0]LogConfig: Setting CVar [[r.VolumetricFog.HistoryMissSupersampleCount:4]]
[2020.01.22-19.25.51:576][  0]LogConfig: Setting CVar [[r.LightMaxDrawDistanceScale:1]]
[2020.01.22-19.25.51:576][  0]LogConfig: Setting CVar [[r.CapsuleShadows:1]]
[2020.01.22-19.25.51:576][  0]LogConfig: Applying CVar settings from Section [PostProcessQuality@3] File [C:/Users/02tyson.watson/Desktop/Tyson Watson/Unreal Prjects/HorrorGame/Saved/Config/Windows/Scalability.ini]
[2020.01.22-19.25.51:576][  0]LogConfig: Setting CVar [[r.MotionBlurQuality:4]]
[2020.01.22-19.25.51:576][  0]LogConfig: Setting CVar [[r.AmbientOcclusionMipLevelFactor:0.4]]
[2020.01.22-19.25.51:576][  0]LogConfig: Setting CVar [[r.AmbientOcclusionMaxQuality:100]]
[2020.01.22-19.25.51:576][  0]LogConfig: Setting CVar [[r.AmbientOcclusionLevels:-1]]
[2020.01.22-19.25.51:576][  0]LogConfig: Setting CVar [[r.AmbientOcclusionRadiusScale:1.0]]
[2020.01.22-19.25.51:576][  0]LogConfig: Setting CVar [[r.DepthOfFieldQuality:2]]
[2020.01.22-19.25.51:576][  0]LogConfig: Setting CVar [[r.RenderTargetPoolMin:400]]
[2020.01.22-19.25.51:576][  0]LogConfig: Setting CVar [[r.LensFlareQuality:2]]
[2020.01.22-19.25.51:576][  0]LogConfig: Setting CVar [[r.SceneColorFringeQuality:1]]
[2020.01.22-19.25.51:576][  0]LogConfig: Setting CVar [[r.EyeAdaptationQuality:2]]
[2020.01.22-19.25.51:576][  0]LogConfig: Setting CVar [[r.BloomQuality:5]]
[2020.01.22-19.25.51:576][  0]LogConfig: Setting CVar [[r.FastBlurThreshold:100]]
[2020.01.22-19.25.51:576][  0]LogConfig: Setting CVar [[r.Upscale.Quality:3]]
[2020.01.22-19.25.51:576][  0]LogConfig: Setting CVar [[r.Tonemapper.GrainQuantization:1]]
[2020.01.22-19.25.51:576][  0]LogConfig: Setting CVar [[r.LightShaftQuality:1]]
[2020.01.22-19.25.51:576][  0]LogConfig: Setting CVar [[r.Filter.SizeScale:1]]
[2020.01.22-19.25.51:577][  0]LogConfig: Setting CVar [[r.Tonemapper.Quality:5]]
[2020.01.22-19.25.51:577][  0]LogConfig: Setting CVar [[r.DOF.Gather.AccumulatorQuality:1        ; higher gathering accumulator quality]]
[2020.01.22-19.25.51:577][  0]LogConfig: Setting CVar [[r.DOF.Gather.PostfilterMethod:1          ; Median3x3 postfilering method]]
[2020.01.22-19.25.51:577][  0]LogConfig: Setting CVar [[r.DOF.Gather.EnableBokehSettings:0       ; no bokeh simulation when gathering]]
[2020.01.22-19.25.51:577][  0]LogConfig: Setting CVar [[r.DOF.Gather.RingCount:4                 ; medium number of samples when gathering]]
[2020.01.22-19.25.51:577][  0]LogConfig: Setting CVar [[r.DOF.Scatter.ForegroundCompositing:1    ; additive foreground scattering]]
[2020.01.22-19.25.51:577][  0]LogConfig: Setting CVar [[r.DOF.Scatter.BackgroundCompositing:2    ; additive background scattering]]
[2020.01.22-19.25.51:577][  0]LogConfig: Setting CVar [[r.DOF.Scatter.EnableBokehSettings:1      ; bokeh simulation when scattering]]
[2020.01.22-19.25.51:577][  0]LogConfig: Setting CVar [[r.DOF.Scatter.MaxSpriteRatio:0.1         ; only a maximum of 10% of scattered bokeh]]
[2020.01.22-19.25.51:577][  0]LogConfig: Setting CVar [[r.DOF.Recombine.Quality:1                ; cheap slight out of focus]]
[2020.01.22-19.25.51:577][  0]LogConfig: Setting CVar [[r.DOF.Recombine.EnableBokehSettings:0    ; no bokeh simulation on slight out of focus]]
[2020.01.22-19.25.51:577][  0]LogConfig: Setting CVar [[r.DOF.TemporalAAQuality:1                ; more stable temporal accumulation]]
[2020.01.22-19.25.51:577][  0]LogConfig: Setting CVar [[r.DOF.Kernel.MaxForegroundRadius:0.025]]
[2020.01.22-19.25.51:577][  0]LogConfig: Setting CVar [[r.DOF.Kernel.MaxBackgroundRadius:0.025]]
[2020.01.22-19.25.51:577][  0]LogConfig: Applying CVar settings from Section [TextureQuality@3] File [C:/Users/02tyson.watson/Desktop/Tyson Watson/Unreal Prjects/HorrorGame/Saved/Config/Windows/Scalability.ini]
[2020.01.22-19.25.51:577][  0]LogConfig: Setting CVar [[r.Streaming.MipBias:0]]
[2020.01.22-19.25.51:577][  0]LogConfig: Setting CVar [[r.Streaming.AmortizeCPUToGPUCopy:0]]
[2020.01.22-19.25.51:577][  0]LogConfig: Setting CVar [[r.Streaming.MaxNumTexturesToStreamPerFrame:0]]
[2020.01.22-19.25.51:578][  0]LogConfig: Setting CVar [[r.Streaming.Boost:1]]
[2020.01.22-19.25.51:578][  0]LogConfig: Setting CVar [[r.MaxAnisotropy:8]]
[2020.01.22-19.25.51:578][  0]LogConfig: Setting CVar [[r.Streaming.LimitPoolSizeToVRAM:0]]
[2020.01.22-19.25.51:578][  0]LogConfig: Setting CVar [[r.Streaming.PoolSize:1000]]
[2020.01.22-19.25.51:578][  0]LogConfig: Setting CVar [[r.Streaming.MaxEffectiveScreenSize:0]]
[2020.01.22-19.25.51:578][  0]LogConfig: Applying CVar settings from Section [EffectsQuality@3] File [C:/Users/02tyson.watson/Desktop/Tyson Watson/Unreal Prjects/HorrorGame/Saved/Config/Windows/Scalability.ini]
[2020.01.22-19.25.51:578][  0]LogConfig: Setting CVar [[r.TranslucencyLightingVolumeDim:64]]
[2020.01.22-19.25.51:578][  0]LogConfig: Setting CVar [[r.RefractionQuality:2]]
[2020.01.22-19.25.51:578][  0]LogConfig: Setting CVar [[r.SSR.Quality:3]]
[2020.01.22-19.25.51:578][  0]LogConfig: Setting CVar [[r.SceneColorFormat:4]]
[2020.01.22-19.25.51:578][  0]LogConfig: Setting CVar [[r.DetailMode:2]]
[2020.01.22-19.25.51:578][  0]LogConfig: Setting CVar [[r.TranslucencyVolumeBlur:1]]
[2020.01.22-19.25.51:578][  0]LogConfig: Setting CVar [[r.MaterialQualityLevel:1 ; High quality]]
[2020.01.22-19.25.51:578][  0]LogConfig: Setting CVar [[r.SSS.Scale:1]]
[2020.01.22-19.25.51:578][  0]LogConfig: Setting CVar [[r.SSS.SampleSet:2]]
[2020.01.22-19.25.51:578][  0]LogConfig: Setting CVar [[r.SSS.Quality:1]]
[2020.01.22-19.25.51:578][  0]LogConfig: Setting CVar [[r.SSS.HalfRes:1]]
[2020.01.22-19.25.51:578][  0]LogConfig: Setting CVar [[r.EmitterSpawnRateScale:1.0]]
[2020.01.22-19.25.51:578][  0]LogConfig: Setting CVar [[r.ParticleLightQuality:2]]
[2020.01.22-19.25.51:578][  0]LogConfig: Applying CVar settings from Section [FoliageQuality@3] File [C:/Users/02tyson.watson/Desktop/Tyson Watson/Unreal Prjects/HorrorGame/Saved/Config/Windows/Scalability.ini]
[2020.01.22-19.25.51:578][  0]LogConfig: Setting CVar [[foliage.DensityScale:1.0]]
[2020.01.22-19.25.51:578][  0]LogConfig: Setting CVar [[grass.DensityScale:1.0]]
[2020.01.22-19.25.51:578][  0]LogInit: Selected Device Profile: [Windows]
[2020.01.22-19.25.51:578][  0]LogInit: Applying CVar settings loaded from the selected device profile: [Windows]
[2020.01.22-19.25.51:600][  0]LogHAL: Display: Platform has ~ 16 GB [17058271232 / 17179869184 / 16], which maps to Larger [LargestMinGB=32, LargerMinGB=12, DefaultMinGB=8, SmallerMinGB=6, SmallestMinGB=0)
[2020.01.22-19.25.51:600][  0]LogConfig: Setting CVar [[r.Vulkan.UseRealUBs:0		; Required until we fix HLR fall-out]]
[2020.01.22-19.25.51:600][  0]LogInit: Going up to parent DeviceProfile []
[2020.01.22-19.25.51:600][  0]LogConfig: Applying CVar settings from Section [ViewDistanceQuality@3] File [C:/Users/02tyson.watson/Desktop/Tyson Watson/Unreal Prjects/HorrorGame/Saved/Config/Windows/Scalability.ini]
[2020.01.22-19.25.51:600][  0]LogConfig: Setting CVar [[r.SkeletalMeshLODBias:0]]
[2020.01.22-19.25.51:600][  0]LogConfig: Setting CVar [[r.ViewDistanceScale:1.0]]
[2020.01.22-19.25.51:600][  0]LogConfig: Applying CVar settings from Section [AntiAliasingQuality@3] File [C:/Users/02tyson.watson/Desktop/Tyson Watson/Unreal Prjects/HorrorGame/Saved/Config/Windows/Scalability.ini]
[2020.01.22-19.25.51:600][  0]LogConfig: Setting CVar [[r.PostProcessAAQuality:4]]
[2020.01.22-19.25.51:600][  0]LogConfig: Applying CVar settings from Section [ShadowQuality@3] File [C:/Users/02tyson.watson/Desktop/Tyson Watson/Unreal Prjects/HorrorGame/Saved/Config/Windows/Scalability.ini]
[2020.01.22-19.25.51:601][  0]LogConfig: Setting CVar [[r.LightFunctionQuality:1]]
[2020.01.22-19.25.51:601][  0]LogConfig: Setting CVar [[r.ShadowQuality:5]]
[2020.01.22-19.25.51:601][  0]LogConfig: Setting CVar [[r.Shadow.CSM.MaxCascades:10]]
[2020.01.22-19.25.51:601][  0]LogConfig: Setting CVar [[r.Shadow.MaxResolution:2048]]
[2020.01.22-19.25.51:601][  0]LogConfig: Setting CVar [[r.Shadow.MaxCSMResolution:2048]]
[2020.01.22-19.25.51:601][  0]LogConfig: Setting CVar [[r.Shadow.RadiusThreshold:0.01]]
[2020.01.22-19.25.51:601][  0]LogConfig: Setting CVar [[r.Shadow.DistanceScale:1.0]]
[2020.01.22-19.25.51:601][  0]LogConfig: Setting CVar [[r.Shadow.CSM.TransitionScale:1.0]]
[2020.01.22-19.25.51:601][  0]LogConfig: Setting CVar [[r.Shadow.PreShadowResolutionFactor:1.0]]
[2020.01.22-19.25.51:601][  0]LogConfig: Setting CVar [[r.DistanceFieldShadowing:1]]
[2020.01.22-19.25.51:601][  0]LogConfig: Setting CVar [[r.DistanceFieldAO:1]]
[2020.01.22-19.25.51:601][  0]LogConfig: Setting CVar [[r.AOQuality:2]]
[2020.01.22-19.25.51:601][  0]LogConfig: Setting CVar [[r.VolumetricFog:1]]
[2020.01.22-19.25.51:601][  0]LogConfig: Setting CVar [[r.VolumetricFog.GridPixelSize:8]]
[2020.01.22-19.25.51:601][  0]LogConfig: Setting CVar [[r.VolumetricFog.GridSizeZ:128]]
[2020.01.22-19.25.51:601][  0]LogConfig: Setting CVar [[r.VolumetricFog.HistoryMissSupersampleCount:4]]
[2020.01.22-19.25.51:601][  0]LogConfig: Setting CVar [[r.LightMaxDrawDistanceScale:1]]
[2020.01.22-19.25.51:601][  0]LogConfig: Setting CVar [[r.CapsuleShadows:1]]
[2020.01.22-19.25.51:601][  0]LogConfig: Applying CVar settings from Section [PostProcessQuality@3] File [C:/Users/02tyson.watson/Desktop/Tyson Watson/Unreal Prjects/HorrorGame/Saved/Config/Windows/Scalability.ini]
[2020.01.22-19.25.51:601][  0]LogConfig: Setting CVar [[r.MotionBlurQuality:4]]
[2020.01.22-19.25.51:601][  0]LogConfig: Setting CVar [[r.AmbientOcclusionMipLevelFactor:0.4]]
[2020.01.22-19.25.51:601][  0]LogConfig: Setting CVar [[r.AmbientOcclusionMaxQuality:100]]
[2020.01.22-19.25.51:601][  0]LogConfig: Setting CVar [[r.AmbientOcclusionLevels:-1]]
[2020.01.22-19.25.51:601][  0]LogConfig: Setting CVar [[r.AmbientOcclusionRadiusScale:1.0]]
[2020.01.22-19.25.51:601][  0]LogConfig: Setting CVar [[r.DepthOfFieldQuality:2]]
[2020.01.22-19.25.51:601][  0]LogConfig: Setting CVar [[r.RenderTargetPoolMin:400]]
[2020.01.22-19.25.51:601][  0]LogConfig: Setting CVar [[r.LensFlareQuality:2]]
[2020.01.22-19.25.51:601][  0]LogConfig: Setting CVar [[r.SceneColorFringeQuality:1]]
[2020.01.22-19.25.51:601][  0]LogConfig: Setting CVar [[r.EyeAdaptationQuality:2]]
[2020.01.22-19.25.51:601][  0]LogConfig: Setting CVar [[r.BloomQuality:5]]
[2020.01.22-19.25.51:601][  0]LogConfig: Setting CVar [[r.FastBlurThreshold:100]]
[2020.01.22-19.25.51:601][  0]LogConfig: Setting CVar [[r.Upscale.Quality:3]]
[2020.01.22-19.25.51:601][  0]LogConfig: Setting CVar [[r.Tonemapper.GrainQuantization:1]]
[2020.01.22-19.25.51:601][  0]LogConfig: Setting CVar [[r.LightShaftQuality:1]]
[2020.01.22-19.25.51:601][  0]LogConfig: Setting CVar [[r.Filter.SizeScale:1]]
[2020.01.22-19.25.51:601][  0]LogConfig: Setting CVar [[r.Tonemapper.Quality:5]]
[2020.01.22-19.25.51:601][  0]LogConfig: Setting CVar [[r.DOF.Gather.AccumulatorQuality:1        ; higher gathering accumulator quality]]
[2020.01.22-19.25.51:601][  0]LogConfig: Setting CVar [[r.DOF.Gather.PostfilterMethod:1          ; Median3x3 postfilering method]]
[2020.01.22-19.25.51:601][  0]LogConfig: Setting CVar [[r.DOF.Gather.EnableBokehSettings:0       ; no bokeh simulation when gathering]]
[2020.01.22-19.25.51:601][  0]LogConfig: Setting CVar [[r.DOF.Gather.RingCount:4                 ; medium number of samples when gathering]]
[2020.01.22-19.25.51:601][  0]LogConfig: Setting CVar [[r.DOF.Scatter.ForegroundCompositing:1    ; additive foreground scattering]]
[2020.01.22-19.25.51:601][  0]LogConfig: Setting CVar [[r.DOF.Scatter.BackgroundCompositing:2    ; additive background scattering]]
[2020.01.22-19.25.51:601][  0]LogConfig: Setting CVar [[r.DOF.Scatter.EnableBokehSettings:1      ; bokeh simulation when scattering]]
[2020.01.22-19.25.51:601][  0]LogConfig: Setting CVar [[r.DOF.Scatter.MaxSpriteRatio:0.1         ; only a maximum of 10% of scattered bokeh]]
[2020.01.22-19.25.51:601][  0]LogConfig: Setting CVar [[r.DOF.Recombine.Quality:1                ; cheap slight out of focus]]
[2020.01.22-19.25.51:601][  0]LogConfig: Setting CVar [[r.DOF.Recombine.EnableBokehSettings:0    ; no bokeh simulation on slight out of focus]]
[2020.01.22-19.25.51:601][  0]LogConfig: Setting CVar [[r.DOF.TemporalAAQuality:1                ; more stable temporal accumulation]]
[2020.01.22-19.25.51:601][  0]LogConfig: Setting CVar [[r.DOF.Kernel.MaxForegroundRadius:0.025]]
[2020.01.22-19.25.51:601][  0]LogConfig: Setting CVar [[r.DOF.Kernel.MaxBackgroundRadius:0.025]]
[2020.01.22-19.25.51:601][  0]LogConfig: Applying CVar settings from Section [TextureQuality@3] File [C:/Users/02tyson.watson/Desktop/Tyson Watson/Unreal Prjects/HorrorGame/Saved/Config/Windows/Scalability.ini]
[2020.01.22-19.25.51:601][  0]LogConfig: Setting CVar [[r.Streaming.MipBias:0]]
[2020.01.22-19.25.51:601][  0]LogConfig: Setting CVar [[r.Streaming.AmortizeCPUToGPUCopy:0]]
[2020.01.22-19.25.51:601][  0]LogConfig: Setting CVar [[r.Streaming.MaxNumTexturesToStreamPerFrame:0]]
[2020.01.22-19.25.51:601][  0]LogConfig: Setting CVar [[r.Streaming.Boost:1]]
[2020.01.22-19.25.51:601][  0]LogConfig: Setting CVar [[r.MaxAnisotropy:8]]
[2020.01.22-19.25.51:601][  0]LogConfig: Setting CVar [[r.Streaming.LimitPoolSizeToVRAM:0]]
[2020.01.22-19.25.51:601][  0]LogConfig: Setting CVar [[r.Streaming.PoolSize:1000]]
[2020.01.22-19.25.51:601][  0]LogConfig: Setting CVar [[r.Streaming.MaxEffectiveScreenSize:0]]
[2020.01.22-19.25.51:602][  0]LogConfig: Applying CVar settings from Section [EffectsQuality@3] File [C:/Users/02tyson.watson/Desktop/Tyson Watson/Unreal Prjects/HorrorGame/Saved/Config/Windows/Scalability.ini]
[2020.01.22-19.25.51:602][  0]LogConfig: Setting CVar [[r.TranslucencyLightingVolumeDim:64]]
[2020.01.22-19.25.51:602][  0]LogConfig: Setting CVar [[r.RefractionQuality:2]]
[2020.01.22-19.25.51:602][  0]LogConfig: Setting CVar [[r.SSR.Quality:3]]
[2020.01.22-19.25.51:602][  0]LogConfig: Setting CVar [[r.SceneColorFormat:4]]
[2020.01.22-19.25.51:602][  0]LogConfig: Setting CVar [[r.DetailMode:2]]
[2020.01.22-19.25.51:602][  0]LogConfig: Setting CVar [[r.TranslucencyVolumeBlur:1]]
[2020.01.22-19.25.51:602][  0]LogConfig: Setting CVar [[r.MaterialQualityLevel:1 ; High quality]]
[2020.01.22-19.25.51:602][  0]LogConfig: Setting CVar [[r.SSS.Scale:1]]
[2020.01.22-19.25.51:602][  0]LogConfig: Setting CVar [[r.SSS.SampleSet:2]]
[2020.01.22-19.25.51:602][  0]LogConfig: Setting CVar [[r.SSS.Quality:1]]
[2020.01.22-19.25.51:602][  0]LogConfig: Setting CVar [[r.SSS.HalfRes:1]]
[2020.01.22-19.25.51:602][  0]LogConfig: Setting CVar [[r.EmitterSpawnRateScale:1.0]]
[2020.01.22-19.25.51:602][  0]LogConfig: Setting CVar [[r.ParticleLightQuality:2]]
[2020.01.22-19.25.51:602][  0]LogConfig: Applying CVar settings from Section [FoliageQuality@3] File [C:/Users/02tyson.watson/Desktop/Tyson Watson/Unreal Prjects/HorrorGame/Saved/Config/Windows/Scalability.ini]
[2020.01.22-19.25.51:602][  0]LogConfig: Setting CVar [[foliage.DensityScale:1.0]]
[2020.01.22-19.25.51:602][  0]LogConfig: Setting CVar [[grass.DensityScale:1.0]]
[2020.01.22-19.25.51:602][  0]LogConfig: Applying CVar settings from Section [Startup] File [../../../Engine/Config/ConsoleVariables.ini]
[2020.01.22-19.25.51:611][  0]LogConfig: Setting CVar [[net.UseAdaptiveNetUpdateFrequency:0]]
[2020.01.22-19.25.51:611][  0]LogConfig: Setting CVar [[p.chaos.AllowCreatePhysxBodies:1]]
[2020.01.22-19.25.51:611][  0]LogConfig: Applying CVar settings from Section [ConsoleVariables] File [C:/Users/02tyson.watson/Desktop/Tyson Watson/Unreal Prjects/HorrorGame/Saved/Config/Windows/Engine.ini]
[2020.01.22-19.25.51:611][  0]LogInit: Computer: GUL-HS-2211SD02
[2020.01.22-19.25.51:611][  0]LogInit: User: 02tysonwatson
[2020.01.22-19.25.51:611][  0]LogInit: CPU Page size=4096, Cores=4
[2020.01.22-19.25.51:611][  0]LogInit: High frequency timer resolution =10.000000 MHz
[2020.01.22-19.25.51:612][  0]LogMemory: Memory total: Physical=15.9GB (16GB approx)
[2020.01.22-19.25.51:612][  0]LogMemory: Platform Memory Stats for Windows
[2020.01.22-19.25.51:612][  0]LogMemory: Process Physical Memory: 134.20 MB used, 134.20 MB peak
[2020.01.22-19.25.51:612][  0]LogMemory: Process Virtual Memory: 112.30 MB used, 112.30 MB peak
[2020.01.22-19.25.51:612][  0]LogMemory: Physical Memory: 4793.29 MB used,  11474.74 MB free, 16268.04 MB total
[2020.01.22-19.25.51:612][  0]LogMemory: Virtual Memory: 4812.04 MB used,  134212912.00 MB free, 134217728.00 MB total
[2020.01.22-19.25.51:764][  0]LogInit: Using OS detected language (en-US).
[2020.01.22-19.25.51:764][  0]LogInit: Using OS detected locale (en-US).
[2020.01.22-19.25.51:764][  0]LogTextLocalizationManager: No specific localization for 'en-US' exists, so the 'en' localization will be used.
[2020.01.22-19.25.52:156][  0]LogSlate: New Slate User Created.  User Index 0, Is Virtual User: 0
[2020.01.22-19.25.52:156][  0]LogSlate: Slate User Registered.  User Index 0, Is Virtual User: 0
[2020.01.22-19.25.52:174][  0]LogHMD: Failed to initialize OpenVR with code 110
[2020.01.22-19.25.52:174][  0]LogD3D11RHI: D3D11 adapters:
[2020.01.22-19.25.52:234][  0]LogD3D11RHI:    0. 'Intel(R) HD Graphics 630' (Feature Level 11_0)
[2020.01.22-19.25.52:234][  0]LogD3D11RHI:       128/0/8134 MB DedicatedVideo/DedicatedSystem/SharedSystem, Outputs:2, VendorId:0x8086
[2020.01.22-19.25.52:238][  0]LogD3D11RHI:    1. 'Microsoft Basic Render Driver' (Feature Level 11_0)
[2020.01.22-19.25.52:238][  0]LogD3D11RHI:       0/0/8134 MB DedicatedVideo/DedicatedSystem/SharedSystem, Outputs:0, VendorId:0x1414
[2020.01.22-19.25.52:238][  0]LogD3D11RHI: Chosen D3D11 Adapter: 0
[2020.01.22-19.25.52:244][  0]LogD3D11RHI: Creating new Direct3DDevice
[2020.01.22-19.25.52:245][  0]LogD3D11RHI:     GPU DeviceId: 0x5912 (for the marketing name, search the web for "GPU Device Id")
[2020.01.22-19.25.52:245][  0]LogWindows: EnumDisplayDevices:
[2020.01.22-19.25.52:245][  0]LogWindows:    0. 'Intel(R) HD Graphics 630' (P:0 D:1)
[2020.01.22-19.25.52:245][  0]LogWindows:    1. 'Intel(R) HD Graphics 630' (P:1 D:1)
[2020.01.22-19.25.52:245][  0]LogWindows:    2. 'Intel(R) HD Graphics 630' (P:0 D:0)
[2020.01.22-19.25.52:245][  0]LogWindows: DebugString: FoundDriverCount:3 
[2020.01.22-19.25.52:245][  0]LogD3D11RHI:     Adapter Name: Intel(R) HD Graphics 630
[2020.01.22-19.25.52:245][  0]LogD3D11RHI:   Driver Version: 25.20.100.6374 (internal:25.20.100.6374, unified:25.20.100.6374)
[2020.01.22-19.25.52:245][  0]LogD3D11RHI:      Driver Date: 11-18-2018
[2020.01.22-19.25.52:245][  0]LogRHI: Texture pool is 1523 MB (70% of 2176 MB)
[2020.01.22-19.25.52:288][  0]LogD3D11RHI: Async texture creation enabled
[2020.01.22-19.25.52:291][  0]LogRendererCore: FGlobalReadBuffer::InitRHI
[2020.01.22-19.25.52:292][  0]LogRendererCore: FGlobalReadBuffer::InitRHI
[2020.01.22-19.25.52:292][  0]LogRendererCore: FGlobalReadBuffer::InitRHI
[2020.01.22-19.25.52:293][  0]LogD3D11RHI: GPU Timing Frequency: 12.000048 (Debug: 2 0)
[2020.01.22-19.25.52:865][  0]LogTemp: Display: Module 'WindowsClientTargetPlatform' loaded TargetPlatform 'WindowsClient'
[2020.01.22-19.25.52:877][  0]LogTemp: Display: Module 'WindowsNoEditorTargetPlatform' loaded TargetPlatform 'WindowsNoEditor'
[2020.01.22-19.25.52:889][  0]LogTemp: Display: Module 'WindowsServerTargetPlatform' loaded TargetPlatform 'WindowsServer'
[2020.01.22-19.25.52:895][  0]LogTemp: Display: Module 'WindowsTargetPlatform' loaded TargetPlatform 'Windows'
[2020.01.22-19.25.52:895][  0]LogTargetPlatformManager: Display: Building Assets For Windows
[2020.01.22-19.25.52:927][  0]LogAudioDebug: Display: Lib vorbis DLL was dynamically loaded.
[2020.01.22-19.25.52:990][  0]LogShaderCompilers: Guid format shader working directory is -28 characters bigger than the processId version (../../../../../Users/02tyson.watson/Desktop/Tyson Watson/Unreal Prjects/HorrorGame/Intermediate/Shaders/WorkingDirectory/11892/).
[2020.01.22-19.25.52:990][  0]LogShaderCompilers: Cleaned the shader compiler working directory 'C:/Users/02tyson.watson/AppData/Local/Temp/UnrealShaderWorkingDir/BC5AB3B542E8A24E9B76FB861A66CD13/'.
[2020.01.22-19.25.52:992][  0]LogXGEController: Cannot use XGE Controller as Incredibuild is not installed on this machine.
[2020.01.22-19.25.52:992][  0]LogShaderCompilers: Cannot use XGE Shader Compiler as Incredibuild is not installed on this machine.
[2020.01.22-19.25.52:992][  0]LogShaderCompilers: Display: Using Local Shader Compiler.
[2020.01.22-19.25.54:678][  0]LogDerivedDataCache: Display: Max Cache Size: 512 MB
[2020.01.22-19.25.54:721][  0]LogDerivedDataCache: Loaded boot cache 0.04s 71MB C:/Users/02tyson.watson/AppData/Local/UnrealEngine/4.22/DerivedDataCache/Boot.ddc.
[2020.01.22-19.25.54:721][  0]LogDerivedDataCache: Display: Loaded Boot cache: C:/Users/02tyson.watson/AppData/Local/UnrealEngine/4.22/DerivedDataCache/Boot.ddc
[2020.01.22-19.25.54:721][  0]LogDerivedDataCache: FDerivedDataBackendGraph:  Pak pak cache file ../../../../../Users/02tyson.watson/Desktop/Tyson Watson/Unreal Prjects/HorrorGame/DerivedDataCache/DDC.ddp not found, will not use a pak cache.
[2020.01.22-19.25.54:721][  0]LogDerivedDataCache: Unable to find inner node Pak for hierarchical cache Hierarchy.
[2020.01.22-19.25.54:721][  0]LogDerivedDataCache: FDerivedDataBackendGraph:  CompressedPak pak cache file ../../../../../Users/02tyson.watson/Desktop/Tyson Watson/Unreal Prjects/HorrorGame/DerivedDataCache/Compressed.ddp not found, will not use a pak cache.
[2020.01.22-19.25.54:721][  0]LogDerivedDataCache: Unable to find inner node CompressedPak for hierarchical cache Hierarchy.
[2020.01.22-19.25.54:739][  0]LogDerivedDataCache: Display: Pak cache opened for reading ../../../Engine/DerivedDataCache/Compressed.ddp.
[2020.01.22-19.25.54:739][  0]LogDerivedDataCache: FDerivedDataBackendGraph:  EnterprisePak pak cache file ../../../Enterprise/DerivedDataCache/Compressed.ddp not found, will not use a pak cache.
[2020.01.22-19.25.54:739][  0]LogDerivedDataCache: Unable to find inner node EnterprisePak for hierarchical cache Hierarchy.
[2020.01.22-19.25.54:751][  0]LogDerivedDataCache: Using Local data cache path C:/Users/02tyson.watson/AppData/Local/UnrealEngine/Common/DerivedDataCache: Writable
[2020.01.22-19.25.54:751][  0]LogDerivedDataCache: Shared data cache path not found in *engine.ini, will not use an Shared cache.
[2020.01.22-19.25.54:751][  0]LogDerivedDataCache: Unable to find inner node Shared for hierarchical cache Hierarchy.
[2020.01.22-19.25.54:769][  0]LogMaterial: Verifying Global Shaders for PCD3D_SM5
[2020.01.22-19.25.54:770][  0]LogSlate: Using FreeType 2.6.0
[2020.01.22-19.25.54:782][  0]LogSlate: SlateFontServices - WITH_FREETYPE: 1, WITH_HARFBUZZ: 1
[2020.01.22-19.25.54:968][  0]LogInit: Using OS detected language (en-US).
[2020.01.22-19.25.54:968][  0]LogInit: Using OS detected locale (en-US).
[2020.01.22-19.25.54:968][  0]LogTextLocalizationManager: No localization for 'en-US' exists, so 'en' will be used for the language.
[2020.01.22-19.25.54:968][  0]LogTextLocalizationManager: No localization for 'en-US' exists, so 'en' will be used for the locale.
[2020.01.22-19.25.54:968][  0]LogSlate: FontCache flush requested. Reason: Culture for localization was changed
[2020.01.22-19.25.54:968][  0]LogSlate: FontCache flush requested. Reason: Culture for localization was changed
[2020.01.22-19.25.54:969][  0]LogTextLocalizationManager: Compacting localization data took   0.00ms
[2020.01.22-19.25.54:985][  0]LogAssetRegistry: FAssetRegistry took 0.0119 seconds to start up
[2020.01.22-19.25.55:162][  0]LogPackageLocalizationCache: Processed 10 localized package path(s) for 1 prioritized culture(s) in 0.000469 seconds
[2020.01.22-19.25.55:310][  0]LogInit: Selected Device Profile: [Windows]
[2020.01.22-19.25.55:419][  0]LogMeshReduction: Using QuadricMeshReduction for automatic static mesh reduction
[2020.01.22-19.25.55:419][  0]LogMeshReduction: Using SimplygonMeshReduction for automatic skeletal mesh reduction
[2020.01.22-19.25.55:419][  0]LogMeshReduction: Using ProxyLODMeshReduction for automatic mesh merging
[2020.01.22-19.25.55:419][  0]LogMeshReduction: No distributed automatic mesh merging module available
[2020.01.22-19.25.55:419][  0]LogMeshMerging: No distributed automatic mesh merging module available
[2020.01.22-19.25.55:502][  0]LogNetVersion: Horror_Game 1.0.0, NetCL: 5660361, EngineNetVer: 10, GameNetVer: 0 (Checksum: 364352182)
[2020.01.22-19.25.56:687][  0]LogMoviePlayer: Initializing movie player
[2020.01.22-19.25.56:822][  0]LogTcpMessaging: Initializing TcpMessaging bridge
[2020.01.22-19.25.56:834][  0]LogUdpMessaging: Initializing bridge on interface 0.0.0.0:0 to multicast group 230.0.0.1:6666.
[2020.01.22-19.25.56:936][  0]SourceControl: Source control is disabled
[2020.01.22-19.25.56:936][  0]SourceControl: Source control is disabled
[2020.01.22-19.25.56:938][  0]SourceControl: Source control is disabled
[2020.01.22-19.25.57:039][  0]LogAndroidPermission: UAndroidPermissionCallbackProxy::GetInstance
[2020.01.22-19.25.57:122][  0]LogOcInput: OculusInput pre-init called
[2020.01.22-19.25.57:130][  0]LogUObjectArray: 46490 objects as part of root set at end of initial load.
[2020.01.22-19.25.57:130][  0]LogUObjectAllocator: 8177640 out of 0 bytes used by permanent object pool.
[2020.01.22-19.25.57:130][  0]LogUObjectArray: CloseDisregardForGC: 0/0 objects in disregard for GC pool
[2020.01.22-19.25.57:277][  0]LogEngine: Initializing Engine...
[2020.01.22-19.25.57:278][  0]LogHMD: Failed to initialize OpenVR with code 110
[2020.01.22-19.25.57:289][  0]LogStats: UGameplayTagsManager::InitializeManager -  0.000 s
[2020.01.22-19.25.57:526][  0]LogInit: Initializing FReadOnlyCVARCache
[2020.01.22-19.25.57:536][  0]LogInit: XAudio2 using 'Headset Earphone (3- DELL PRO STEREO HEADSET UC150)' : 2 channels at 48 kHz using 16 bits per sample (channel mask 0x3)
[2020.01.22-19.25.57:545][  0]LogInit: FAudioDevice initialized.
[2020.01.22-19.25.57:557][  0]LogNetVersion: Set ProjectVersion to 1.0.0.0. Version Checksum will be recalculated on next use.
[2020.01.22-19.25.57:560][  0]LogInit: Texture streaming: Enabled
[2020.01.22-19.25.57:826][  0]LogSlate: Updating window title bar state: overlay mode, drag disabled, window buttons hidden, title bar hidden
[2020.01.22-19.25.57:827][  0]LogInit: Display: Game Engine Initialized.
[2020.01.22-19.25.57:898][  0]LogInit: Display: Starting Game.
[2020.01.22-19.25.57:898][  0]LogNet: Browse: /Game/Maps/Menus?Name=Player
[2020.01.22-19.25.57:898][  0]LogLoad: LoadMap: /Game/Maps/Menus?Name=Player
[2020.01.22-19.25.57:921][  0]LogUObjectHash: Compacting FUObjectHashTables data took   2.32ms
[2020.01.22-19.25.57:978][  0]LogAIModule: Creating AISystem for world Menus
[2020.01.22-19.25.57:978][  0]LogLoad: Game class is 'MainmenuGM_C'
[2020.01.22-19.25.57:980][  0]LogWorld: Bringing World /Game/Maps/Menus.Menus up for play (max tick rate 0) at 2020.01.22-14.25.57
[2020.01.22-19.25.57:980][  0]LogWorld: Bringing up level for play took: 0.000381
[2020.01.22-19.25.57:980][  0]LogGameMode: FindPlayerStart: PATHS NOT DEFINED or NO PLAYERSTART with positive rating
[2020.01.22-19.25.57:989][  0]LogPlayerController: Error: InputMode:UIOnly - Attempting to focus Non-Focusable widget SObjectWidget [Widget.cpp(710)]!
[2020.01.22-19.25.57:989][  0]LogLoad: Took 0.091955 seconds to LoadMap(/Game/Maps/Menus)
[2020.01.22-19.25.58:052][  0]LogRenderer: Reallocating scene render targets to support 1280x720 Format 10 NumSamples 1 (Frame:1).
[2020.01.22-19.25.58:053][  0]LogLoad: (Engine Initialization) Total time: 11.87 seconds
[2020.01.22-19.25.58:053][  0]LogLoad: (Engine Initialization) Total Blueprint compile time: 0.00 seconds
[2020.01.22-19.25.58:098][  0]LogContentStreaming: Texture pool size now 1000 MB
[2020.01.22-19.26.00:092][102]LogRenderer: Reallocating scene render targets to support 1920x1060 Format 10 NumSamples 1 (Frame:105).
[2020.01.22-19.26.05:141][264]LogSlate: FSceneViewport::OnFocusLost() reason 0
[2020.01.22-19.26.05:292][269]LogSlate: Updating window title bar state: overlay mode, drag disabled, window buttons hidden, title bar hidden
[2020.01.22-19.26.08:068][359]LogOnlineSession: STEAM: Found 14 lobbies, finalizing the search
[2020.01.22-19.26.08:068][359]LogOnlineSession: STEAM: Search result 0: LobbyId=Lobby[0x186000003035679], LobbyId.IsValid()=true, CSteamID(LobbyId).IsLobby()=true
[2020.01.22-19.26.08:072][359]LogOnlineSession: STEAM: Search result 1: LobbyId=Lobby[0x186000003032997], LobbyId.IsValid()=true, CSteamID(LobbyId).IsLobby()=true
[2020.01.22-19.26.08:072][359]LogOnlineSession: Warning: STEAM: Unknown or unsupported data type from Steam key data creation_time 1579714510
[2020.01.22-19.26.08:072][359]LogOnlineSession: Warning: STEAM: Failed to parse setting from key creation_time value 1579714510
[2020.01.22-19.26.08:073][359]LogOnlineSession: Warning: STEAM: Unknown or unsupported data type from Steam key data is_public 0
[2020.01.22-19.26.08:073][359]LogOnlineSession: Warning: STEAM: Failed to parse setting from key is_public value 0
[2020.01.22-19.26.08:073][359]LogOnlineSession: Warning: STEAM: Unknown or unsupported data type from Steam key data name heyheyparty
[2020.01.22-19.26.08:073][359]LogOnlineSession: Warning: STEAM: Failed to parse setting from key name value heyheyparty
[2020.01.22-19.26.08:073][359]LogOnlineSession: Warning: STEAM: Unknown or unsupported data type from Steam key data proto_version 12
[2020.01.22-19.26.08:073][359]LogOnlineSession: Warning: STEAM: Failed to parse setting from key proto_version value 12
[2020.01.22-19.26.08:073][359]LogOnlineSession: Warning: STEAM: Unable to parse search result for lobby 'Lobby[0x186000003032997]'
[2020.01.22-19.26.08:073][359]LogOnlineSession: STEAM: Search result 2: LobbyId=Lobby[0x186000003034613], LobbyId.IsValid()=true, CSteamID(LobbyId).IsLobby()=true
[2020.01.22-19.26.08:073][359]LogOnlineSession: Warning: STEAM: Unknown or unsupported data type from Steam key data LN Zach
[2020.01.22-19.26.08:073][359]LogOnlineSession: Warning: STEAM: Failed to parse setting from key LN value Zach
[2020.01.22-19.26.08:073][359]LogOnlineSession: Warning: STEAM: Unknown or unsupported data type from Steam key data rev 19087
[2020.01.22-19.26.08:074][359]LogOnlineSession: Warning: STEAM: Failed to parse setting from key rev value 19087
[2020.01.22-19.26.08:074][359]LogOnlineSession: Warning: STEAM: Unable to parse search result for lobby 'Lobby[0x186000003034613]'
[2020.01.22-19.26.08:074][359]LogOnlineSession: STEAM: Search result 3: LobbyId=Lobby[0x186000003034E56], LobbyId.IsValid()=true, CSteamID(LobbyId).IsLobby()=true
[2020.01.22-19.26.08:075][359]LogOnlineSession: Warning: STEAM: Removed incompatible build: ServerBuildUniqueId = 0x00000000, GetBuildUniqueId() = 0x00565ec9
[2020.01.22-19.26.08:075][359]LogOnlineSession: Warning: STEAM: Unable to parse search result for lobby 'Lobby[0x186000003034E56]'
[2020.01.22-19.26.08:075][359]LogOnlineSession: STEAM: Search result 4: LobbyId=Lobby[0x186000003034E55], LobbyId.IsValid()=true, CSteamID(LobbyId).IsLobby()=true
[2020.01.22-19.26.08:075][359]LogOnlineSession: Warning: STEAM: Removed incompatible build: ServerBuildUniqueId = 0x00000000, GetBuildUniqueId() = 0x00565ec9
[2020.01.22-19.26.08:075][359]LogOnlineSession: Warning: STEAM: Unable to parse search result for lobby 'Lobby[0x186000003034E55]'
[2020.01.22-19.26.08:075][359]LogOnlineSession: STEAM: Search result 5: LobbyId=Lobby[0x18600000302E0AD], LobbyId.IsValid()=true, CSteamID(LobbyId).IsLobby()=true
[2020.01.22-19.26.08:075][359]LogOnlineSession: Warning: STEAM: Unknown or unsupported data type from Steam key data 0 155
[2020.01.22-19.26.08:075][359]LogOnlineSession: Warning: STEAM: Failed to parse setting from key 0 value 155
[2020.01.22-19.26.08:075][359]LogOnlineSession: Warning: STEAM: Unknown or unsupported data type from Steam key data 1 8060956
[2020.01.22-19.26.08:075][359]LogOnlineSession: Warning: STEAM: Failed to parse setting from key 1 value 8060956
[2020.01.22-19.26.08:075][359]LogOnlineSession: Warning: STEAM: Unknown or unsupported data type from Steam key data 2 1
[2020.01.22-19.26.08:075][359]LogOnlineSession: Warning: STEAM: Failed to parse setting from key 2 value 1
[2020.01.22-19.26.08:076][359]LogOnlineSession: Warning: STEAM: Unknown or unsupported data type from Steam key data 3 427459
[2020.01.22-19.26.08:076][359]LogOnlineSession: Warning: STEAM: Failed to parse setting from key 3 value 427459
[2020.01.22-19.26.08:076][359]LogOnlineSession: Warning: STEAM: Unknown or unsupported data type from Steam key data 4 829
[2020.01.22-19.26.08:076][359]LogOnlineSession: Warning: STEAM: Failed to parse setting from key 4 value 829
[2020.01.22-19.26.08:076][359]LogOnlineSession: Warning: STEAM: Unknown or unsupported data type from Steam key data 5 1
[2020.01.22-19.26.08:076][359]LogOnlineSession: Warning: STEAM: Failed to parse setting from key 5 value 1
[2020.01.22-19.26.08:076][359]LogOnlineSession: Warning: STEAM: Unknown or unsupported data type from Steam key data 6 8
[2020.01.22-19.26.08:076][359]LogOnlineSession: Warning: STEAM: Failed to parse setting from key 6 value 8
[2020.01.22-19.26.08:076][359]LogOnlineSession: Warning: STEAM: Unknown or unsupported data type from Steam key data join_in_progress 1
[2020.01.22-19.26.08:076][359]LogOnlineSession: Warning: STEAM: Failed to parse setting from key join_in_progress value 1
[2020.01.22-19.26.08:076][359]LogOnlineSession: Warning: STEAM: Unknown or unsupported data type from Steam key data lobby_type 0
[2020.01.22-19.26.08:076][359]LogOnlineSession: Warning: STEAM: Failed to parse setting from key lobby_type value 0
[2020.01.22-19.26.08:076][359]LogOnlineSession: Warning: STEAM: Unknown or unsupported data type from Steam key data name Rat Mom
[2020.01.22-19.26.08:076][359]LogOnlineSession: Warning: STEAM: Failed to parse setting from key name value Rat Mom
[2020.01.22-19.26.08:076][359]LogOnlineSession: Warning: STEAM: Unknown or unsupported data type from Steam key data owner 76561199013821684
[2020.01.22-19.26.08:076][359]LogOnlineSession: Warning: STEAM: Failed to parse setting from key owner value 76561199013821684
[2020.01.22-19.26.08:076][359]LogOnlineSession: Warning: STEAM: Unknown or unsupported data type from Steam key data publicIP 24.50.151.83
[2020.01.22-19.26.08:076][359]LogOnlineSession: Warning: STEAM: Failed to parse setting from key publicIP value 24.50.151.83
[2020.01.22-19.26.08:076][359]LogOnlineSession: Warning: STEAM: Unable to parse search result for lobby 'Lobby[0x18600000302E0AD]'
[2020.01.22-19.26.08:076][359]LogOnlineSession: STEAM: Search result 6: LobbyId=Lobby[0x186000003031DCD], LobbyId.IsValid()=true, CSteamID(LobbyId).IsLobby()=true
[2020.01.22-19.26.08:077][359]LogOnlineSession: Warning: STEAM: Removed incompatible build: ServerBuildUniqueId = 0x00000130, GetBuildUniqueId() = 0x00565ec9
[2020.01.22-19.26.08:077][359]LogOnlineSession: Warning: STEAM: Unable to parse search result for lobby 'Lobby[0x186000003031DCD]'
[2020.01.22-19.26.08:077][359]LogOnlineSession: STEAM: Search result 7: LobbyId=Lobby[0x18600000303496D], LobbyId.IsValid()=true, CSteamID(LobbyId).IsLobby()=true
[2020.01.22-19.26.08:077][359]LogOnlineSession: Warning: STEAM: Unknown or unsupported data type from Steam key data actual_password ec6999d1193b73f37093c41ae04bc5c1
[2020.01.22-19.26.08:077][359]LogOnlineSession: Warning: STEAM: Failed to parse setting from key actual_password value ec6999d1193b73f37093c41ae04bc5c1
[2020.01.22-19.26.08:077][359]LogOnlineSession: Warning: STEAM: Unknown or unsupported data type from Steam key data desc Stellaris
[2020.01.22-19.26.08:077][359]LogOnlineSession: Warning: STEAM: Failed to parse setting from key desc value Stellaris
[2020.01.22-19.26.08:077][359]LogOnlineSession: Warning: STEAM: Unknown or unsupported data type from Steam key data mod Stellaris
[2020.01.22-19.26.08:077][359]LogOnlineSession: Warning: STEAM: Failed to parse setting from key mod value Stellaris
[2020.01.22-19.26.08:077][359]LogOnlineSession: Warning: STEAM: Unknown or unsupported data type from Steam key data name Bucket Hat Dog
[2020.01.22-19.26.08:077][359]LogOnlineSession: Warning: STEAM: Failed to parse setting from key name value Bucket Hat Dog
[2020.01.22-19.26.08:077][359]LogOnlineSession: Warning: STEAM: Unknown or unsupported data type from Steam key data password 1
[2020.01.22-19.26.08:078][359]LogOnlineSession: Warning: STEAM: Failed to parse setting from key password value 1
[2020.01.22-19.26.08:078][359]LogOnlineSession: Warning: STEAM: Unknown or unsupported data type from Steam key data status RUNNING;Shelley v2.5.1 (1fd6);ec6999d1193b73f37093c41ae04bc5c1
[2020.01.22-19.26.08:078][359]LogOnlineSession: Warning: STEAM: Failed to parse setting from key status value RUNNING;Shelley v2.5.1 (1fd6);ec6999d1193b73f37093c41ae04bc5c1
[2020.01.22-19.26.08:078][359]LogOnlineSession: Warning: STEAM: Unknown or unsupported data type from Steam key data version Shelley v2.5.1 (1fd6)
[2020.01.22-19.26.08:078][359]LogOnlineSession: Warning: STEAM: Failed to parse setting from key version value Shelley v2.5.1 (1fd6)
[2020.01.22-19.26.08:078][359]LogOnlineSession: Warning: STEAM: Unknown or unsupported data type from Steam key data __gameserverIP 0
[2020.01.22-19.26.08:078][359]LogOnlineSession: Warning: STEAM: Failed to parse setting from key __gameserverIP value 0
[2020.01.22-19.26.08:078][359]LogOnlineSession: Warning: STEAM: Unknown or unsupported data type from Steam key data __gameserverPort 0
[2020.01.22-19.26.08:078][359]LogOnlineSession: Warning: STEAM: Failed to parse setting from key __gameserverPort value 0
[2020.01.22-19.26.08:078][359]LogOnlineSession: Warning: STEAM: Unknown or unsupported data type from Steam key data __gameserverSteamID 90132116917949442
[2020.01.22-19.26.08:078][359]LogOnlineSession: Warning: STEAM: Failed to parse setting from key __gameserverSteamID value 90132116917949442
[2020.01.22-19.26.08:078][359]LogOnlineSession: Warning: STEAM: Unable to parse search result for lobby 'Lobby[0x18600000303496D]'
[2020.01.22-19.26.08:078][359]LogOnlineSession: STEAM: Search result 8: LobbyId=Lobby[0x186000003033124], LobbyId.IsValid()=true, CSteamID(LobbyId).IsLobby()=true
[2020.01.22-19.26.08:078][359]LogOnlineSession: Warning: STEAM: Unknown or unsupported data type from Steam key data BinaryData AAAAAgEAAAAC/////wAAAFRva3lvbmlpZ2h0cwAAAAAAAAAAAAAAAAAAAAAAAAAAARAAAQP/o6QACwAKACoAAAAAAAAAAAAAAAAAAAAAAAAAAAAAAAAAAAAAAAAAAAAAAAAAAAAAAAAAAAAAAAAAAAAAAAAAAAAAAAAAAAAAAAAAAAAAAAA=
[2020.01.22-19.26.08:078][359]LogOnlineSession: Warning: STEAM: Failed to parse setting from key BinaryData value AAAAAgEAAAAC/////wAAAFRva3lvbmlpZ2h0cwAAAAAAAAAAAAAAAAAAAAAAAAAAARAAAQP/o6QACwAKACoAAAAAAAAAAAAAAAAAAAAAAAAAAAAAAAAAAAAAAAAAAAAAAAAAAAAAAAAAAAAAAAAAAAAAAAAAAAAAAAAAAAAAAAAAAAAAAAA=
[2020.01.22-19.26.08:078][359]LogOnlineSession: Warning: STEAM: Unknown or unsupported data type from Steam key data BinarySize 134
[2020.01.22-19.26.08:078][359]LogOnlineSession: Warning: STEAM: Failed to parse setting from key BinarySize value 134
[2020.01.22-19.26.08:078][359]LogOnlineSession: Warning: STEAM: Unknown or unsupported data type from Steam key data CreationDate 20200122125304
[2020.01.22-19.26.08:078][359]LogOnlineSession: Warning: STEAM: Failed to parse setting from key CreationDate value 20200122125304
[2020.01.22-19.26.08:079][359]LogOnlineSession: Warning: STEAM: Unknown or unsupported data type from Steam key data IsBehindNAT true
[2020.01.22-19.26.08:079][359]LogOnlineSession: Warning: STEAM: Failed to parse setting from key IsBehindNAT value true
[2020.01.22-19.26.08:079][359]LogOnlineSession: Warning: STEAM: Unknown or unsupported data type from Steam key data MemberList {"76561198027350948": {"Name":"Tokyoniights","HR":"10"},"76561198059168902": {"Name":"The Flame Eater ","HR":"10"}}
[2020.01.22-19.26.08:079][359]LogOnlineSession: Warning: STEAM: Failed to parse setting from key MemberList value {"76561198027350948": {"Name":"Tokyoniights","HR":"10"},"76561198059168902": {"Name":"The Flame Eater ","HR":"10"}}
[2020.01.22-19.26.08:079][359]LogOnlineSession: Warning: STEAM: Unknown or unsupported data type from Steam key data name tokyoniights
[2020.01.22-19.26.08:079][359]LogOnlineSession: Warning: STEAM: Failed to parse setting from key name value tokyoniights
[2020.01.22-19.26.08:079][359]LogOnlineSession: Warning: STEAM: Unknown or unsupported data type from Steam key data OwnerID 0110000103FFA3A4
[2020.01.22-19.26.08:079][359]LogOnlineSession: Warning: STEAM: Failed to parse setting from key OwnerID value 0110000103FFA3A4
[2020.01.22-19.26.08:079][359]LogOnlineSession: Warning: STEAM: Unknown or unsupported data type from Steam key data SearchKey0 537037837
[2020.01.22-19.26.08:079][359]LogOnlineSession: Warning: STEAM: Failed to parse setting from key SearchKey0 value 537037837
[2020.01.22-19.26.08:079][359]LogOnlineSession: Warning: STEAM: Unknown or unsupported data type from Steam key data SearchKey1 2
[2020.01.22-19.26.08:079][359]LogOnlineSession: Warning: STEAM: Failed to parse setting from key SearchKey1 value 2
[2020.01.22-19.26.08:079][359]LogOnlineSession: Warning: STEAM: Unknown or unsupported data type from Steam key data SearchKey2 0
[2020.01.22-19.26.08:079][359]LogOnlineSession: Warning: STEAM: Failed to parse setting from key SearchKey2 value 0
[2020.01.22-19.26.08:079][359]LogOnlineSession: Warning: STEAM: Unknown or unsupported data type from Steam key data SearchKey3 0
[2020.01.22-19.26.08:079][359]LogOnlineSession: Warning: STEAM: Failed to parse setting from key SearchKey3 value 0
[2020.01.22-19.26.08:079][359]LogOnlineSession: Warning: STEAM: Unknown or unsupported data type from Steam key data SearchKey4 1
[2020.01.22-19.26.08:079][359]LogOnlineSession: Warning: STEAM: Failed to parse setting from key SearchKey4 value 1
[2020.01.22-19.26.08:079][359]LogOnlineSession: Warning: STEAM: Unknown or unsupported data type from Steam key data SearchKey5 999999
[2020.01.22-19.26.08:079][359]LogOnlineSession: Warning: STEAM: Failed to parse setting from key SearchKey5 value 999999
[2020.01.22-19.26.08:079][359]LogOnlineSession: Warning: STEAM: Unknown or unsupported data type from Steam key data SearchKey6 0
[2020.01.22-19.26.08:079][359]LogOnlineSession: Warning: STEAM: Failed to parse setting from key SearchKey6 value 0
[2020.01.22-19.26.08:080][359]LogOnlineSession: Warning: STEAM: Unknown or unsupported data type from Steam key data SearchKey7 11
[2020.01.22-19.26.08:080][359]LogOnlineSession: Warning: STEAM: Failed to parse setting from key SearchKey7 value 11
[2020.01.22-19.26.08:080][359]LogOnlineSession: Warning: STEAM: Unknown or unsupported data type from Steam key data SearchKeyNum 8
[2020.01.22-19.26.08:080][359]LogOnlineSession: Warning: STEAM: Failed to parse setting from key SearchKeyNum value 8
[2020.01.22-19.26.08:080][359]LogOnlineSession: Warning: STEAM: Unknown or unsupported data type from Steam key data SlotPrivateMax 0
[2020.01.22-19.26.08:080][359]LogOnlineSession: Warning: STEAM: Failed to parse setting from key SlotPrivateMax value 0
[2020.01.22-19.26.08:080][359]LogOnlineSession: Warning: STEAM: Unknown or unsupported data type from Steam key data SlotPrivateOpen 0
[2020.01.22-19.26.08:080][359]LogOnlineSession: Warning: STEAM: Failed to parse setting from key SlotPrivateOpen value 0
[2020.01.22-19.26.08:080][359]LogOnlineSession: Warning: STEAM: Unknown or unsupported data type from Steam key data SlotPublicMax 16
[2020.01.22-19.26.08:080][359]LogOnlineSession: Warning: STEAM: Failed to parse setting from key SlotPublicMax value 16
[2020.01.22-19.26.08:080][359]LogOnlineSession: Warning: STEAM: Unknown or unsupported data type from Steam key data SlotPublicOpen 14
[2020.01.22-19.26.08:080][359]LogOnlineSession: Warning: STEAM: Failed to parse setting from key SlotPublicOpen value 14
[2020.01.22-19.26.08:080][359]LogOnlineSession: Warning: STEAM: Unable to parse search result for lobby 'Lobby[0x186000003033124]'
[2020.01.22-19.26.08:080][359]LogOnlineSession: STEAM: Search result 9: LobbyId=Lobby[0x18600000303486A], LobbyId.IsValid()=true, CSteamID(LobbyId).IsLobby()=true
[2020.01.22-19.26.08:080][359]LogOnlineSession: Warning: STEAM: Unknown or unsupported data type from Steam key data GAMEMODE 1
[2020.01.22-19.26.08:080][359]LogOnlineSession: Warning: STEAM: Failed to parse setting from key GAMEMODE value 1
[2020.01.22-19.26.08:080][359]LogOnlineSession: Warning: STEAM: Unknown or unsupported data type from Steam key data MAXPLAYERS 32
[2020.01.22-19.26.08:080][359]LogOnlineSession: Warning: STEAM: Failed to parse setting from key MAXPLAYERS value 32
[2020.01.22-19.26.08:080][359]LogOnlineSession: Warning: STEAM: Unknown or unsupported data type from Steam key data MODE 0
[2020.01.22-19.26.08:080][359]LogOnlineSession: Warning: STEAM: Failed to parse setting from key MODE value 0
[2020.01.22-19.26.08:080][359]LogOnlineSession: Warning: STEAM: Unknown or unsupported data type from Steam key data RNG 474745832
[2020.01.22-19.26.08:080][359]LogOnlineSession: Warning: STEAM: Failed to parse setting from key RNG value 474745832
[2020.01.22-19.26.08:080][359]LogOnlineSession: Warning: STEAM: Unknown or unsupported data type from Steam key data ua 180324145024244
[2020.01.22-19.26.08:080][359]LogOnlineSession: Warning: STEAM: Failed to parse setting from key ua value 180324145024244
[2020.01.22-19.26.08:080][359]LogOnlineSession: Warning: STEAM: Unknown or unsupported data type from Steam key data VS 55356
[2020.01.22-19.26.08:080][359]LogOnlineSession: Warning: STEAM: Failed to parse setting from key VS value 55356
[2020.01.22-19.26.08:080][359]LogOnlineSession: Warning: STEAM: Unable to parse search result for lobby 'Lobby[0x18600000303486A]'
[2020.01.22-19.26.08:080][359]LogOnlineSession: STEAM: Search result 10: LobbyId=Lobby[0x18600000303531D], LobbyId.IsValid()=true, CSteamID(LobbyId).IsLobby()=true
[2020.01.22-19.26.08:081][359]LogOnlineSession: Warning: STEAM: Unknown or unsupported data type from Steam key data GAMEMODE 1
[2020.01.22-19.26.08:081][359]LogOnlineSession: Warning: STEAM: Failed to parse setting from key GAMEMODE value 1
[2020.01.22-19.26.08:081][359]LogOnlineSession: Warning: STEAM: Unknown or unsupported data type from Steam key data MAXPLAYERS 32
[2020.01.22-19.26.08:081][359]LogOnlineSession: Warning: STEAM: Failed to parse setting from key MAXPLAYERS value 32
[2020.01.22-19.26.08:081][359]LogOnlineSession: Warning: STEAM: Unknown or unsupported data type from Steam key data MODE 0
[2020.01.22-19.26.08:081][359]LogOnlineSession: Warning: STEAM: Failed to parse setting from key MODE value 0
[2020.01.22-19.26.08:081][359]LogOnlineSession: Warning: STEAM: Unknown or unsupported data type from Steam key data RNG -1515726380
[2020.01.22-19.26.08:081][359]LogOnlineSession: Warning: STEAM: Failed to parse setting from key RNG value -1515726380
[2020.01.22-19.26.08:081][359]LogOnlineSession: Warning: STEAM: Unknown or unsupported data type from Steam key data ua 551959075212531
[2020.01.22-19.26.08:081][359]LogOnlineSession: Warning: STEAM: Failed to parse setting from key ua value 551959075212531
[2020.01.22-19.26.08:081][359]LogOnlineSession: Warning: STEAM: Unknown or unsupported data type from Steam key data VS 55356
[2020.01.22-19.26.08:081][359]LogOnlineSession: Warning: STEAM: Failed to parse setting from key VS value 55356
[2020.01.22-19.26.08:081][359]LogOnlineSession: Warning: STEAM: Unable to parse search result for lobby 'Lobby[0x18600000303531D]'
[2020.01.22-19.26.08:081][359]LogOnlineSession: STEAM: Search result 11: LobbyId=Lobby[0x186000003034CF4], LobbyId.IsValid()=true, CSteamID(LobbyId).IsLobby()=true
[2020.01.22-19.26.08:081][359]LogOnlineSession: Warning: STEAM: Unknown or unsupported data type from Steam key data GAMEMODE 1
[2020.01.22-19.26.08:081][359]LogOnlineSession: Warning: STEAM: Failed to parse setting from key GAMEMODE value 1
[2020.01.22-19.26.08:081][359]LogOnlineSession: Warning: STEAM: Unknown or unsupported data type from Steam key data MAXPLAYERS 4
[2020.01.22-19.26.08:081][359]LogOnlineSession: Warning: STEAM: Failed to parse setting from key MAXPLAYERS value 4
[2020.01.22-19.26.08:081][359]LogOnlineSession: Warning: STEAM: Unknown or unsupported data type from Steam key data MODE 1
[2020.01.22-19.26.08:081][359]LogOnlineSession: Warning: STEAM: Failed to parse setting from key MODE value 1
[2020.01.22-19.26.08:081][359]LogOnlineSession: Warning: STEAM: Unknown or unsupported data type from Steam key data RNG -1465212553
[2020.01.22-19.26.08:081][359]LogOnlineSession: Warning: STEAM: Failed to parse setting from key RNG value -1465212553
[2020.01.22-19.26.08:081][359]LogOnlineSession: Warning: STEAM: Unknown or unsupported data type from Steam key data ua 134140526239375
[2020.01.22-19.26.08:081][359]LogOnlineSession: Warning: STEAM: Failed to parse setting from key ua value 134140526239375
[2020.01.22-19.26.08:081][359]LogOnlineSession: Warning: STEAM: Unknown or unsupported data type from Steam key data VS 55356
[2020.01.22-19.26.08:081][359]LogOnlineSession: Warning: STEAM: Failed to parse setting from key VS value 55356
[2020.01.22-19.26.08:081][359]LogOnlineSession: Warning: STEAM: Unable to parse search result for lobby 'Lobby[0x186000003034CF4]'
[2020.01.22-19.26.08:081][359]LogOnlineSession: STEAM: Search result 12: LobbyId=Lobby[0x186000003033FC2], LobbyId.IsValid()=true, CSteamID(LobbyId).IsLobby()=true
[2020.01.22-19.26.08:082][359]LogOnlineSession: Warning: STEAM: Removed incompatible build: ServerBuildUniqueId = 0x78260e4d, GetBuildUniqueId() = 0x00565ec9
[2020.01.22-19.26.08:082][359]LogOnlineSession: Warning: STEAM: Unable to parse search result for lobby 'Lobby[0x186000003033FC2]'
[2020.01.22-19.26.08:082][359]LogOnlineSession: STEAM: Search result 13: LobbyId=Lobby[0x186000003035399], LobbyId.IsValid()=true, CSteamID(LobbyId).IsLobby()=true
[2020.01.22-19.26.08:082][359]LogOnlineSession: Warning: STEAM: Unknown or unsupported data type from Steam key data GAMEMODE 1
[2020.01.22-19.26.08:083][359]LogOnlineSession: Warning: STEAM: Failed to parse setting from key GAMEMODE value 1
[2020.01.22-19.26.08:083][359]LogOnlineSession: Warning: STEAM: Unknown or unsupported data type from Steam key data MAXPLAYERS 32
[2020.01.22-19.26.08:083][359]LogOnlineSession: Warning: STEAM: Failed to parse setting from key MAXPLAYERS value 32
[2020.01.22-19.26.08:083][359]LogOnlineSession: Warning: STEAM: Unknown or unsupported data type from Steam key data MODE 0
[2020.01.22-19.26.08:083][359]LogOnlineSession: Warning: STEAM: Failed to parse setting from key MODE value 0
[2020.01.22-19.26.08:083][359]LogOnlineSession: Warning: STEAM: Unknown or unsupported data type from Steam key data RNG -765260131
[2020.01.22-19.26.08:083][359]LogOnlineSession: Warning: STEAM: Failed to parse setting from key RNG value -765260131
[2020.01.22-19.26.08:083][359]LogOnlineSession: Warning: STEAM: Unknown or unsupported data type from Steam key data ua 134140526239375
[2020.01.22-19.26.08:083][359]LogOnlineSession: Warning: STEAM: Failed to parse setting from key ua value 134140526239375
[2020.01.22-19.26.08:083][359]LogOnlineSession: Warning: STEAM: Unknown or unsupported data type from Steam key data VS 55356
[2020.01.22-19.26.08:083][359]LogOnlineSession: Warning: STEAM: Failed to parse setting from key VS value 55356
[2020.01.22-19.26.08:083][359]LogOnlineSession: Warning: STEAM: Unable to parse search result for lobby 'Lobby[0x186000003035399]'
[2020.01.22-19.26.10:247][429]LogOnlineSession: OSS: Join session: traveling to steam.76561198054114716:7777
[2020.01.22-19.26.10:247][429]LogNet: Browse: steam.76561198054114716//Game/Maps/Big
[2020.01.22-19.26.10:249][429]LogTemp: Display: ParseSettings for GameNetDriver
[2020.01.22-19.26.10:251][429]LogTemp: Display: ParseSettings for SteamNetDriver_0
[2020.01.22-19.26.10:251][429]LogTemp: Display: ParseSettings for PendingNetDriver
[2020.01.22-19.26.10:252][429]LogNet: Display: SteamNetDriver_0 bound to port 7777
[2020.01.22-19.26.10:253][429]PacketHandlerLog: Loaded PacketHandler component: Engine.EngineHandlerComponentFactory (StatelessConnectHandlerComponent)
[2020.01.22-19.26.10:254][429]LogOnline: STEAM: Adding user 76561198054114716:7777 from RegisterConnection
[2020.01.22-19.26.10:254][429]LogNet: Game client on port 7777, rate 10000
[2020.01.22-19.26.13:273][527]LogOnlineSession: Warning: STEAM: Session (GameSession) already exists, can't join twice
[2020.01.22-19.26.13:273][527]LogBlueprintUserMessages: [MainGi_C_0] Failed
[2020.01.22-19.26.14:204][557]LogHandshake: SendChallengeResponse. Timestamp: 19.033827, Cookie: 096225074078051162147076122058188141033045081235104133082179
[2020.01.22-19.26.14:205][557]LogHandshake: SendChallengeResponse. Timestamp: 19.033827, Cookie: 096225074078051162147076122058188141033045081235104133082179
[2020.01.22-19.26.14:205][557]LogHandshake: SendChallengeResponse. Timestamp: 19.033827, Cookie: 096225074078051162147076122058188141033045081235104133082179
[2020.01.22-19.26.14:206][557]LogHandshake: SendChallengeResponse. Timestamp: 19.033827, Cookie: 096225074078051162147076122058188141033045081235104133082179
[2020.01.22-19.26.14:208][557]LogNetVersion: Horror_Game 1.0.0.0, NetCL: 5660361, EngineNetVer: 10, GameNetVer: 0 (Checksum: 1155035719)
[2020.01.22-19.26.14:208][557]LogNet: UPendingNetGame::SendInitialJoin: Sending hello. [UNetConnection] RemoteAddr: 76561198054114716:7777, Name: SteamNetConnection_0, Driver: PendingNetDriver SteamNetDriver_0, IsServer: NO, PC: NULL, Owner: NULL, UniqueId: INVALID
[2020.01.22-19.26.14:266][559]LogNet: Welcomed by server (Level: /Game/Maps/Warped_Quarters_Mutant, Game: /Game/AdvancedMissionSys/Demo/UnrealEngine4/ThirdPersonBP/Blueprints/ThirdPersonGameMode.ThirdPersonGameMode_C)
[2020.01.22-19.26.14:272][559]LogLoad: LoadMap: steam.76561198054114716//Game/Maps/Warped_Quarters_Mutant?game=/Game/AdvancedMissionSys/Demo/UnrealEngine4/ThirdPersonBP/Blueprints/ThirdPersonGameMode.ThirdPersonGameMode_C
[2020.01.22-19.26.14:310][559]LogUObjectHash: Compacting FUObjectHashTables data took   1.89ms
[2020.01.22-19.26.15:491][559]LogLinker: Warning: Can't find file '/Game/HousingPack02/Textures/T_Cladding_01_RMA'
[2020.01.22-19.26.15:491][559]LoadErrors: Failed to load /Game/HousingPack02/Textures/T_Cladding_01_RMA.T_Cladding_01_RMA Referenced by MI_Cladding_01
[2020.01.22-19.26.15:492][559]LogUObjectGlobals: Warning: Failed to load '/Game/HousingPack02/Textures/T_Cladding_01_RMA': Can't find file '/Game/HousingPack02/Textures/T_Cladding_01_RMA'
[2020.01.22-19.26.15:492][559]LogLinker: Warning: Can't find file for asset '/Game/HousingPack02/Textures/T_Cladding_01_RMA' while loading NULL.
[2020.01.22-19.26.15:492][559]LogUObjectGlobals: Warning: Failed to load '/Game/HousingPack02/Textures/T_Cladding_01_RMA': Can't find file for asset '/Game/HousingPack02/Textures/T_Cladding_01_RMA' while loading NULL.
[2020.01.22-19.26.15:492][559]LogLinker: Warning: Can't find file '/Game/HousingPack02/Textures/T_Lighting_Fixtures_01'
[2020.01.22-19.26.15:492][559]LoadErrors: Failed to load /Game/HousingPack02/Textures/T_Lighting_Fixtures_01.T_Lighting_Fixtures_01 Referenced by MI_Lighting_Fixtures_01
[2020.01.22-19.26.15:492][559]LogUObjectGlobals: Warning: Failed to load '/Game/HousingPack02/Textures/T_Lighting_Fixtures_01': Can't find file '/Game/HousingPack02/Textures/T_Lighting_Fixtures_01'
[2020.01.22-19.26.15:492][559]LogLinker: Warning: Can't find file for asset '/Game/HousingPack02/Textures/T_Lighting_Fixtures_01' while loading NULL.
[2020.01.22-19.26.15:492][559]LogUObjectGlobals: Warning: Failed to load '/Game/HousingPack02/Textures/T_Lighting_Fixtures_01': Can't find file for asset '/Game/HousingPack02/Textures/T_Lighting_Fixtures_01' while loading NULL.
[2020.01.22-19.26.16:377][559]LogTemp: Display: ParseSettings for GameNetDriver
[2020.01.22-19.26.16:402][559]LogWorld: Bringing World /Game/Maps/Warped_Quarters_Mutant.Warped_Quarters_Mutant up for play (max tick rate 0) at 2020.01.22-14.26.16
[2020.01.22-19.26.16:405][559]LogActor: Warning: SetReplicates called on actor 'Mutant' that is not valid for having its role modified.
[2020.01.22-19.26.16:416][559]LogWorld: Bringing up level for play took: 0.038125
[2020.01.22-19.26.16:420][559]LogLoad: Took 2.148378 seconds to LoadMap(/Game/Maps/Warped_Quarters_Mutant)
[2020.01.22-19.26.21:443][631]LogSlate: Updating window title bar state: overlay mode, drag disabled, window buttons hidden, title bar hidden
[2020.01.22-19.26.42:811][845]LogSlate: Window 'Horror_Game (64-bit Development PCD3D_SM5) ' being destroyed
[2020.01.22-19.26.42:812][845]LogWindowsTextInputMethodSystem: Display: IME system now deactivated.
[2020.01.22-19.26.42:814][846]LogSlate: Updating window title bar state: overlay mode, drag disabled, window buttons hidden, title bar hidden
[2020.01.22-19.26.42:814][846]LogEngine: All Windows Closed
[2020.01.22-19.26.42:814][846]LogWindows: FPlatformMisc::RequestExit(0)
[2020.01.22-19.26.42:820][847]LogNet: World NetDriver shutdown SteamNetDriver_0 [GameNetDriver]
[2020.01.22-19.26.42:820][847]LogNet: DestroyNamedNetDriver SteamNetDriver_0 [GameNetDriver]
[2020.01.22-19.26.42:821][847]LogNet: UNetConnection::Close: [UNetConnection] RemoteAddr: 76561198054114716:7777, Name: SteamNetConnection_0, Driver: GameNetDriver SteamNetDriver_0, IsServer: NO, PC: PlayerController_1, Owner: PlayerController_1, UniqueId: STEAM:Disappointed [0x1E2912DCA60], Channels: 13, Time: 2020.01.22-19.26.42
[2020.01.22-19.26.42:821][847]LogNet: UChannel::Close: Sending CloseBunch. ChIndex == 0. Name: [UChannel] ChIndex: 0, Closing: 0 [UNetConnection] RemoteAddr: 76561198054114716:7777, Name: SteamNetConnection_0, Driver: GameNetDriver SteamNetDriver_0, IsServer: NO, PC: PlayerController_1, Owner: PlayerController_1, UniqueId: STEAM:Disappointed [0x1E2912DCA60]
[2020.01.22-19.26.42:821][847]LogExit: GameNetDriver SteamNetDriver_0 shut down
[2020.01.22-19.26.43:310][847]LogExit: Preparing to exit.
[2020.01.22-19.26.43:310][847]LogMoviePlayer: Shutting down movie player
[2020.01.22-19.26.43:880][847]LogSlate: Updating window title bar state: overlay mode, drag disabled, window buttons hidden, title bar hidden
[2020.01.22-19.26.43:890][847]LogExit: Game engine shut down
[2020.01.22-19.26.43:891][847]LogOnline: STEAM: Removing P2P Session Id: slicepop [0x1E2912DD780], Channel: 7777, IdleTime: 1.184
[2020.01.22-19.26.43:936][847]LogExit: Object subsystem successfully closed.
[2020.01.22-19.26.43:958][847]LogShaderCompilers: Display: Shaders left to compile 0
[2020.01.22-19.26.43:968][847]LogD3D11RHI: Shutdown
[2020.01.22-19.26.43:968][847]LogD3D11RHI: CleanupD3DDevice
[2020.01.22-19.26.43:969][847]LogRendererCore: FGlobalReadBuffer::ReleaseRHI
[2020.01.22-19.26.43:969][847]LogRendererCore: FGlobalDynamicReadBuffer::Cleanup()
[2020.01.22-19.26.43:969][847]LogRendererCore: FGlobalReadBuffer::ReleaseRHI
[2020.01.22-19.26.43:969][847]LogRendererCore: FGlobalDynamicReadBuffer::Cleanup()
[2020.01.22-19.26.43:969][847]LogRendererCore: FGlobalReadBuffer::ReleaseRHI
[2020.01.22-19.26.43:969][847]LogRendererCore: FGlobalDynamicReadBuffer::Cleanup()
[2020.01.22-19.26.44:104][847]LogD3D11RHI: ~FD3D11DynamicRHI
[2020.01.22-19.26.44:115][847]LogModuleManager: Shutting down and abandoning module SequenceRecorderSections (402)
[2020.01.22-19.26.44:115][847]LogModuleManager: Shutting down and abandoning module SequenceRecorder (400)
[2020.01.22-19.26.44:115][847]LogModuleManager: Shutting down and abandoning module AutomationController (398)
[2020.01.22-19.26.44:115][847]LogModuleManager: Shutting down and abandoning module AutomationWorker (396)
[2020.01.22-19.26.44:115][847]LogModuleManager: Shutting down and abandoning module Voice (394)
[2020.01.22-19.26.44:115][847]LogModuleManager: Shutting down and abandoning module AIModule (392)
[2020.01.22-19.26.44:115][847]LogModuleManager: Shutting down and abandoning module GameplayDebugger (391)
[2020.01.22-19.26.44:115][847]LogModuleManager: Shutting down and abandoning module AITestSuite (389)
[2020.01.22-19.26.44:116][847]LogModuleManager: Shutting down and abandoning module NavigationSystem (387)
[2020.01.22-19.26.44:116][847]LogModuleManager: Shutting down and abandoning module OculusMR (384)
[2020.01.22-19.26.44:116][847]LogModuleManager: Shutting down and abandoning module WmfMediaFactory (382)
[2020.01.22-19.26.44:116][847]LogModuleManager: Shutting down and abandoning module WebMMediaFactory (380)
[2020.01.22-19.26.44:116][847]LogModuleManager: Shutting down and abandoning module WebMMedia (378)
[2020.01.22-19.26.44:116][847]LogModuleManager: Shutting down and abandoning module OpenExrWrapper (376)
[2020.01.22-19.26.44:116][847]LogModuleManager: Shutting down and abandoning module ImgMediaFactory (374)
[2020.01.22-19.26.44:116][847]LogModuleManager: Shutting down and abandoning module AvfMediaFactory (372)
[2020.01.22-19.26.44:116][847]LogModuleManager: Shutting down and abandoning module MagicLeapCameraPreviewFactory (370)
[2020.01.22-19.26.44:116][847]LogModuleManager: Shutting down and abandoning module MagicLeapMediaCodecFactory (368)
[2020.01.22-19.26.44:116][847]LogModuleManager: Shutting down and abandoning module MagicLeapMediaFactory (366)
[2020.01.22-19.26.44:116][847]LogModuleManager: Shutting down and abandoning module CharacterAI (364)
[2020.01.22-19.26.44:116][847]LogModuleManager: Shutting down and abandoning module SessionServices (362)
[2020.01.22-19.26.44:116][847]LogModuleManager: Shutting down and abandoning module MovieSceneCapture (360)
[2020.01.22-19.26.44:116][847]LogModuleManager: Shutting down and abandoning module LiveCoding (358)
[2020.01.22-19.26.44:116][847]LogModuleManager: Shutting down and abandoning module LevelSequence (356)
[2020.01.22-19.26.44:116][847]LogModuleManager: Shutting down and abandoning module MovieSceneTracks (354)
[2020.01.22-19.26.44:116][847]LogModuleManager: Shutting down and abandoning module MovieScene (352)
[2020.01.22-19.26.44:116][847]LogModuleManager: Shutting down and abandoning module StreamingPauseRendering (350)
[2020.01.22-19.26.44:116][847]LogModuleManager: Shutting down and abandoning module PortalServices (348)
[2020.01.22-19.26.44:116][847]LogModuleManager: Shutting down and abandoning module PortalRpc (346)
[2020.01.22-19.26.44:116][847]LogModuleManager: Shutting down and abandoning module MessagingRpc (344)
[2020.01.22-19.26.44:116][847]LogModuleManager: Shutting down and abandoning module ImageWriteQueue (342)
[2020.01.22-19.26.44:118][847]LogModuleManager: Shutting down and abandoning module ProfilerService (340)
[2020.01.22-19.26.44:242][847]LogModuleManager: Shutting down and abandoning module TaskGraph (338)
[2020.01.22-19.26.44:242][847]LogModuleManager: Shutting down and abandoning module SteamVRController (336)
[2020.01.22-19.26.44:242][847]LogModuleManager: Shutting down and abandoning module ProceduralMeshComponent (334)
[2020.01.22-19.26.44:242][847]LogModuleManager: Shutting down and abandoning module OculusInput (332)
[2020.01.22-19.26.44:242][847]LogModuleManager: Shutting down and abandoning module MobilePatchingUtils (330)
[2020.01.22-19.26.44:242][847]LogModuleManager: Shutting down and abandoning module EditableMesh (328)
[2020.01.22-19.26.44:242][847]LogModuleManager: Shutting down and abandoning module CustomMeshComponent (326)
[2020.01.22-19.26.44:242][847]LogModuleManager: Shutting down and abandoning module CableComponent (324)
[2020.01.22-19.26.44:242][847]LogModuleManager: Shutting down and abandoning module AudioCapture (322)
[2020.01.22-19.26.44:242][847]LogModuleManager: Shutting down and abandoning module ArchVisCharacter (320)
[2020.01.22-19.26.44:242][847]LogModuleManager: Shutting down and abandoning module AndroidPermission (318)
[2020.01.22-19.26.44:242][847]LogModuleManager: Shutting down and abandoning module NUTUnrealEngine4 (314)
[2020.01.22-19.26.44:242][847]LogModuleManager: Shutting down and abandoning module NetcodeUnitTest (312)
[2020.01.22-19.26.44:242][847]LogModuleManager: Shutting down and abandoning module MediaCompositing (310)
[2020.01.22-19.26.44:242][847]LogModuleManager: Shutting down and abandoning module LinearTimecode (308)
[2020.01.22-19.26.44:242][847]LogModuleManager: Shutting down and abandoning module ImgMedia (306)
[2020.01.22-19.26.44:242][847]LogModuleManager: Shutting down and abandoning module MagicLeapHelperVulkan (304)
[2020.01.22-19.26.44:242][847]LogModuleManager: Shutting down and abandoning module MagicLeapHelperOpenGL (302)
[2020.01.22-19.26.44:243][847]LogModuleManager: Shutting down and abandoning module MagicLeapAudio (300)
[2020.01.22-19.26.44:243][847]LogModuleManager: Shutting down and abandoning module HTML5Networking (298)
[2020.01.22-19.26.44:243][847]LogModuleManager: Shutting down and abandoning module GeometryCacheTracks (296)
[2020.01.22-19.26.44:243][847]LogModuleManager: Shutting down and abandoning module GeometryCacheSequencer (295)
[2020.01.22-19.26.44:243][847]LogModuleManager: Shutting down and abandoning module GeometryCache (292)
[2020.01.22-19.26.44:243][847]LogModuleManager: Shutting down and abandoning module GeometryCacheEd (291)
[2020.01.22-19.26.44:243][847]LogModuleManager: Shutting down and abandoning module BackChannel (288)
[2020.01.22-19.26.44:243][847]LogModuleManager: Shutting down and abandoning module AppleVision (286)
[2020.01.22-19.26.44:243][847]LogModuleManager: Shutting down and abandoning module AppleImageUtilsBlueprintSupport (284)
[2020.01.22-19.26.44:243][847]LogModuleManager: Shutting down and abandoning module AppleImageUtils (282)
[2020.01.22-19.26.44:243][847]LogModuleManager: Shutting down and abandoning module VariantManagerContent (280)
[2020.01.22-19.26.44:243][847]LogModuleManager: Shutting down and abandoning module CryptoKeysOpenSSL (278)
[2020.01.22-19.26.44:243][847]LogModuleManager: Shutting down and abandoning module CryptoKeys (276)
[2020.01.22-19.26.44:243][847]LogModuleManager: Shutting down and abandoning module VisualStudioSourceCodeAccess (274)
[2020.01.22-19.26.44:243][847]LogModuleManager: Shutting down and abandoning module HotReload (273)
[2020.01.22-19.26.44:243][847]LogModuleManager: Shutting down and abandoning module DirectoryWatcher (272)
[2020.01.22-19.26.44:243][847]LogModuleManager: Shutting down and abandoning module VisualStudioCodeSourceCodeAccess (268)
[2020.01.22-19.26.44:243][847]LogModuleManager: Shutting down and abandoning module UObjectPlugin (266)
[2020.01.22-19.26.44:243][847]LogModuleManager: Shutting down and abandoning module SubversionSourceControl (264)
[2020.01.22-19.26.44:243][847]LogModuleManager: Shutting down and abandoning module PerforceSourceControl (262)
[2020.01.22-19.26.44:244][847]LogModuleManager: Shutting down and abandoning module SourceControl (261)
[2020.01.22-19.26.44:244][847]LogModuleManager: Shutting down and abandoning module CLionSourceCodeAccess (258)
[2020.01.22-19.26.44:244][847]LogModuleManager: Shutting down and abandoning module ActorLayerUtilities (256)
[2020.01.22-19.26.44:244][847]LogModuleManager: Shutting down and abandoning module SignificanceManager (254)
[2020.01.22-19.26.44:244][847]LogModuleManager: Shutting down and abandoning module RuntimePhysXCooking (252)
[2020.01.22-19.26.44:244][847]LogModuleManager: Shutting down and abandoning module PhysXVehiclesEditor (250)
[2020.01.22-19.26.44:244][847]LogModuleManager: Shutting down and abandoning module PhysXVehicles (248)
[2020.01.22-19.26.44:244][847]LogModuleManager: Shutting down and abandoning module LocationServicesBPLibrary (246)
[2020.01.22-19.26.44:244][847]LogModuleManager: Shutting down and abandoning module ActorSequence (244)
[2020.01.22-19.26.44:244][847]LogModuleManager: Shutting down and abandoning module UdpMessaging (242)
[2020.01.22-19.26.44:345][847]LogModuleManager: Shutting down and abandoning module TcpMessaging (240)
[2020.01.22-19.26.44:856][847]LogModuleManager: Shutting down and abandoning module MagicLeapIdentity (238)
[2020.01.22-19.26.44:856][847]LogModuleManager: Shutting down and abandoning module MagicLeapSecureStorage (236)
[2020.01.22-19.26.44:856][847]LogModuleManager: Shutting down and abandoning module MagicLeapHandTracking (234)
[2020.01.22-19.26.44:856][847]LogModuleManager: Shutting down and abandoning module MagicLeapEyeTracker (232)
[2020.01.22-19.26.44:856][847]LogModuleManager: Shutting down and abandoning module MagicLeapController (230)
[2020.01.22-19.26.44:856][847]LogSlate: Slate User Destroyed.  User Index 0, Is Virtual User: 0
[2020.01.22-19.26.44:856][847]LogModuleManager: Shutting down and abandoning module MagicLeapAR (228)
[2020.01.22-19.26.44:856][847]LogModuleManager: Shutting down and abandoning module AugmentedReality (227)
[2020.01.22-19.26.44:856][847]LogModuleManager: Shutting down and abandoning module GameplayTagsEditor (224)
[2020.01.22-19.26.44:856][847]LogModuleManager: Shutting down and abandoning module FacialAnimation (222)
[2020.01.22-19.26.44:856][847]LogModuleManager: Shutting down and abandoning module DataValidation (220)
[2020.01.22-19.26.44:857][847]LogModuleManager: Shutting down and abandoning module AssetManagerEditor (218)
[2020.01.22-19.26.44:857][847]LogModuleManager: Shutting down and abandoning module TreeMap (217)
[2020.01.22-19.26.44:857][847]LogModuleManager: Shutting down and abandoning module AnimationSharing (214)
[2020.01.22-19.26.44:857][847]LogModuleManager: Shutting down and abandoning module LightPropagationVolumeRuntime (212)
[2020.01.22-19.26.44:857][847]LogModuleManager: Shutting down and abandoning module AISupportModule (210)
[2020.01.22-19.26.44:857][847]LogModuleManager: Shutting down and abandoning module Paper2D (208)
[2020.01.22-19.26.44:857][847]LogModuleManager: Shutting down and abandoning module WindowsMoviePlayer (206)
[2020.01.22-19.26.44:857][847]LogModuleManager: Shutting down and abandoning module WebMMoviePlayer (204)
[2020.01.22-19.26.44:857][847]LogModuleManager: Shutting down and abandoning module PacketHandler (202)
[2020.01.22-19.26.44:857][847]LogModuleManager: Shutting down and abandoning module ClothingSystemEditor (200)
[2020.01.22-19.26.44:857][847]LogModuleManager: Shutting down and abandoning module ClothingSystemRuntime (198)
[2020.01.22-19.26.44:857][847]LogModuleManager: Shutting down and abandoning module MediaAssets (196)
[2020.01.22-19.26.44:857][847]LogModuleManager: Shutting down and abandoning module Overlay (194)
[2020.01.22-19.26.44:857][847]LogModuleManager: Shutting down and abandoning module OverlayEditor (193)
[2020.01.22-19.26.44:857][847]LogModuleManager: Shutting down and abandoning module EnvironmentQueryEditor (190)
[2020.01.22-19.26.44:857][847]LogModuleManager: Shutting down and abandoning module VREditor (188)
[2020.01.22-19.26.44:857][847]LogModuleManager: Shutting down and abandoning module StringTableEditor (186)
[2020.01.22-19.26.44:857][847]LogModuleManager: Shutting down and abandoning module GameplayTasksEditor (184)
[2020.01.22-19.26.44:857][847]LogModuleManager: Shutting down and abandoning module BehaviorTreeEditor (182)
[2020.01.22-19.26.44:857][847]LogModuleManager: Shutting down and abandoning module FunctionalTesting (180)
[2020.01.22-19.26.44:857][847]LogModuleManager: Shutting down and abandoning module CollisionAnalyzer (178)
[2020.01.22-19.26.44:857][847]LogModuleManager: Shutting down and abandoning module WorkspaceMenuStructure (177)
[2020.01.22-19.26.44:858][847]LogModuleManager: Shutting down and abandoning module UMG (174)
[2020.01.22-19.26.44:858][847]LogModuleManager: Shutting down and abandoning module UMGEditor (173)
[2020.01.22-19.26.44:858][847]LogModuleManager: Shutting down and abandoning module Sequencer (172)
[2020.01.22-19.26.44:858][847]LogModuleManager: Shutting down and abandoning module MessageLog (169)
[2020.01.22-19.26.44:858][847]LogModuleManager: Shutting down and abandoning module SlateReflector (164)
[2020.01.22-19.26.44:858][847]LogModuleManager: Shutting down and abandoning module Slate (162)
[2020.01.22-19.26.44:858][847]LogModuleManager: Shutting down and abandoning module EditorStyle (160)
[2020.01.22-19.26.44:861][847]LogModuleManager: Shutting down and abandoning module UnrealEd (158)
[2020.01.22-19.26.44:861][847]LogModuleManager: Shutting down and abandoning module MRMesh (156)
[2020.01.22-19.26.44:861][847]LogModuleManager: Shutting down and abandoning module Messaging (154)
[2020.01.22-19.26.44:861][847]LogModuleManager: Shutting down and abandoning module SourceCodeAccess (152)
[2020.01.22-19.26.44:861][847]LogModuleManager: Shutting down and abandoning module HeadMountedDisplay (150)
[2020.01.22-19.26.44:861][847]LogModuleManager: Shutting down and abandoning module XAudio2 (148)
[2020.01.22-19.26.44:861][847]LogModuleManager: Shutting down and abandoning module Networking (146)
[2020.01.22-19.26.44:861][847]LogModuleManager: Shutting down and abandoning module Core (144)
[2020.01.22-19.26.44:861][847]LogModuleManager: Shutting down and abandoning module KismetCompiler (142)
[2020.01.22-19.26.44:861][847]LogModuleManager: Shutting down and abandoning module MeshUtilities (140)
[2020.01.22-19.26.44:861][847]LogModuleManager: Shutting down and abandoning module MeshMergeUtilities (139)
[2020.01.22-19.26.44:861][847]LogModuleManager: Shutting down and abandoning module MeshReductionInterface (138)
[2020.01.22-19.26.44:861][847]LogModuleManager: Shutting down and abandoning module SkeletalMeshReduction (137)
[2020.01.22-19.26.44:861][847]LogModuleManager: Shutting down and abandoning module ProxyLODMeshReduction (135)
[2020.01.22-19.26.44:861][847]LogModuleManager: Shutting down and abandoning module QuadricMeshReduction (133)
[2020.01.22-19.26.44:861][847]LogModuleManager: Shutting down and abandoning module MaterialBaking (129)
[2020.01.22-19.26.44:861][847]LogModuleManager: Shutting down and abandoning module PIEPreviewDeviceProfileSelector (124)
[2020.01.22-19.26.44:861][847]LogModuleManager: Shutting down and abandoning module DerivedDataCache (122)
[2020.01.22-19.26.45:303][847]LogDerivedDataCache: Shutdown
[2020.01.22-19.26.45:303][847]LogModuleManager: Shutting down and abandoning module XGEController (120)
[2020.01.22-19.26.45:303][847]LogModuleManager: Shutting down and abandoning module TargetPlatform (118)
[2020.01.22-19.26.45:303][847]LogModuleManager: Shutting down and abandoning module VulkanShaderFormat (117)
[2020.01.22-19.26.45:303][847]LogModuleManager: Shutting down and abandoning module ShaderFormatVectorVM (115)
[2020.01.22-19.26.45:303][847]LogModuleManager: Shutting down and abandoning module ShaderFormatOpenGL (113)
[2020.01.22-19.26.45:303][847]LogModuleManager: Shutting down and abandoning module ShaderFormatD3D (111)
[2020.01.22-19.26.45:303][847]LogModuleManager: Shutting down and abandoning module MetalShaderFormat (109)
[2020.01.22-19.26.45:303][847]LogModuleManager: Shutting down and abandoning module TextureFormatUncompressed (107)
[2020.01.22-19.26.45:303][847]LogModuleManager: Shutting down and abandoning module TextureFormatPVR (105)
[2020.01.22-19.26.45:303][847]LogModuleManager: Shutting down and abandoning module TextureFormatDXT (103)
[2020.01.22-19.26.45:303][847]LogModuleManager: Shutting down and abandoning module TextureFormatIntelISPCTexComp (101)
[2020.01.22-19.26.45:303][847]LogModuleManager: Shutting down and abandoning module TextureFormatASTC (99)
[2020.01.22-19.26.45:304][847]LogModuleManager: Shutting down and abandoning module ImageWrapper (98)
[2020.01.22-19.26.45:304][847]LogModuleManager: Shutting down and abandoning module TextureFormatAndroid (95)
[2020.01.22-19.26.45:304][847]LogModuleManager: Shutting down and abandoning module AudioFormatOpus (93)
[2020.01.22-19.26.45:304][847]LogModuleManager: Shutting down and abandoning module AudioFormatOgg (91)
[2020.01.22-19.26.45:304][847]LogModuleManager: Shutting down and abandoning module AudioFormatADPCM (89)
[2020.01.22-19.26.45:304][847]LogModuleManager: Shutting down and abandoning module WindowsTargetPlatform (87)
[2020.01.22-19.26.45:304][847]LogModuleManager: Shutting down and abandoning module WindowsServerTargetPlatform (85)
[2020.01.22-19.26.45:304][847]LogModuleManager: Shutting down and abandoning module WindowsNoEditorTargetPlatform (83)
[2020.01.22-19.26.45:304][847]LogModuleManager: Shutting down and abandoning module WindowsClientTargetPlatform (81)
[2020.01.22-19.26.45:304][847]LogModuleManager: Shutting down and abandoning module InputCore (78)
[2020.01.22-19.26.45:304][847]LogModuleManager: Shutting down and abandoning module Settings (76)
[2020.01.22-19.26.45:304][847]LogModuleManager: Shutting down and abandoning module PhysXCooking (74)
[2020.01.22-19.26.45:304][847]LogModuleManager: Shutting down and abandoning module SteamVR (72)
[2020.01.22-19.26.45:304][847]LogHMD: Freeing OpenVRDLLHandle.
[2020.01.22-19.26.45:304][847]LogModuleManager: Shutting down and abandoning module OculusHMD (70)
[2020.01.22-19.26.45:304][847]LogModuleManager: Shutting down and abandoning module ExampleDeviceProfileSelector (68)
[2020.01.22-19.26.45:304][847]LogModuleManager: Shutting down and abandoning module LauncherChunkInstaller (66)
[2020.01.22-19.26.45:304][847]LogModuleManager: Shutting down and abandoning module OnlineBlueprintSupport (64)
[2020.01.22-19.26.45:304][847]LogModuleManager: Shutting down and abandoning module OnlineSubsystem (60)
[2020.01.22-19.26.45:304][847]LogOnline: Display: STEAM: OnlineSubsystemSteam::Shutdown()
[2020.01.22-19.26.45:305][847]LogOnline: STEAM: AUTH: Revoking all tickets.
[2020.01.22-19.26.45:305][847]LogOnline: STEAM: Removing P2P Session Id: slicepop [0x1E2912DCEE0], Channel: -1, IdleTime: 2.598
[2020.01.22-19.26.45:305][847]LogOnline: STEAM: Closing all communications with user 76561198054114716
[2020.01.22-19.26.45:308][847]LogOnline: STEAM: 76561198054114716 has been removed.
[2020.01.22-19.26.45:372][847]LogOnline: Display: STEAM: OnlineSubsystemSteam::Shutdown()
[2020.01.22-19.26.45:372][847]LogModuleManager: Shutting down and abandoning module XMPP (55)
[2020.01.22-19.26.45:372][847]LogModuleManager: Shutting down and abandoning module WebSockets (54)
[2020.01.22-19.26.45:394][847]LogModuleManager: Shutting down and abandoning module HTTP (51)
[2020.01.22-19.26.45:404][847]LogModuleManager: Shutting down and abandoning module SSL (50)
[2020.01.22-19.26.45:405][847]LogModuleManager: Shutting down and abandoning module WmfMedia (46)
[2020.01.22-19.26.45:407][847]LogModuleManager: Shutting down and abandoning module Media (45)
[2020.01.22-19.26.45:412][847]LogModuleManager: Shutting down and abandoning module MagicLeap (42)
[2020.01.22-19.26.45:412][847]LogModuleManager: Shutting down and abandoning module DatasmithContent (40)
[2020.01.22-19.26.45:413][847]LogModuleManager: Shutting down and abandoning module AnimationModifiers (38)
[2020.01.22-19.26.45:413][847]LogModuleManager: Shutting down and abandoning module PropertyEditor (37)
[2020.01.22-19.26.45:413][847]LogModuleManager: Shutting down and abandoning module AudioEditor (34)
[2020.01.22-19.26.45:413][847]LogModuleManager: Shutting down and abandoning module TextureCompressor (32)
[2020.01.22-19.26.45:413][847]LogModuleManager: Shutting down and abandoning module RenderCore (30)
[2020.01.22-19.26.45:413][847]LogModuleManager: Shutting down and abandoning module Landscape (28)
[2020.01.22-19.26.45:413][847]LogModuleManager: Shutting down and abandoning module SlateRHIRenderer (26)
[2020.01.22-19.26.45:413][847]LogModuleManager: Shutting down and abandoning module OpenGLDrv (24)
[2020.01.22-19.26.45:413][847]LogModuleManager: Shutting down and abandoning module D3D11RHI (22)
[2020.01.22-19.26.45:413][847]LogModuleManager: Shutting down and abandoning module AnimGraphRuntime (20)
[2020.01.22-19.26.45:413][847]LogModuleManager: Shutting down and abandoning module Renderer (18)
[2020.01.22-19.26.45:413][847]LogModuleManager: Shutting down and abandoning module Engine (16)
[2020.01.22-19.26.45:413][847]LogModuleManager: Shutting down and abandoning module CoreUObject (14)
[2020.01.22-19.26.45:413][847]LogModuleManager: Shutting down and abandoning module NetworkFile (12)
[2020.01.22-19.26.45:413][847]LogModuleManager: Shutting down and abandoning module CookedIterativeFile (10)
[2020.01.22-19.26.45:413][847]LogModuleManager: Shutting down and abandoning module StreamingFile (8)
[2020.01.22-19.26.45:413][847]LogModuleManager: Shutting down and abandoning module SandboxFile (6)
[2020.01.22-19.26.45:413][847]LogModuleManager: Shutting down and abandoning module PakFile (4)
[2020.01.22-19.26.45:413][847]LogModuleManager: Shutting down and abandoning module RSA (3)
[2020.01.22-19.26.45:419][847]LogExit: Exiting.
[2020.01.22-19.26.45:426][847]Log file closed, 01/22/20 14:26:45
