Log file open, 01/17/20 15:10:06
LogWindows: Failed to load 'aqProf.dll' (GetLastError=126)
LogWindows: File 'aqProf.dll' does not exist
LogWindows: Failed to load 'VtuneApi.dll' (GetLastError=126)
LogWindows: File 'VtuneApi.dll' does not exist
LogWindows: Failed to load 'VtuneApi32e.dll' (GetLastError=126)
LogWindows: File 'VtuneApi32e.dll' does not exist
LogConsoleResponse: Display: Failed to find resolution value strings in scalability ini. Falling back to default.
LogInit: Display: Running engine for game: Horror_Game
LogPakFile: Registered encryption key '00000000000000000000000000000000': 0 pak files mounted, 0 remain pending
LogPlatformFile: Not using cached read wrapper
LogTaskGraph: Started task graph with 5 named threads and 26 total threads with 3 sets of task threads.
LogStats: Stats thread started at 0.289581
LogD3D11RHI: Loaded GFSDK_Aftermath_Lib.x64.dll
LogICUInternationalization: ICU TimeZone Detection - Raw Offset: -5:00, Platform Override: ''
LogPluginManager: Mounting plugin Paper2D
LogPluginManager: Mounting plugin AISupport
LogPluginManager: Mounting plugin LightPropagationVolume
LogPluginManager: Mounting plugin ActorLayerUtilities
LogPluginManager: Mounting plugin AnimationSharing
LogPluginManager: Mounting plugin CLionSourceCodeAccess
LogPluginManager: Mounting plugin CodeLiteSourceCodeAccess
LogPluginManager: Mounting plugin GitSourceControl
LogPluginManager: Mounting plugin KDevelopSourceCodeAccess
LogPluginManager: Mounting plugin NullSourceCodeAccess
LogPluginManager: Mounting plugin PerforceSourceControl
LogPluginManager: Mounting plugin SubversionSourceControl
LogPluginManager: Mounting plugin UObjectPlugin
LogPluginManager: Mounting plugin VisualStudioCodeSourceCodeAccess
LogPluginManager: Mounting plugin VisualStudioSourceCodeAccess
LogPluginManager: Mounting plugin XCodeSourceCodeAccess
LogPluginManager: Mounting plugin AssetManagerEditor
LogPluginManager: Mounting plugin CryptoKeys
LogPluginManager: Mounting plugin DataValidation
LogPluginManager: Mounting plugin FacialAnimation
LogPluginManager: Mounting plugin GameplayTagsEditor
LogPluginManager: Mounting plugin MacGraphicsSwitching
LogPluginManager: Mounting plugin MaterialAnalyzer
LogPluginManager: Mounting plugin MobileLauncherProfileWizard
LogPluginManager: Mounting plugin PluginBrowser
LogPluginManager: Mounting plugin SpeedTreeImporter
LogPluginManager: Mounting plugin DatasmithContent
LogPluginManager: Mounting plugin VariantManagerContent
LogPluginManager: Mounting plugin AlembicImporter
LogPluginManager: Mounting plugin AppleImageUtils
LogPluginManager: Mounting plugin AppleVision
LogPluginManager: Mounting plugin BackChannel
LogPluginManager: Mounting plugin CharacterAI
LogPluginManager: Mounting plugin GeometryCache
LogPluginManager: Mounting plugin HTML5Networking
LogPluginManager: Mounting plugin ProxyLODPlugin
LogPluginManager: Mounting plugin SkeletalReduction
LogPluginManager: Mounting plugin MagicLeap
LogPluginManager: Mounting plugin MagicLeapMedia
LogPluginManager: Mounting plugin AndroidMedia
LogPluginManager: Mounting plugin AvfMedia
LogPluginManager: Mounting plugin ImgMedia
LogPluginManager: Mounting plugin LinearTimecode
LogPluginManager: Mounting plugin MediaCompositing
LogPluginManager: Mounting plugin MediaPlayerEditor
LogPluginManager: Mounting plugin WebMMedia
LogPluginManager: Mounting plugin WmfMedia
LogPluginManager: Mounting plugin TcpMessaging
LogPluginManager: Mounting plugin UdpMessaging
LogPluginManager: Mounting plugin ActorSequence
LogPluginManager: Mounting plugin LevelSequenceEditor
LogPluginManager: Mounting plugin MatineeToLevelSequence
LogPluginManager: Mounting plugin NetcodeUnitTest
LogPluginManager: Mounting plugin NUTUnrealEngine4
LogPluginManager: Mounting plugin OnlineSubsystemGooglePlay
LogPluginManager: Mounting plugin OnlineSubsystemIOS
LogPluginManager: Mounting plugin OnlineSubsystem
LogPluginManager: Mounting plugin OnlineSubsystemNull
LogPluginManager: Mounting plugin OnlineSubsystemUtils
LogPluginManager: Mounting plugin LauncherChunkInstaller
LogPluginManager: Mounting plugin AndroidDeviceProfileSelector
LogPluginManager: Mounting plugin AndroidMoviePlayer
LogPluginManager: Mounting plugin AndroidPermission
LogPluginManager: Mounting plugin AppleMoviePlayer
LogPluginManager: Mounting plugin ArchVisCharacter
LogPluginManager: Mounting plugin AudioCapture
LogPluginManager: Mounting plugin CableComponent
LogPluginManager: Mounting plugin CustomMeshComponent
LogPluginManager: Mounting plugin EditableMesh
LogPluginManager: Mounting plugin ExampleDeviceProfileSelector
LogPluginManager: Mounting plugin Firebase
LogPluginManager: Mounting plugin GoogleCloudMessaging
LogPluginManager: Mounting plugin IOSDeviceProfileSelector
LogPluginManager: Mounting plugin LinuxDeviceProfileSelector
LogPluginManager: Mounting plugin LocationServicesBPLibrary
LogPluginManager: Mounting plugin MobilePatchingUtils
LogPluginManager: Mounting plugin OculusVR
LogPluginManager: Mounting plugin PhysXVehicles
LogPluginManager: Mounting plugin ProceduralMeshComponent
LogPluginManager: Mounting plugin RuntimePhysXCooking
LogPluginManager: Mounting plugin SignificanceManager
LogPluginManager: Mounting plugin SteamVR
LogPluginManager: Mounting plugin WebMMoviePlayer
LogPluginManager: Mounting plugin WindowsMoviePlayer
LogInit: Using libcurl 7.55.1-DEV
LogInit:  - built for x86_64-pc-win32
LogInit:  - supports SSL with OpenSSL/1.1.1
LogInit:  - supports HTTP deflate (compression) using libz 1.2.8
LogInit:  - other features:
LogInit:      CURL_VERSION_SSL
LogInit:      CURL_VERSION_LIBZ
LogInit:      CURL_VERSION_IPV6
LogInit:      CURL_VERSION_ASYNCHDNS
LogInit:      CURL_VERSION_LARGEFILE
LogInit:      CURL_VERSION_IDN
LogInit:  CurlRequestOptions (configurable via config and command line):
LogInit:  - bVerifyPeer = true  - Libcurl will verify peer certificate
LogInit:  - bUseHttpProxy = false  - Libcurl will NOT use HTTP proxy
LogInit:  - bDontReuseConnections = false  - Libcurl will reuse connections
LogInit:  - MaxHostConnections = 16  - Libcurl will limit the number of connections to a host
LogInit:  - LocalHostAddr = Default
LogInit:  - BufferSize = 65536
LogInit: WinSock: version 1.1 (2.2), MaxSocks=32767, MaxUdp=65467
LogHMD: Failed initializing OVRPlugin 1.32.0
LogInit: Build: ++UE4+Release-4.22-CL-7053642
LogInit: Engine Version: 4.22.3-7053642+++UE4+Release-4.22
LogInit: Compatible Engine Version: 4.22.0-5660361+++UE4+Release-4.22
LogInit: Net CL: 5660361
LogInit: OS: Windows 10 (Release 1903) (), CPU: Intel(R) Core(TM) i7-9700 CPU @ 3.00GHz, GPU: NVIDIA GeForce GTX 1660 Ti
LogInit: Compiled (64-bit): Jun 18 2019 03:09:11
LogInit: Compiled with Visual C++: 19.16.27025.01
LogInit: Build Configuration: Development
LogInit: Branch Name: ++UE4+Release-4.22
LogInit: Command Line:  /Game/Maps/Menus -game -PIEVIACONSOLE -ResX=1280 -ResY=720 -Multiprocess -messaging -SessionName="Play in Standalone Game" -windowed
LogInit: Base Directory: C:/Epic Games/UE_4.22/Engine/Binaries/Win64/
LogInit: Installed Engine Build: 1
LogDevObjectVersion: Number of dev versions registered: 23
LogDevObjectVersion:   Dev-Blueprints (B0D832E4-1F89-4F0D-ACCF-7EB736FD4AA2): 10
LogDevObjectVersion:   Dev-Build (E1C64328-A22C-4D53-A36C-8E866417BD8C): 0
LogDevObjectVersion:   Dev-Core (375EC13C-06E4-48FB-B500-84F0262A717E): 3
LogDevObjectVersion:   Dev-Editor (E4B068ED-F494-42E9-A231-DA0B2E46BB41): 30
LogDevObjectVersion:   Dev-Framework (CFFC743F-43B0-4480-9391-14DF171D2073): 35
LogDevObjectVersion:   Dev-Mobile (B02B49B5-BB20-44E9-A304-32B752E40360): 2
LogDevObjectVersion:   Dev-Networking (A4E4105C-59A1-49B5-A7C5-40C4547EDFEE): 0
LogDevObjectVersion:   Dev-Online (39C831C9-5AE6-47DC-9A44-9C173E1C8E7C): 0
LogDevObjectVersion:   Dev-Physics (78F01B33-EBEA-4F98-B9B4-84EACCB95AA2): 0
LogDevObjectVersion:   Dev-Platform (6631380F-2D4D-43E0-8009-CF276956A95A): 0
LogDevObjectVersion:   Dev-Rendering (12F88B9F-8875-4AFC-A67C-D90C383ABD29): 28
LogDevObjectVersion:   Dev-Sequencer (7B5AE74C-D270-4C10-A958-57980B212A5A): 11
LogDevObjectVersion:   Dev-VR (D7296918-1DD6-4BDD-9DE2-64A83CC13884): 2
LogDevObjectVersion:   Dev-LoadTimes (C2A15278-BFE7-4AFE-6C17-90FF531DF755): 1
LogDevObjectVersion:   Private-Geometry (6EACA3D4-40EC-4CC1-B786-8BED09428FC5): 3
LogDevObjectVersion:   Dev-AnimPhys (29E575DD-E0A3-4627-9D10-D276232CDCEA): 17
LogDevObjectVersion:   Dev-Anim (AF43A65D-7FD3-4947-9873-3E8ED9C1BB05): 2
LogDevObjectVersion:   Dev-ReflectionCapture (6B266CEC-1EC7-4B8F-A30B-E4D90942FC07): 1
LogDevObjectVersion:   Dev-Automation (0DF73D61-A23F-47EA-B727-89E90C41499A): 1
LogDevObjectVersion:   FortniteMain (601D1886-AC64-4F84-AA16-D3DE0DEAC7D6): 25
LogDevObjectVersion:   Dev-Enterprise (9DFFBCD6-494F-0158-E221-12823C92A888): 6
LogDevObjectVersion:   Dev-Niagara (F2AED0AC-9AFE-416F-8664-AA7FFA26D6FC): 1
LogDevObjectVersion:   Dev-Destruction (174F1F0B-B4C6-45A5-B13F-2EE8D0FB917D): 2
LogInit: Presizing for max 16777216 objects, including 0 objects not considered by GC, pre-allocating 0 bytes for permanent pool.
LogInit: Object subsystem initialized
LogConfig: Setting CVar [[con.DebugEarlyDefault:1]]
LogConfig: Setting CVar [[r.setres:1280x720]]
[2020.01.17-20.10.09:540][  0]LogConfig: Setting CVar [[con.DebugEarlyDefault:1]]
[2020.01.17-20.10.09:540][  0]LogConfig: Setting CVar [[r.setres:1280x720]]
[2020.01.17-20.10.09:540][  0]LogConfig: Applying CVar settings from Section [/Script/Engine.RendererSettings] File [C:/Users/02kaden.seeger/Desktop/Unreal Projects/RnD 2019-2020/HorrorGame/Saved/Config/Windows/Engine.ini]
[2020.01.17-20.10.09:540][  0]LogConfig: Setting CVar [[r.GPUCrashDebugging:0]]
[2020.01.17-20.10.09:540][  0]LogConfig: Applying CVar settings from Section [/Script/Engine.RendererOverrideSettings] File [C:/Users/02kaden.seeger/Desktop/Unreal Projects/RnD 2019-2020/HorrorGame/Saved/Config/Windows/Engine.ini]
[2020.01.17-20.10.09:540][  0]LogConfig: Applying CVar settings from Section [/Script/Engine.StreamingSettings] File [C:/Users/02kaden.seeger/Desktop/Unreal Projects/RnD 2019-2020/HorrorGame/Saved/Config/Windows/Engine.ini]
[2020.01.17-20.10.09:540][  0]LogConfig: Setting CVar [[s.MinBulkDataSizeForAsyncLoading:131072]]
[2020.01.17-20.10.09:540][  0]LogConfig: Setting CVar [[s.AsyncLoadingThreadEnabled:0]]
[2020.01.17-20.10.09:540][  0]LogConfig: Setting CVar [[s.EventDrivenLoaderEnabled:1]]
[2020.01.17-20.10.09:540][  0]LogConfig: Setting CVar [[s.WarnIfTimeLimitExceeded:0]]
[2020.01.17-20.10.09:540][  0]LogConfig: Setting CVar [[s.TimeLimitExceededMultiplier:1.5]]
[2020.01.17-20.10.09:540][  0]LogConfig: Setting CVar [[s.TimeLimitExceededMinTime:0.005]]
[2020.01.17-20.10.09:540][  0]LogConfig: Setting CVar [[s.UseBackgroundLevelStreaming:1]]
[2020.01.17-20.10.09:540][  0]LogConfig: Setting CVar [[s.PriorityAsyncLoadingExtraTime:15.0]]
[2020.01.17-20.10.09:540][  0]LogConfig: Setting CVar [[s.LevelStreamingActorsUpdateTimeLimit:5.0]]
[2020.01.17-20.10.09:540][  0]LogConfig: Setting CVar [[s.PriorityLevelStreamingActorsUpdateExtraTime:5.0]]
[2020.01.17-20.10.09:540][  0]LogConfig: Setting CVar [[s.LevelStreamingComponentsRegistrationGranularity:10]]
[2020.01.17-20.10.09:540][  0]LogConfig: Setting CVar [[s.UnregisterComponentsTimeLimit:1.0]]
[2020.01.17-20.10.09:540][  0]LogConfig: Setting CVar [[s.LevelStreamingComponentsUnregistrationGranularity:5]]
[2020.01.17-20.10.09:540][  0]LogConfig: Applying CVar settings from Section [/Script/Engine.GarbageCollectionSettings] File [C:/Users/02kaden.seeger/Desktop/Unreal Projects/RnD 2019-2020/HorrorGame/Saved/Config/Windows/Engine.ini]
[2020.01.17-20.10.09:540][  0]LogConfig: Setting CVar [[gc.MaxObjectsNotConsideredByGC:1]]
[2020.01.17-20.10.09:540][  0]LogConfig: Setting CVar [[gc.SizeOfPermanentObjectPool:0]]
[2020.01.17-20.10.09:540][  0]LogConfig: Setting CVar [[gc.FlushStreamingOnGC:0]]
[2020.01.17-20.10.09:540][  0]LogConfig: Setting CVar [[gc.NumRetriesBeforeForcingGC:10]]
[2020.01.17-20.10.09:540][  0]LogConfig: Setting CVar [[gc.AllowParallelGC:1]]
[2020.01.17-20.10.09:540][  0]LogConfig: Setting CVar [[gc.TimeBetweenPurgingPendingKillObjects:61.1]]
[2020.01.17-20.10.09:540][  0]LogConfig: Setting CVar [[gc.MaxObjectsInEditor:16777216]]
[2020.01.17-20.10.09:540][  0]LogConfig: Setting CVar [[gc.IncrementalBeginDestroyEnabled:1]]
[2020.01.17-20.10.09:540][  0]LogConfig: Setting CVar [[gc.CreateGCClusters:1]]
[2020.01.17-20.10.09:541][  0]LogConfig: Setting CVar [[gc.MinGCClusterSize:5]]
[2020.01.17-20.10.09:541][  0]LogConfig: Setting CVar [[gc.ActorClusteringEnabled:0]]
[2020.01.17-20.10.09:541][  0]LogConfig: Setting CVar [[gc.BlueprintClusteringEnabled:0]]
[2020.01.17-20.10.09:541][  0]LogConfig: Setting CVar [[gc.UseDisregardForGCOnDedicatedServers:0]]
[2020.01.17-20.10.09:541][  0]LogConfig: Applying CVar settings from Section [/Script/Engine.NetworkSettings] File [C:/Users/02kaden.seeger/Desktop/Unreal Projects/RnD 2019-2020/HorrorGame/Saved/Config/Windows/Engine.ini]
[2020.01.17-20.10.09:541][  0]LogConfig: Applying CVar settings from Section [/Script/UnrealEd.CookerSettings] File [C:/Users/02kaden.seeger/Desktop/Unreal Projects/RnD 2019-2020/HorrorGame/Saved/Config/Windows/Engine.ini]
[2020.01.17-20.10.09:544][  0]LogConfig: Applying CVar settings from Section [ViewDistanceQuality@3] File [C:/Users/02kaden.seeger/Desktop/Unreal Projects/RnD 2019-2020/HorrorGame/Saved/Config/Windows/Scalability.ini]
[2020.01.17-20.10.09:544][  0]LogConfig: Setting CVar [[r.SkeletalMeshLODBias:0]]
[2020.01.17-20.10.09:544][  0]LogConfig: Setting CVar [[r.ViewDistanceScale:1.0]]
[2020.01.17-20.10.09:544][  0]LogConfig: Applying CVar settings from Section [AntiAliasingQuality@3] File [C:/Users/02kaden.seeger/Desktop/Unreal Projects/RnD 2019-2020/HorrorGame/Saved/Config/Windows/Scalability.ini]
[2020.01.17-20.10.09:544][  0]LogConfig: Setting CVar [[r.PostProcessAAQuality:4]]
[2020.01.17-20.10.09:544][  0]LogConfig: Applying CVar settings from Section [ShadowQuality@3] File [C:/Users/02kaden.seeger/Desktop/Unreal Projects/RnD 2019-2020/HorrorGame/Saved/Config/Windows/Scalability.ini]
[2020.01.17-20.10.09:544][  0]LogConfig: Setting CVar [[r.LightFunctionQuality:1]]
[2020.01.17-20.10.09:544][  0]LogConfig: Setting CVar [[r.ShadowQuality:5]]
[2020.01.17-20.10.09:544][  0]LogConfig: Setting CVar [[r.Shadow.CSM.MaxCascades:10]]
[2020.01.17-20.10.09:544][  0]LogConfig: Setting CVar [[r.Shadow.MaxResolution:2048]]
[2020.01.17-20.10.09:544][  0]LogConfig: Setting CVar [[r.Shadow.MaxCSMResolution:2048]]
[2020.01.17-20.10.09:544][  0]LogConfig: Setting CVar [[r.Shadow.RadiusThreshold:0.01]]
[2020.01.17-20.10.09:544][  0]LogConfig: Setting CVar [[r.Shadow.DistanceScale:1.0]]
[2020.01.17-20.10.09:544][  0]LogConfig: Setting CVar [[r.Shadow.CSM.TransitionScale:1.0]]
[2020.01.17-20.10.09:544][  0]LogConfig: Setting CVar [[r.Shadow.PreShadowResolutionFactor:1.0]]
[2020.01.17-20.10.09:544][  0]LogConfig: Setting CVar [[r.DistanceFieldShadowing:1]]
[2020.01.17-20.10.09:544][  0]LogConfig: Setting CVar [[r.DistanceFieldAO:1]]
[2020.01.17-20.10.09:544][  0]LogConfig: Setting CVar [[r.AOQuality:2]]
[2020.01.17-20.10.09:544][  0]LogConfig: Setting CVar [[r.VolumetricFog:1]]
[2020.01.17-20.10.09:544][  0]LogConfig: Setting CVar [[r.VolumetricFog.GridPixelSize:8]]
[2020.01.17-20.10.09:544][  0]LogConfig: Setting CVar [[r.VolumetricFog.GridSizeZ:128]]
[2020.01.17-20.10.09:544][  0]LogConfig: Setting CVar [[r.VolumetricFog.HistoryMissSupersampleCount:4]]
[2020.01.17-20.10.09:544][  0]LogConfig: Setting CVar [[r.LightMaxDrawDistanceScale:1]]
[2020.01.17-20.10.09:544][  0]LogConfig: Setting CVar [[r.CapsuleShadows:1]]
[2020.01.17-20.10.09:544][  0]LogConfig: Applying CVar settings from Section [PostProcessQuality@3] File [C:/Users/02kaden.seeger/Desktop/Unreal Projects/RnD 2019-2020/HorrorGame/Saved/Config/Windows/Scalability.ini]
[2020.01.17-20.10.09:544][  0]LogConfig: Setting CVar [[r.MotionBlurQuality:4]]
[2020.01.17-20.10.09:544][  0]LogConfig: Setting CVar [[r.AmbientOcclusionMipLevelFactor:0.4]]
[2020.01.17-20.10.09:544][  0]LogConfig: Setting CVar [[r.AmbientOcclusionMaxQuality:100]]
[2020.01.17-20.10.09:544][  0]LogConfig: Setting CVar [[r.AmbientOcclusionLevels:-1]]
[2020.01.17-20.10.09:544][  0]LogConfig: Setting CVar [[r.AmbientOcclusionRadiusScale:1.0]]
[2020.01.17-20.10.09:544][  0]LogConfig: Setting CVar [[r.DepthOfFieldQuality:2]]
[2020.01.17-20.10.09:544][  0]LogConfig: Setting CVar [[r.RenderTargetPoolMin:400]]
[2020.01.17-20.10.09:544][  0]LogConfig: Setting CVar [[r.LensFlareQuality:2]]
[2020.01.17-20.10.09:544][  0]LogConfig: Setting CVar [[r.SceneColorFringeQuality:1]]
[2020.01.17-20.10.09:544][  0]LogConfig: Setting CVar [[r.EyeAdaptationQuality:2]]
[2020.01.17-20.10.09:544][  0]LogConfig: Setting CVar [[r.BloomQuality:5]]
[2020.01.17-20.10.09:544][  0]LogConfig: Setting CVar [[r.FastBlurThreshold:100]]
[2020.01.17-20.10.09:544][  0]LogConfig: Setting CVar [[r.Upscale.Quality:3]]
[2020.01.17-20.10.09:544][  0]LogConfig: Setting CVar [[r.Tonemapper.GrainQuantization:1]]
[2020.01.17-20.10.09:544][  0]LogConfig: Setting CVar [[r.LightShaftQuality:1]]
[2020.01.17-20.10.09:544][  0]LogConfig: Setting CVar [[r.Filter.SizeScale:1]]
[2020.01.17-20.10.09:544][  0]LogConfig: Setting CVar [[r.Tonemapper.Quality:5]]
[2020.01.17-20.10.09:544][  0]LogConfig: Setting CVar [[r.DOF.Gather.AccumulatorQuality:1        ; higher gathering accumulator quality]]
[2020.01.17-20.10.09:544][  0]LogConfig: Setting CVar [[r.DOF.Gather.PostfilterMethod:1          ; Median3x3 postfilering method]]
[2020.01.17-20.10.09:544][  0]LogConfig: Setting CVar [[r.DOF.Gather.EnableBokehSettings:0       ; no bokeh simulation when gathering]]
[2020.01.17-20.10.09:544][  0]LogConfig: Setting CVar [[r.DOF.Gather.RingCount:4                 ; medium number of samples when gathering]]
[2020.01.17-20.10.09:544][  0]LogConfig: Setting CVar [[r.DOF.Scatter.ForegroundCompositing:1    ; additive foreground scattering]]
[2020.01.17-20.10.09:544][  0]LogConfig: Setting CVar [[r.DOF.Scatter.BackgroundCompositing:2    ; additive background scattering]]
[2020.01.17-20.10.09:544][  0]LogConfig: Setting CVar [[r.DOF.Scatter.EnableBokehSettings:1      ; bokeh simulation when scattering]]
[2020.01.17-20.10.09:544][  0]LogConfig: Setting CVar [[r.DOF.Scatter.MaxSpriteRatio:0.1         ; only a maximum of 10% of scattered bokeh]]
[2020.01.17-20.10.09:544][  0]LogConfig: Setting CVar [[r.DOF.Recombine.Quality:1                ; cheap slight out of focus]]
[2020.01.17-20.10.09:544][  0]LogConfig: Setting CVar [[r.DOF.Recombine.EnableBokehSettings:0    ; no bokeh simulation on slight out of focus]]
[2020.01.17-20.10.09:544][  0]LogConfig: Setting CVar [[r.DOF.TemporalAAQuality:1                ; more stable temporal accumulation]]
[2020.01.17-20.10.09:544][  0]LogConfig: Setting CVar [[r.DOF.Kernel.MaxForegroundRadius:0.025]]
[2020.01.17-20.10.09:544][  0]LogConfig: Setting CVar [[r.DOF.Kernel.MaxBackgroundRadius:0.025]]
[2020.01.17-20.10.09:544][  0]LogConfig: Applying CVar settings from Section [TextureQuality@3] File [C:/Users/02kaden.seeger/Desktop/Unreal Projects/RnD 2019-2020/HorrorGame/Saved/Config/Windows/Scalability.ini]
[2020.01.17-20.10.09:544][  0]LogConfig: Setting CVar [[r.Streaming.MipBias:0]]
[2020.01.17-20.10.09:544][  0]LogConfig: Setting CVar [[r.Streaming.AmortizeCPUToGPUCopy:0]]
[2020.01.17-20.10.09:544][  0]LogConfig: Setting CVar [[r.Streaming.MaxNumTexturesToStreamPerFrame:0]]
[2020.01.17-20.10.09:544][  0]LogConfig: Setting CVar [[r.Streaming.Boost:1]]
[2020.01.17-20.10.09:544][  0]LogConfig: Setting CVar [[r.MaxAnisotropy:8]]
[2020.01.17-20.10.09:544][  0]LogConfig: Setting CVar [[r.Streaming.LimitPoolSizeToVRAM:0]]
[2020.01.17-20.10.09:544][  0]LogConfig: Setting CVar [[r.Streaming.PoolSize:1000]]
[2020.01.17-20.10.09:544][  0]LogConfig: Setting CVar [[r.Streaming.MaxEffectiveScreenSize:0]]
[2020.01.17-20.10.09:545][  0]LogConfig: Applying CVar settings from Section [EffectsQuality@3] File [C:/Users/02kaden.seeger/Desktop/Unreal Projects/RnD 2019-2020/HorrorGame/Saved/Config/Windows/Scalability.ini]
[2020.01.17-20.10.09:545][  0]LogConfig: Setting CVar [[r.TranslucencyLightingVolumeDim:64]]
[2020.01.17-20.10.09:545][  0]LogConfig: Setting CVar [[r.RefractionQuality:2]]
[2020.01.17-20.10.09:545][  0]LogConfig: Setting CVar [[r.SSR.Quality:3]]
[2020.01.17-20.10.09:545][  0]LogConfig: Setting CVar [[r.SceneColorFormat:4]]
[2020.01.17-20.10.09:545][  0]LogConfig: Setting CVar [[r.DetailMode:2]]
[2020.01.17-20.10.09:545][  0]LogConfig: Setting CVar [[r.TranslucencyVolumeBlur:1]]
[2020.01.17-20.10.09:545][  0]LogConfig: Setting CVar [[r.MaterialQualityLevel:1 ; High quality]]
[2020.01.17-20.10.09:545][  0]LogConfig: Setting CVar [[r.SSS.Scale:1]]
[2020.01.17-20.10.09:545][  0]LogConfig: Setting CVar [[r.SSS.SampleSet:2]]
[2020.01.17-20.10.09:545][  0]LogConfig: Setting CVar [[r.SSS.Quality:1]]
[2020.01.17-20.10.09:545][  0]LogConfig: Setting CVar [[r.SSS.HalfRes:1]]
[2020.01.17-20.10.09:545][  0]LogConfig: Setting CVar [[r.EmitterSpawnRateScale:1.0]]
[2020.01.17-20.10.09:545][  0]LogConfig: Setting CVar [[r.ParticleLightQuality:2]]
[2020.01.17-20.10.09:545][  0]LogConfig: Applying CVar settings from Section [FoliageQuality@3] File [C:/Users/02kaden.seeger/Desktop/Unreal Projects/RnD 2019-2020/HorrorGame/Saved/Config/Windows/Scalability.ini]
[2020.01.17-20.10.09:545][  0]LogConfig: Setting CVar [[foliage.DensityScale:1.0]]
[2020.01.17-20.10.09:545][  0]LogConfig: Setting CVar [[grass.DensityScale:1.0]]
[2020.01.17-20.10.09:545][  0]LogInit: Selected Device Profile: [Windows]
[2020.01.17-20.10.09:545][  0]LogInit: Applying CVar settings loaded from the selected device profile: [Windows]
[2020.01.17-20.10.09:555][  0]LogHAL: Display: Platform has ~ 16 GB [17106104320 / 17179869184 / 16], which maps to Larger [LargestMinGB=32, LargerMinGB=12, DefaultMinGB=8, SmallerMinGB=6, SmallestMinGB=0)
[2020.01.17-20.10.09:555][  0]LogConfig: Setting CVar [[r.Vulkan.UseRealUBs:0		; Required until we fix HLR fall-out]]
[2020.01.17-20.10.09:555][  0]LogInit: Going up to parent DeviceProfile []
[2020.01.17-20.10.09:555][  0]LogConfig: Applying CVar settings from Section [ViewDistanceQuality@3] File [C:/Users/02kaden.seeger/Desktop/Unreal Projects/RnD 2019-2020/HorrorGame/Saved/Config/Windows/Scalability.ini]
[2020.01.17-20.10.09:555][  0]LogConfig: Setting CVar [[r.SkeletalMeshLODBias:0]]
[2020.01.17-20.10.09:555][  0]LogConfig: Setting CVar [[r.ViewDistanceScale:1.0]]
[2020.01.17-20.10.09:555][  0]LogConfig: Applying CVar settings from Section [AntiAliasingQuality@3] File [C:/Users/02kaden.seeger/Desktop/Unreal Projects/RnD 2019-2020/HorrorGame/Saved/Config/Windows/Scalability.ini]
[2020.01.17-20.10.09:555][  0]LogConfig: Setting CVar [[r.PostProcessAAQuality:4]]
[2020.01.17-20.10.09:555][  0]LogConfig: Applying CVar settings from Section [ShadowQuality@3] File [C:/Users/02kaden.seeger/Desktop/Unreal Projects/RnD 2019-2020/HorrorGame/Saved/Config/Windows/Scalability.ini]
[2020.01.17-20.10.09:555][  0]LogConfig: Setting CVar [[r.LightFunctionQuality:1]]
[2020.01.17-20.10.09:555][  0]LogConfig: Setting CVar [[r.ShadowQuality:5]]
[2020.01.17-20.10.09:555][  0]LogConfig: Setting CVar [[r.Shadow.CSM.MaxCascades:10]]
[2020.01.17-20.10.09:555][  0]LogConfig: Setting CVar [[r.Shadow.MaxResolution:2048]]
[2020.01.17-20.10.09:555][  0]LogConfig: Setting CVar [[r.Shadow.MaxCSMResolution:2048]]
[2020.01.17-20.10.09:555][  0]LogConfig: Setting CVar [[r.Shadow.RadiusThreshold:0.01]]
[2020.01.17-20.10.09:555][  0]LogConfig: Setting CVar [[r.Shadow.DistanceScale:1.0]]
[2020.01.17-20.10.09:555][  0]LogConfig: Setting CVar [[r.Shadow.CSM.TransitionScale:1.0]]
[2020.01.17-20.10.09:555][  0]LogConfig: Setting CVar [[r.Shadow.PreShadowResolutionFactor:1.0]]
[2020.01.17-20.10.09:555][  0]LogConfig: Setting CVar [[r.DistanceFieldShadowing:1]]
[2020.01.17-20.10.09:555][  0]LogConfig: Setting CVar [[r.DistanceFieldAO:1]]
[2020.01.17-20.10.09:555][  0]LogConfig: Setting CVar [[r.AOQuality:2]]
[2020.01.17-20.10.09:555][  0]LogConfig: Setting CVar [[r.VolumetricFog:1]]
[2020.01.17-20.10.09:555][  0]LogConfig: Setting CVar [[r.VolumetricFog.GridPixelSize:8]]
[2020.01.17-20.10.09:555][  0]LogConfig: Setting CVar [[r.VolumetricFog.GridSizeZ:128]]
[2020.01.17-20.10.09:555][  0]LogConfig: Setting CVar [[r.VolumetricFog.HistoryMissSupersampleCount:4]]
[2020.01.17-20.10.09:555][  0]LogConfig: Setting CVar [[r.LightMaxDrawDistanceScale:1]]
[2020.01.17-20.10.09:555][  0]LogConfig: Setting CVar [[r.CapsuleShadows:1]]
[2020.01.17-20.10.09:555][  0]LogConfig: Applying CVar settings from Section [PostProcessQuality@3] File [C:/Users/02kaden.seeger/Desktop/Unreal Projects/RnD 2019-2020/HorrorGame/Saved/Config/Windows/Scalability.ini]
[2020.01.17-20.10.09:556][  0]LogConfig: Setting CVar [[r.MotionBlurQuality:4]]
[2020.01.17-20.10.09:556][  0]LogConfig: Setting CVar [[r.AmbientOcclusionMipLevelFactor:0.4]]
[2020.01.17-20.10.09:556][  0]LogConfig: Setting CVar [[r.AmbientOcclusionMaxQuality:100]]
[2020.01.17-20.10.09:556][  0]LogConfig: Setting CVar [[r.AmbientOcclusionLevels:-1]]
[2020.01.17-20.10.09:556][  0]LogConfig: Setting CVar [[r.AmbientOcclusionRadiusScale:1.0]]
[2020.01.17-20.10.09:556][  0]LogConfig: Setting CVar [[r.DepthOfFieldQuality:2]]
[2020.01.17-20.10.09:556][  0]LogConfig: Setting CVar [[r.RenderTargetPoolMin:400]]
[2020.01.17-20.10.09:556][  0]LogConfig: Setting CVar [[r.LensFlareQuality:2]]
[2020.01.17-20.10.09:556][  0]LogConfig: Setting CVar [[r.SceneColorFringeQuality:1]]
[2020.01.17-20.10.09:556][  0]LogConfig: Setting CVar [[r.EyeAdaptationQuality:2]]
[2020.01.17-20.10.09:556][  0]LogConfig: Setting CVar [[r.BloomQuality:5]]
[2020.01.17-20.10.09:556][  0]LogConfig: Setting CVar [[r.FastBlurThreshold:100]]
[2020.01.17-20.10.09:556][  0]LogConfig: Setting CVar [[r.Upscale.Quality:3]]
[2020.01.17-20.10.09:556][  0]LogConfig: Setting CVar [[r.Tonemapper.GrainQuantization:1]]
[2020.01.17-20.10.09:556][  0]LogConfig: Setting CVar [[r.LightShaftQuality:1]]
[2020.01.17-20.10.09:556][  0]LogConfig: Setting CVar [[r.Filter.SizeScale:1]]
[2020.01.17-20.10.09:556][  0]LogConfig: Setting CVar [[r.Tonemapper.Quality:5]]
[2020.01.17-20.10.09:556][  0]LogConfig: Setting CVar [[r.DOF.Gather.AccumulatorQuality:1        ; higher gathering accumulator quality]]
[2020.01.17-20.10.09:556][  0]LogConfig: Setting CVar [[r.DOF.Gather.PostfilterMethod:1          ; Median3x3 postfilering method]]
[2020.01.17-20.10.09:556][  0]LogConfig: Setting CVar [[r.DOF.Gather.EnableBokehSettings:0       ; no bokeh simulation when gathering]]
[2020.01.17-20.10.09:556][  0]LogConfig: Setting CVar [[r.DOF.Gather.RingCount:4                 ; medium number of samples when gathering]]
[2020.01.17-20.10.09:556][  0]LogConfig: Setting CVar [[r.DOF.Scatter.ForegroundCompositing:1    ; additive foreground scattering]]
[2020.01.17-20.10.09:556][  0]LogConfig: Setting CVar [[r.DOF.Scatter.BackgroundCompositing:2    ; additive background scattering]]
[2020.01.17-20.10.09:556][  0]LogConfig: Setting CVar [[r.DOF.Scatter.EnableBokehSettings:1      ; bokeh simulation when scattering]]
[2020.01.17-20.10.09:556][  0]LogConfig: Setting CVar [[r.DOF.Scatter.MaxSpriteRatio:0.1         ; only a maximum of 10% of scattered bokeh]]
[2020.01.17-20.10.09:556][  0]LogConfig: Setting CVar [[r.DOF.Recombine.Quality:1                ; cheap slight out of focus]]
[2020.01.17-20.10.09:556][  0]LogConfig: Setting CVar [[r.DOF.Recombine.EnableBokehSettings:0    ; no bokeh simulation on slight out of focus]]
[2020.01.17-20.10.09:556][  0]LogConfig: Setting CVar [[r.DOF.TemporalAAQuality:1                ; more stable temporal accumulation]]
[2020.01.17-20.10.09:556][  0]LogConfig: Setting CVar [[r.DOF.Kernel.MaxForegroundRadius:0.025]]
[2020.01.17-20.10.09:556][  0]LogConfig: Setting CVar [[r.DOF.Kernel.MaxBackgroundRadius:0.025]]
[2020.01.17-20.10.09:556][  0]LogConfig: Applying CVar settings from Section [TextureQuality@3] File [C:/Users/02kaden.seeger/Desktop/Unreal Projects/RnD 2019-2020/HorrorGame/Saved/Config/Windows/Scalability.ini]
[2020.01.17-20.10.09:556][  0]LogConfig: Setting CVar [[r.Streaming.MipBias:0]]
[2020.01.17-20.10.09:556][  0]LogConfig: Setting CVar [[r.Streaming.AmortizeCPUToGPUCopy:0]]
[2020.01.17-20.10.09:556][  0]LogConfig: Setting CVar [[r.Streaming.MaxNumTexturesToStreamPerFrame:0]]
[2020.01.17-20.10.09:556][  0]LogConfig: Setting CVar [[r.Streaming.Boost:1]]
[2020.01.17-20.10.09:556][  0]LogConfig: Setting CVar [[r.MaxAnisotropy:8]]
[2020.01.17-20.10.09:556][  0]LogConfig: Setting CVar [[r.Streaming.LimitPoolSizeToVRAM:0]]
[2020.01.17-20.10.09:556][  0]LogConfig: Setting CVar [[r.Streaming.PoolSize:1000]]
[2020.01.17-20.10.09:556][  0]LogConfig: Setting CVar [[r.Streaming.MaxEffectiveScreenSize:0]]
[2020.01.17-20.10.09:556][  0]LogConfig: Applying CVar settings from Section [EffectsQuality@3] File [C:/Users/02kaden.seeger/Desktop/Unreal Projects/RnD 2019-2020/HorrorGame/Saved/Config/Windows/Scalability.ini]
[2020.01.17-20.10.09:556][  0]LogConfig: Setting CVar [[r.TranslucencyLightingVolumeDim:64]]
[2020.01.17-20.10.09:556][  0]LogConfig: Setting CVar [[r.RefractionQuality:2]]
[2020.01.17-20.10.09:556][  0]LogConfig: Setting CVar [[r.SSR.Quality:3]]
[2020.01.17-20.10.09:556][  0]LogConfig: Setting CVar [[r.SceneColorFormat:4]]
[2020.01.17-20.10.09:556][  0]LogConfig: Setting CVar [[r.DetailMode:2]]
[2020.01.17-20.10.09:556][  0]LogConfig: Setting CVar [[r.TranslucencyVolumeBlur:1]]
[2020.01.17-20.10.09:556][  0]LogConfig: Setting CVar [[r.MaterialQualityLevel:1 ; High quality]]
[2020.01.17-20.10.09:556][  0]LogConfig: Setting CVar [[r.SSS.Scale:1]]
[2020.01.17-20.10.09:556][  0]LogConfig: Setting CVar [[r.SSS.SampleSet:2]]
[2020.01.17-20.10.09:556][  0]LogConfig: Setting CVar [[r.SSS.Quality:1]]
[2020.01.17-20.10.09:556][  0]LogConfig: Setting CVar [[r.SSS.HalfRes:1]]
[2020.01.17-20.10.09:556][  0]LogConfig: Setting CVar [[r.EmitterSpawnRateScale:1.0]]
[2020.01.17-20.10.09:556][  0]LogConfig: Setting CVar [[r.ParticleLightQuality:2]]
[2020.01.17-20.10.09:556][  0]LogConfig: Applying CVar settings from Section [FoliageQuality@3] File [C:/Users/02kaden.seeger/Desktop/Unreal Projects/RnD 2019-2020/HorrorGame/Saved/Config/Windows/Scalability.ini]
[2020.01.17-20.10.09:556][  0]LogConfig: Setting CVar [[foliage.DensityScale:1.0]]
[2020.01.17-20.10.09:556][  0]LogConfig: Setting CVar [[grass.DensityScale:1.0]]
[2020.01.17-20.10.09:556][  0]LogConfig: Applying CVar settings from Section [Startup] File [../../../Engine/Config/ConsoleVariables.ini]
[2020.01.17-20.10.09:556][  0]LogConfig: Setting CVar [[net.UseAdaptiveNetUpdateFrequency:0]]
[2020.01.17-20.10.09:556][  0]LogConfig: Setting CVar [[p.chaos.AllowCreatePhysxBodies:1]]
[2020.01.17-20.10.09:556][  0]LogConfig: Applying CVar settings from Section [ConsoleVariables] File [C:/Users/02kaden.seeger/Desktop/Unreal Projects/RnD 2019-2020/HorrorGame/Saved/Config/Windows/Engine.ini]
[2020.01.17-20.10.09:556][  0]LogInit: Computer: GUL-HS-GAMESD01
[2020.01.17-20.10.09:556][  0]LogInit: User: 02kadenseeger
[2020.01.17-20.10.09:556][  0]LogInit: CPU Page size=4096, Cores=8
[2020.01.17-20.10.09:556][  0]LogInit: High frequency timer resolution =10.000000 MHz
[2020.01.17-20.10.09:557][  0]LogMemory: Memory total: Physical=15.9GB (16GB approx)
[2020.01.17-20.10.09:557][  0]LogMemory: Platform Memory Stats for Windows
[2020.01.17-20.10.09:557][  0]LogMemory: Process Physical Memory: 102.37 MB used, 102.37 MB peak
[2020.01.17-20.10.09:557][  0]LogMemory: Process Virtual Memory: 100.96 MB used, 100.96 MB peak
[2020.01.17-20.10.09:557][  0]LogMemory: Physical Memory: 7534.71 MB used,  8778.94 MB free, 16313.65 MB total
[2020.01.17-20.10.09:557][  0]LogMemory: Virtual Memory: 4674.63 MB used,  134213056.00 MB free, 134217728.00 MB total
[2020.01.17-20.10.09:565][  0]LogInit: Using OS detected language (en-US).
[2020.01.17-20.10.09:565][  0]LogInit: Using OS detected locale (en-US).
[2020.01.17-20.10.09:565][  0]LogTextLocalizationManager: No specific localization for 'en-US' exists, so the 'en' localization will be used.
[2020.01.17-20.10.09:705][  0]LogSlate: New Slate User Created.  User Index 0, Is Virtual User: 0
[2020.01.17-20.10.09:705][  0]LogSlate: Slate User Registered.  User Index 0, Is Virtual User: 0
[2020.01.17-20.10.09:718][  0]LogHMD: Failed to initialize OpenVR with code 110
[2020.01.17-20.10.09:718][  0]LogD3D11RHI: D3D11 adapters:
[2020.01.17-20.10.09:770][  0]LogD3D11RHI:    0. 'NVIDIA GeForce GTX 1660 Ti' (Feature Level 11_0)
[2020.01.17-20.10.09:771][  0]LogD3D11RHI:       5991/0/8156 MB DedicatedVideo/DedicatedSystem/SharedSystem, Outputs:2, VendorId:0x10de
[2020.01.17-20.10.09:772][  0]LogD3D11RHI:    1. 'Microsoft Basic Render Driver' (Feature Level 11_0)
[2020.01.17-20.10.09:772][  0]LogD3D11RHI:       0/0/8156 MB DedicatedVideo/DedicatedSystem/SharedSystem, Outputs:0, VendorId:0x1414
[2020.01.17-20.10.09:772][  0]LogD3D11RHI: Chosen D3D11 Adapter: 0
[2020.01.17-20.10.09:777][  0]LogD3D11RHI: Creating new Direct3DDevice
[2020.01.17-20.10.09:777][  0]LogD3D11RHI:     GPU DeviceId: 0x2182 (for the marketing name, search the web for "GPU Device Id")
[2020.01.17-20.10.09:777][  0]LogWindows: EnumDisplayDevices:
[2020.01.17-20.10.09:777][  0]LogWindows:    0. 'NVIDIA GeForce GTX 1660 Ti' (P:0 D:1)
[2020.01.17-20.10.09:777][  0]LogWindows:    1. 'NVIDIA GeForce GTX 1660 Ti' (P:1 D:1)
[2020.01.17-20.10.09:777][  0]LogWindows:    2. 'NVIDIA GeForce GTX 1660 Ti' (P:0 D:0)
[2020.01.17-20.10.09:777][  0]LogWindows:    3. 'NVIDIA GeForce GTX 1660 Ti' (P:0 D:0)
[2020.01.17-20.10.09:778][  0]LogWindows: DebugString: FoundDriverCount:4 
[2020.01.17-20.10.09:778][  0]LogD3D11RHI:     Adapter Name: NVIDIA GeForce GTX 1660 Ti
[2020.01.17-20.10.09:778][  0]LogD3D11RHI:   Driver Version: 430.86 (internal:26.21.14.3086, unified:430.86)
[2020.01.17-20.10.09:778][  0]LogD3D11RHI:      Driver Date: 5-22-2019
[2020.01.17-20.10.09:778][  0]LogRHI: Texture pool is 4193 MB (70% of 5991 MB)
[2020.01.17-20.10.09:811][  0]LogD3D11RHI: Async texture creation enabled
[2020.01.17-20.10.09:813][  0]LogRendererCore: FGlobalReadBuffer::InitRHI
[2020.01.17-20.10.09:813][  0]LogRendererCore: FGlobalReadBuffer::InitRHI
[2020.01.17-20.10.09:813][  0]LogRendererCore: FGlobalReadBuffer::InitRHI
[2020.01.17-20.10.09:820][  0]LogD3D11RHI: GPU Timing Frequency: 1000.000000 (Debug: 2 1)
[2020.01.17-20.10.10:073][  0]LogTemp: Display: Module 'WindowsClientTargetPlatform' loaded TargetPlatform 'WindowsClient'
[2020.01.17-20.10.10:083][  0]LogTemp: Display: Module 'WindowsNoEditorTargetPlatform' loaded TargetPlatform 'WindowsNoEditor'
[2020.01.17-20.10.10:093][  0]LogTemp: Display: Module 'WindowsServerTargetPlatform' loaded TargetPlatform 'WindowsServer'
[2020.01.17-20.10.10:098][  0]LogTemp: Display: Module 'WindowsTargetPlatform' loaded TargetPlatform 'Windows'
[2020.01.17-20.10.10:098][  0]LogTargetPlatformManager: Display: Building Assets For Windows
[2020.01.17-20.10.10:103][  0]LogAudioDebug: Display: Lib vorbis DLL was dynamically loaded.
[2020.01.17-20.10.10:134][  0]LogShaderCompilers: Guid format shader working directory is -30 characters bigger than the processId version (../../../../../Users/02kaden.seeger/Desktop/Unreal Projects/RnD 2019-2020/HorrorGame/Intermediate/Shaders/WorkingDirectory/10300/).
[2020.01.17-20.10.10:134][  0]LogShaderCompilers: Cleaned the shader compiler working directory 'C:/Users/02kaden.seeger/AppData/Local/Temp/UnrealShaderWorkingDir/9E89704D4567DABF325178BB0182B856/'.
[2020.01.17-20.10.10:135][  0]LogXGEController: Cannot use XGE Controller as Incredibuild is not installed on this machine.
[2020.01.17-20.10.10:135][  0]LogShaderCompilers: Cannot use XGE Shader Compiler as Incredibuild is not installed on this machine.
[2020.01.17-20.10.10:135][  0]LogShaderCompilers: Display: Using Local Shader Compiler.
[2020.01.17-20.10.10:543][  0]LogDerivedDataCache: Display: Max Cache Size: 512 MB
[2020.01.17-20.10.10:586][  0]LogDerivedDataCache: Loaded boot cache 0.04s 71MB C:/Users/02kaden.seeger/AppData/Local/UnrealEngine/4.22/DerivedDataCache/Boot.ddc.
[2020.01.17-20.10.10:586][  0]LogDerivedDataCache: Display: Loaded Boot cache: C:/Users/02kaden.seeger/AppData/Local/UnrealEngine/4.22/DerivedDataCache/Boot.ddc
[2020.01.17-20.10.10:587][  0]LogDerivedDataCache: FDerivedDataBackendGraph:  Pak pak cache file ../../../../../Users/02kaden.seeger/Desktop/Unreal Projects/RnD 2019-2020/HorrorGame/DerivedDataCache/DDC.ddp not found, will not use a pak cache.
[2020.01.17-20.10.10:587][  0]LogDerivedDataCache: Unable to find inner node Pak for hierarchical cache Hierarchy.
[2020.01.17-20.10.10:587][  0]LogDerivedDataCache: FDerivedDataBackendGraph:  CompressedPak pak cache file ../../../../../Users/02kaden.seeger/Desktop/Unreal Projects/RnD 2019-2020/HorrorGame/DerivedDataCache/Compressed.ddp not found, will not use a pak cache.
[2020.01.17-20.10.10:587][  0]LogDerivedDataCache: Unable to find inner node CompressedPak for hierarchical cache Hierarchy.
[2020.01.17-20.10.10:596][  0]LogDerivedDataCache: Display: Pak cache opened for reading ../../../Engine/DerivedDataCache/Compressed.ddp.
[2020.01.17-20.10.10:596][  0]LogDerivedDataCache: FDerivedDataBackendGraph:  EnterprisePak pak cache file ../../../Enterprise/DerivedDataCache/Compressed.ddp not found, will not use a pak cache.
[2020.01.17-20.10.10:596][  0]LogDerivedDataCache: Unable to find inner node EnterprisePak for hierarchical cache Hierarchy.
[2020.01.17-20.10.10:608][  0]LogDerivedDataCache: Using Local data cache path C:/Users/02kaden.seeger/AppData/Local/UnrealEngine/Common/DerivedDataCache: Writable
[2020.01.17-20.10.10:608][  0]LogDerivedDataCache: Shared data cache path not found in *engine.ini, will not use an Shared cache.
[2020.01.17-20.10.10:608][  0]LogDerivedDataCache: Unable to find inner node Shared for hierarchical cache Hierarchy.
[2020.01.17-20.10.10:624][  0]LogMaterial: Verifying Global Shaders for PCD3D_SM5
[2020.01.17-20.10.10:625][  0]LogSlate: Using FreeType 2.6.0
[2020.01.17-20.10.10:626][  0]LogSlate: SlateFontServices - WITH_FREETYPE: 1, WITH_HARFBUZZ: 1
[2020.01.17-20.10.10:695][  0]LogInit: Using OS detected language (en-US).
[2020.01.17-20.10.10:695][  0]LogInit: Using OS detected locale (en-US).
[2020.01.17-20.10.10:695][  0]LogTextLocalizationManager: No localization for 'en-US' exists, so 'en' will be used for the language.
[2020.01.17-20.10.10:695][  0]LogTextLocalizationManager: No localization for 'en-US' exists, so 'en' will be used for the locale.
[2020.01.17-20.10.10:695][  0]LogSlate: FontCache flush requested. Reason: Culture for localization was changed
[2020.01.17-20.10.10:695][  0]LogSlate: FontCache flush requested. Reason: Culture for localization was changed
[2020.01.17-20.10.10:696][  0]LogTextLocalizationManager: Compacting localization data took   0.00ms
[2020.01.17-20.10.10:702][  0]LogAssetRegistry: FAssetRegistry took 0.0040 seconds to start up
[2020.01.17-20.10.10:834][  0]LogPackageLocalizationCache: Processed 10 localized package path(s) for 1 prioritized culture(s) in 0.000335 seconds
[2020.01.17-20.10.10:930][  0]LogInit: Selected Device Profile: [Windows]
[2020.01.17-20.10.10:965][  0]LogMeshReduction: Using QuadricMeshReduction for automatic static mesh reduction
[2020.01.17-20.10.10:965][  0]LogMeshReduction: Using SimplygonMeshReduction for automatic skeletal mesh reduction
[2020.01.17-20.10.10:965][  0]LogMeshReduction: Using ProxyLODMeshReduction for automatic mesh merging
[2020.01.17-20.10.10:965][  0]LogMeshReduction: No distributed automatic mesh merging module available
[2020.01.17-20.10.10:965][  0]LogMeshMerging: No distributed automatic mesh merging module available
[2020.01.17-20.10.11:030][  0]LogNetVersion: Horror_Game 1.0.0, NetCL: 5660361, EngineNetVer: 10, GameNetVer: 0 (Checksum: 364352182)
[2020.01.17-20.10.11:394][  0]LogMoviePlayer: Initializing movie player
[2020.01.17-20.10.11:494][  0]LogTcpMessaging: Initializing TcpMessaging bridge
[2020.01.17-20.10.11:505][  0]LogUdpMessaging: Initializing bridge on interface 0.0.0.0:0 to multicast group 230.0.0.1:6666.
[2020.01.17-20.10.11:594][  0]SourceControl: Source control is disabled
[2020.01.17-20.10.11:594][  0]SourceControl: Source control is disabled
[2020.01.17-20.10.11:595][  0]SourceControl: Source control is disabled
[2020.01.17-20.10.11:601][  0]LogVSAccessor: Display: Unable to create Visual Studio setup instance: 80040154
[2020.01.17-20.10.11:601][  0]LogVSAccessor: Display: Unable to create Visual Studio setup instance: 80040154
[2020.01.17-20.10.11:650][  0]LogAndroidPermission: UAndroidPermissionCallbackProxy::GetInstance
[2020.01.17-20.10.11:698][  0]LogOcInput: OculusInput pre-init called
[2020.01.17-20.10.11:705][  0]LogUObjectArray: 46481 objects as part of root set at end of initial load.
[2020.01.17-20.10.11:705][  0]LogUObjectAllocator: 8166872 out of 0 bytes used by permanent object pool.
[2020.01.17-20.10.11:705][  0]LogUObjectArray: CloseDisregardForGC: 0/0 objects in disregard for GC pool
[2020.01.17-20.10.11:826][  0]LogEngine: Initializing Engine...
[2020.01.17-20.10.11:827][  0]LogHMD: Failed to initialize OpenVR with code 110
[2020.01.17-20.10.11:838][  0]LogStats: UGameplayTagsManager::InitializeManager -  0.000 s
[2020.01.17-20.10.11:954][  0]LogInit: Initializing FReadOnlyCVARCache
[2020.01.17-20.10.11:964][  0]LogInit: XAudio2 using 'Headset Earphone (2- DELL PRO STEREO HEADSET UC150)' : 2 channels at 48 kHz using 16 bits per sample (channel mask 0x3)
[2020.01.17-20.10.11:975][  0]LogInit: FAudioDevice initialized.
[2020.01.17-20.10.11:986][  0]LogNetVersion: Set ProjectVersion to 1.0.0.0. Version Checksum will be recalculated on next use.
[2020.01.17-20.10.11:990][  0]LogInit: Texture streaming: Enabled
[2020.01.17-20.10.12:088][  0]LogSlate: Updating window title bar state: overlay mode, drag disabled, window buttons hidden, title bar hidden
[2020.01.17-20.10.12:088][  0]LogInit: Display: Game Engine Initialized.
[2020.01.17-20.10.12:130][  0]LogInit: Display: Starting Game.
[2020.01.17-20.10.12:130][  0]LogNet: Browse: /Game/Maps/Menus?Name=Player
[2020.01.17-20.10.12:130][  0]LogLoad: LoadMap: /Game/Maps/Menus?Name=Player
[2020.01.17-20.10.12:152][  0]LogUObjectHash: Compacting FUObjectHashTables data took   1.04ms
[2020.01.17-20.10.12:199][  0]LogAIModule: Creating AISystem for world Menus
[2020.01.17-20.10.12:364][  0]LogLoad: Game class is 'ThirdPersonGameMode_C'
[2020.01.17-20.10.12:365][  0]LogWorld: Bringing World /Game/Maps/Menus.Menus up for play (max tick rate 0) at 2020.01.17-15.10.12
[2020.01.17-20.10.12:365][  0]LogWorld: Bringing up level for play took: 0.000407
[2020.01.17-20.10.12:366][  0]LogGameMode: FindPlayerStart: PATHS NOT DEFINED or NO PLAYERSTART with positive rating
[2020.01.17-20.10.12:370][  0]LogConfig: Applying CVar settings from Section [ViewDistanceQuality@3] File [C:/Users/02kaden.seeger/Desktop/Unreal Projects/RnD 2019-2020/HorrorGame/Saved/Config/Windows/Scalability.ini]
[2020.01.17-20.10.12:370][  0]LogConfig: Setting CVar [[r.SkeletalMeshLODBias:0]]
[2020.01.17-20.10.12:370][  0]LogConfig: Setting CVar [[r.ViewDistanceScale:1.0]]
[2020.01.17-20.10.12:370][  0]LogConfig: Applying CVar settings from Section [AntiAliasingQuality@3] File [C:/Users/02kaden.seeger/Desktop/Unreal Projects/RnD 2019-2020/HorrorGame/Saved/Config/Windows/Scalability.ini]
[2020.01.17-20.10.12:370][  0]LogConfig: Setting CVar [[r.PostProcessAAQuality:4]]
[2020.01.17-20.10.12:370][  0]LogConfig: Applying CVar settings from Section [ShadowQuality@3] File [C:/Users/02kaden.seeger/Desktop/Unreal Projects/RnD 2019-2020/HorrorGame/Saved/Config/Windows/Scalability.ini]
[2020.01.17-20.10.12:370][  0]LogConfig: Setting CVar [[r.LightFunctionQuality:1]]
[2020.01.17-20.10.12:370][  0]LogConfig: Setting CVar [[r.ShadowQuality:5]]
[2020.01.17-20.10.12:370][  0]LogConfig: Setting CVar [[r.Shadow.CSM.MaxCascades:10]]
[2020.01.17-20.10.12:370][  0]LogConfig: Setting CVar [[r.Shadow.MaxResolution:2048]]
[2020.01.17-20.10.12:370][  0]LogConfig: Setting CVar [[r.Shadow.MaxCSMResolution:2048]]
[2020.01.17-20.10.12:370][  0]LogConfig: Setting CVar [[r.Shadow.RadiusThreshold:0.01]]
[2020.01.17-20.10.12:370][  0]LogConfig: Setting CVar [[r.Shadow.DistanceScale:1.0]]
[2020.01.17-20.10.12:370][  0]LogConfig: Setting CVar [[r.Shadow.CSM.TransitionScale:1.0]]
[2020.01.17-20.10.12:370][  0]LogConfig: Setting CVar [[r.Shadow.PreShadowResolutionFactor:1.0]]
[2020.01.17-20.10.12:370][  0]LogConfig: Setting CVar [[r.DistanceFieldShadowing:1]]
[2020.01.17-20.10.12:370][  0]LogConfig: Setting CVar [[r.DistanceFieldAO:1]]
[2020.01.17-20.10.12:370][  0]LogConfig: Setting CVar [[r.AOQuality:2]]
[2020.01.17-20.10.12:370][  0]LogConfig: Setting CVar [[r.VolumetricFog:1]]
[2020.01.17-20.10.12:370][  0]LogConfig: Setting CVar [[r.VolumetricFog.GridPixelSize:8]]
[2020.01.17-20.10.12:370][  0]LogConfig: Setting CVar [[r.VolumetricFog.GridSizeZ:128]]
[2020.01.17-20.10.12:370][  0]LogConfig: Setting CVar [[r.VolumetricFog.HistoryMissSupersampleCount:4]]
[2020.01.17-20.10.12:370][  0]LogConfig: Setting CVar [[r.LightMaxDrawDistanceScale:1]]
[2020.01.17-20.10.12:370][  0]LogConfig: Setting CVar [[r.CapsuleShadows:1]]
[2020.01.17-20.10.12:370][  0]LogConfig: Applying CVar settings from Section [PostProcessQuality@3] File [C:/Users/02kaden.seeger/Desktop/Unreal Projects/RnD 2019-2020/HorrorGame/Saved/Config/Windows/Scalability.ini]
[2020.01.17-20.10.12:370][  0]LogConfig: Setting CVar [[r.MotionBlurQuality:4]]
[2020.01.17-20.10.12:370][  0]LogConfig: Setting CVar [[r.AmbientOcclusionMipLevelFactor:0.4]]
[2020.01.17-20.10.12:370][  0]LogConfig: Setting CVar [[r.AmbientOcclusionMaxQuality:100]]
[2020.01.17-20.10.12:370][  0]LogConfig: Setting CVar [[r.AmbientOcclusionLevels:-1]]
[2020.01.17-20.10.12:370][  0]LogConfig: Setting CVar [[r.AmbientOcclusionRadiusScale:1.0]]
[2020.01.17-20.10.12:370][  0]LogConfig: Setting CVar [[r.DepthOfFieldQuality:2]]
[2020.01.17-20.10.12:370][  0]LogConfig: Setting CVar [[r.RenderTargetPoolMin:400]]
[2020.01.17-20.10.12:370][  0]LogConfig: Setting CVar [[r.LensFlareQuality:2]]
[2020.01.17-20.10.12:370][  0]LogConfig: Setting CVar [[r.SceneColorFringeQuality:1]]
[2020.01.17-20.10.12:370][  0]LogConfig: Setting CVar [[r.EyeAdaptationQuality:2]]
[2020.01.17-20.10.12:370][  0]LogConfig: Setting CVar [[r.BloomQuality:5]]
[2020.01.17-20.10.12:370][  0]LogConfig: Setting CVar [[r.FastBlurThreshold:100]]
[2020.01.17-20.10.12:370][  0]LogConfig: Setting CVar [[r.Upscale.Quality:3]]
[2020.01.17-20.10.12:370][  0]LogConfig: Setting CVar [[r.Tonemapper.GrainQuantization:1]]
[2020.01.17-20.10.12:371][  0]LogConfig: Setting CVar [[r.LightShaftQuality:1]]
[2020.01.17-20.10.12:371][  0]LogConfig: Setting CVar [[r.Filter.SizeScale:1]]
[2020.01.17-20.10.12:371][  0]LogConfig: Setting CVar [[r.Tonemapper.Quality:5]]
[2020.01.17-20.10.12:371][  0]LogConfig: Setting CVar [[r.DOF.Gather.AccumulatorQuality:1        ; higher gathering accumulator quality]]
[2020.01.17-20.10.12:371][  0]LogConfig: Setting CVar [[r.DOF.Gather.PostfilterMethod:1          ; Median3x3 postfilering method]]
[2020.01.17-20.10.12:371][  0]LogConfig: Setting CVar [[r.DOF.Gather.EnableBokehSettings:0       ; no bokeh simulation when gathering]]
[2020.01.17-20.10.12:371][  0]LogConfig: Setting CVar [[r.DOF.Gather.RingCount:4                 ; medium number of samples when gathering]]
[2020.01.17-20.10.12:371][  0]LogConfig: Setting CVar [[r.DOF.Scatter.ForegroundCompositing:1    ; additive foreground scattering]]
[2020.01.17-20.10.12:371][  0]LogConfig: Setting CVar [[r.DOF.Scatter.BackgroundCompositing:2    ; additive background scattering]]
[2020.01.17-20.10.12:371][  0]LogConfig: Setting CVar [[r.DOF.Scatter.EnableBokehSettings:1      ; bokeh simulation when scattering]]
[2020.01.17-20.10.12:371][  0]LogConfig: Setting CVar [[r.DOF.Scatter.MaxSpriteRatio:0.1         ; only a maximum of 10% of scattered bokeh]]
[2020.01.17-20.10.12:371][  0]LogConfig: Setting CVar [[r.DOF.Recombine.Quality:1                ; cheap slight out of focus]]
[2020.01.17-20.10.12:371][  0]LogConfig: Setting CVar [[r.DOF.Recombine.EnableBokehSettings:0    ; no bokeh simulation on slight out of focus]]
[2020.01.17-20.10.12:371][  0]LogConfig: Setting CVar [[r.DOF.TemporalAAQuality:1                ; more stable temporal accumulation]]
[2020.01.17-20.10.12:371][  0]LogConfig: Setting CVar [[r.DOF.Kernel.MaxForegroundRadius:0.025]]
[2020.01.17-20.10.12:371][  0]LogConfig: Setting CVar [[r.DOF.Kernel.MaxBackgroundRadius:0.025]]
[2020.01.17-20.10.12:371][  0]LogConfig: Applying CVar settings from Section [TextureQuality@3] File [C:/Users/02kaden.seeger/Desktop/Unreal Projects/RnD 2019-2020/HorrorGame/Saved/Config/Windows/Scalability.ini]
[2020.01.17-20.10.12:371][  0]LogConfig: Setting CVar [[r.Streaming.MipBias:0]]
[2020.01.17-20.10.12:371][  0]LogConfig: Setting CVar [[r.Streaming.AmortizeCPUToGPUCopy:0]]
[2020.01.17-20.10.12:371][  0]LogConfig: Setting CVar [[r.Streaming.MaxNumTexturesToStreamPerFrame:0]]
[2020.01.17-20.10.12:371][  0]LogConfig: Setting CVar [[r.Streaming.Boost:1]]
[2020.01.17-20.10.12:371][  0]LogConfig: Setting CVar [[r.MaxAnisotropy:8]]
[2020.01.17-20.10.12:371][  0]LogConfig: Setting CVar [[r.Streaming.LimitPoolSizeToVRAM:0]]
[2020.01.17-20.10.12:371][  0]LogConfig: Setting CVar [[r.Streaming.PoolSize:1000]]
[2020.01.17-20.10.12:371][  0]LogConfig: Setting CVar [[r.Streaming.MaxEffectiveScreenSize:0]]
[2020.01.17-20.10.12:371][  0]LogConfig: Applying CVar settings from Section [EffectsQuality@3] File [C:/Users/02kaden.seeger/Desktop/Unreal Projects/RnD 2019-2020/HorrorGame/Saved/Config/Windows/Scalability.ini]
[2020.01.17-20.10.12:371][  0]LogConfig: Setting CVar [[r.TranslucencyLightingVolumeDim:64]]
[2020.01.17-20.10.12:371][  0]LogConfig: Setting CVar [[r.RefractionQuality:2]]
[2020.01.17-20.10.12:371][  0]LogConfig: Setting CVar [[r.SSR.Quality:3]]
[2020.01.17-20.10.12:371][  0]LogConfig: Setting CVar [[r.SceneColorFormat:4]]
[2020.01.17-20.10.12:371][  0]LogConfig: Setting CVar [[r.DetailMode:2]]
[2020.01.17-20.10.12:371][  0]LogConfig: Setting CVar [[r.TranslucencyVolumeBlur:1]]
[2020.01.17-20.10.12:371][  0]LogConfig: Setting CVar [[r.MaterialQualityLevel:1 ; High quality]]
[2020.01.17-20.10.12:371][  0]LogConfig: Setting CVar [[r.SSS.Scale:1]]
[2020.01.17-20.10.12:371][  0]LogConfig: Setting CVar [[r.SSS.SampleSet:2]]
[2020.01.17-20.10.12:371][  0]LogConfig: Setting CVar [[r.SSS.Quality:1]]
[2020.01.17-20.10.12:371][  0]LogConfig: Setting CVar [[r.SSS.HalfRes:1]]
[2020.01.17-20.10.12:371][  0]LogConfig: Setting CVar [[r.EmitterSpawnRateScale:1.0]]
[2020.01.17-20.10.12:371][  0]LogConfig: Setting CVar [[r.ParticleLightQuality:2]]
[2020.01.17-20.10.12:371][  0]LogConfig: Applying CVar settings from Section [FoliageQuality@3] File [C:/Users/02kaden.seeger/Desktop/Unreal Projects/RnD 2019-2020/HorrorGame/Saved/Config/Windows/Scalability.ini]
[2020.01.17-20.10.12:371][  0]LogConfig: Setting CVar [[foliage.DensityScale:1.0]]
[2020.01.17-20.10.12:371][  0]LogConfig: Setting CVar [[grass.DensityScale:1.0]]
[2020.01.17-20.10.12:372][  0]LogPlayerController: Error: InputMode:UIOnly - Attempting to focus Non-Focusable widget SObjectWidget [Widget.cpp(710)]!
[2020.01.17-20.10.12:372][  0]LogLoad: Took 0.241686 seconds to LoadMap(/Game/Maps/Menus)
[2020.01.17-20.10.12:415][  0]LogRenderer: Reallocating scene render targets to support 1280x720 Format 10 NumSamples 1 (Frame:1).
[2020.01.17-20.10.12:415][  0]LogLoad: (Engine Initialization) Total time: 7.40 seconds
[2020.01.17-20.10.12:415][  0]LogLoad: (Engine Initialization) Total Blueprint compile time: 0.00 seconds
[2020.01.17-20.10.12:434][  0]LogContentStreaming: Texture pool size now 1000 MB
[2020.01.17-20.10.13:499][ 60]LogRenderer: Reallocating scene render targets to support 1844x1060 Format 10 NumSamples 1 (Frame:63).
[2020.01.17-20.10.14:314][110]LogSlate: FSceneViewport::OnFocusLost() reason 0
[2020.01.17-20.10.14:380][114]LogSlate: Warning: Legacy localized fallback font '../../../Engine/Content/Slate/Fonts/DroidSansFallback.ttf' was requested. Font: '/Game/Maps/Ui/who_asks_satan.who_asks_satan', Character: '' (U+0027)'
Legacy localized fallback fonts were deprecated in 4.22 and will be removed in a future version!
Please update your composite fonts to use localized sub-font families: https://docs.unrealengine.com/en-US/Engine/UMG/UserGuide/Fonts/Overview
[2020.01.17-20.10.14:381][114]LogSlate: Took 0.001258 seconds to synchronously load lazily loaded font '../../../Engine/Content/Slate/Fonts/DroidSansFallback.ttf' (3848K)
[2020.01.17-20.10.15:023][154]LogSlate: Updating window title bar state: overlay mode, drag disabled, window buttons hidden, title bar hidden
[2020.01.17-20.10.18:428][365]LogSlate: Updating window title bar state: overlay mode, drag disabled, window buttons hidden, title bar hidden
[2020.01.17-20.10.18:509][365]LogPackageName: SearchForPackageOnDisk took   0.081s to resolve Warped_Quarters_Mutant.umap.
[2020.01.17-20.10.18:582][366]LogPackageName: SearchForPackageOnDisk took   0.072s to resolve Warped_Quarters_Mutant.umap.
[2020.01.17-20.10.18:582][366]LogNet: Browse: /Game/Maps/Warped_Quarters_Mutant
[2020.01.17-20.10.18:582][366]LogLoad: LoadMap: /Game/Maps/Warped_Quarters_Mutant
[2020.01.17-20.10.18:609][366]LogUObjectHash: Compacting FUObjectHashTables data took   1.45ms
[2020.01.17-20.10.18:820][366]LogLinker: Warning: Can't find file '/Game/HousingPack02/Textures/T_Cladding_01_RMA'
[2020.01.17-20.10.18:820][366]LoadErrors: Failed to load /Game/HousingPack02/Textures/T_Cladding_01_RMA.T_Cladding_01_RMA Referenced by MI_Cladding_01
[2020.01.17-20.10.18:821][366]LogUObjectGlobals: Warning: Failed to load '/Game/HousingPack02/Textures/T_Cladding_01_RMA': Can't find file '/Game/HousingPack02/Textures/T_Cladding_01_RMA'
[2020.01.17-20.10.18:821][366]LogLinker: Warning: Can't find file for asset '/Game/HousingPack02/Textures/T_Cladding_01_RMA' while loading NULL.
[2020.01.17-20.10.18:821][366]LogUObjectGlobals: Warning: Failed to load '/Game/HousingPack02/Textures/T_Cladding_01_RMA': Can't find file for asset '/Game/HousingPack02/Textures/T_Cladding_01_RMA' while loading NULL.
[2020.01.17-20.10.18:821][366]LogLinker: Warning: Can't find file '/Game/HousingPack02/Textures/T_Lighting_Fixtures_01'
[2020.01.17-20.10.18:821][366]LoadErrors: Failed to load /Game/HousingPack02/Textures/T_Lighting_Fixtures_01.T_Lighting_Fixtures_01 Referenced by MI_Lighting_Fixtures_01
[2020.01.17-20.10.18:821][366]LogUObjectGlobals: Warning: Failed to load '/Game/HousingPack02/Textures/T_Lighting_Fixtures_01': Can't find file '/Game/HousingPack02/Textures/T_Lighting_Fixtures_01'
[2020.01.17-20.10.18:821][366]LogLinker: Warning: Can't find file for asset '/Game/HousingPack02/Textures/T_Lighting_Fixtures_01' while loading NULL.
[2020.01.17-20.10.18:821][366]LogUObjectGlobals: Warning: Failed to load '/Game/HousingPack02/Textures/T_Lighting_Fixtures_01': Can't find file for asset '/Game/HousingPack02/Textures/T_Lighting_Fixtures_01' while loading NULL.
[2020.01.17-20.10.18:967][366]LogAIModule: Creating AISystem for world Warped_Quarters_Mutant
[2020.01.17-20.10.18:971][366]LogLoad: Game class is 'ThirdPersonGameMode_C'
[2020.01.17-20.10.18:989][366]LogWorld: Bringing World /Game/Maps/Warped_Quarters_Mutant.Warped_Quarters_Mutant up for play (max tick rate 0) at 2020.01.17-15.10.18
[2020.01.17-20.10.18:991][366]LogScript: Warning: Accessed None trying to read property CallFunc_GetPlayerController_ReturnValue
	Enemy_Mutant1_C /Game/Maps/Warped_Quarters_Mutant.Warped_Quarters_Mutant:PersistentLevel.Enemy_Mutant1_2
	Function /Game/ThirdPersonBP/Blueprints/Enemy/Enemy_Mutant1.Enemy_Mutant1_C:ExecuteUbergraph_Enemy_Mutant1:022E
[2020.01.17-20.10.18:991][366]LogScript: Warning: Script call stack:
	Function /Game/ThirdPersonBP/Blueprints/Enemy/Enemy_Mutant1.Enemy_Mutant1_C:BndEvt__Box1_K2Node_ComponentBoundEvent_1_ComponentBeginOverlapSignature__DelegateSignature
	Function /Game/ThirdPersonBP/Blueprints/Enemy/Enemy_Mutant1.Enemy_Mutant1_C:ExecuteUbergraph_Enemy_Mutant1

[2020.01.17-20.10.18:991][366]LogWorld: Bringing up level for play took: 0.018669
[2020.01.17-20.10.18:993][366]LogLoad: Took 0.411780 seconds to LoadMap(/Game/Maps/Warped_Quarters_Mutant)
[2020.01.17-20.10.23:522][646]LogSlate: Updating window title bar state: overlay mode, drag disabled, window buttons hidden, title bar hidden
[2020.01.17-20.10.24:376][699]LogSlate: Updating window title bar state: overlay mode, drag disabled, window buttons hidden, title bar hidden
[2020.01.17-20.10.24:875][730]LogSlate: Updating window title bar state: overlay mode, drag disabled, window buttons hidden, title bar hidden
[2020.01.17-20.10.25:134][746]LogSlate: Updating window title bar state: overlay mode, drag disabled, window buttons hidden, title bar hidden
[2020.01.17-20.10.25:296][756]LogSlate: Updating window title bar state: overlay mode, drag disabled, window buttons hidden, title bar hidden
[2020.01.17-20.10.25:441][765]LogSlate: Updating window title bar state: overlay mode, drag disabled, window buttons hidden, title bar hidden
[2020.01.17-20.10.25:601][775]LogSlate: Updating window title bar state: overlay mode, drag disabled, window buttons hidden, title bar hidden
[2020.01.17-20.10.25:747][784]LogSlate: Updating window title bar state: overlay mode, drag disabled, window buttons hidden, title bar hidden
[2020.01.17-20.10.25:860][791]LogSlate: Updating window title bar state: overlay mode, drag disabled, window buttons hidden, title bar hidden
[2020.01.17-20.10.26:005][800]LogSlate: Updating window title bar state: overlay mode, drag disabled, window buttons hidden, title bar hidden
[2020.01.17-20.10.26:166][810]LogSlate: Updating window title bar state: overlay mode, drag disabled, window buttons hidden, title bar hidden
[2020.01.17-20.10.26:312][819]LogSlate: Updating window title bar state: overlay mode, drag disabled, window buttons hidden, title bar hidden
[2020.01.17-20.10.26:472][829]LogSlate: Updating window title bar state: overlay mode, drag disabled, window buttons hidden, title bar hidden
[2020.01.17-20.10.26:602][837]LogSlate: Updating window title bar state: overlay mode, drag disabled, window buttons hidden, title bar hidden
[2020.01.17-20.10.26:780][848]LogSlate: Updating window title bar state: overlay mode, drag disabled, window buttons hidden, title bar hidden
[2020.01.17-20.10.26:924][857]LogSlate: Updating window title bar state: overlay mode, drag disabled, window buttons hidden, title bar hidden
[2020.01.17-20.10.27:086][867]LogSlate: Updating window title bar state: overlay mode, drag disabled, window buttons hidden, title bar hidden
[2020.01.17-20.10.27:279][879]LogSlate: Updating window title bar state: overlay mode, drag disabled, window buttons hidden, title bar hidden
[2020.01.17-20.10.27:440][889]LogSlate: Updating window title bar state: overlay mode, drag disabled, window buttons hidden, title bar hidden
[2020.01.17-20.10.27:586][898]LogSlate: Updating window title bar state: overlay mode, drag disabled, window buttons hidden, title bar hidden
[2020.01.17-20.10.27:747][908]LogSlate: Updating window title bar state: overlay mode, drag disabled, window buttons hidden, title bar hidden
[2020.01.17-20.10.27:892][917]LogSlate: Updating window title bar state: overlay mode, drag disabled, window buttons hidden, title bar hidden
[2020.01.17-20.10.28:038][926]LogSlate: Updating window title bar state: overlay mode, drag disabled, window buttons hidden, title bar hidden
[2020.01.17-20.10.28:215][937]LogSlate: Updating window title bar state: overlay mode, drag disabled, window buttons hidden, title bar hidden
[2020.01.17-20.10.28:409][949]LogSlate: Updating window title bar state: overlay mode, drag disabled, window buttons hidden, title bar hidden
[2020.01.17-20.10.28:586][960]LogSlate: Updating window title bar state: overlay mode, drag disabled, window buttons hidden, title bar hidden
[2020.01.17-20.10.28:764][971]LogSlate: Updating window title bar state: overlay mode, drag disabled, window buttons hidden, title bar hidden
[2020.01.17-20.10.30:917][103]LogSlate: Window 'Horror_Game (64-bit Development PCD3D_SM5) ' being destroyed
[2020.01.17-20.10.30:917][103]LogWindowsTextInputMethodSystem: Display: IME system now deactivated.
[2020.01.17-20.10.30:921][103]LogSlate: Updating window title bar state: overlay mode, drag disabled, window buttons hidden, title bar hidden
[2020.01.17-20.10.30:921][103]LogEngine: All Windows Closed
[2020.01.17-20.10.30:921][103]LogWindows: FPlatformMisc::RequestExit(0)
[2020.01.17-20.10.31:841][104]LogExit: Preparing to exit.
[2020.01.17-20.10.31:841][104]LogMoviePlayer: Shutting down movie player
[2020.01.17-20.10.32:524][104]LogSlate: Updating window title bar state: overlay mode, drag disabled, window buttons hidden, title bar hidden
[2020.01.17-20.10.32:533][104]LogExit: Game engine shut down
[2020.01.17-20.10.32:575][104]LogExit: Object subsystem successfully closed.
[2020.01.17-20.10.32:594][104]LogShaderCompilers: Display: Shaders left to compile 0
[2020.01.17-20.10.32:597][104]LogD3D11RHI: Shutdown
[2020.01.17-20.10.32:597][104]LogD3D11RHI: CleanupD3DDevice
[2020.01.17-20.10.32:597][104]LogRendererCore: FGlobalReadBuffer::ReleaseRHI
[2020.01.17-20.10.32:597][104]LogRendererCore: FGlobalDynamicReadBuffer::Cleanup()
[2020.01.17-20.10.32:597][104]LogRendererCore: FGlobalReadBuffer::ReleaseRHI
[2020.01.17-20.10.32:597][104]LogRendererCore: FGlobalDynamicReadBuffer::Cleanup()
[2020.01.17-20.10.32:597][104]LogRendererCore: FGlobalReadBuffer::ReleaseRHI
[2020.01.17-20.10.32:597][104]LogRendererCore: FGlobalDynamicReadBuffer::Cleanup()
[2020.01.17-20.10.32:641][104]LogD3D11RHI: ~FD3D11DynamicRHI
[2020.01.17-20.10.32:651][104]LogModuleManager: Shutting down and abandoning module SequenceRecorderSections (400)
[2020.01.17-20.10.32:651][104]LogModuleManager: Shutting down and abandoning module SequenceRecorder (398)
[2020.01.17-20.10.32:651][104]LogModuleManager: Shutting down and abandoning module AutomationController (396)
[2020.01.17-20.10.32:652][104]LogModuleManager: Shutting down and abandoning module AutomationWorker (394)
[2020.01.17-20.10.32:652][104]LogModuleManager: Shutting down and abandoning module Voice (392)
[2020.01.17-20.10.32:652][104]LogModuleManager: Shutting down and abandoning module AIModule (390)
[2020.01.17-20.10.32:652][104]LogModuleManager: Shutting down and abandoning module GameplayDebugger (389)
[2020.01.17-20.10.32:652][104]LogModuleManager: Shutting down and abandoning module AITestSuite (387)
[2020.01.17-20.10.32:652][104]LogModuleManager: Shutting down and abandoning module NavigationSystem (385)
[2020.01.17-20.10.32:652][104]LogModuleManager: Shutting down and abandoning module OculusMR (382)
[2020.01.17-20.10.32:652][104]LogModuleManager: Shutting down and abandoning module WmfMediaFactory (380)
[2020.01.17-20.10.32:652][104]LogModuleManager: Shutting down and abandoning module WebMMediaFactory (378)
[2020.01.17-20.10.32:652][104]LogModuleManager: Shutting down and abandoning module WebMMedia (376)
[2020.01.17-20.10.32:652][104]LogModuleManager: Shutting down and abandoning module OpenExrWrapper (374)
[2020.01.17-20.10.32:652][104]LogModuleManager: Shutting down and abandoning module ImgMediaFactory (372)
[2020.01.17-20.10.32:652][104]LogModuleManager: Shutting down and abandoning module AvfMediaFactory (370)
[2020.01.17-20.10.32:652][104]LogModuleManager: Shutting down and abandoning module MagicLeapCameraPreviewFactory (368)
[2020.01.17-20.10.32:652][104]LogModuleManager: Shutting down and abandoning module MagicLeapMediaCodecFactory (366)
[2020.01.17-20.10.32:652][104]LogModuleManager: Shutting down and abandoning module MagicLeapMediaFactory (364)
[2020.01.17-20.10.32:652][104]LogModuleManager: Shutting down and abandoning module CharacterAI (362)
[2020.01.17-20.10.32:652][104]LogModuleManager: Shutting down and abandoning module SessionServices (360)
[2020.01.17-20.10.32:652][104]LogModuleManager: Shutting down and abandoning module MovieSceneCapture (358)
[2020.01.17-20.10.32:652][104]LogModuleManager: Shutting down and abandoning module LiveCoding (356)
[2020.01.17-20.10.32:652][104]LogModuleManager: Shutting down and abandoning module LevelSequence (354)
[2020.01.17-20.10.32:652][104]LogModuleManager: Shutting down and abandoning module MovieSceneTracks (352)
[2020.01.17-20.10.32:652][104]LogModuleManager: Shutting down and abandoning module MovieScene (350)
[2020.01.17-20.10.32:652][104]LogModuleManager: Shutting down and abandoning module StreamingPauseRendering (348)
[2020.01.17-20.10.32:652][104]LogModuleManager: Shutting down and abandoning module PortalServices (346)
[2020.01.17-20.10.32:652][104]LogModuleManager: Shutting down and abandoning module PortalRpc (344)
[2020.01.17-20.10.32:652][104]LogModuleManager: Shutting down and abandoning module MessagingRpc (342)
[2020.01.17-20.10.32:652][104]LogModuleManager: Shutting down and abandoning module ImageWriteQueue (340)
[2020.01.17-20.10.32:654][104]LogModuleManager: Shutting down and abandoning module ProfilerService (338)
[2020.01.17-20.10.32:753][104]LogModuleManager: Shutting down and abandoning module TaskGraph (336)
[2020.01.17-20.10.32:753][104]LogModuleManager: Shutting down and abandoning module SteamVRController (334)
[2020.01.17-20.10.32:753][104]LogModuleManager: Shutting down and abandoning module ProceduralMeshComponent (332)
[2020.01.17-20.10.32:753][104]LogModuleManager: Shutting down and abandoning module OculusInput (330)
[2020.01.17-20.10.32:753][104]LogModuleManager: Shutting down and abandoning module MobilePatchingUtils (328)
[2020.01.17-20.10.32:753][104]LogModuleManager: Shutting down and abandoning module EditableMesh (326)
[2020.01.17-20.10.32:753][104]LogModuleManager: Shutting down and abandoning module CustomMeshComponent (324)
[2020.01.17-20.10.32:753][104]LogModuleManager: Shutting down and abandoning module CableComponent (322)
[2020.01.17-20.10.32:753][104]LogModuleManager: Shutting down and abandoning module AudioCapture (320)
[2020.01.17-20.10.32:753][104]LogModuleManager: Shutting down and abandoning module ArchVisCharacter (318)
[2020.01.17-20.10.32:753][104]LogModuleManager: Shutting down and abandoning module AndroidPermission (316)
[2020.01.17-20.10.32:753][104]LogModuleManager: Shutting down and abandoning module NUTUnrealEngine4 (314)
[2020.01.17-20.10.32:753][104]LogModuleManager: Shutting down and abandoning module NetcodeUnitTest (312)
[2020.01.17-20.10.32:753][104]LogModuleManager: Shutting down and abandoning module MediaCompositing (310)
[2020.01.17-20.10.32:753][104]LogModuleManager: Shutting down and abandoning module LinearTimecode (308)
[2020.01.17-20.10.32:753][104]LogModuleManager: Shutting down and abandoning module ImgMedia (306)
[2020.01.17-20.10.32:753][104]LogModuleManager: Shutting down and abandoning module MagicLeapHelperVulkan (304)
[2020.01.17-20.10.32:753][104]LogModuleManager: Shutting down and abandoning module MagicLeapHelperOpenGL (302)
[2020.01.17-20.10.32:753][104]LogModuleManager: Shutting down and abandoning module MagicLeapAudio (300)
[2020.01.17-20.10.32:753][104]LogModuleManager: Shutting down and abandoning module HTML5Networking (298)
[2020.01.17-20.10.32:753][104]LogModuleManager: Shutting down and abandoning module GeometryCacheTracks (296)
[2020.01.17-20.10.32:753][104]LogModuleManager: Shutting down and abandoning module GeometryCacheSequencer (295)
[2020.01.17-20.10.32:753][104]LogModuleManager: Shutting down and abandoning module GeometryCache (292)
[2020.01.17-20.10.32:753][104]LogModuleManager: Shutting down and abandoning module GeometryCacheEd (291)
[2020.01.17-20.10.32:753][104]LogModuleManager: Shutting down and abandoning module BackChannel (288)
[2020.01.17-20.10.32:753][104]LogModuleManager: Shutting down and abandoning module AppleVision (286)
[2020.01.17-20.10.32:753][104]LogModuleManager: Shutting down and abandoning module AppleImageUtilsBlueprintSupport (284)
[2020.01.17-20.10.32:753][104]LogModuleManager: Shutting down and abandoning module AppleImageUtils (282)
[2020.01.17-20.10.32:753][104]LogModuleManager: Shutting down and abandoning module VariantManagerContent (280)
[2020.01.17-20.10.32:753][104]LogModuleManager: Shutting down and abandoning module CryptoKeysOpenSSL (278)
[2020.01.17-20.10.32:753][104]LogModuleManager: Shutting down and abandoning module CryptoKeys (276)
[2020.01.17-20.10.32:753][104]LogModuleManager: Shutting down and abandoning module VisualStudioSourceCodeAccess (274)
[2020.01.17-20.10.32:753][104]LogModuleManager: Shutting down and abandoning module HotReload (273)
[2020.01.17-20.10.32:754][104]LogModuleManager: Shutting down and abandoning module DirectoryWatcher (272)
[2020.01.17-20.10.32:754][104]LogModuleManager: Shutting down and abandoning module VisualStudioCodeSourceCodeAccess (268)
[2020.01.17-20.10.32:754][104]LogModuleManager: Shutting down and abandoning module UObjectPlugin (266)
[2020.01.17-20.10.32:754][104]LogModuleManager: Shutting down and abandoning module SubversionSourceControl (264)
[2020.01.17-20.10.32:754][104]LogModuleManager: Shutting down and abandoning module PerforceSourceControl (262)
[2020.01.17-20.10.32:754][104]LogModuleManager: Shutting down and abandoning module SourceControl (261)
[2020.01.17-20.10.32:754][104]LogModuleManager: Shutting down and abandoning module CLionSourceCodeAccess (258)
[2020.01.17-20.10.32:754][104]LogModuleManager: Shutting down and abandoning module ActorLayerUtilities (256)
[2020.01.17-20.10.32:754][104]LogModuleManager: Shutting down and abandoning module SignificanceManager (254)
[2020.01.17-20.10.32:754][104]LogModuleManager: Shutting down and abandoning module RuntimePhysXCooking (252)
[2020.01.17-20.10.32:754][104]LogModuleManager: Shutting down and abandoning module PhysXVehiclesEditor (250)
[2020.01.17-20.10.32:754][104]LogModuleManager: Shutting down and abandoning module PhysXVehicles (248)
[2020.01.17-20.10.32:754][104]LogModuleManager: Shutting down and abandoning module LocationServicesBPLibrary (246)
[2020.01.17-20.10.32:754][104]LogModuleManager: Shutting down and abandoning module ActorSequence (244)
[2020.01.17-20.10.32:754][104]LogModuleManager: Shutting down and abandoning module UdpMessaging (242)
[2020.01.17-20.10.32:854][104]LogModuleManager: Shutting down and abandoning module TcpMessaging (240)
[2020.01.17-20.10.33:506][104]LogModuleManager: Shutting down and abandoning module MagicLeapIdentity (238)
[2020.01.17-20.10.33:506][104]LogModuleManager: Shutting down and abandoning module MagicLeapSecureStorage (236)
[2020.01.17-20.10.33:506][104]LogModuleManager: Shutting down and abandoning module MagicLeapHandTracking (234)
[2020.01.17-20.10.33:506][104]LogModuleManager: Shutting down and abandoning module MagicLeapEyeTracker (232)
[2020.01.17-20.10.33:506][104]LogModuleManager: Shutting down and abandoning module MagicLeapController (230)
[2020.01.17-20.10.33:506][104]LogSlate: Slate User Destroyed.  User Index 0, Is Virtual User: 0
[2020.01.17-20.10.33:506][104]LogModuleManager: Shutting down and abandoning module MagicLeapAR (228)
[2020.01.17-20.10.33:506][104]LogModuleManager: Shutting down and abandoning module AugmentedReality (227)
[2020.01.17-20.10.33:506][104]LogModuleManager: Shutting down and abandoning module GameplayTagsEditor (224)
[2020.01.17-20.10.33:506][104]LogModuleManager: Shutting down and abandoning module FacialAnimation (222)
[2020.01.17-20.10.33:506][104]LogModuleManager: Shutting down and abandoning module DataValidation (220)
[2020.01.17-20.10.33:506][104]LogModuleManager: Shutting down and abandoning module AssetManagerEditor (218)
[2020.01.17-20.10.33:506][104]LogModuleManager: Shutting down and abandoning module TreeMap (217)
[2020.01.17-20.10.33:506][104]LogModuleManager: Shutting down and abandoning module AnimationSharing (214)
[2020.01.17-20.10.33:506][104]LogModuleManager: Shutting down and abandoning module LightPropagationVolumeRuntime (212)
[2020.01.17-20.10.33:506][104]LogModuleManager: Shutting down and abandoning module AISupportModule (210)
[2020.01.17-20.10.33:506][104]LogModuleManager: Shutting down and abandoning module Paper2D (208)
[2020.01.17-20.10.33:506][104]LogModuleManager: Shutting down and abandoning module WindowsMoviePlayer (206)
[2020.01.17-20.10.33:506][104]LogModuleManager: Shutting down and abandoning module WebMMoviePlayer (204)
[2020.01.17-20.10.33:506][104]LogModuleManager: Shutting down and abandoning module PacketHandler (202)
[2020.01.17-20.10.33:506][104]LogModuleManager: Shutting down and abandoning module ClothingSystemEditor (200)
[2020.01.17-20.10.33:506][104]LogModuleManager: Shutting down and abandoning module ClothingSystemRuntime (198)
[2020.01.17-20.10.33:506][104]LogModuleManager: Shutting down and abandoning module MediaAssets (196)
[2020.01.17-20.10.33:506][104]LogModuleManager: Shutting down and abandoning module Overlay (194)
[2020.01.17-20.10.33:506][104]LogModuleManager: Shutting down and abandoning module OverlayEditor (193)
[2020.01.17-20.10.33:506][104]LogModuleManager: Shutting down and abandoning module EnvironmentQueryEditor (190)
[2020.01.17-20.10.33:506][104]LogModuleManager: Shutting down and abandoning module VREditor (188)
[2020.01.17-20.10.33:507][104]LogModuleManager: Shutting down and abandoning module StringTableEditor (186)
[2020.01.17-20.10.33:507][104]LogModuleManager: Shutting down and abandoning module GameplayTasksEditor (184)
[2020.01.17-20.10.33:507][104]LogModuleManager: Shutting down and abandoning module BehaviorTreeEditor (182)
[2020.01.17-20.10.33:507][104]LogModuleManager: Shutting down and abandoning module FunctionalTesting (180)
[2020.01.17-20.10.33:507][104]LogModuleManager: Shutting down and abandoning module CollisionAnalyzer (178)
[2020.01.17-20.10.33:507][104]LogModuleManager: Shutting down and abandoning module WorkspaceMenuStructure (177)
[2020.01.17-20.10.33:507][104]LogModuleManager: Shutting down and abandoning module UMG (174)
[2020.01.17-20.10.33:507][104]LogModuleManager: Shutting down and abandoning module UMGEditor (173)
[2020.01.17-20.10.33:507][104]LogModuleManager: Shutting down and abandoning module Sequencer (172)
[2020.01.17-20.10.33:507][104]LogModuleManager: Shutting down and abandoning module MessageLog (169)
[2020.01.17-20.10.33:507][104]LogModuleManager: Shutting down and abandoning module SlateReflector (164)
[2020.01.17-20.10.33:507][104]LogModuleManager: Shutting down and abandoning module Slate (162)
[2020.01.17-20.10.33:507][104]LogModuleManager: Shutting down and abandoning module EditorStyle (160)
[2020.01.17-20.10.33:508][104]LogModuleManager: Shutting down and abandoning module UnrealEd (158)
[2020.01.17-20.10.33:508][104]LogModuleManager: Shutting down and abandoning module MRMesh (156)
[2020.01.17-20.10.33:508][104]LogModuleManager: Shutting down and abandoning module Messaging (154)
[2020.01.17-20.10.33:508][104]LogModuleManager: Shutting down and abandoning module SourceCodeAccess (152)
[2020.01.17-20.10.33:508][104]LogModuleManager: Shutting down and abandoning module HeadMountedDisplay (150)
[2020.01.17-20.10.33:508][104]LogModuleManager: Shutting down and abandoning module XAudio2 (148)
[2020.01.17-20.10.33:508][104]LogModuleManager: Shutting down and abandoning module Networking (146)
[2020.01.17-20.10.33:508][104]LogModuleManager: Shutting down and abandoning module Core (144)
[2020.01.17-20.10.33:508][104]LogModuleManager: Shutting down and abandoning module KismetCompiler (142)
[2020.01.17-20.10.33:508][104]LogModuleManager: Shutting down and abandoning module MeshUtilities (140)
[2020.01.17-20.10.33:508][104]LogModuleManager: Shutting down and abandoning module MeshMergeUtilities (139)
[2020.01.17-20.10.33:508][104]LogModuleManager: Shutting down and abandoning module MeshReductionInterface (138)
[2020.01.17-20.10.33:508][104]LogModuleManager: Shutting down and abandoning module SkeletalMeshReduction (137)
[2020.01.17-20.10.33:508][104]LogModuleManager: Shutting down and abandoning module ProxyLODMeshReduction (135)
[2020.01.17-20.10.33:508][104]LogModuleManager: Shutting down and abandoning module QuadricMeshReduction (133)
[2020.01.17-20.10.33:508][104]LogModuleManager: Shutting down and abandoning module MaterialBaking (129)
[2020.01.17-20.10.33:508][104]LogModuleManager: Shutting down and abandoning module PIEPreviewDeviceProfileSelector (124)
[2020.01.17-20.10.33:508][104]LogModuleManager: Shutting down and abandoning module DerivedDataCache (122)
[2020.01.17-20.10.33:622][104]LogDerivedDataCache: Shutdown
[2020.01.17-20.10.33:622][104]LogModuleManager: Shutting down and abandoning module XGEController (120)
[2020.01.17-20.10.33:622][104]LogModuleManager: Shutting down and abandoning module TargetPlatform (118)
[2020.01.17-20.10.33:622][104]LogModuleManager: Shutting down and abandoning module VulkanShaderFormat (117)
[2020.01.17-20.10.33:622][104]LogModuleManager: Shutting down and abandoning module ShaderFormatVectorVM (115)
[2020.01.17-20.10.33:622][104]LogModuleManager: Shutting down and abandoning module ShaderFormatOpenGL (113)
[2020.01.17-20.10.33:622][104]LogModuleManager: Shutting down and abandoning module ShaderFormatD3D (111)
[2020.01.17-20.10.33:622][104]LogModuleManager: Shutting down and abandoning module MetalShaderFormat (109)
[2020.01.17-20.10.33:622][104]LogModuleManager: Shutting down and abandoning module TextureFormatUncompressed (107)
[2020.01.17-20.10.33:622][104]LogModuleManager: Shutting down and abandoning module TextureFormatPVR (105)
[2020.01.17-20.10.33:622][104]LogModuleManager: Shutting down and abandoning module TextureFormatDXT (103)
[2020.01.17-20.10.33:622][104]LogModuleManager: Shutting down and abandoning module TextureFormatIntelISPCTexComp (101)
[2020.01.17-20.10.33:622][104]LogModuleManager: Shutting down and abandoning module TextureFormatASTC (99)
[2020.01.17-20.10.33:622][104]LogModuleManager: Shutting down and abandoning module ImageWrapper (98)
[2020.01.17-20.10.33:622][104]LogModuleManager: Shutting down and abandoning module TextureFormatAndroid (95)
[2020.01.17-20.10.33:622][104]LogModuleManager: Shutting down and abandoning module AudioFormatOpus (93)
[2020.01.17-20.10.33:623][104]LogModuleManager: Shutting down and abandoning module AudioFormatOgg (91)
[2020.01.17-20.10.33:623][104]LogModuleManager: Shutting down and abandoning module AudioFormatADPCM (89)
[2020.01.17-20.10.33:623][104]LogModuleManager: Shutting down and abandoning module WindowsTargetPlatform (87)
[2020.01.17-20.10.33:623][104]LogModuleManager: Shutting down and abandoning module WindowsServerTargetPlatform (85)
[2020.01.17-20.10.33:623][104]LogModuleManager: Shutting down and abandoning module WindowsNoEditorTargetPlatform (83)
[2020.01.17-20.10.33:623][104]LogModuleManager: Shutting down and abandoning module WindowsClientTargetPlatform (81)
[2020.01.17-20.10.33:623][104]LogModuleManager: Shutting down and abandoning module InputCore (78)
[2020.01.17-20.10.33:623][104]LogModuleManager: Shutting down and abandoning module Settings (76)
[2020.01.17-20.10.33:623][104]LogModuleManager: Shutting down and abandoning module PhysXCooking (74)
[2020.01.17-20.10.33:623][104]LogModuleManager: Shutting down and abandoning module SteamVR (72)
[2020.01.17-20.10.33:623][104]LogHMD: Freeing OpenVRDLLHandle.
[2020.01.17-20.10.33:623][104]LogModuleManager: Shutting down and abandoning module OculusHMD (70)
[2020.01.17-20.10.33:623][104]LogModuleManager: Shutting down and abandoning module ExampleDeviceProfileSelector (68)
[2020.01.17-20.10.33:623][104]LogModuleManager: Shutting down and abandoning module LauncherChunkInstaller (66)
[2020.01.17-20.10.33:623][104]LogModuleManager: Shutting down and abandoning module OnlineBlueprintSupport (64)
[2020.01.17-20.10.33:623][104]LogModuleManager: Shutting down and abandoning module OnlineSubsystem (60)
[2020.01.17-20.10.33:623][104]LogModuleManager: Shutting down and abandoning module XMPP (55)
[2020.01.17-20.10.33:623][104]LogModuleManager: Shutting down and abandoning module WebSockets (54)
[2020.01.17-20.10.33:640][104]LogModuleManager: Shutting down and abandoning module HTTP (51)
[2020.01.17-20.10.33:645][104]LogModuleManager: Shutting down and abandoning module SSL (50)
[2020.01.17-20.10.33:646][104]LogModuleManager: Shutting down and abandoning module WmfMedia (46)
[2020.01.17-20.10.33:647][104]LogModuleManager: Shutting down and abandoning module Media (45)
[2020.01.17-20.10.33:653][104]LogModuleManager: Shutting down and abandoning module MagicLeap (42)
[2020.01.17-20.10.33:653][104]LogModuleManager: Shutting down and abandoning module DatasmithContent (40)
[2020.01.17-20.10.33:653][104]LogModuleManager: Shutting down and abandoning module AnimationModifiers (38)
[2020.01.17-20.10.33:653][104]LogModuleManager: Shutting down and abandoning module PropertyEditor (37)
[2020.01.17-20.10.33:653][104]LogModuleManager: Shutting down and abandoning module AudioEditor (34)
[2020.01.17-20.10.33:654][104]LogModuleManager: Shutting down and abandoning module TextureCompressor (32)
[2020.01.17-20.10.33:654][104]LogModuleManager: Shutting down and abandoning module RenderCore (30)
[2020.01.17-20.10.33:654][104]LogModuleManager: Shutting down and abandoning module Landscape (28)
[2020.01.17-20.10.33:654][104]LogModuleManager: Shutting down and abandoning module SlateRHIRenderer (26)
[2020.01.17-20.10.33:654][104]LogModuleManager: Shutting down and abandoning module OpenGLDrv (24)
[2020.01.17-20.10.33:654][104]LogModuleManager: Shutting down and abandoning module D3D11RHI (22)
[2020.01.17-20.10.33:654][104]LogModuleManager: Shutting down and abandoning module AnimGraphRuntime (20)
[2020.01.17-20.10.33:654][104]LogModuleManager: Shutting down and abandoning module Renderer (18)
[2020.01.17-20.10.33:654][104]LogModuleManager: Shutting down and abandoning module Engine (16)
[2020.01.17-20.10.33:654][104]LogModuleManager: Shutting down and abandoning module CoreUObject (14)
[2020.01.17-20.10.33:654][104]LogModuleManager: Shutting down and abandoning module NetworkFile (12)
[2020.01.17-20.10.33:654][104]LogModuleManager: Shutting down and abandoning module CookedIterativeFile (10)
[2020.01.17-20.10.33:654][104]LogModuleManager: Shutting down and abandoning module StreamingFile (8)
[2020.01.17-20.10.33:654][104]LogModuleManager: Shutting down and abandoning module SandboxFile (6)
[2020.01.17-20.10.33:654][104]LogModuleManager: Shutting down and abandoning module PakFile (4)
[2020.01.17-20.10.33:654][104]LogModuleManager: Shutting down and abandoning module RSA (3)
[2020.01.17-20.10.33:659][104]LogExit: Exiting.
[2020.01.17-20.10.33:675][104]Log file closed, 01/17/20 15:10:33
