Log file open, 01/22/20 14:36:06
LogWindows: Failed to load 'aqProf.dll' (GetLastError=126)
LogWindows: File 'aqProf.dll' does not exist
LogWindows: Failed to load 'VtuneApi.dll' (GetLastError=126)
LogWindows: File 'VtuneApi.dll' does not exist
LogWindows: Failed to load 'VtuneApi32e.dll' (GetLastError=126)
LogWindows: File 'VtuneApi32e.dll' does not exist
LogConsoleResponse: Display: Failed to find resolution value strings in scalability ini. Falling back to default.
LogInit: Display: Running engine for game: Horror_Game
LogPakFile: Registered encryption key '00000000000000000000000000000000': 0 pak files mounted, 0 remain pending
LogPlatformFile: Not using cached read wrapper
LogTaskGraph: Started task graph with 5 named threads and 23 total threads with 3 sets of task threads.
LogStats: Stats thread started at 0.280992
LogD3D11RHI: Loaded GFSDK_Aftermath_Lib.x64.dll
LogICUInternationalization: ICU TimeZone Detection - Raw Offset: -5:00, Platform Override: ''
LogPluginManager: Mounting plugin Paper2D
LogPluginManager: Mounting plugin AISupport
LogPluginManager: Mounting plugin LightPropagationVolume
LogPluginManager: Mounting plugin ActorLayerUtilities
LogPluginManager: Mounting plugin AnimationSharing
LogPluginManager: Mounting plugin CLionSourceCodeAccess
LogPluginManager: Mounting plugin CodeLiteSourceCodeAccess
LogPluginManager: Mounting plugin GitSourceControl
LogPluginManager: Mounting plugin KDevelopSourceCodeAccess
LogPluginManager: Mounting plugin NullSourceCodeAccess
LogPluginManager: Mounting plugin PerforceSourceControl
LogPluginManager: Mounting plugin SubversionSourceControl
LogPluginManager: Mounting plugin UObjectPlugin
LogPluginManager: Mounting plugin VisualStudioCodeSourceCodeAccess
LogPluginManager: Mounting plugin VisualStudioSourceCodeAccess
LogPluginManager: Mounting plugin XCodeSourceCodeAccess
LogPluginManager: Mounting plugin AssetManagerEditor
LogPluginManager: Mounting plugin CryptoKeys
LogPluginManager: Mounting plugin DataValidation
LogPluginManager: Mounting plugin FacialAnimation
LogPluginManager: Mounting plugin GameplayTagsEditor
LogPluginManager: Mounting plugin MacGraphicsSwitching
LogPluginManager: Mounting plugin MaterialAnalyzer
LogPluginManager: Mounting plugin MobileLauncherProfileWizard
LogPluginManager: Mounting plugin PluginBrowser
LogPluginManager: Mounting plugin SpeedTreeImporter
LogPluginManager: Mounting plugin DatasmithContent
LogPluginManager: Mounting plugin VariantManagerContent
LogPluginManager: Mounting plugin AlembicImporter
LogPluginManager: Mounting plugin AppleImageUtils
LogPluginManager: Mounting plugin AppleVision
LogPluginManager: Mounting plugin BackChannel
LogPluginManager: Mounting plugin CharacterAI
LogPluginManager: Mounting plugin GeometryCache
LogPluginManager: Mounting plugin HTML5Networking
LogPluginManager: Mounting plugin ProxyLODPlugin
LogPluginManager: Mounting plugin SkeletalReduction
LogPluginManager: Mounting plugin MagicLeap
LogPluginManager: Mounting plugin MagicLeapMedia
LogPluginManager: Mounting plugin AndroidMedia
LogPluginManager: Mounting plugin AvfMedia
LogPluginManager: Mounting plugin ImgMedia
LogPluginManager: Mounting plugin LinearTimecode
LogPluginManager: Mounting plugin MediaCompositing
LogPluginManager: Mounting plugin MediaPlayerEditor
LogPluginManager: Mounting plugin WebMMedia
LogPluginManager: Mounting plugin WmfMedia
LogPluginManager: Mounting plugin TcpMessaging
LogPluginManager: Mounting plugin UdpMessaging
LogPluginManager: Mounting plugin ActorSequence
LogPluginManager: Mounting plugin LevelSequenceEditor
LogPluginManager: Mounting plugin MatineeToLevelSequence
LogPluginManager: Mounting plugin NetcodeUnitTest
LogPluginManager: Mounting plugin NUTUnrealEngine4
LogPluginManager: Mounting plugin OnlineSubsystemGooglePlay
LogPluginManager: Mounting plugin OnlineSubsystemIOS
LogPluginManager: Mounting plugin OnlineSubsystem
LogPluginManager: Mounting plugin OnlineSubsystemNull
LogPluginManager: Mounting plugin OnlineSubsystemSteam
LogPluginManager: Mounting plugin OnlineSubsystemUtils
LogPluginManager: Mounting plugin LauncherChunkInstaller
LogPluginManager: Mounting plugin AndroidDeviceProfileSelector
LogPluginManager: Mounting plugin AndroidMoviePlayer
LogPluginManager: Mounting plugin AndroidPermission
LogPluginManager: Mounting plugin AppleMoviePlayer
LogPluginManager: Mounting plugin ArchVisCharacter
LogPluginManager: Mounting plugin AudioCapture
LogPluginManager: Mounting plugin CableComponent
LogPluginManager: Mounting plugin CustomMeshComponent
LogPluginManager: Mounting plugin EditableMesh
LogPluginManager: Mounting plugin ExampleDeviceProfileSelector
LogPluginManager: Mounting plugin Firebase
LogPluginManager: Mounting plugin GoogleCloudMessaging
LogPluginManager: Mounting plugin IOSDeviceProfileSelector
LogPluginManager: Mounting plugin LinuxDeviceProfileSelector
LogPluginManager: Mounting plugin LocationServicesBPLibrary
LogPluginManager: Mounting plugin MobilePatchingUtils
LogPluginManager: Mounting plugin OculusVR
LogPluginManager: Mounting plugin PhysXVehicles
LogPluginManager: Mounting plugin ProceduralMeshComponent
LogPluginManager: Mounting plugin RuntimePhysXCooking
LogPluginManager: Mounting plugin SignificanceManager
LogPluginManager: Mounting plugin SteamVR
LogPluginManager: Mounting plugin WebMMoviePlayer
LogPluginManager: Mounting plugin WindowsMoviePlayer
LogInit: Using libcurl 7.55.1-DEV
LogInit:  - built for x86_64-pc-win32
LogInit:  - supports SSL with OpenSSL/1.1.1
LogInit:  - supports HTTP deflate (compression) using libz 1.2.8
LogInit:  - other features:
LogInit:      CURL_VERSION_SSL
LogInit:      CURL_VERSION_LIBZ
LogInit:      CURL_VERSION_IPV6
LogInit:      CURL_VERSION_ASYNCHDNS
LogInit:      CURL_VERSION_LARGEFILE
LogInit:      CURL_VERSION_IDN
LogInit:  CurlRequestOptions (configurable via config and command line):
LogInit:  - bVerifyPeer = true  - Libcurl will verify peer certificate
LogInit:  - bUseHttpProxy = false  - Libcurl will NOT use HTTP proxy
LogInit:  - bDontReuseConnections = false  - Libcurl will reuse connections
LogInit:  - MaxHostConnections = 16  - Libcurl will limit the number of connections to a host
LogInit:  - LocalHostAddr = Default
LogInit:  - BufferSize = 65536
LogOnline: Display: STEAM: Loading Steam SDK 1.39
LogOnline: STEAM: Steam User is subscribed 1
LogOnline: STEAM: [AppId: 480] Client API initialized 1
LogOnline: STEAM: [AppId: 480] Game Server API initialized 1
LogOnline: STEAM: Missing P2PCleanupTimeout key in OnlineSubsystemSteam of DefaultEngine.ini, using default
LogInit: WinSock: version 1.1 (2.2), MaxSocks=32767, MaxUdp=65467
LogInit: Build: ++UE4+Release-4.22-CL-7053642
LogInit: Engine Version: 4.22.3-7053642+++UE4+Release-4.22
LogInit: Compatible Engine Version: 4.22.0-5660361+++UE4+Release-4.22
LogInit: Net CL: 5660361
LogInit: OS: Windows 10 (Release 1903) (), CPU: Intel(R) Core(TM) i7-7700 CPU @ 3.60GHz, GPU: Intel(R) HD Graphics 630
LogInit: Compiled (64-bit): Jun 18 2019 03:09:11
LogInit: Compiled with Visual C++: 19.16.27025.01
LogInit: Build Configuration: Development
LogInit: Branch Name: ++UE4+Release-4.22
LogInit: Command Line:  /Game/Maps/Warped_Quarters_Mutant -game -PIEVIACONSOLE -ResX=1280 -ResY=720 -Multiprocess -messaging -SessionName="Play in Standalone Game" -windowed
LogInit: Base Directory: C:/Epic Games/UE_4.22/Engine/Binaries/Win64/
LogInit: Installed Engine Build: 1
LogDevObjectVersion: Number of dev versions registered: 23
LogDevObjectVersion:   Dev-Blueprints (B0D832E4-1F89-4F0D-ACCF-7EB736FD4AA2): 10
LogDevObjectVersion:   Dev-Build (E1C64328-A22C-4D53-A36C-8E866417BD8C): 0
LogDevObjectVersion:   Dev-Core (375EC13C-06E4-48FB-B500-84F0262A717E): 3
LogDevObjectVersion:   Dev-Editor (E4B068ED-F494-42E9-A231-DA0B2E46BB41): 30
LogDevObjectVersion:   Dev-Framework (CFFC743F-43B0-4480-9391-14DF171D2073): 35
LogDevObjectVersion:   Dev-Mobile (B02B49B5-BB20-44E9-A304-32B752E40360): 2
LogDevObjectVersion:   Dev-Networking (A4E4105C-59A1-49B5-A7C5-40C4547EDFEE): 0
LogDevObjectVersion:   Dev-Online (39C831C9-5AE6-47DC-9A44-9C173E1C8E7C): 0
LogDevObjectVersion:   Dev-Physics (78F01B33-EBEA-4F98-B9B4-84EACCB95AA2): 0
LogDevObjectVersion:   Dev-Platform (6631380F-2D4D-43E0-8009-CF276956A95A): 0
LogDevObjectVersion:   Dev-Rendering (12F88B9F-8875-4AFC-A67C-D90C383ABD29): 28
LogDevObjectVersion:   Dev-Sequencer (7B5AE74C-D270-4C10-A958-57980B212A5A): 11
LogDevObjectVersion:   Dev-VR (D7296918-1DD6-4BDD-9DE2-64A83CC13884): 2
LogDevObjectVersion:   Dev-LoadTimes (C2A15278-BFE7-4AFE-6C17-90FF531DF755): 1
LogDevObjectVersion:   Private-Geometry (6EACA3D4-40EC-4CC1-B786-8BED09428FC5): 3
LogDevObjectVersion:   Dev-AnimPhys (29E575DD-E0A3-4627-9D10-D276232CDCEA): 17
LogDevObjectVersion:   Dev-Anim (AF43A65D-7FD3-4947-9873-3E8ED9C1BB05): 2
LogDevObjectVersion:   Dev-ReflectionCapture (6B266CEC-1EC7-4B8F-A30B-E4D90942FC07): 1
LogDevObjectVersion:   Dev-Automation (0DF73D61-A23F-47EA-B727-89E90C41499A): 1
LogDevObjectVersion:   FortniteMain (601D1886-AC64-4F84-AA16-D3DE0DEAC7D6): 25
LogDevObjectVersion:   Dev-Enterprise (9DFFBCD6-494F-0158-E221-12823C92A888): 6
LogDevObjectVersion:   Dev-Niagara (F2AED0AC-9AFE-416F-8664-AA7FFA26D6FC): 1
LogDevObjectVersion:   Dev-Destruction (174F1F0B-B4C6-45A5-B13F-2EE8D0FB917D): 2
LogInit: Presizing for max 16777216 objects, including 0 objects not considered by GC, pre-allocating 0 bytes for permanent pool.
LogInit: Object subsystem initialized
LogConfig: Setting CVar [[con.DebugEarlyDefault:1]]
LogConfig: Setting CVar [[r.setres:1280x720]]
[2020.01.22-19.36.07:855][  0]LogConfig: Setting CVar [[con.DebugEarlyDefault:1]]
[2020.01.22-19.36.07:855][  0]LogConfig: Setting CVar [[r.setres:1280x720]]
[2020.01.22-19.36.07:855][  0]LogConfig: Applying CVar settings from Section [/Script/Engine.RendererSettings] File [C:/Users/02tyson.watson/Desktop/Tyson Watson/Unreal Prjects/HorrorGame/Saved/Config/Windows/Engine.ini]
[2020.01.22-19.36.07:855][  0]LogConfig: Setting CVar [[r.GPUCrashDebugging:0]]
[2020.01.22-19.36.07:855][  0]LogConfig: Applying CVar settings from Section [/Script/Engine.RendererOverrideSettings] File [C:/Users/02tyson.watson/Desktop/Tyson Watson/Unreal Prjects/HorrorGame/Saved/Config/Windows/Engine.ini]
[2020.01.22-19.36.07:855][  0]LogConfig: Applying CVar settings from Section [/Script/Engine.StreamingSettings] File [C:/Users/02tyson.watson/Desktop/Tyson Watson/Unreal Prjects/HorrorGame/Saved/Config/Windows/Engine.ini]
[2020.01.22-19.36.07:855][  0]LogConfig: Setting CVar [[s.MinBulkDataSizeForAsyncLoading:131072]]
[2020.01.22-19.36.07:855][  0]LogConfig: Setting CVar [[s.AsyncLoadingThreadEnabled:0]]
[2020.01.22-19.36.07:855][  0]LogConfig: Setting CVar [[s.EventDrivenLoaderEnabled:1]]
[2020.01.22-19.36.07:855][  0]LogConfig: Setting CVar [[s.WarnIfTimeLimitExceeded:0]]
[2020.01.22-19.36.07:855][  0]LogConfig: Setting CVar [[s.TimeLimitExceededMultiplier:1.5]]
[2020.01.22-19.36.07:855][  0]LogConfig: Setting CVar [[s.TimeLimitExceededMinTime:0.005]]
[2020.01.22-19.36.07:855][  0]LogConfig: Setting CVar [[s.UseBackgroundLevelStreaming:1]]
[2020.01.22-19.36.07:855][  0]LogConfig: Setting CVar [[s.PriorityAsyncLoadingExtraTime:15.0]]
[2020.01.22-19.36.07:855][  0]LogConfig: Setting CVar [[s.LevelStreamingActorsUpdateTimeLimit:5.0]]
[2020.01.22-19.36.07:855][  0]LogConfig: Setting CVar [[s.PriorityLevelStreamingActorsUpdateExtraTime:5.0]]
[2020.01.22-19.36.07:856][  0]LogConfig: Setting CVar [[s.LevelStreamingComponentsRegistrationGranularity:10]]
[2020.01.22-19.36.07:856][  0]LogConfig: Setting CVar [[s.UnregisterComponentsTimeLimit:1.0]]
[2020.01.22-19.36.07:856][  0]LogConfig: Setting CVar [[s.LevelStreamingComponentsUnregistrationGranularity:5]]
[2020.01.22-19.36.07:856][  0]LogConfig: Applying CVar settings from Section [/Script/Engine.GarbageCollectionSettings] File [C:/Users/02tyson.watson/Desktop/Tyson Watson/Unreal Prjects/HorrorGame/Saved/Config/Windows/Engine.ini]
[2020.01.22-19.36.07:856][  0]LogConfig: Setting CVar [[gc.MaxObjectsNotConsideredByGC:1]]
[2020.01.22-19.36.07:856][  0]LogConfig: Setting CVar [[gc.SizeOfPermanentObjectPool:0]]
[2020.01.22-19.36.07:856][  0]LogConfig: Setting CVar [[gc.FlushStreamingOnGC:0]]
[2020.01.22-19.36.07:856][  0]LogConfig: Setting CVar [[gc.NumRetriesBeforeForcingGC:10]]
[2020.01.22-19.36.07:856][  0]LogConfig: Setting CVar [[gc.AllowParallelGC:1]]
[2020.01.22-19.36.07:856][  0]LogConfig: Setting CVar [[gc.TimeBetweenPurgingPendingKillObjects:61.1]]
[2020.01.22-19.36.07:856][  0]LogConfig: Setting CVar [[gc.MaxObjectsInEditor:16777216]]
[2020.01.22-19.36.07:856][  0]LogConfig: Setting CVar [[gc.IncrementalBeginDestroyEnabled:1]]
[2020.01.22-19.36.07:856][  0]LogConfig: Setting CVar [[gc.CreateGCClusters:1]]
[2020.01.22-19.36.07:856][  0]LogConfig: Setting CVar [[gc.MinGCClusterSize:5]]
[2020.01.22-19.36.07:856][  0]LogConfig: Setting CVar [[gc.ActorClusteringEnabled:0]]
[2020.01.22-19.36.07:856][  0]LogConfig: Setting CVar [[gc.BlueprintClusteringEnabled:0]]
[2020.01.22-19.36.07:856][  0]LogConfig: Setting CVar [[gc.UseDisregardForGCOnDedicatedServers:0]]
[2020.01.22-19.36.07:856][  0]LogConfig: Applying CVar settings from Section [/Script/Engine.NetworkSettings] File [C:/Users/02tyson.watson/Desktop/Tyson Watson/Unreal Prjects/HorrorGame/Saved/Config/Windows/Engine.ini]
[2020.01.22-19.36.07:856][  0]LogConfig: Applying CVar settings from Section [/Script/UnrealEd.CookerSettings] File [C:/Users/02tyson.watson/Desktop/Tyson Watson/Unreal Prjects/HorrorGame/Saved/Config/Windows/Engine.ini]
[2020.01.22-19.36.07:863][  0]LogConfig: Applying CVar settings from Section [ViewDistanceQuality@3] File [C:/Users/02tyson.watson/Desktop/Tyson Watson/Unreal Prjects/HorrorGame/Saved/Config/Windows/Scalability.ini]
[2020.01.22-19.36.07:863][  0]LogConfig: Setting CVar [[r.SkeletalMeshLODBias:0]]
[2020.01.22-19.36.07:863][  0]LogConfig: Setting CVar [[r.ViewDistanceScale:1.0]]
[2020.01.22-19.36.07:863][  0]LogConfig: Applying CVar settings from Section [AntiAliasingQuality@3] File [C:/Users/02tyson.watson/Desktop/Tyson Watson/Unreal Prjects/HorrorGame/Saved/Config/Windows/Scalability.ini]
[2020.01.22-19.36.07:863][  0]LogConfig: Setting CVar [[r.PostProcessAAQuality:4]]
[2020.01.22-19.36.07:863][  0]LogConfig: Applying CVar settings from Section [ShadowQuality@3] File [C:/Users/02tyson.watson/Desktop/Tyson Watson/Unreal Prjects/HorrorGame/Saved/Config/Windows/Scalability.ini]
[2020.01.22-19.36.07:863][  0]LogConfig: Setting CVar [[r.LightFunctionQuality:1]]
[2020.01.22-19.36.07:864][  0]LogConfig: Setting CVar [[r.ShadowQuality:5]]
[2020.01.22-19.36.07:864][  0]LogConfig: Setting CVar [[r.Shadow.CSM.MaxCascades:10]]
[2020.01.22-19.36.07:864][  0]LogConfig: Setting CVar [[r.Shadow.MaxResolution:2048]]
[2020.01.22-19.36.07:864][  0]LogConfig: Setting CVar [[r.Shadow.MaxCSMResolution:2048]]
[2020.01.22-19.36.07:864][  0]LogConfig: Setting CVar [[r.Shadow.RadiusThreshold:0.01]]
[2020.01.22-19.36.07:864][  0]LogConfig: Setting CVar [[r.Shadow.DistanceScale:1.0]]
[2020.01.22-19.36.07:864][  0]LogConfig: Setting CVar [[r.Shadow.CSM.TransitionScale:1.0]]
[2020.01.22-19.36.07:864][  0]LogConfig: Setting CVar [[r.Shadow.PreShadowResolutionFactor:1.0]]
[2020.01.22-19.36.07:864][  0]LogConfig: Setting CVar [[r.DistanceFieldShadowing:1]]
[2020.01.22-19.36.07:864][  0]LogConfig: Setting CVar [[r.DistanceFieldAO:1]]
[2020.01.22-19.36.07:864][  0]LogConfig: Setting CVar [[r.AOQuality:2]]
[2020.01.22-19.36.07:864][  0]LogConfig: Setting CVar [[r.VolumetricFog:1]]
[2020.01.22-19.36.07:864][  0]LogConfig: Setting CVar [[r.VolumetricFog.GridPixelSize:8]]
[2020.01.22-19.36.07:864][  0]LogConfig: Setting CVar [[r.VolumetricFog.GridSizeZ:128]]
[2020.01.22-19.36.07:864][  0]LogConfig: Setting CVar [[r.VolumetricFog.HistoryMissSupersampleCount:4]]
[2020.01.22-19.36.07:864][  0]LogConfig: Setting CVar [[r.LightMaxDrawDistanceScale:1]]
[2020.01.22-19.36.07:864][  0]LogConfig: Setting CVar [[r.CapsuleShadows:1]]
[2020.01.22-19.36.07:864][  0]LogConfig: Applying CVar settings from Section [PostProcessQuality@3] File [C:/Users/02tyson.watson/Desktop/Tyson Watson/Unreal Prjects/HorrorGame/Saved/Config/Windows/Scalability.ini]
[2020.01.22-19.36.07:864][  0]LogConfig: Setting CVar [[r.MotionBlurQuality:4]]
[2020.01.22-19.36.07:864][  0]LogConfig: Setting CVar [[r.AmbientOcclusionMipLevelFactor:0.4]]
[2020.01.22-19.36.07:864][  0]LogConfig: Setting CVar [[r.AmbientOcclusionMaxQuality:100]]
[2020.01.22-19.36.07:864][  0]LogConfig: Setting CVar [[r.AmbientOcclusionLevels:-1]]
[2020.01.22-19.36.07:864][  0]LogConfig: Setting CVar [[r.AmbientOcclusionRadiusScale:1.0]]
[2020.01.22-19.36.07:864][  0]LogConfig: Setting CVar [[r.DepthOfFieldQuality:2]]
[2020.01.22-19.36.07:864][  0]LogConfig: Setting CVar [[r.RenderTargetPoolMin:400]]
[2020.01.22-19.36.07:864][  0]LogConfig: Setting CVar [[r.LensFlareQuality:2]]
[2020.01.22-19.36.07:864][  0]LogConfig: Setting CVar [[r.SceneColorFringeQuality:1]]
[2020.01.22-19.36.07:864][  0]LogConfig: Setting CVar [[r.EyeAdaptationQuality:2]]
[2020.01.22-19.36.07:865][  0]LogConfig: Setting CVar [[r.BloomQuality:5]]
[2020.01.22-19.36.07:865][  0]LogConfig: Setting CVar [[r.FastBlurThreshold:100]]
[2020.01.22-19.36.07:865][  0]LogConfig: Setting CVar [[r.Upscale.Quality:3]]
[2020.01.22-19.36.07:865][  0]LogConfig: Setting CVar [[r.Tonemapper.GrainQuantization:1]]
[2020.01.22-19.36.07:865][  0]LogConfig: Setting CVar [[r.LightShaftQuality:1]]
[2020.01.22-19.36.07:865][  0]LogConfig: Setting CVar [[r.Filter.SizeScale:1]]
[2020.01.22-19.36.07:865][  0]LogConfig: Setting CVar [[r.Tonemapper.Quality:5]]
[2020.01.22-19.36.07:865][  0]LogConfig: Setting CVar [[r.DOF.Gather.AccumulatorQuality:1        ; higher gathering accumulator quality]]
[2020.01.22-19.36.07:865][  0]LogConfig: Setting CVar [[r.DOF.Gather.PostfilterMethod:1          ; Median3x3 postfilering method]]
[2020.01.22-19.36.07:865][  0]LogConfig: Setting CVar [[r.DOF.Gather.EnableBokehSettings:0       ; no bokeh simulation when gathering]]
[2020.01.22-19.36.07:865][  0]LogConfig: Setting CVar [[r.DOF.Gather.RingCount:4                 ; medium number of samples when gathering]]
[2020.01.22-19.36.07:865][  0]LogConfig: Setting CVar [[r.DOF.Scatter.ForegroundCompositing:1    ; additive foreground scattering]]
[2020.01.22-19.36.07:865][  0]LogConfig: Setting CVar [[r.DOF.Scatter.BackgroundCompositing:2    ; additive background scattering]]
[2020.01.22-19.36.07:865][  0]LogConfig: Setting CVar [[r.DOF.Scatter.EnableBokehSettings:1      ; bokeh simulation when scattering]]
[2020.01.22-19.36.07:865][  0]LogConfig: Setting CVar [[r.DOF.Scatter.MaxSpriteRatio:0.1         ; only a maximum of 10% of scattered bokeh]]
[2020.01.22-19.36.07:865][  0]LogConfig: Setting CVar [[r.DOF.Recombine.Quality:1                ; cheap slight out of focus]]
[2020.01.22-19.36.07:865][  0]LogConfig: Setting CVar [[r.DOF.Recombine.EnableBokehSettings:0    ; no bokeh simulation on slight out of focus]]
[2020.01.22-19.36.07:865][  0]LogConfig: Setting CVar [[r.DOF.TemporalAAQuality:1                ; more stable temporal accumulation]]
[2020.01.22-19.36.07:865][  0]LogConfig: Setting CVar [[r.DOF.Kernel.MaxForegroundRadius:0.025]]
[2020.01.22-19.36.07:865][  0]LogConfig: Setting CVar [[r.DOF.Kernel.MaxBackgroundRadius:0.025]]
[2020.01.22-19.36.07:865][  0]LogConfig: Applying CVar settings from Section [TextureQuality@3] File [C:/Users/02tyson.watson/Desktop/Tyson Watson/Unreal Prjects/HorrorGame/Saved/Config/Windows/Scalability.ini]
[2020.01.22-19.36.07:865][  0]LogConfig: Setting CVar [[r.Streaming.MipBias:0]]
[2020.01.22-19.36.07:865][  0]LogConfig: Setting CVar [[r.Streaming.AmortizeCPUToGPUCopy:0]]
[2020.01.22-19.36.07:865][  0]LogConfig: Setting CVar [[r.Streaming.MaxNumTexturesToStreamPerFrame:0]]
[2020.01.22-19.36.07:865][  0]LogConfig: Setting CVar [[r.Streaming.Boost:1]]
[2020.01.22-19.36.07:865][  0]LogConfig: Setting CVar [[r.MaxAnisotropy:8]]
[2020.01.22-19.36.07:865][  0]LogConfig: Setting CVar [[r.Streaming.LimitPoolSizeToVRAM:0]]
[2020.01.22-19.36.07:865][  0]LogConfig: Setting CVar [[r.Streaming.PoolSize:1000]]
[2020.01.22-19.36.07:865][  0]LogConfig: Setting CVar [[r.Streaming.MaxEffectiveScreenSize:0]]
[2020.01.22-19.36.07:865][  0]LogConfig: Applying CVar settings from Section [EffectsQuality@3] File [C:/Users/02tyson.watson/Desktop/Tyson Watson/Unreal Prjects/HorrorGame/Saved/Config/Windows/Scalability.ini]
[2020.01.22-19.36.07:865][  0]LogConfig: Setting CVar [[r.TranslucencyLightingVolumeDim:64]]
[2020.01.22-19.36.07:865][  0]LogConfig: Setting CVar [[r.RefractionQuality:2]]
[2020.01.22-19.36.07:865][  0]LogConfig: Setting CVar [[r.SSR.Quality:3]]
[2020.01.22-19.36.07:865][  0]LogConfig: Setting CVar [[r.SceneColorFormat:4]]
[2020.01.22-19.36.07:865][  0]LogConfig: Setting CVar [[r.DetailMode:2]]
[2020.01.22-19.36.07:865][  0]LogConfig: Setting CVar [[r.TranslucencyVolumeBlur:1]]
[2020.01.22-19.36.07:865][  0]LogConfig: Setting CVar [[r.MaterialQualityLevel:1 ; High quality]]
[2020.01.22-19.36.07:865][  0]LogConfig: Setting CVar [[r.SSS.Scale:1]]
[2020.01.22-19.36.07:865][  0]LogConfig: Setting CVar [[r.SSS.SampleSet:2]]
[2020.01.22-19.36.07:865][  0]LogConfig: Setting CVar [[r.SSS.Quality:1]]
[2020.01.22-19.36.07:865][  0]LogConfig: Setting CVar [[r.SSS.HalfRes:1]]
[2020.01.22-19.36.07:865][  0]LogConfig: Setting CVar [[r.EmitterSpawnRateScale:1.0]]
[2020.01.22-19.36.07:865][  0]LogConfig: Setting CVar [[r.ParticleLightQuality:2]]
[2020.01.22-19.36.07:865][  0]LogConfig: Applying CVar settings from Section [FoliageQuality@3] File [C:/Users/02tyson.watson/Desktop/Tyson Watson/Unreal Prjects/HorrorGame/Saved/Config/Windows/Scalability.ini]
[2020.01.22-19.36.07:865][  0]LogConfig: Setting CVar [[foliage.DensityScale:1.0]]
[2020.01.22-19.36.07:865][  0]LogConfig: Setting CVar [[grass.DensityScale:1.0]]
[2020.01.22-19.36.07:865][  0]LogInit: Selected Device Profile: [Windows]
[2020.01.22-19.36.07:865][  0]LogInit: Applying CVar settings loaded from the selected device profile: [Windows]
[2020.01.22-19.36.07:877][  0]LogHAL: Display: Platform has ~ 16 GB [17058271232 / 17179869184 / 16], which maps to Larger [LargestMinGB=32, LargerMinGB=12, DefaultMinGB=8, SmallerMinGB=6, SmallestMinGB=0)
[2020.01.22-19.36.07:878][  0]LogConfig: Setting CVar [[r.Vulkan.UseRealUBs:0		; Required until we fix HLR fall-out]]
[2020.01.22-19.36.07:878][  0]LogInit: Going up to parent DeviceProfile []
[2020.01.22-19.36.07:878][  0]LogConfig: Applying CVar settings from Section [ViewDistanceQuality@3] File [C:/Users/02tyson.watson/Desktop/Tyson Watson/Unreal Prjects/HorrorGame/Saved/Config/Windows/Scalability.ini]
[2020.01.22-19.36.07:878][  0]LogConfig: Setting CVar [[r.SkeletalMeshLODBias:0]]
[2020.01.22-19.36.07:878][  0]LogConfig: Setting CVar [[r.ViewDistanceScale:1.0]]
[2020.01.22-19.36.07:878][  0]LogConfig: Applying CVar settings from Section [AntiAliasingQuality@3] File [C:/Users/02tyson.watson/Desktop/Tyson Watson/Unreal Prjects/HorrorGame/Saved/Config/Windows/Scalability.ini]
[2020.01.22-19.36.07:878][  0]LogConfig: Setting CVar [[r.PostProcessAAQuality:4]]
[2020.01.22-19.36.07:878][  0]LogConfig: Applying CVar settings from Section [ShadowQuality@3] File [C:/Users/02tyson.watson/Desktop/Tyson Watson/Unreal Prjects/HorrorGame/Saved/Config/Windows/Scalability.ini]
[2020.01.22-19.36.07:878][  0]LogConfig: Setting CVar [[r.LightFunctionQuality:1]]
[2020.01.22-19.36.07:878][  0]LogConfig: Setting CVar [[r.ShadowQuality:5]]
[2020.01.22-19.36.07:878][  0]LogConfig: Setting CVar [[r.Shadow.CSM.MaxCascades:10]]
[2020.01.22-19.36.07:878][  0]LogConfig: Setting CVar [[r.Shadow.MaxResolution:2048]]
[2020.01.22-19.36.07:878][  0]LogConfig: Setting CVar [[r.Shadow.MaxCSMResolution:2048]]
[2020.01.22-19.36.07:878][  0]LogConfig: Setting CVar [[r.Shadow.RadiusThreshold:0.01]]
[2020.01.22-19.36.07:878][  0]LogConfig: Setting CVar [[r.Shadow.DistanceScale:1.0]]
[2020.01.22-19.36.07:878][  0]LogConfig: Setting CVar [[r.Shadow.CSM.TransitionScale:1.0]]
[2020.01.22-19.36.07:878][  0]LogConfig: Setting CVar [[r.Shadow.PreShadowResolutionFactor:1.0]]
[2020.01.22-19.36.07:878][  0]LogConfig: Setting CVar [[r.DistanceFieldShadowing:1]]
[2020.01.22-19.36.07:878][  0]LogConfig: Setting CVar [[r.DistanceFieldAO:1]]
[2020.01.22-19.36.07:878][  0]LogConfig: Setting CVar [[r.AOQuality:2]]
[2020.01.22-19.36.07:878][  0]LogConfig: Setting CVar [[r.VolumetricFog:1]]
[2020.01.22-19.36.07:878][  0]LogConfig: Setting CVar [[r.VolumetricFog.GridPixelSize:8]]
[2020.01.22-19.36.07:878][  0]LogConfig: Setting CVar [[r.VolumetricFog.GridSizeZ:128]]
[2020.01.22-19.36.07:878][  0]LogConfig: Setting CVar [[r.VolumetricFog.HistoryMissSupersampleCount:4]]
[2020.01.22-19.36.07:878][  0]LogConfig: Setting CVar [[r.LightMaxDrawDistanceScale:1]]
[2020.01.22-19.36.07:878][  0]LogConfig: Setting CVar [[r.CapsuleShadows:1]]
[2020.01.22-19.36.07:878][  0]LogConfig: Applying CVar settings from Section [PostProcessQuality@3] File [C:/Users/02tyson.watson/Desktop/Tyson Watson/Unreal Prjects/HorrorGame/Saved/Config/Windows/Scalability.ini]
[2020.01.22-19.36.07:878][  0]LogConfig: Setting CVar [[r.MotionBlurQuality:4]]
[2020.01.22-19.36.07:878][  0]LogConfig: Setting CVar [[r.AmbientOcclusionMipLevelFactor:0.4]]
[2020.01.22-19.36.07:878][  0]LogConfig: Setting CVar [[r.AmbientOcclusionMaxQuality:100]]
[2020.01.22-19.36.07:878][  0]LogConfig: Setting CVar [[r.AmbientOcclusionLevels:-1]]
[2020.01.22-19.36.07:878][  0]LogConfig: Setting CVar [[r.AmbientOcclusionRadiusScale:1.0]]
[2020.01.22-19.36.07:878][  0]LogConfig: Setting CVar [[r.DepthOfFieldQuality:2]]
[2020.01.22-19.36.07:878][  0]LogConfig: Setting CVar [[r.RenderTargetPoolMin:400]]
[2020.01.22-19.36.07:878][  0]LogConfig: Setting CVar [[r.LensFlareQuality:2]]
[2020.01.22-19.36.07:878][  0]LogConfig: Setting CVar [[r.SceneColorFringeQuality:1]]
[2020.01.22-19.36.07:878][  0]LogConfig: Setting CVar [[r.EyeAdaptationQuality:2]]
[2020.01.22-19.36.07:878][  0]LogConfig: Setting CVar [[r.BloomQuality:5]]
[2020.01.22-19.36.07:878][  0]LogConfig: Setting CVar [[r.FastBlurThreshold:100]]
[2020.01.22-19.36.07:879][  0]LogConfig: Setting CVar [[r.Upscale.Quality:3]]
[2020.01.22-19.36.07:879][  0]LogConfig: Setting CVar [[r.Tonemapper.GrainQuantization:1]]
[2020.01.22-19.36.07:879][  0]LogConfig: Setting CVar [[r.LightShaftQuality:1]]
[2020.01.22-19.36.07:879][  0]LogConfig: Setting CVar [[r.Filter.SizeScale:1]]
[2020.01.22-19.36.07:879][  0]LogConfig: Setting CVar [[r.Tonemapper.Quality:5]]
[2020.01.22-19.36.07:879][  0]LogConfig: Setting CVar [[r.DOF.Gather.AccumulatorQuality:1        ; higher gathering accumulator quality]]
[2020.01.22-19.36.07:879][  0]LogConfig: Setting CVar [[r.DOF.Gather.PostfilterMethod:1          ; Median3x3 postfilering method]]
[2020.01.22-19.36.07:879][  0]LogConfig: Setting CVar [[r.DOF.Gather.EnableBokehSettings:0       ; no bokeh simulation when gathering]]
[2020.01.22-19.36.07:879][  0]LogConfig: Setting CVar [[r.DOF.Gather.RingCount:4                 ; medium number of samples when gathering]]
[2020.01.22-19.36.07:879][  0]LogConfig: Setting CVar [[r.DOF.Scatter.ForegroundCompositing:1    ; additive foreground scattering]]
[2020.01.22-19.36.07:879][  0]LogConfig: Setting CVar [[r.DOF.Scatter.BackgroundCompositing:2    ; additive background scattering]]
[2020.01.22-19.36.07:879][  0]LogConfig: Setting CVar [[r.DOF.Scatter.EnableBokehSettings:1      ; bokeh simulation when scattering]]
[2020.01.22-19.36.07:879][  0]LogConfig: Setting CVar [[r.DOF.Scatter.MaxSpriteRatio:0.1         ; only a maximum of 10% of scattered bokeh]]
[2020.01.22-19.36.07:879][  0]LogConfig: Setting CVar [[r.DOF.Recombine.Quality:1                ; cheap slight out of focus]]
[2020.01.22-19.36.07:879][  0]LogConfig: Setting CVar [[r.DOF.Recombine.EnableBokehSettings:0    ; no bokeh simulation on slight out of focus]]
[2020.01.22-19.36.07:879][  0]LogConfig: Setting CVar [[r.DOF.TemporalAAQuality:1                ; more stable temporal accumulation]]
[2020.01.22-19.36.07:879][  0]LogConfig: Setting CVar [[r.DOF.Kernel.MaxForegroundRadius:0.025]]
[2020.01.22-19.36.07:879][  0]LogConfig: Setting CVar [[r.DOF.Kernel.MaxBackgroundRadius:0.025]]
[2020.01.22-19.36.07:879][  0]LogConfig: Applying CVar settings from Section [TextureQuality@3] File [C:/Users/02tyson.watson/Desktop/Tyson Watson/Unreal Prjects/HorrorGame/Saved/Config/Windows/Scalability.ini]
[2020.01.22-19.36.07:879][  0]LogConfig: Setting CVar [[r.Streaming.MipBias:0]]
[2020.01.22-19.36.07:879][  0]LogConfig: Setting CVar [[r.Streaming.AmortizeCPUToGPUCopy:0]]
[2020.01.22-19.36.07:879][  0]LogConfig: Setting CVar [[r.Streaming.MaxNumTexturesToStreamPerFrame:0]]
[2020.01.22-19.36.07:879][  0]LogConfig: Setting CVar [[r.Streaming.Boost:1]]
[2020.01.22-19.36.07:879][  0]LogConfig: Setting CVar [[r.MaxAnisotropy:8]]
[2020.01.22-19.36.07:879][  0]LogConfig: Setting CVar [[r.Streaming.LimitPoolSizeToVRAM:0]]
[2020.01.22-19.36.07:879][  0]LogConfig: Setting CVar [[r.Streaming.PoolSize:1000]]
[2020.01.22-19.36.07:879][  0]LogConfig: Setting CVar [[r.Streaming.MaxEffectiveScreenSize:0]]
[2020.01.22-19.36.07:879][  0]LogConfig: Applying CVar settings from Section [EffectsQuality@3] File [C:/Users/02tyson.watson/Desktop/Tyson Watson/Unreal Prjects/HorrorGame/Saved/Config/Windows/Scalability.ini]
[2020.01.22-19.36.07:879][  0]LogConfig: Setting CVar [[r.TranslucencyLightingVolumeDim:64]]
[2020.01.22-19.36.07:879][  0]LogConfig: Setting CVar [[r.RefractionQuality:2]]
[2020.01.22-19.36.07:879][  0]LogConfig: Setting CVar [[r.SSR.Quality:3]]
[2020.01.22-19.36.07:879][  0]LogConfig: Setting CVar [[r.SceneColorFormat:4]]
[2020.01.22-19.36.07:879][  0]LogConfig: Setting CVar [[r.DetailMode:2]]
[2020.01.22-19.36.07:879][  0]LogConfig: Setting CVar [[r.TranslucencyVolumeBlur:1]]
[2020.01.22-19.36.07:879][  0]LogConfig: Setting CVar [[r.MaterialQualityLevel:1 ; High quality]]
[2020.01.22-19.36.07:879][  0]LogConfig: Setting CVar [[r.SSS.Scale:1]]
[2020.01.22-19.36.07:879][  0]LogConfig: Setting CVar [[r.SSS.SampleSet:2]]
[2020.01.22-19.36.07:879][  0]LogConfig: Setting CVar [[r.SSS.Quality:1]]
[2020.01.22-19.36.07:879][  0]LogConfig: Setting CVar [[r.SSS.HalfRes:1]]
[2020.01.22-19.36.07:879][  0]LogConfig: Setting CVar [[r.EmitterSpawnRateScale:1.0]]
[2020.01.22-19.36.07:879][  0]LogConfig: Setting CVar [[r.ParticleLightQuality:2]]
[2020.01.22-19.36.07:879][  0]LogConfig: Applying CVar settings from Section [FoliageQuality@3] File [C:/Users/02tyson.watson/Desktop/Tyson Watson/Unreal Prjects/HorrorGame/Saved/Config/Windows/Scalability.ini]
[2020.01.22-19.36.07:879][  0]LogConfig: Setting CVar [[foliage.DensityScale:1.0]]
[2020.01.22-19.36.07:879][  0]LogConfig: Setting CVar [[grass.DensityScale:1.0]]
[2020.01.22-19.36.07:879][  0]LogConfig: Applying CVar settings from Section [Startup] File [../../../Engine/Config/ConsoleVariables.ini]
[2020.01.22-19.36.07:880][  0]LogConfig: Setting CVar [[net.UseAdaptiveNetUpdateFrequency:0]]
[2020.01.22-19.36.07:880][  0]LogConfig: Setting CVar [[p.chaos.AllowCreatePhysxBodies:1]]
[2020.01.22-19.36.07:880][  0]LogConfig: Applying CVar settings from Section [ConsoleVariables] File [C:/Users/02tyson.watson/Desktop/Tyson Watson/Unreal Prjects/HorrorGame/Saved/Config/Windows/Engine.ini]
[2020.01.22-19.36.07:880][  0]LogInit: Computer: GUL-HS-2211SD02
[2020.01.22-19.36.07:880][  0]LogInit: User: 02tysonwatson
[2020.01.22-19.36.07:880][  0]LogInit: CPU Page size=4096, Cores=4
[2020.01.22-19.36.07:880][  0]LogInit: High frequency timer resolution =10.000000 MHz
[2020.01.22-19.36.07:880][  0]LogMemory: Memory total: Physical=15.9GB (16GB approx)
[2020.01.22-19.36.07:880][  0]LogMemory: Platform Memory Stats for Windows
[2020.01.22-19.36.07:880][  0]LogMemory: Process Physical Memory: 134.24 MB used, 134.24 MB peak
[2020.01.22-19.36.07:880][  0]LogMemory: Process Virtual Memory: 112.71 MB used, 112.71 MB peak
[2020.01.22-19.36.07:880][  0]LogMemory: Physical Memory: 6531.36 MB used,  9736.67 MB free, 16268.04 MB total
[2020.01.22-19.36.07:880][  0]LogMemory: Virtual Memory: 4812.04 MB used,  134212912.00 MB free, 134217728.00 MB total
[2020.01.22-19.36.07:913][  0]LogInit: Using OS detected language (en-US).
[2020.01.22-19.36.07:913][  0]LogInit: Using OS detected locale (en-US).
[2020.01.22-19.36.07:913][  0]LogTextLocalizationManager: No specific localization for 'en-US' exists, so the 'en' localization will be used.
[2020.01.22-19.36.08:178][  0]LogSlate: New Slate User Created.  User Index 0, Is Virtual User: 0
[2020.01.22-19.36.08:178][  0]LogSlate: Slate User Registered.  User Index 0, Is Virtual User: 0
[2020.01.22-19.36.08:202][  0]LogHMD: Failed to initialize OpenVR with code 110
[2020.01.22-19.36.08:202][  0]LogD3D11RHI: D3D11 adapters:
[2020.01.22-19.36.08:256][  0]LogD3D11RHI:    0. 'Intel(R) HD Graphics 630' (Feature Level 11_0)
[2020.01.22-19.36.08:256][  0]LogD3D11RHI:       128/0/8134 MB DedicatedVideo/DedicatedSystem/SharedSystem, Outputs:2, VendorId:0x8086
[2020.01.22-19.36.08:259][  0]LogD3D11RHI:    1. 'Microsoft Basic Render Driver' (Feature Level 11_0)
[2020.01.22-19.36.08:260][  0]LogD3D11RHI:       0/0/8134 MB DedicatedVideo/DedicatedSystem/SharedSystem, Outputs:0, VendorId:0x1414
[2020.01.22-19.36.08:260][  0]LogD3D11RHI: Chosen D3D11 Adapter: 0
[2020.01.22-19.36.08:265][  0]LogD3D11RHI: Creating new Direct3DDevice
[2020.01.22-19.36.08:266][  0]LogD3D11RHI:     GPU DeviceId: 0x5912 (for the marketing name, search the web for "GPU Device Id")
[2020.01.22-19.36.08:266][  0]LogWindows: EnumDisplayDevices:
[2020.01.22-19.36.08:266][  0]LogWindows:    0. 'Intel(R) HD Graphics 630' (P:0 D:1)
[2020.01.22-19.36.08:266][  0]LogWindows:    1. 'Intel(R) HD Graphics 630' (P:1 D:1)
[2020.01.22-19.36.08:267][  0]LogWindows:    2. 'Intel(R) HD Graphics 630' (P:0 D:0)
[2020.01.22-19.36.08:267][  0]LogWindows: DebugString: FoundDriverCount:3 
[2020.01.22-19.36.08:267][  0]LogD3D11RHI:     Adapter Name: Intel(R) HD Graphics 630
[2020.01.22-19.36.08:267][  0]LogD3D11RHI:   Driver Version: 25.20.100.6374 (internal:25.20.100.6374, unified:25.20.100.6374)
[2020.01.22-19.36.08:267][  0]LogD3D11RHI:      Driver Date: 11-18-2018
[2020.01.22-19.36.08:267][  0]LogRHI: Texture pool is 1523 MB (70% of 2176 MB)
[2020.01.22-19.36.08:312][  0]LogD3D11RHI: Async texture creation enabled
[2020.01.22-19.36.08:316][  0]LogRendererCore: FGlobalReadBuffer::InitRHI
[2020.01.22-19.36.08:316][  0]LogRendererCore: FGlobalReadBuffer::InitRHI
[2020.01.22-19.36.08:316][  0]LogRendererCore: FGlobalReadBuffer::InitRHI
[2020.01.22-19.36.08:318][  0]LogD3D11RHI: GPU Timing Frequency: 12.000048 (Debug: 2 0)
[2020.01.22-19.36.08:636][  0]LogTemp: Display: Module 'WindowsClientTargetPlatform' loaded TargetPlatform 'WindowsClient'
[2020.01.22-19.36.08:649][  0]LogTemp: Display: Module 'WindowsNoEditorTargetPlatform' loaded TargetPlatform 'WindowsNoEditor'
[2020.01.22-19.36.08:660][  0]LogTemp: Display: Module 'WindowsServerTargetPlatform' loaded TargetPlatform 'WindowsServer'
[2020.01.22-19.36.08:666][  0]LogTemp: Display: Module 'WindowsTargetPlatform' loaded TargetPlatform 'Windows'
[2020.01.22-19.36.08:666][  0]LogTargetPlatformManager: Display: Building Assets For Windows
[2020.01.22-19.36.08:674][  0]LogAudioDebug: Display: Lib vorbis DLL was dynamically loaded.
[2020.01.22-19.36.08:718][  0]LogShaderCompilers: Guid format shader working directory is -27 characters bigger than the processId version (../../../../../Users/02tyson.watson/Desktop/Tyson Watson/Unreal Prjects/HorrorGame/Intermediate/Shaders/WorkingDirectory/7724/).
[2020.01.22-19.36.08:718][  0]LogShaderCompilers: Cleaned the shader compiler working directory 'C:/Users/02tyson.watson/AppData/Local/Temp/UnrealShaderWorkingDir/1F9E14E549819F45C240239C83590845/'.
[2020.01.22-19.36.08:720][  0]LogXGEController: Cannot use XGE Controller as Incredibuild is not installed on this machine.
[2020.01.22-19.36.08:720][  0]LogShaderCompilers: Cannot use XGE Shader Compiler as Incredibuild is not installed on this machine.
[2020.01.22-19.36.08:720][  0]LogShaderCompilers: Display: Using Local Shader Compiler.
[2020.01.22-19.36.09:174][  0]LogDerivedDataCache: Display: Max Cache Size: 512 MB
[2020.01.22-19.36.09:216][  0]LogDerivedDataCache: Loaded boot cache 0.04s 71MB C:/Users/02tyson.watson/AppData/Local/UnrealEngine/4.22/DerivedDataCache/Boot.ddc.
[2020.01.22-19.36.09:216][  0]LogDerivedDataCache: Display: Loaded Boot cache: C:/Users/02tyson.watson/AppData/Local/UnrealEngine/4.22/DerivedDataCache/Boot.ddc
[2020.01.22-19.36.09:216][  0]LogDerivedDataCache: FDerivedDataBackendGraph:  Pak pak cache file ../../../../../Users/02tyson.watson/Desktop/Tyson Watson/Unreal Prjects/HorrorGame/DerivedDataCache/DDC.ddp not found, will not use a pak cache.
[2020.01.22-19.36.09:217][  0]LogDerivedDataCache: Unable to find inner node Pak for hierarchical cache Hierarchy.
[2020.01.22-19.36.09:217][  0]LogDerivedDataCache: FDerivedDataBackendGraph:  CompressedPak pak cache file ../../../../../Users/02tyson.watson/Desktop/Tyson Watson/Unreal Prjects/HorrorGame/DerivedDataCache/Compressed.ddp not found, will not use a pak cache.
[2020.01.22-19.36.09:217][  0]LogDerivedDataCache: Unable to find inner node CompressedPak for hierarchical cache Hierarchy.
[2020.01.22-19.36.09:227][  0]LogDerivedDataCache: Display: Pak cache opened for reading ../../../Engine/DerivedDataCache/Compressed.ddp.
[2020.01.22-19.36.09:227][  0]LogDerivedDataCache: FDerivedDataBackendGraph:  EnterprisePak pak cache file ../../../Enterprise/DerivedDataCache/Compressed.ddp not found, will not use a pak cache.
[2020.01.22-19.36.09:227][  0]LogDerivedDataCache: Unable to find inner node EnterprisePak for hierarchical cache Hierarchy.
[2020.01.22-19.36.09:239][  0]LogDerivedDataCache: Using Local data cache path C:/Users/02tyson.watson/AppData/Local/UnrealEngine/Common/DerivedDataCache: Writable
[2020.01.22-19.36.09:239][  0]LogDerivedDataCache: Shared data cache path not found in *engine.ini, will not use an Shared cache.
[2020.01.22-19.36.09:239][  0]LogDerivedDataCache: Unable to find inner node Shared for hierarchical cache Hierarchy.
[2020.01.22-19.36.09:262][  0]LogMaterial: Verifying Global Shaders for PCD3D_SM5
[2020.01.22-19.36.09:263][  0]LogSlate: Using FreeType 2.6.0
[2020.01.22-19.36.09:264][  0]LogSlate: SlateFontServices - WITH_FREETYPE: 1, WITH_HARFBUZZ: 1
[2020.01.22-19.36.09:355][  0]LogInit: Using OS detected language (en-US).
[2020.01.22-19.36.09:355][  0]LogInit: Using OS detected locale (en-US).
[2020.01.22-19.36.09:355][  0]LogTextLocalizationManager: No localization for 'en-US' exists, so 'en' will be used for the language.
[2020.01.22-19.36.09:355][  0]LogTextLocalizationManager: No localization for 'en-US' exists, so 'en' will be used for the locale.
[2020.01.22-19.36.09:355][  0]LogSlate: FontCache flush requested. Reason: Culture for localization was changed
[2020.01.22-19.36.09:355][  0]LogSlate: FontCache flush requested. Reason: Culture for localization was changed
[2020.01.22-19.36.09:356][  0]LogTextLocalizationManager: Compacting localization data took   0.00ms
[2020.01.22-19.36.09:363][  0]LogAssetRegistry: FAssetRegistry took 0.0040 seconds to start up
[2020.01.22-19.36.09:537][  0]LogPackageLocalizationCache: Processed 10 localized package path(s) for 1 prioritized culture(s) in 0.000366 seconds
[2020.01.22-19.36.09:665][  0]LogInit: Selected Device Profile: [Windows]
[2020.01.22-19.36.09:717][  0]LogMeshReduction: Using QuadricMeshReduction for automatic static mesh reduction
[2020.01.22-19.36.09:717][  0]LogMeshReduction: Using SimplygonMeshReduction for automatic skeletal mesh reduction
[2020.01.22-19.36.09:717][  0]LogMeshReduction: Using ProxyLODMeshReduction for automatic mesh merging
[2020.01.22-19.36.09:717][  0]LogMeshReduction: No distributed automatic mesh merging module available
[2020.01.22-19.36.09:717][  0]LogMeshMerging: No distributed automatic mesh merging module available
[2020.01.22-19.36.09:790][  0]LogNetVersion: Horror_Game 1.0.0, NetCL: 5660361, EngineNetVer: 10, GameNetVer: 0 (Checksum: 364352182)
[2020.01.22-19.36.10:231][  0]LogMoviePlayer: Initializing movie player
[2020.01.22-19.36.10:364][  0]LogTcpMessaging: Initializing TcpMessaging bridge
[2020.01.22-19.36.10:377][  0]LogUdpMessaging: Initializing bridge on interface 0.0.0.0:0 to multicast group 230.0.0.1:6666.
[2020.01.22-19.36.10:472][  0]SourceControl: Source control is disabled
[2020.01.22-19.36.10:472][  0]SourceControl: Source control is disabled
[2020.01.22-19.36.10:473][  0]SourceControl: Source control is disabled
[2020.01.22-19.36.10:546][  0]LogAndroidPermission: UAndroidPermissionCallbackProxy::GetInstance
[2020.01.22-19.36.10:627][  0]LogOcInput: OculusInput pre-init called
[2020.01.22-19.36.10:634][  0]LogUObjectArray: 46490 objects as part of root set at end of initial load.
[2020.01.22-19.36.10:634][  0]LogUObjectAllocator: 8177640 out of 0 bytes used by permanent object pool.
[2020.01.22-19.36.10:634][  0]LogUObjectArray: CloseDisregardForGC: 0/0 objects in disregard for GC pool
[2020.01.22-19.36.10:763][  0]LogEngine: Initializing Engine...
[2020.01.22-19.36.10:764][  0]LogHMD: Failed to initialize OpenVR with code 110
[2020.01.22-19.36.10:776][  0]LogStats: UGameplayTagsManager::InitializeManager -  0.000 s
[2020.01.22-19.36.10:899][  0]LogInit: Initializing FReadOnlyCVARCache
[2020.01.22-19.36.10:913][  0]LogInit: XAudio2 using 'Headset Earphone (3- DELL PRO STEREO HEADSET UC150)' : 2 channels at 48 kHz using 16 bits per sample (channel mask 0x3)
[2020.01.22-19.36.10:922][  0]LogInit: FAudioDevice initialized.
[2020.01.22-19.36.10:934][  0]LogNetVersion: Set ProjectVersion to 1.0.0.0. Version Checksum will be recalculated on next use.
[2020.01.22-19.36.10:937][  0]LogInit: Texture streaming: Enabled
[2020.01.22-19.36.11:076][  0]LogSlate: Updating window title bar state: overlay mode, drag disabled, window buttons hidden, title bar hidden
[2020.01.22-19.36.11:076][  0]LogInit: Display: Game Engine Initialized.
[2020.01.22-19.36.11:119][  0]LogInit: Display: Starting Game.
[2020.01.22-19.36.11:119][  0]LogNet: Browse: /Game/Maps/Warped_Quarters_Mutant?Name=Player
[2020.01.22-19.36.11:120][  0]LogLoad: LoadMap: /Game/Maps/Warped_Quarters_Mutant?Name=Player
[2020.01.22-19.36.11:141][  0]LogUObjectHash: Compacting FUObjectHashTables data took   1.58ms
[2020.01.22-19.36.11:418][  0]LogLinker: Warning: Can't find file '/Game/HousingPack02/Textures/T_Lighting_Fixtures_01'
[2020.01.22-19.36.11:418][  0]LoadErrors: Failed to load /Game/HousingPack02/Textures/T_Lighting_Fixtures_01.T_Lighting_Fixtures_01 Referenced by MI_Lighting_Fixtures_01
[2020.01.22-19.36.11:418][  0]LogUObjectGlobals: Warning: Failed to load '/Game/HousingPack02/Textures/T_Lighting_Fixtures_01': Can't find file '/Game/HousingPack02/Textures/T_Lighting_Fixtures_01'
[2020.01.22-19.36.11:418][  0]LogLinker: Warning: Can't find file for asset '/Game/HousingPack02/Textures/T_Lighting_Fixtures_01' while loading NULL.
[2020.01.22-19.36.11:418][  0]LogUObjectGlobals: Warning: Failed to load '/Game/HousingPack02/Textures/T_Lighting_Fixtures_01': Can't find file for asset '/Game/HousingPack02/Textures/T_Lighting_Fixtures_01' while loading NULL.
[2020.01.22-19.36.11:422][  0]LogLinker: Warning: Can't find file '/Game/HousingPack02/Textures/T_Cladding_01_RMA'
[2020.01.22-19.36.11:422][  0]LoadErrors: Failed to load /Game/HousingPack02/Textures/T_Cladding_01_RMA.T_Cladding_01_RMA Referenced by MI_Cladding_01
[2020.01.22-19.36.11:422][  0]LogUObjectGlobals: Warning: Failed to load '/Game/HousingPack02/Textures/T_Cladding_01_RMA': Can't find file '/Game/HousingPack02/Textures/T_Cladding_01_RMA'
[2020.01.22-19.36.11:422][  0]LogLinker: Warning: Can't find file for asset '/Game/HousingPack02/Textures/T_Cladding_01_RMA' while loading NULL.
[2020.01.22-19.36.11:422][  0]LogUObjectGlobals: Warning: Failed to load '/Game/HousingPack02/Textures/T_Cladding_01_RMA': Can't find file for asset '/Game/HousingPack02/Textures/T_Cladding_01_RMA' while loading NULL.
[2020.01.22-19.36.11:614][  0]LogAIModule: Creating AISystem for world Warped_Quarters_Mutant
[2020.01.22-19.36.11:617][  0]LogLoad: Game class is 'ThirdPersonGameMode_C'
[2020.01.22-19.36.11:637][  0]LogWorld: Bringing World /Game/Maps/Warped_Quarters_Mutant.Warped_Quarters_Mutant up for play (max tick rate 0) at 2020.01.22-14.36.11
[2020.01.22-19.36.11:639][  0]LogWorld: Bringing up level for play took: 0.021452
[2020.01.22-19.36.11:646][  0]LogLoad: Took 0.527194 seconds to LoadMap(/Game/Maps/Warped_Quarters_Mutant)
[2020.01.22-19.36.11:717][  0]LogRenderer: Reallocating scene render targets to support 1280x720 Format 10 NumSamples 1 (Frame:1).
[2020.01.22-19.36.11:717][  0]LogLoad: (Engine Initialization) Total time: 6.39 seconds
[2020.01.22-19.36.11:717][  0]LogLoad: (Engine Initialization) Total Blueprint compile time: 0.00 seconds
[2020.01.22-19.36.11:833][  0]LogContentStreaming: Texture pool size now 1000 MB
[2020.01.22-19.36.12:061][  0]LogRenderer: Reallocating scene render targets to support 128x128 Format 10 NumSamples 1 (Frame:1).
[2020.01.22-19.36.12:138][  0]LogRenderer: Reallocating scene render targets to support 1280x720 Format 10 NumSamples 1 (Frame:2).
[2020.01.22-19.36.13:772][ 60]LogPlayerController: Error: InputMode:UIOnly - Attempting to focus Non-Focusable widget SObjectWidget [Widget.cpp(710)]!
[2020.01.22-19.36.16:293][147]LogSlate: Window 'Horror_Game (64-bit Development PCD3D_SM5) ' being destroyed
[2020.01.22-19.36.16:293][147]LogWindowsTextInputMethodSystem: Display: IME system now deactivated.
[2020.01.22-19.36.16:298][147]LogWindowsTextInputMethodSystem: Display: IME system now deactivated.
[2020.01.22-19.36.16:300][147]LogSlate: Updating window title bar state: overlay mode, drag disabled, window buttons hidden, title bar hidden
[2020.01.22-19.36.16:300][147]LogEngine: All Windows Closed
[2020.01.22-19.36.16:300][147]LogWindows: FPlatformMisc::RequestExit(0)
[2020.01.22-19.36.16:772][148]LogExit: Preparing to exit.
[2020.01.22-19.36.16:772][148]LogMoviePlayer: Shutting down movie player
[2020.01.22-19.36.17:393][148]LogSlate: Updating window title bar state: overlay mode, drag disabled, window buttons hidden, title bar hidden
[2020.01.22-19.36.17:409][148]LogExit: Game engine shut down
[2020.01.22-19.36.17:468][148]LogExit: Object subsystem successfully closed.
[2020.01.22-19.36.17:490][148]LogShaderCompilers: Display: Shaders left to compile 0
[2020.01.22-19.36.17:496][148]LogD3D11RHI: Shutdown
[2020.01.22-19.36.17:496][148]LogD3D11RHI: CleanupD3DDevice
[2020.01.22-19.36.17:497][148]LogRendererCore: FGlobalReadBuffer::ReleaseRHI
[2020.01.22-19.36.17:497][148]LogRendererCore: FGlobalDynamicReadBuffer::Cleanup()
[2020.01.22-19.36.17:497][148]LogRendererCore: FGlobalReadBuffer::ReleaseRHI
[2020.01.22-19.36.17:497][148]LogRendererCore: FGlobalDynamicReadBuffer::Cleanup()
[2020.01.22-19.36.17:497][148]LogRendererCore: FGlobalReadBuffer::ReleaseRHI
[2020.01.22-19.36.17:497][148]LogRendererCore: FGlobalDynamicReadBuffer::Cleanup()
[2020.01.22-19.36.17:666][148]LogD3D11RHI: ~FD3D11DynamicRHI
[2020.01.22-19.36.17:682][148]LogModuleManager: Shutting down and abandoning module SequenceRecorderSections (402)
[2020.01.22-19.36.17:682][148]LogModuleManager: Shutting down and abandoning module SequenceRecorder (400)
[2020.01.22-19.36.17:682][148]LogModuleManager: Shutting down and abandoning module AutomationController (398)
[2020.01.22-19.36.17:682][148]LogModuleManager: Shutting down and abandoning module AutomationWorker (396)
[2020.01.22-19.36.17:682][148]LogModuleManager: Shutting down and abandoning module Voice (394)
[2020.01.22-19.36.17:682][148]LogModuleManager: Shutting down and abandoning module AIModule (392)
[2020.01.22-19.36.17:682][148]LogModuleManager: Shutting down and abandoning module GameplayDebugger (391)
[2020.01.22-19.36.17:682][148]LogModuleManager: Shutting down and abandoning module AITestSuite (389)
[2020.01.22-19.36.17:682][148]LogModuleManager: Shutting down and abandoning module NavigationSystem (387)
[2020.01.22-19.36.17:682][148]LogModuleManager: Shutting down and abandoning module OculusMR (384)
[2020.01.22-19.36.17:682][148]LogModuleManager: Shutting down and abandoning module WmfMediaFactory (382)
[2020.01.22-19.36.17:682][148]LogModuleManager: Shutting down and abandoning module WebMMediaFactory (380)
[2020.01.22-19.36.17:682][148]LogModuleManager: Shutting down and abandoning module WebMMedia (378)
[2020.01.22-19.36.17:682][148]LogModuleManager: Shutting down and abandoning module OpenExrWrapper (376)
[2020.01.22-19.36.17:682][148]LogModuleManager: Shutting down and abandoning module ImgMediaFactory (374)
[2020.01.22-19.36.17:682][148]LogModuleManager: Shutting down and abandoning module AvfMediaFactory (372)
[2020.01.22-19.36.17:682][148]LogModuleManager: Shutting down and abandoning module MagicLeapCameraPreviewFactory (370)
[2020.01.22-19.36.17:682][148]LogModuleManager: Shutting down and abandoning module MagicLeapMediaCodecFactory (368)
[2020.01.22-19.36.17:682][148]LogModuleManager: Shutting down and abandoning module MagicLeapMediaFactory (366)
[2020.01.22-19.36.17:682][148]LogModuleManager: Shutting down and abandoning module CharacterAI (364)
[2020.01.22-19.36.17:682][148]LogModuleManager: Shutting down and abandoning module SessionServices (362)
[2020.01.22-19.36.17:682][148]LogModuleManager: Shutting down and abandoning module MovieSceneCapture (360)
[2020.01.22-19.36.17:682][148]LogModuleManager: Shutting down and abandoning module LiveCoding (358)
[2020.01.22-19.36.17:682][148]LogModuleManager: Shutting down and abandoning module LevelSequence (356)
[2020.01.22-19.36.17:682][148]LogModuleManager: Shutting down and abandoning module MovieSceneTracks (354)
[2020.01.22-19.36.17:682][148]LogModuleManager: Shutting down and abandoning module MovieScene (352)
[2020.01.22-19.36.17:682][148]LogModuleManager: Shutting down and abandoning module StreamingPauseRendering (350)
[2020.01.22-19.36.17:682][148]LogModuleManager: Shutting down and abandoning module PortalServices (348)
[2020.01.22-19.36.17:682][148]LogModuleManager: Shutting down and abandoning module PortalRpc (346)
[2020.01.22-19.36.17:683][148]LogModuleManager: Shutting down and abandoning module MessagingRpc (344)
[2020.01.22-19.36.17:683][148]LogModuleManager: Shutting down and abandoning module ImageWriteQueue (342)
[2020.01.22-19.36.17:684][148]LogModuleManager: Shutting down and abandoning module ProfilerService (340)
[2020.01.22-19.36.17:904][148]LogModuleManager: Shutting down and abandoning module TaskGraph (338)
[2020.01.22-19.36.17:904][148]LogModuleManager: Shutting down and abandoning module SteamVRController (336)
[2020.01.22-19.36.17:904][148]LogModuleManager: Shutting down and abandoning module ProceduralMeshComponent (334)
[2020.01.22-19.36.17:904][148]LogModuleManager: Shutting down and abandoning module OculusInput (332)
[2020.01.22-19.36.17:904][148]LogModuleManager: Shutting down and abandoning module MobilePatchingUtils (330)
[2020.01.22-19.36.17:904][148]LogModuleManager: Shutting down and abandoning module EditableMesh (328)
[2020.01.22-19.36.17:904][148]LogModuleManager: Shutting down and abandoning module CustomMeshComponent (326)
[2020.01.22-19.36.17:904][148]LogModuleManager: Shutting down and abandoning module CableComponent (324)
[2020.01.22-19.36.17:904][148]LogModuleManager: Shutting down and abandoning module AudioCapture (322)
[2020.01.22-19.36.17:904][148]LogModuleManager: Shutting down and abandoning module ArchVisCharacter (320)
[2020.01.22-19.36.17:904][148]LogModuleManager: Shutting down and abandoning module AndroidPermission (318)
[2020.01.22-19.36.17:904][148]LogModuleManager: Shutting down and abandoning module NUTUnrealEngine4 (314)
[2020.01.22-19.36.17:904][148]LogModuleManager: Shutting down and abandoning module NetcodeUnitTest (312)
[2020.01.22-19.36.17:904][148]LogModuleManager: Shutting down and abandoning module MediaCompositing (310)
[2020.01.22-19.36.17:904][148]LogModuleManager: Shutting down and abandoning module LinearTimecode (308)
[2020.01.22-19.36.17:904][148]LogModuleManager: Shutting down and abandoning module ImgMedia (306)
[2020.01.22-19.36.17:904][148]LogModuleManager: Shutting down and abandoning module MagicLeapHelperVulkan (304)
[2020.01.22-19.36.17:904][148]LogModuleManager: Shutting down and abandoning module MagicLeapHelperOpenGL (302)
[2020.01.22-19.36.17:904][148]LogModuleManager: Shutting down and abandoning module MagicLeapAudio (300)
[2020.01.22-19.36.17:904][148]LogModuleManager: Shutting down and abandoning module HTML5Networking (298)
[2020.01.22-19.36.17:904][148]LogModuleManager: Shutting down and abandoning module GeometryCacheTracks (296)
[2020.01.22-19.36.17:904][148]LogModuleManager: Shutting down and abandoning module GeometryCacheSequencer (295)
[2020.01.22-19.36.17:904][148]LogModuleManager: Shutting down and abandoning module GeometryCache (292)
[2020.01.22-19.36.17:904][148]LogModuleManager: Shutting down and abandoning module GeometryCacheEd (291)
[2020.01.22-19.36.17:905][148]LogModuleManager: Shutting down and abandoning module BackChannel (288)
[2020.01.22-19.36.17:905][148]LogModuleManager: Shutting down and abandoning module AppleVision (286)
[2020.01.22-19.36.17:905][148]LogModuleManager: Shutting down and abandoning module AppleImageUtilsBlueprintSupport (284)
[2020.01.22-19.36.17:905][148]LogModuleManager: Shutting down and abandoning module AppleImageUtils (282)
[2020.01.22-19.36.17:905][148]LogModuleManager: Shutting down and abandoning module VariantManagerContent (280)
[2020.01.22-19.36.17:905][148]LogModuleManager: Shutting down and abandoning module CryptoKeysOpenSSL (278)
[2020.01.22-19.36.17:905][148]LogModuleManager: Shutting down and abandoning module CryptoKeys (276)
[2020.01.22-19.36.17:905][148]LogModuleManager: Shutting down and abandoning module VisualStudioSourceCodeAccess (274)
[2020.01.22-19.36.17:905][148]LogModuleManager: Shutting down and abandoning module HotReload (273)
[2020.01.22-19.36.17:905][148]LogModuleManager: Shutting down and abandoning module DirectoryWatcher (272)
[2020.01.22-19.36.17:905][148]LogModuleManager: Shutting down and abandoning module VisualStudioCodeSourceCodeAccess (268)
[2020.01.22-19.36.17:905][148]LogModuleManager: Shutting down and abandoning module UObjectPlugin (266)
[2020.01.22-19.36.17:905][148]LogModuleManager: Shutting down and abandoning module SubversionSourceControl (264)
[2020.01.22-19.36.17:905][148]LogModuleManager: Shutting down and abandoning module PerforceSourceControl (262)
[2020.01.22-19.36.17:905][148]LogModuleManager: Shutting down and abandoning module SourceControl (261)
[2020.01.22-19.36.17:905][148]LogModuleManager: Shutting down and abandoning module CLionSourceCodeAccess (258)
[2020.01.22-19.36.17:905][148]LogModuleManager: Shutting down and abandoning module ActorLayerUtilities (256)
[2020.01.22-19.36.17:905][148]LogModuleManager: Shutting down and abandoning module SignificanceManager (254)
[2020.01.22-19.36.17:905][148]LogModuleManager: Shutting down and abandoning module RuntimePhysXCooking (252)
[2020.01.22-19.36.17:905][148]LogModuleManager: Shutting down and abandoning module PhysXVehiclesEditor (250)
[2020.01.22-19.36.17:905][148]LogModuleManager: Shutting down and abandoning module PhysXVehicles (248)
[2020.01.22-19.36.17:905][148]LogModuleManager: Shutting down and abandoning module LocationServicesBPLibrary (246)
[2020.01.22-19.36.17:905][148]LogModuleManager: Shutting down and abandoning module ActorSequence (244)
[2020.01.22-19.36.17:905][148]LogModuleManager: Shutting down and abandoning module UdpMessaging (242)
[2020.01.22-19.36.18:006][148]LogModuleManager: Shutting down and abandoning module TcpMessaging (240)
[2020.01.22-19.36.18:370][148]LogModuleManager: Shutting down and abandoning module MagicLeapIdentity (238)
[2020.01.22-19.36.18:370][148]LogModuleManager: Shutting down and abandoning module MagicLeapSecureStorage (236)
[2020.01.22-19.36.18:370][148]LogModuleManager: Shutting down and abandoning module MagicLeapHandTracking (234)
[2020.01.22-19.36.18:370][148]LogModuleManager: Shutting down and abandoning module MagicLeapEyeTracker (232)
[2020.01.22-19.36.18:370][148]LogModuleManager: Shutting down and abandoning module MagicLeapController (230)
[2020.01.22-19.36.18:371][148]LogSlate: Slate User Destroyed.  User Index 0, Is Virtual User: 0
[2020.01.22-19.36.18:371][148]LogModuleManager: Shutting down and abandoning module MagicLeapAR (228)
[2020.01.22-19.36.18:371][148]LogModuleManager: Shutting down and abandoning module AugmentedReality (227)
[2020.01.22-19.36.18:371][148]LogModuleManager: Shutting down and abandoning module GameplayTagsEditor (224)
[2020.01.22-19.36.18:371][148]LogModuleManager: Shutting down and abandoning module FacialAnimation (222)
[2020.01.22-19.36.18:371][148]LogModuleManager: Shutting down and abandoning module DataValidation (220)
[2020.01.22-19.36.18:371][148]LogModuleManager: Shutting down and abandoning module AssetManagerEditor (218)
[2020.01.22-19.36.18:371][148]LogModuleManager: Shutting down and abandoning module TreeMap (217)
[2020.01.22-19.36.18:371][148]LogModuleManager: Shutting down and abandoning module AnimationSharing (214)
[2020.01.22-19.36.18:371][148]LogModuleManager: Shutting down and abandoning module LightPropagationVolumeRuntime (212)
[2020.01.22-19.36.18:371][148]LogModuleManager: Shutting down and abandoning module AISupportModule (210)
[2020.01.22-19.36.18:371][148]LogModuleManager: Shutting down and abandoning module Paper2D (208)
[2020.01.22-19.36.18:371][148]LogModuleManager: Shutting down and abandoning module WindowsMoviePlayer (206)
[2020.01.22-19.36.18:371][148]LogModuleManager: Shutting down and abandoning module WebMMoviePlayer (204)
[2020.01.22-19.36.18:371][148]LogModuleManager: Shutting down and abandoning module PacketHandler (202)
[2020.01.22-19.36.18:371][148]LogModuleManager: Shutting down and abandoning module ClothingSystemEditor (200)
[2020.01.22-19.36.18:371][148]LogModuleManager: Shutting down and abandoning module ClothingSystemRuntime (198)
[2020.01.22-19.36.18:371][148]LogModuleManager: Shutting down and abandoning module MediaAssets (196)
[2020.01.22-19.36.18:371][148]LogModuleManager: Shutting down and abandoning module Overlay (194)
[2020.01.22-19.36.18:371][148]LogModuleManager: Shutting down and abandoning module OverlayEditor (193)
[2020.01.22-19.36.18:371][148]LogModuleManager: Shutting down and abandoning module EnvironmentQueryEditor (190)
[2020.01.22-19.36.18:371][148]LogModuleManager: Shutting down and abandoning module VREditor (188)
[2020.01.22-19.36.18:371][148]LogModuleManager: Shutting down and abandoning module StringTableEditor (186)
[2020.01.22-19.36.18:371][148]LogModuleManager: Shutting down and abandoning module GameplayTasksEditor (184)
[2020.01.22-19.36.18:371][148]LogModuleManager: Shutting down and abandoning module BehaviorTreeEditor (182)
[2020.01.22-19.36.18:371][148]LogModuleManager: Shutting down and abandoning module FunctionalTesting (180)
[2020.01.22-19.36.18:371][148]LogModuleManager: Shutting down and abandoning module CollisionAnalyzer (178)
[2020.01.22-19.36.18:371][148]LogModuleManager: Shutting down and abandoning module WorkspaceMenuStructure (177)
[2020.01.22-19.36.18:371][148]LogModuleManager: Shutting down and abandoning module UMG (174)
[2020.01.22-19.36.18:371][148]LogModuleManager: Shutting down and abandoning module UMGEditor (173)
[2020.01.22-19.36.18:371][148]LogModuleManager: Shutting down and abandoning module Sequencer (172)
[2020.01.22-19.36.18:371][148]LogModuleManager: Shutting down and abandoning module MessageLog (169)
[2020.01.22-19.36.18:371][148]LogModuleManager: Shutting down and abandoning module SlateReflector (164)
[2020.01.22-19.36.18:371][148]LogModuleManager: Shutting down and abandoning module Slate (162)
[2020.01.22-19.36.18:371][148]LogModuleManager: Shutting down and abandoning module EditorStyle (160)
[2020.01.22-19.36.18:372][148]LogModuleManager: Shutting down and abandoning module UnrealEd (158)
[2020.01.22-19.36.18:373][148]LogModuleManager: Shutting down and abandoning module MRMesh (156)
[2020.01.22-19.36.18:373][148]LogModuleManager: Shutting down and abandoning module Messaging (154)
[2020.01.22-19.36.18:373][148]LogModuleManager: Shutting down and abandoning module SourceCodeAccess (152)
[2020.01.22-19.36.18:373][148]LogModuleManager: Shutting down and abandoning module HeadMountedDisplay (150)
[2020.01.22-19.36.18:373][148]LogModuleManager: Shutting down and abandoning module XAudio2 (148)
[2020.01.22-19.36.18:373][148]LogModuleManager: Shutting down and abandoning module Networking (146)
[2020.01.22-19.36.18:373][148]LogModuleManager: Shutting down and abandoning module Core (144)
[2020.01.22-19.36.18:373][148]LogModuleManager: Shutting down and abandoning module KismetCompiler (142)
[2020.01.22-19.36.18:373][148]LogModuleManager: Shutting down and abandoning module MeshUtilities (140)
[2020.01.22-19.36.18:373][148]LogModuleManager: Shutting down and abandoning module MeshMergeUtilities (139)
[2020.01.22-19.36.18:373][148]LogModuleManager: Shutting down and abandoning module MeshReductionInterface (138)
[2020.01.22-19.36.18:373][148]LogModuleManager: Shutting down and abandoning module SkeletalMeshReduction (137)
[2020.01.22-19.36.18:373][148]LogModuleManager: Shutting down and abandoning module ProxyLODMeshReduction (135)
[2020.01.22-19.36.18:373][148]LogModuleManager: Shutting down and abandoning module QuadricMeshReduction (133)
[2020.01.22-19.36.18:373][148]LogModuleManager: Shutting down and abandoning module MaterialBaking (129)
[2020.01.22-19.36.18:373][148]LogModuleManager: Shutting down and abandoning module PIEPreviewDeviceProfileSelector (124)
[2020.01.22-19.36.18:373][148]LogModuleManager: Shutting down and abandoning module DerivedDataCache (122)
