Log file open, 02/10/20 10:11:28
LogWindows: Failed to load 'aqProf.dll' (GetLastError=126)
LogWindows: File 'aqProf.dll' does not exist
LogWindows: Failed to load 'VtuneApi.dll' (GetLastError=126)
LogWindows: File 'VtuneApi.dll' does not exist
LogWindows: Failed to load 'VtuneApi32e.dll' (GetLastError=126)
LogWindows: File 'VtuneApi32e.dll' does not exist
LogConsoleResponse: Display: Failed to find resolution value strings in scalability ini. Falling back to default.
LogInit: Display: Running engine for game: Horror_Game
LogPakFile: Registered encryption key '00000000000000000000000000000000': 0 pak files mounted, 0 remain pending
LogPlatformFile: Not using cached read wrapper
LogTaskGraph: Started task graph with 5 named threads and 23 total threads with 3 sets of task threads.
LogStats: Stats thread started at 0.369197
LogD3D11RHI: Loaded GFSDK_Aftermath_Lib.x64.dll
LogICUInternationalization: ICU TimeZone Detection - Raw Offset: -5:00, Platform Override: ''
LogPluginManager: Mounting plugin Paper2D
LogPluginManager: Mounting plugin AISupport
LogPluginManager: Mounting plugin LightPropagationVolume
LogPluginManager: Mounting plugin ActorLayerUtilities
LogPluginManager: Mounting plugin AnimationSharing
LogPluginManager: Mounting plugin CLionSourceCodeAccess
LogPluginManager: Mounting plugin CodeLiteSourceCodeAccess
LogPluginManager: Mounting plugin GitSourceControl
LogPluginManager: Mounting plugin KDevelopSourceCodeAccess
LogPluginManager: Mounting plugin NullSourceCodeAccess
LogPluginManager: Mounting plugin PerforceSourceControl
LogPluginManager: Mounting plugin SubversionSourceControl
LogPluginManager: Mounting plugin UObjectPlugin
LogPluginManager: Mounting plugin VisualStudioCodeSourceCodeAccess
LogPluginManager: Mounting plugin VisualStudioSourceCodeAccess
LogPluginManager: Mounting plugin XCodeSourceCodeAccess
LogPluginManager: Mounting plugin AssetManagerEditor
LogPluginManager: Mounting plugin CryptoKeys
LogPluginManager: Mounting plugin DataValidation
LogPluginManager: Mounting plugin FacialAnimation
LogPluginManager: Mounting plugin GameplayTagsEditor
LogPluginManager: Mounting plugin MacGraphicsSwitching
LogPluginManager: Mounting plugin MaterialAnalyzer
LogPluginManager: Mounting plugin MobileLauncherProfileWizard
LogPluginManager: Mounting plugin PluginBrowser
LogPluginManager: Mounting plugin SpeedTreeImporter
LogPluginManager: Mounting plugin DatasmithContent
LogPluginManager: Mounting plugin VariantManagerContent
LogPluginManager: Mounting plugin AlembicImporter
LogPluginManager: Mounting plugin AppleImageUtils
LogPluginManager: Mounting plugin AppleVision
LogPluginManager: Mounting plugin BackChannel
LogPluginManager: Mounting plugin CharacterAI
LogPluginManager: Mounting plugin GeometryCache
LogPluginManager: Mounting plugin HTML5Networking
LogPluginManager: Mounting plugin ProxyLODPlugin
LogPluginManager: Mounting plugin SkeletalReduction
LogPluginManager: Mounting plugin MagicLeap
LogPluginManager: Mounting plugin MagicLeapMedia
LogPluginManager: Mounting plugin AutoSizeComments
LogPluginManager: Mounting plugin AndroidMedia
LogPluginManager: Mounting plugin AvfMedia
LogPluginManager: Mounting plugin ImgMedia
LogPluginManager: Mounting plugin LinearTimecode
LogPluginManager: Mounting plugin MediaCompositing
LogPluginManager: Mounting plugin MediaPlayerEditor
LogPluginManager: Mounting plugin WebMMedia
LogPluginManager: Mounting plugin WmfMedia
LogPluginManager: Mounting plugin TcpMessaging
LogPluginManager: Mounting plugin UdpMessaging
LogPluginManager: Mounting plugin ActorSequence
LogPluginManager: Mounting plugin LevelSequenceEditor
LogPluginManager: Mounting plugin MatineeToLevelSequence
LogPluginManager: Mounting plugin NetcodeUnitTest
LogPluginManager: Mounting plugin NUTUnrealEngine4
LogPluginManager: Mounting plugin OnlineSubsystemGooglePlay
LogPluginManager: Mounting plugin OnlineSubsystemIOS
LogPluginManager: Mounting plugin OnlineSubsystem
LogPluginManager: Mounting plugin OnlineSubsystemNull
LogPluginManager: Mounting plugin OnlineSubsystemSteam
LogPluginManager: Mounting plugin OnlineSubsystemUtils
LogPluginManager: Mounting plugin LauncherChunkInstaller
LogPluginManager: Mounting plugin AndroidDeviceProfileSelector
LogPluginManager: Mounting plugin AndroidMoviePlayer
LogPluginManager: Mounting plugin AndroidPermission
LogPluginManager: Mounting plugin AppleMoviePlayer
LogPluginManager: Mounting plugin ArchVisCharacter
LogPluginManager: Mounting plugin AudioCapture
LogPluginManager: Mounting plugin CableComponent
LogPluginManager: Mounting plugin CustomMeshComponent
LogPluginManager: Mounting plugin EditableMesh
LogPluginManager: Mounting plugin ExampleDeviceProfileSelector
LogPluginManager: Mounting plugin Firebase
LogPluginManager: Mounting plugin GoogleCloudMessaging
LogPluginManager: Mounting plugin IOSDeviceProfileSelector
LogPluginManager: Mounting plugin LinuxDeviceProfileSelector
LogPluginManager: Mounting plugin LocationServicesBPLibrary
LogPluginManager: Mounting plugin MobilePatchingUtils
LogPluginManager: Mounting plugin OculusVR
LogPluginManager: Mounting plugin PhysXVehicles
LogPluginManager: Mounting plugin ProceduralMeshComponent
LogPluginManager: Mounting plugin RuntimePhysXCooking
LogPluginManager: Mounting plugin SignificanceManager
LogPluginManager: Mounting plugin SteamVR
LogPluginManager: Mounting plugin WebMMoviePlayer
LogPluginManager: Mounting plugin WindowsMoviePlayer
LogInit: Using libcurl 7.55.1-DEV
LogInit:  - built for x86_64-pc-win32
LogInit:  - supports SSL with OpenSSL/1.1.1
LogInit:  - supports HTTP deflate (compression) using libz 1.2.8
LogInit:  - other features:
LogInit:      CURL_VERSION_SSL
LogInit:      CURL_VERSION_LIBZ
LogInit:      CURL_VERSION_IPV6
LogInit:      CURL_VERSION_ASYNCHDNS
LogInit:      CURL_VERSION_LARGEFILE
LogInit:      CURL_VERSION_IDN
LogInit:  CurlRequestOptions (configurable via config and command line):
LogInit:  - bVerifyPeer = true  - Libcurl will verify peer certificate
LogInit:  - bUseHttpProxy = false  - Libcurl will NOT use HTTP proxy
LogInit:  - bDontReuseConnections = false  - Libcurl will reuse connections
LogInit:  - MaxHostConnections = 16  - Libcurl will limit the number of connections to a host
LogInit:  - LocalHostAddr = Default
LogInit:  - BufferSize = 65536
LogOnline: Display: STEAM: Loading Steam SDK 1.39
LogOnline: Display: STEAM: OnlineSubsystemSteam::Shutdown()
LogOnline: OSS: Unable to create OnlineSubsystem module Steam
LogInit: WinSock: version 1.1 (2.2), MaxSocks=32767, MaxUdp=65467
LogInit: Build: ++UE4+Release-4.22-CL-7053642
LogInit: Engine Version: 4.22.3-7053642+++UE4+Release-4.22
LogInit: Compatible Engine Version: 4.22.0-5660361+++UE4+Release-4.22
LogInit: Net CL: 5660361
LogInit: OS: Windows 10 (Release 1809) (), CPU:         Intel(R) Core(TM) i7-2600 CPU @ 3.40GHz, GPU: NVIDIA GeForce GT 1030
LogInit: Compiled (64-bit): Jun 18 2019 03:09:11
LogInit: Compiled with Visual C++: 19.16.27025.01
LogInit: Build Configuration: Development
LogInit: Branch Name: ++UE4+Release-4.22
LogInit: Command Line: 
LogInit: Base Directory: D:/Games/UE_4.22/Engine/Binaries/Win64/
LogInit: Installed Engine Build: 1
LogDevObjectVersion: Number of dev versions registered: 23
LogDevObjectVersion:   Dev-Blueprints (B0D832E4-1F89-4F0D-ACCF-7EB736FD4AA2): 10
LogDevObjectVersion:   Dev-Build (E1C64328-A22C-4D53-A36C-8E866417BD8C): 0
LogDevObjectVersion:   Dev-Core (375EC13C-06E4-48FB-B500-84F0262A717E): 3
LogDevObjectVersion:   Dev-Editor (E4B068ED-F494-42E9-A231-DA0B2E46BB41): 30
LogDevObjectVersion:   Dev-Framework (CFFC743F-43B0-4480-9391-14DF171D2073): 35
LogDevObjectVersion:   Dev-Mobile (B02B49B5-BB20-44E9-A304-32B752E40360): 2
LogDevObjectVersion:   Dev-Networking (A4E4105C-59A1-49B5-A7C5-40C4547EDFEE): 0
LogDevObjectVersion:   Dev-Online (39C831C9-5AE6-47DC-9A44-9C173E1C8E7C): 0
LogDevObjectVersion:   Dev-Physics (78F01B33-EBEA-4F98-B9B4-84EACCB95AA2): 0
LogDevObjectVersion:   Dev-Platform (6631380F-2D4D-43E0-8009-CF276956A95A): 0
LogDevObjectVersion:   Dev-Rendering (12F88B9F-8875-4AFC-A67C-D90C383ABD29): 28
LogDevObjectVersion:   Dev-Sequencer (7B5AE74C-D270-4C10-A958-57980B212A5A): 11
LogDevObjectVersion:   Dev-VR (D7296918-1DD6-4BDD-9DE2-64A83CC13884): 2
LogDevObjectVersion:   Dev-LoadTimes (C2A15278-BFE7-4AFE-6C17-90FF531DF755): 1
LogDevObjectVersion:   Private-Geometry (6EACA3D4-40EC-4CC1-B786-8BED09428FC5): 3
LogDevObjectVersion:   Dev-AnimPhys (29E575DD-E0A3-4627-9D10-D276232CDCEA): 17
LogDevObjectVersion:   Dev-Anim (AF43A65D-7FD3-4947-9873-3E8ED9C1BB05): 2
LogDevObjectVersion:   Dev-ReflectionCapture (6B266CEC-1EC7-4B8F-A30B-E4D90942FC07): 1
LogDevObjectVersion:   Dev-Automation (0DF73D61-A23F-47EA-B727-89E90C41499A): 1
LogDevObjectVersion:   FortniteMain (601D1886-AC64-4F84-AA16-D3DE0DEAC7D6): 25
LogDevObjectVersion:   Dev-Enterprise (9DFFBCD6-494F-0158-E221-12823C92A888): 6
LogDevObjectVersion:   Dev-Niagara (F2AED0AC-9AFE-416F-8664-AA7FFA26D6FC): 1
LogDevObjectVersion:   Dev-Destruction (174F1F0B-B4C6-45A5-B13F-2EE8D0FB917D): 2
LogInit: Presizing for max 16777216 objects, including 0 objects not considered by GC, pre-allocating 0 bytes for permanent pool.
LogInit: Object subsystem initialized
LogConfig: Setting CVar [[con.DebugEarlyDefault:1]]
LogConfig: Setting CVar [[r.setres:1280x720]]
[2020.02.10-15.11.29:311][  0]LogConfig: Setting CVar [[r.VSync:0]]
[2020.02.10-15.11.29:311][  0]LogConfig: Setting CVar [[r.RHICmdBypass:0]]
[2020.02.10-15.11.29:311][  0]LogConfig: Applying CVar settings from Section [/Script/Engine.RendererSettings] File [D:/Git/GitHub/Unreal Projects/HorrorGame RnD 2019-2020/HorrorGame/Saved/Config/Windows/Engine.ini]
[2020.02.10-15.11.29:311][  0]LogConfig: Setting CVar [[r.GPUCrashDebugging:0]]
[2020.02.10-15.11.29:311][  0]LogConfig: Applying CVar settings from Section [/Script/Engine.RendererOverrideSettings] File [D:/Git/GitHub/Unreal Projects/HorrorGame RnD 2019-2020/HorrorGame/Saved/Config/Windows/Engine.ini]
[2020.02.10-15.11.29:311][  0]LogConfig: Applying CVar settings from Section [/Script/Engine.StreamingSettings] File [D:/Git/GitHub/Unreal Projects/HorrorGame RnD 2019-2020/HorrorGame/Saved/Config/Windows/Engine.ini]
[2020.02.10-15.11.29:311][  0]LogConfig: Setting CVar [[s.MinBulkDataSizeForAsyncLoading:131072]]
[2020.02.10-15.11.29:311][  0]LogConfig: Setting CVar [[s.AsyncLoadingThreadEnabled:0]]
[2020.02.10-15.11.29:311][  0]LogConfig: Setting CVar [[s.EventDrivenLoaderEnabled:1]]
[2020.02.10-15.11.29:311][  0]LogConfig: Setting CVar [[s.WarnIfTimeLimitExceeded:0]]
[2020.02.10-15.11.29:311][  0]LogConfig: Setting CVar [[s.TimeLimitExceededMultiplier:1.5]]
[2020.02.10-15.11.29:311][  0]LogConfig: Setting CVar [[s.TimeLimitExceededMinTime:0.005]]
[2020.02.10-15.11.29:311][  0]LogConfig: Setting CVar [[s.UseBackgroundLevelStreaming:1]]
[2020.02.10-15.11.29:311][  0]LogConfig: Setting CVar [[s.PriorityAsyncLoadingExtraTime:15.0]]
[2020.02.10-15.11.29:311][  0]LogConfig: Setting CVar [[s.LevelStreamingActorsUpdateTimeLimit:5.0]]
[2020.02.10-15.11.29:311][  0]LogConfig: Setting CVar [[s.PriorityLevelStreamingActorsUpdateExtraTime:5.0]]
[2020.02.10-15.11.29:311][  0]LogConfig: Setting CVar [[s.LevelStreamingComponentsRegistrationGranularity:10]]
[2020.02.10-15.11.29:311][  0]LogConfig: Setting CVar [[s.UnregisterComponentsTimeLimit:1.0]]
[2020.02.10-15.11.29:311][  0]LogConfig: Setting CVar [[s.LevelStreamingComponentsUnregistrationGranularity:5]]
[2020.02.10-15.11.29:311][  0]LogConfig: Applying CVar settings from Section [/Script/Engine.GarbageCollectionSettings] File [D:/Git/GitHub/Unreal Projects/HorrorGame RnD 2019-2020/HorrorGame/Saved/Config/Windows/Engine.ini]
[2020.02.10-15.11.29:311][  0]LogConfig: Setting CVar [[gc.MaxObjectsNotConsideredByGC:1]]
[2020.02.10-15.11.29:311][  0]LogConfig: Setting CVar [[gc.SizeOfPermanentObjectPool:0]]
[2020.02.10-15.11.29:311][  0]LogConfig: Setting CVar [[gc.FlushStreamingOnGC:0]]
[2020.02.10-15.11.29:311][  0]LogConfig: Setting CVar [[gc.NumRetriesBeforeForcingGC:10]]
[2020.02.10-15.11.29:311][  0]LogConfig: Setting CVar [[gc.AllowParallelGC:1]]
[2020.02.10-15.11.29:312][  0]LogConfig: Setting CVar [[gc.TimeBetweenPurgingPendingKillObjects:61.1]]
[2020.02.10-15.11.29:312][  0]LogConfig: Setting CVar [[gc.MaxObjectsInEditor:16777216]]
[2020.02.10-15.11.29:312][  0]LogConfig: Setting CVar [[gc.IncrementalBeginDestroyEnabled:1]]
[2020.02.10-15.11.29:312][  0]LogConfig: Setting CVar [[gc.CreateGCClusters:1]]
[2020.02.10-15.11.29:312][  0]LogConfig: Setting CVar [[gc.MinGCClusterSize:5]]
[2020.02.10-15.11.29:312][  0]LogConfig: Setting CVar [[gc.ActorClusteringEnabled:0]]
[2020.02.10-15.11.29:312][  0]LogConfig: Setting CVar [[gc.BlueprintClusteringEnabled:0]]
[2020.02.10-15.11.29:312][  0]LogConfig: Setting CVar [[gc.UseDisregardForGCOnDedicatedServers:0]]
[2020.02.10-15.11.29:312][  0]LogConfig: Applying CVar settings from Section [/Script/Engine.NetworkSettings] File [D:/Git/GitHub/Unreal Projects/HorrorGame RnD 2019-2020/HorrorGame/Saved/Config/Windows/Engine.ini]
[2020.02.10-15.11.29:312][  0]LogConfig: Applying CVar settings from Section [/Script/UnrealEd.CookerSettings] File [D:/Git/GitHub/Unreal Projects/HorrorGame RnD 2019-2020/HorrorGame/Saved/Config/Windows/Engine.ini]
[2020.02.10-15.11.29:319][  0]LogConfig: Applying CVar settings from Section [ViewDistanceQuality@3] File [D:/Git/GitHub/Unreal Projects/HorrorGame RnD 2019-2020/HorrorGame/Saved/Config/Windows/Scalability.ini]
[2020.02.10-15.11.29:319][  0]LogConfig: Setting CVar [[r.SkeletalMeshLODBias:0]]
[2020.02.10-15.11.29:319][  0]LogConfig: Setting CVar [[r.ViewDistanceScale:1.0]]
[2020.02.10-15.11.29:319][  0]LogConfig: Applying CVar settings from Section [AntiAliasingQuality@3] File [D:/Git/GitHub/Unreal Projects/HorrorGame RnD 2019-2020/HorrorGame/Saved/Config/Windows/Scalability.ini]
[2020.02.10-15.11.29:319][  0]LogConfig: Setting CVar [[r.PostProcessAAQuality:4]]
[2020.02.10-15.11.29:319][  0]LogConfig: Applying CVar settings from Section [ShadowQuality@3] File [D:/Git/GitHub/Unreal Projects/HorrorGame RnD 2019-2020/HorrorGame/Saved/Config/Windows/Scalability.ini]
[2020.02.10-15.11.29:320][  0]LogConfig: Setting CVar [[r.LightFunctionQuality:1]]
[2020.02.10-15.11.29:320][  0]LogConfig: Setting CVar [[r.ShadowQuality:5]]
[2020.02.10-15.11.29:320][  0]LogConfig: Setting CVar [[r.Shadow.CSM.MaxCascades:10]]
[2020.02.10-15.11.29:320][  0]LogConfig: Setting CVar [[r.Shadow.MaxResolution:2048]]
[2020.02.10-15.11.29:320][  0]LogConfig: Setting CVar [[r.Shadow.MaxCSMResolution:2048]]
[2020.02.10-15.11.29:320][  0]LogConfig: Setting CVar [[r.Shadow.RadiusThreshold:0.01]]
[2020.02.10-15.11.29:320][  0]LogConfig: Setting CVar [[r.Shadow.DistanceScale:1.0]]
[2020.02.10-15.11.29:320][  0]LogConfig: Setting CVar [[r.Shadow.CSM.TransitionScale:1.0]]
[2020.02.10-15.11.29:320][  0]LogConfig: Setting CVar [[r.Shadow.PreShadowResolutionFactor:1.0]]
[2020.02.10-15.11.29:320][  0]LogConfig: Setting CVar [[r.DistanceFieldShadowing:1]]
[2020.02.10-15.11.29:320][  0]LogConfig: Setting CVar [[r.DistanceFieldAO:1]]
[2020.02.10-15.11.29:320][  0]LogConfig: Setting CVar [[r.AOQuality:2]]
[2020.02.10-15.11.29:320][  0]LogConfig: Setting CVar [[r.VolumetricFog:1]]
[2020.02.10-15.11.29:320][  0]LogConfig: Setting CVar [[r.VolumetricFog.GridPixelSize:8]]
[2020.02.10-15.11.29:320][  0]LogConfig: Setting CVar [[r.VolumetricFog.GridSizeZ:128]]
[2020.02.10-15.11.29:320][  0]LogConfig: Setting CVar [[r.VolumetricFog.HistoryMissSupersampleCount:4]]
[2020.02.10-15.11.29:320][  0]LogConfig: Setting CVar [[r.LightMaxDrawDistanceScale:1]]
[2020.02.10-15.11.29:320][  0]LogConfig: Setting CVar [[r.CapsuleShadows:1]]
[2020.02.10-15.11.29:320][  0]LogConfig: Applying CVar settings from Section [PostProcessQuality@3] File [D:/Git/GitHub/Unreal Projects/HorrorGame RnD 2019-2020/HorrorGame/Saved/Config/Windows/Scalability.ini]
[2020.02.10-15.11.29:320][  0]LogConfig: Setting CVar [[r.MotionBlurQuality:4]]
[2020.02.10-15.11.29:320][  0]LogConfig: Setting CVar [[r.AmbientOcclusionMipLevelFactor:0.4]]
[2020.02.10-15.11.29:320][  0]LogConfig: Setting CVar [[r.AmbientOcclusionMaxQuality:100]]
[2020.02.10-15.11.29:320][  0]LogConfig: Setting CVar [[r.AmbientOcclusionLevels:-1]]
[2020.02.10-15.11.29:320][  0]LogConfig: Setting CVar [[r.AmbientOcclusionRadiusScale:1.0]]
[2020.02.10-15.11.29:320][  0]LogConfig: Setting CVar [[r.DepthOfFieldQuality:2]]
[2020.02.10-15.11.29:320][  0]LogConfig: Setting CVar [[r.RenderTargetPoolMin:400]]
[2020.02.10-15.11.29:320][  0]LogConfig: Setting CVar [[r.LensFlareQuality:2]]
[2020.02.10-15.11.29:320][  0]LogConfig: Setting CVar [[r.SceneColorFringeQuality:1]]
[2020.02.10-15.11.29:321][  0]LogConfig: Setting CVar [[r.EyeAdaptationQuality:2]]
[2020.02.10-15.11.29:321][  0]LogConfig: Setting CVar [[r.BloomQuality:5]]
[2020.02.10-15.11.29:321][  0]LogConfig: Setting CVar [[r.FastBlurThreshold:100]]
[2020.02.10-15.11.29:321][  0]LogConfig: Setting CVar [[r.Upscale.Quality:3]]
[2020.02.10-15.11.29:321][  0]LogConfig: Setting CVar [[r.Tonemapper.GrainQuantization:1]]
[2020.02.10-15.11.29:321][  0]LogConfig: Setting CVar [[r.LightShaftQuality:1]]
[2020.02.10-15.11.29:321][  0]LogConfig: Setting CVar [[r.Filter.SizeScale:1]]
[2020.02.10-15.11.29:321][  0]LogConfig: Setting CVar [[r.Tonemapper.Quality:5]]
[2020.02.10-15.11.29:321][  0]LogConfig: Setting CVar [[r.DOF.Gather.AccumulatorQuality:1        ; higher gathering accumulator quality]]
[2020.02.10-15.11.29:321][  0]LogConfig: Setting CVar [[r.DOF.Gather.PostfilterMethod:1          ; Median3x3 postfilering method]]
[2020.02.10-15.11.29:321][  0]LogConfig: Setting CVar [[r.DOF.Gather.EnableBokehSettings:0       ; no bokeh simulation when gathering]]
[2020.02.10-15.11.29:321][  0]LogConfig: Setting CVar [[r.DOF.Gather.RingCount:4                 ; medium number of samples when gathering]]
[2020.02.10-15.11.29:321][  0]LogConfig: Setting CVar [[r.DOF.Scatter.ForegroundCompositing:1    ; additive foreground scattering]]
[2020.02.10-15.11.29:321][  0]LogConfig: Setting CVar [[r.DOF.Scatter.BackgroundCompositing:2    ; additive background scattering]]
[2020.02.10-15.11.29:321][  0]LogConfig: Setting CVar [[r.DOF.Scatter.EnableBokehSettings:1      ; bokeh simulation when scattering]]
[2020.02.10-15.11.29:321][  0]LogConfig: Setting CVar [[r.DOF.Scatter.MaxSpriteRatio:0.1         ; only a maximum of 10% of scattered bokeh]]
[2020.02.10-15.11.29:321][  0]LogConfig: Setting CVar [[r.DOF.Recombine.Quality:1                ; cheap slight out of focus]]
[2020.02.10-15.11.29:321][  0]LogConfig: Setting CVar [[r.DOF.Recombine.EnableBokehSettings:0    ; no bokeh simulation on slight out of focus]]
[2020.02.10-15.11.29:321][  0]LogConfig: Setting CVar [[r.DOF.TemporalAAQuality:1                ; more stable temporal accumulation]]
[2020.02.10-15.11.29:321][  0]LogConfig: Setting CVar [[r.DOF.Kernel.MaxForegroundRadius:0.025]]
[2020.02.10-15.11.29:321][  0]LogConfig: Setting CVar [[r.DOF.Kernel.MaxBackgroundRadius:0.025]]
[2020.02.10-15.11.29:321][  0]LogConfig: Applying CVar settings from Section [TextureQuality@3] File [D:/Git/GitHub/Unreal Projects/HorrorGame RnD 2019-2020/HorrorGame/Saved/Config/Windows/Scalability.ini]
[2020.02.10-15.11.29:321][  0]LogConfig: Setting CVar [[r.Streaming.MipBias:0]]
[2020.02.10-15.11.29:321][  0]LogConfig: Setting CVar [[r.Streaming.AmortizeCPUToGPUCopy:0]]
[2020.02.10-15.11.29:321][  0]LogConfig: Setting CVar [[r.Streaming.MaxNumTexturesToStreamPerFrame:0]]
[2020.02.10-15.11.29:321][  0]LogConfig: Setting CVar [[r.Streaming.Boost:1]]
[2020.02.10-15.11.29:321][  0]LogConfig: Setting CVar [[r.MaxAnisotropy:8]]
[2020.02.10-15.11.29:321][  0]LogConfig: Setting CVar [[r.Streaming.LimitPoolSizeToVRAM:0]]
[2020.02.10-15.11.29:321][  0]LogConfig: Setting CVar [[r.Streaming.PoolSize:1000]]
[2020.02.10-15.11.29:322][  0]LogConfig: Setting CVar [[r.Streaming.MaxEffectiveScreenSize:0]]
[2020.02.10-15.11.29:322][  0]LogConfig: Applying CVar settings from Section [EffectsQuality@3] File [D:/Git/GitHub/Unreal Projects/HorrorGame RnD 2019-2020/HorrorGame/Saved/Config/Windows/Scalability.ini]
[2020.02.10-15.11.29:322][  0]LogConfig: Setting CVar [[r.TranslucencyLightingVolumeDim:64]]
[2020.02.10-15.11.29:322][  0]LogConfig: Setting CVar [[r.RefractionQuality:2]]
[2020.02.10-15.11.29:322][  0]LogConfig: Setting CVar [[r.SSR.Quality:3]]
[2020.02.10-15.11.29:322][  0]LogConfig: Setting CVar [[r.SceneColorFormat:4]]
[2020.02.10-15.11.29:322][  0]LogConfig: Setting CVar [[r.DetailMode:2]]
[2020.02.10-15.11.29:322][  0]LogConfig: Setting CVar [[r.TranslucencyVolumeBlur:1]]
[2020.02.10-15.11.29:322][  0]LogConfig: Setting CVar [[r.MaterialQualityLevel:1 ; High quality]]
[2020.02.10-15.11.29:322][  0]LogConfig: Setting CVar [[r.SSS.Scale:1]]
[2020.02.10-15.11.29:322][  0]LogConfig: Setting CVar [[r.SSS.SampleSet:2]]
[2020.02.10-15.11.29:322][  0]LogConfig: Setting CVar [[r.SSS.Quality:1]]
[2020.02.10-15.11.29:322][  0]LogConfig: Setting CVar [[r.SSS.HalfRes:1]]
[2020.02.10-15.11.29:322][  0]LogConfig: Setting CVar [[r.EmitterSpawnRateScale:1.0]]
[2020.02.10-15.11.29:322][  0]LogConfig: Setting CVar [[r.ParticleLightQuality:2]]
[2020.02.10-15.11.29:322][  0]LogConfig: Applying CVar settings from Section [FoliageQuality@3] File [D:/Git/GitHub/Unreal Projects/HorrorGame RnD 2019-2020/HorrorGame/Saved/Config/Windows/Scalability.ini]
[2020.02.10-15.11.29:322][  0]LogConfig: Setting CVar [[foliage.DensityScale:1.0]]
[2020.02.10-15.11.29:322][  0]LogConfig: Setting CVar [[grass.DensityScale:1.0]]
[2020.02.10-15.11.29:322][  0]LogInit: Selected Device Profile: [Windows]
[2020.02.10-15.11.29:322][  0]LogInit: Applying CVar settings loaded from the selected device profile: [Windows]
[2020.02.10-15.11.29:353][  0]LogHAL: Display: Platform has ~ 32 GB [34314539008 / 34359738368 / 32], which maps to Largest [LargestMinGB=32, LargerMinGB=12, DefaultMinGB=8, SmallerMinGB=6, SmallestMinGB=0)
[2020.02.10-15.11.29:353][  0]LogConfig: Setting CVar [[r.Vulkan.UseRealUBs:0		; Required until we fix HLR fall-out]]
[2020.02.10-15.11.29:353][  0]LogInit: Going up to parent DeviceProfile []
[2020.02.10-15.11.29:353][  0]LogConfig: Applying CVar settings from Section [ViewDistanceQuality@3] File [D:/Git/GitHub/Unreal Projects/HorrorGame RnD 2019-2020/HorrorGame/Saved/Config/Windows/Scalability.ini]
[2020.02.10-15.11.29:353][  0]LogConfig: Setting CVar [[r.SkeletalMeshLODBias:0]]
[2020.02.10-15.11.29:353][  0]LogConfig: Setting CVar [[r.ViewDistanceScale:1.0]]
[2020.02.10-15.11.29:353][  0]LogConfig: Applying CVar settings from Section [AntiAliasingQuality@3] File [D:/Git/GitHub/Unreal Projects/HorrorGame RnD 2019-2020/HorrorGame/Saved/Config/Windows/Scalability.ini]
[2020.02.10-15.11.29:353][  0]LogConfig: Setting CVar [[r.PostProcessAAQuality:4]]
[2020.02.10-15.11.29:353][  0]LogConfig: Applying CVar settings from Section [ShadowQuality@3] File [D:/Git/GitHub/Unreal Projects/HorrorGame RnD 2019-2020/HorrorGame/Saved/Config/Windows/Scalability.ini]
[2020.02.10-15.11.29:353][  0]LogConfig: Setting CVar [[r.LightFunctionQuality:1]]
[2020.02.10-15.11.29:353][  0]LogConfig: Setting CVar [[r.ShadowQuality:5]]
[2020.02.10-15.11.29:353][  0]LogConfig: Setting CVar [[r.Shadow.CSM.MaxCascades:10]]
[2020.02.10-15.11.29:353][  0]LogConfig: Setting CVar [[r.Shadow.MaxResolution:2048]]
[2020.02.10-15.11.29:353][  0]LogConfig: Setting CVar [[r.Shadow.MaxCSMResolution:2048]]
[2020.02.10-15.11.29:353][  0]LogConfig: Setting CVar [[r.Shadow.RadiusThreshold:0.01]]
[2020.02.10-15.11.29:353][  0]LogConfig: Setting CVar [[r.Shadow.DistanceScale:1.0]]
[2020.02.10-15.11.29:353][  0]LogConfig: Setting CVar [[r.Shadow.CSM.TransitionScale:1.0]]
[2020.02.10-15.11.29:353][  0]LogConfig: Setting CVar [[r.Shadow.PreShadowResolutionFactor:1.0]]
[2020.02.10-15.11.29:353][  0]LogConfig: Setting CVar [[r.DistanceFieldShadowing:1]]
[2020.02.10-15.11.29:353][  0]LogConfig: Setting CVar [[r.DistanceFieldAO:1]]
[2020.02.10-15.11.29:353][  0]LogConfig: Setting CVar [[r.AOQuality:2]]
[2020.02.10-15.11.29:353][  0]LogConfig: Setting CVar [[r.VolumetricFog:1]]
[2020.02.10-15.11.29:354][  0]LogConfig: Setting CVar [[r.VolumetricFog.GridPixelSize:8]]
[2020.02.10-15.11.29:354][  0]LogConfig: Setting CVar [[r.VolumetricFog.GridSizeZ:128]]
[2020.02.10-15.11.29:354][  0]LogConfig: Setting CVar [[r.VolumetricFog.HistoryMissSupersampleCount:4]]
[2020.02.10-15.11.29:354][  0]LogConfig: Setting CVar [[r.LightMaxDrawDistanceScale:1]]
[2020.02.10-15.11.29:354][  0]LogConfig: Setting CVar [[r.CapsuleShadows:1]]
[2020.02.10-15.11.29:354][  0]LogConfig: Applying CVar settings from Section [PostProcessQuality@3] File [D:/Git/GitHub/Unreal Projects/HorrorGame RnD 2019-2020/HorrorGame/Saved/Config/Windows/Scalability.ini]
[2020.02.10-15.11.29:354][  0]LogConfig: Setting CVar [[r.MotionBlurQuality:4]]
[2020.02.10-15.11.29:354][  0]LogConfig: Setting CVar [[r.AmbientOcclusionMipLevelFactor:0.4]]
[2020.02.10-15.11.29:354][  0]LogConfig: Setting CVar [[r.AmbientOcclusionMaxQuality:100]]
[2020.02.10-15.11.29:354][  0]LogConfig: Setting CVar [[r.AmbientOcclusionLevels:-1]]
[2020.02.10-15.11.29:354][  0]LogConfig: Setting CVar [[r.AmbientOcclusionRadiusScale:1.0]]
[2020.02.10-15.11.29:354][  0]LogConfig: Setting CVar [[r.DepthOfFieldQuality:2]]
[2020.02.10-15.11.29:354][  0]LogConfig: Setting CVar [[r.RenderTargetPoolMin:400]]
[2020.02.10-15.11.29:354][  0]LogConfig: Setting CVar [[r.LensFlareQuality:2]]
[2020.02.10-15.11.29:354][  0]LogConfig: Setting CVar [[r.SceneColorFringeQuality:1]]
[2020.02.10-15.11.29:354][  0]LogConfig: Setting CVar [[r.EyeAdaptationQuality:2]]
[2020.02.10-15.11.29:354][  0]LogConfig: Setting CVar [[r.BloomQuality:5]]
[2020.02.10-15.11.29:354][  0]LogConfig: Setting CVar [[r.FastBlurThreshold:100]]
[2020.02.10-15.11.29:354][  0]LogConfig: Setting CVar [[r.Upscale.Quality:3]]
[2020.02.10-15.11.29:354][  0]LogConfig: Setting CVar [[r.Tonemapper.GrainQuantization:1]]
[2020.02.10-15.11.29:354][  0]LogConfig: Setting CVar [[r.LightShaftQuality:1]]
[2020.02.10-15.11.29:354][  0]LogConfig: Setting CVar [[r.Filter.SizeScale:1]]
[2020.02.10-15.11.29:354][  0]LogConfig: Setting CVar [[r.Tonemapper.Quality:5]]
[2020.02.10-15.11.29:354][  0]LogConfig: Setting CVar [[r.DOF.Gather.AccumulatorQuality:1        ; higher gathering accumulator quality]]
[2020.02.10-15.11.29:354][  0]LogConfig: Setting CVar [[r.DOF.Gather.PostfilterMethod:1          ; Median3x3 postfilering method]]
[2020.02.10-15.11.29:354][  0]LogConfig: Setting CVar [[r.DOF.Gather.EnableBokehSettings:0       ; no bokeh simulation when gathering]]
[2020.02.10-15.11.29:354][  0]LogConfig: Setting CVar [[r.DOF.Gather.RingCount:4                 ; medium number of samples when gathering]]
[2020.02.10-15.11.29:354][  0]LogConfig: Setting CVar [[r.DOF.Scatter.ForegroundCompositing:1    ; additive foreground scattering]]
[2020.02.10-15.11.29:354][  0]LogConfig: Setting CVar [[r.DOF.Scatter.BackgroundCompositing:2    ; additive background scattering]]
[2020.02.10-15.11.29:354][  0]LogConfig: Setting CVar [[r.DOF.Scatter.EnableBokehSettings:1      ; bokeh simulation when scattering]]
[2020.02.10-15.11.29:354][  0]LogConfig: Setting CVar [[r.DOF.Scatter.MaxSpriteRatio:0.1         ; only a maximum of 10% of scattered bokeh]]
[2020.02.10-15.11.29:355][  0]LogConfig: Setting CVar [[r.DOF.Recombine.Quality:1                ; cheap slight out of focus]]
[2020.02.10-15.11.29:355][  0]LogConfig: Setting CVar [[r.DOF.Recombine.EnableBokehSettings:0    ; no bokeh simulation on slight out of focus]]
[2020.02.10-15.11.29:355][  0]LogConfig: Setting CVar [[r.DOF.TemporalAAQuality:1                ; more stable temporal accumulation]]
[2020.02.10-15.11.29:355][  0]LogConfig: Setting CVar [[r.DOF.Kernel.MaxForegroundRadius:0.025]]
[2020.02.10-15.11.29:355][  0]LogConfig: Setting CVar [[r.DOF.Kernel.MaxBackgroundRadius:0.025]]
[2020.02.10-15.11.29:355][  0]LogConfig: Applying CVar settings from Section [TextureQuality@3] File [D:/Git/GitHub/Unreal Projects/HorrorGame RnD 2019-2020/HorrorGame/Saved/Config/Windows/Scalability.ini]
[2020.02.10-15.11.29:355][  0]LogConfig: Setting CVar [[r.Streaming.MipBias:0]]
[2020.02.10-15.11.29:355][  0]LogConfig: Setting CVar [[r.Streaming.AmortizeCPUToGPUCopy:0]]
[2020.02.10-15.11.29:355][  0]LogConfig: Setting CVar [[r.Streaming.MaxNumTexturesToStreamPerFrame:0]]
[2020.02.10-15.11.29:355][  0]LogConfig: Setting CVar [[r.Streaming.Boost:1]]
[2020.02.10-15.11.29:355][  0]LogConfig: Setting CVar [[r.MaxAnisotropy:8]]
[2020.02.10-15.11.29:355][  0]LogConfig: Setting CVar [[r.Streaming.LimitPoolSizeToVRAM:0]]
[2020.02.10-15.11.29:355][  0]LogConfig: Setting CVar [[r.Streaming.PoolSize:1000]]
[2020.02.10-15.11.29:355][  0]LogConfig: Setting CVar [[r.Streaming.MaxEffectiveScreenSize:0]]
[2020.02.10-15.11.29:355][  0]LogConfig: Applying CVar settings from Section [EffectsQuality@3] File [D:/Git/GitHub/Unreal Projects/HorrorGame RnD 2019-2020/HorrorGame/Saved/Config/Windows/Scalability.ini]
[2020.02.10-15.11.29:355][  0]LogConfig: Setting CVar [[r.TranslucencyLightingVolumeDim:64]]
[2020.02.10-15.11.29:355][  0]LogConfig: Setting CVar [[r.RefractionQuality:2]]
[2020.02.10-15.11.29:355][  0]LogConfig: Setting CVar [[r.SSR.Quality:3]]
[2020.02.10-15.11.29:355][  0]LogConfig: Setting CVar [[r.SceneColorFormat:4]]
[2020.02.10-15.11.29:355][  0]LogConfig: Setting CVar [[r.DetailMode:2]]
[2020.02.10-15.11.29:355][  0]LogConfig: Setting CVar [[r.TranslucencyVolumeBlur:1]]
[2020.02.10-15.11.29:355][  0]LogConfig: Setting CVar [[r.MaterialQualityLevel:1 ; High quality]]
[2020.02.10-15.11.29:355][  0]LogConfig: Setting CVar [[r.SSS.Scale:1]]
[2020.02.10-15.11.29:355][  0]LogConfig: Setting CVar [[r.SSS.SampleSet:2]]
[2020.02.10-15.11.29:355][  0]LogConfig: Setting CVar [[r.SSS.Quality:1]]
[2020.02.10-15.11.29:355][  0]LogConfig: Setting CVar [[r.SSS.HalfRes:1]]
[2020.02.10-15.11.29:355][  0]LogConfig: Setting CVar [[r.EmitterSpawnRateScale:1.0]]
[2020.02.10-15.11.29:355][  0]LogConfig: Setting CVar [[r.ParticleLightQuality:2]]
[2020.02.10-15.11.29:355][  0]LogConfig: Applying CVar settings from Section [FoliageQuality@3] File [D:/Git/GitHub/Unreal Projects/HorrorGame RnD 2019-2020/HorrorGame/Saved/Config/Windows/Scalability.ini]
[2020.02.10-15.11.29:355][  0]LogConfig: Setting CVar [[foliage.DensityScale:1.0]]
[2020.02.10-15.11.29:356][  0]LogConfig: Setting CVar [[grass.DensityScale:1.0]]
[2020.02.10-15.11.29:356][  0]LogConfig: Applying CVar settings from Section [Startup] File [../../../Engine/Config/ConsoleVariables.ini]
[2020.02.10-15.11.29:356][  0]LogConfig: Setting CVar [[net.UseAdaptiveNetUpdateFrequency:0]]
[2020.02.10-15.11.29:356][  0]LogConfig: Setting CVar [[p.chaos.AllowCreatePhysxBodies:1]]
[2020.02.10-15.11.29:356][  0]LogConfig: Applying CVar settings from Section [ConsoleVariables] File [D:/Git/GitHub/Unreal Projects/HorrorGame RnD 2019-2020/HorrorGame/Saved/Config/Windows/Engine.ini]
[2020.02.10-15.11.29:356][  0]LogInit: Computer: KADEN-DESKTOP
[2020.02.10-15.11.29:356][  0]LogInit: User: KadenSeeger
[2020.02.10-15.11.29:356][  0]LogInit: CPU Page size=4096, Cores=4
[2020.02.10-15.11.29:356][  0]LogInit: High frequency timer resolution =10.000000 MHz
[2020.02.10-15.11.29:357][  0]LogMemory: Memory total: Physical=32.0GB (32GB approx)
[2020.02.10-15.11.29:357][  0]LogMemory: Platform Memory Stats for Windows
[2020.02.10-15.11.29:357][  0]LogMemory: Process Physical Memory: 98.93 MB used, 98.93 MB peak
[2020.02.10-15.11.29:357][  0]LogMemory: Process Virtual Memory: 86.66 MB used, 86.66 MB peak
[2020.02.10-15.11.29:357][  0]LogMemory: Physical Memory: 5871.25 MB used,  26853.65 MB free, 32724.89 MB total
[2020.02.10-15.11.29:357][  0]LogMemory: Virtual Memory: 4655.31 MB used,  134213072.00 MB free, 134217728.00 MB total
[2020.02.10-15.11.29:395][  0]LogInit: Using OS detected language (en-US).
[2020.02.10-15.11.29:395][  0]LogInit: Using OS detected locale (en-US).
[2020.02.10-15.11.29:396][  0]LogTextLocalizationManager: No specific localization for 'en-US' exists, so the 'en' localization will be used.
[2020.02.10-15.11.29:725][  0]LogInit: Setting process to per monitor DPI aware
[2020.02.10-15.11.29:802][  0]LogSlate: New Slate User Created.  User Index 0, Is Virtual User: 0
[2020.02.10-15.11.29:802][  0]LogSlate: Slate User Registered.  User Index 0, Is Virtual User: 0
[2020.02.10-15.11.30:225][  0]LogHMD: Failed to initialize OpenVR with code 110
[2020.02.10-15.11.30:225][  0]LogD3D11RHI: D3D11 adapters:
[2020.02.10-15.11.30:386][  0]LogD3D11RHI:    0. 'NVIDIA GeForce GT 1030' (Feature Level 11_0)
[2020.02.10-15.11.30:386][  0]LogD3D11RHI:       1982/0/16362 MB DedicatedVideo/DedicatedSystem/SharedSystem, Outputs:2, VendorId:0x10de
[2020.02.10-15.11.30:390][  0]LogD3D11RHI:    1. 'Microsoft Basic Render Driver' (Feature Level 11_0)
[2020.02.10-15.11.30:390][  0]LogD3D11RHI:       0/0/16362 MB DedicatedVideo/DedicatedSystem/SharedSystem, Outputs:0, VendorId:0x1414
[2020.02.10-15.11.30:390][  0]LogD3D11RHI: Chosen D3D11 Adapter: 0
[2020.02.10-15.11.30:402][  0]LogD3D11RHI: Creating new Direct3DDevice
[2020.02.10-15.11.30:402][  0]LogD3D11RHI:     GPU DeviceId: 0x1d01 (for the marketing name, search the web for "GPU Device Id")
[2020.02.10-15.11.30:402][  0]LogWindows: EnumDisplayDevices:
[2020.02.10-15.11.30:403][  0]LogWindows:    0. 'NVIDIA GeForce GT 1030' (P:1 D:1)
[2020.02.10-15.11.30:403][  0]LogWindows:    1. 'NVIDIA GeForce GT 1030' (P:0 D:1)
[2020.02.10-15.11.30:404][  0]LogWindows: DebugString: FoundDriverCount:2 
[2020.02.10-15.11.30:404][  0]LogD3D11RHI:     Adapter Name: NVIDIA GeForce GT 1030
[2020.02.10-15.11.30:404][  0]LogD3D11RHI:   Driver Version: 432.00 (internal:26.21.14.3200, unified:432.00)
[2020.02.10-15.11.30:404][  0]LogD3D11RHI:      Driver Date: 7-24-2019
[2020.02.10-15.11.30:404][  0]LogRHI: Texture pool is 1387 MB (70% of 1982 MB)
[2020.02.10-15.11.30:523][  0]LogD3D11RHI: Async texture creation enabled
[2020.02.10-15.11.30:534][  0]LogRendererCore: FGlobalReadBuffer::InitRHI
[2020.02.10-15.11.30:535][  0]LogRendererCore: FGlobalReadBuffer::InitRHI
[2020.02.10-15.11.30:535][  0]LogRendererCore: FGlobalReadBuffer::InitRHI
[2020.02.10-15.11.30:547][  0]LogD3D11RHI: GPU Timing Frequency: 1000.000000 (Debug: 2 1)
[2020.02.10-15.11.31:408][  0]LogTemp: Display: Module 'AllDesktopTargetPlatform' loaded TargetPlatform 'AllDesktop'
[2020.02.10-15.11.31:441][  0]LogTemp: Display: Module 'MacClientTargetPlatform' loaded TargetPlatform 'MacClient'
[2020.02.10-15.11.31:474][  0]LogTemp: Display: Module 'MacNoEditorTargetPlatform' loaded TargetPlatform 'MacNoEditor'
[2020.02.10-15.11.31:506][  0]LogTemp: Display: Module 'MacServerTargetPlatform' loaded TargetPlatform 'MacServer'
[2020.02.10-15.11.31:539][  0]LogTemp: Display: Module 'MacTargetPlatform' loaded TargetPlatform 'Mac'
[2020.02.10-15.11.31:572][  0]LogTemp: Display: Module 'WindowsClientTargetPlatform' loaded TargetPlatform 'WindowsClient'
[2020.02.10-15.11.31:606][  0]LogTemp: Display: Module 'WindowsNoEditorTargetPlatform' loaded TargetPlatform 'WindowsNoEditor'
[2020.02.10-15.11.31:639][  0]LogTemp: Display: Module 'WindowsServerTargetPlatform' loaded TargetPlatform 'WindowsServer'
[2020.02.10-15.11.31:653][  0]LogTemp: Display: Module 'WindowsTargetPlatform' loaded TargetPlatform 'Windows'
[2020.02.10-15.11.31:863][  0]LogTemp: Display: Module 'AndroidTargetPlatform' loaded TargetPlatform 'Android'
[2020.02.10-15.11.31:863][  0]LogTemp: Display: Module 'AndroidTargetPlatform' loaded TargetPlatform 'Android_ASTC'
[2020.02.10-15.11.31:863][  0]LogTemp: Display: Module 'AndroidTargetPlatform' loaded TargetPlatform 'Android_ATC'
[2020.02.10-15.11.31:863][  0]LogTemp: Display: Module 'AndroidTargetPlatform' loaded TargetPlatform 'Android_DXT'
[2020.02.10-15.11.31:863][  0]LogTemp: Display: Module 'AndroidTargetPlatform' loaded TargetPlatform 'Android_ETC1'
[2020.02.10-15.11.31:863][  0]LogTemp: Display: Module 'AndroidTargetPlatform' loaded TargetPlatform 'Android_ETC1a'
[2020.02.10-15.11.31:863][  0]LogTemp: Display: Module 'AndroidTargetPlatform' loaded TargetPlatform 'Android_ETC2'
[2020.02.10-15.11.31:863][  0]LogTemp: Display: Module 'AndroidTargetPlatform' loaded TargetPlatform 'Android_PVRTC'
[2020.02.10-15.11.31:863][  0]LogTemp: Display: Module 'AndroidTargetPlatform' loaded TargetPlatform 'AndroidClient'
[2020.02.10-15.11.31:863][  0]LogTemp: Display: Module 'AndroidTargetPlatform' loaded TargetPlatform 'Android_ASTCClient'
[2020.02.10-15.11.31:863][  0]LogTemp: Display: Module 'AndroidTargetPlatform' loaded TargetPlatform 'Android_ATCClient'
[2020.02.10-15.11.31:863][  0]LogTemp: Display: Module 'AndroidTargetPlatform' loaded TargetPlatform 'Android_DXTClient'
[2020.02.10-15.11.31:863][  0]LogTemp: Display: Module 'AndroidTargetPlatform' loaded TargetPlatform 'Android_ETC1Client'
[2020.02.10-15.11.31:863][  0]LogTemp: Display: Module 'AndroidTargetPlatform' loaded TargetPlatform 'Android_ETC1aClient'
[2020.02.10-15.11.31:863][  0]LogTemp: Display: Module 'AndroidTargetPlatform' loaded TargetPlatform 'Android_ETC2Client'
[2020.02.10-15.11.31:863][  0]LogTemp: Display: Module 'AndroidTargetPlatform' loaded TargetPlatform 'Android_PVRTCClient'
[2020.02.10-15.11.31:863][  0]LogTemp: Display: Module 'AndroidTargetPlatform' loaded TargetPlatform 'Android_Multi'
[2020.02.10-15.11.31:863][  0]LogTemp: Display: Module 'AndroidTargetPlatform' loaded TargetPlatform 'Android_MultiClient'
[2020.02.10-15.11.31:868][  0]LogTemp: Display: Module 'HTML5TargetPlatform' loaded TargetPlatform 'HTML5'
[2020.02.10-15.11.31:963][  0]LogTemp: Display: Module 'IOSTargetPlatform' loaded TargetPlatform 'IOSClient'
[2020.02.10-15.11.31:963][  0]LogTemp: Display: Module 'IOSTargetPlatform' loaded TargetPlatform 'IOS'
[2020.02.10-15.11.32:025][  0]LogTemp: Display: Module 'TVOSTargetPlatform' loaded TargetPlatform 'TVOSClient'
[2020.02.10-15.11.32:025][  0]LogTemp: Display: Module 'TVOSTargetPlatform' loaded TargetPlatform 'TVOS'
[2020.02.10-15.11.32:056][  0]LogTemp: Display: Module 'LinuxClientTargetPlatform' loaded TargetPlatform 'LinuxClient'
[2020.02.10-15.11.32:087][  0]LogTemp: Display: Module 'LinuxNoEditorTargetPlatform' loaded TargetPlatform 'LinuxNoEditor'
[2020.02.10-15.11.32:120][  0]LogTemp: Display: Module 'LinuxServerTargetPlatform' loaded TargetPlatform 'LinuxServer'
[2020.02.10-15.11.32:153][  0]LogTemp: Display: Module 'LinuxTargetPlatform' loaded TargetPlatform 'Linux'
[2020.02.10-15.11.32:265][  0]LogTemp: Display: Module 'LuminTargetPlatform' loaded TargetPlatform 'Lumin'
[2020.02.10-15.11.32:265][  0]LogTemp: Display: Module 'LuminTargetPlatform' loaded TargetPlatform 'LuminClient'
[2020.02.10-15.11.32:266][  0]LogTargetPlatformManager: Display: Building Assets For Windows
[2020.02.10-15.11.32:281][  0]LogAudioDebug: Display: Lib vorbis DLL was dynamically loaded.
[2020.02.10-15.11.32:360][  0]LogShaderCompilers: Guid format shader working directory is -25 characters bigger than the processId version (../../../../../Git/GitHub/Unreal Projects/HorrorGame RnD 2019-2020/HorrorGame/Intermediate/Shaders/WorkingDirectory/12544/).
[2020.02.10-15.11.32:361][  0]LogShaderCompilers: Cleaned the shader compiler working directory 'C:/Users/Kaden Seeger/AppData/Local/Temp/UnrealShaderWorkingDir/EF28425445748F4D96CFEDAAD3AF5269/'.
[2020.02.10-15.11.32:364][  0]LogXGEController: Cannot use XGE Controller as Incredibuild is not installed on this machine.
[2020.02.10-15.11.32:364][  0]LogShaderCompilers: Cannot use XGE Shader Compiler as Incredibuild is not installed on this machine.
[2020.02.10-15.11.32:364][  0]LogShaderCompilers: Display: Using Local Shader Compiler.
[2020.02.10-15.11.33:787][  0]LogDerivedDataCache: Display: Max Cache Size: 512 MB
[2020.02.10-15.11.33:892][  0]LogDerivedDataCache: Loaded boot cache 0.10s 71MB C:/Users/Kaden Seeger/AppData/Local/UnrealEngine/4.22/DerivedDataCache/Boot.ddc.
[2020.02.10-15.11.33:892][  0]LogDerivedDataCache: Display: Loaded Boot cache: C:/Users/Kaden Seeger/AppData/Local/UnrealEngine/4.22/DerivedDataCache/Boot.ddc
[2020.02.10-15.11.33:892][  0]LogDerivedDataCache: FDerivedDataBackendGraph:  Pak pak cache file ../../../../../Git/GitHub/Unreal Projects/HorrorGame RnD 2019-2020/HorrorGame/DerivedDataCache/DDC.ddp not found, will not use a pak cache.
[2020.02.10-15.11.33:892][  0]LogDerivedDataCache: Unable to find inner node Pak for hierarchical cache Hierarchy.
[2020.02.10-15.11.33:892][  0]LogDerivedDataCache: FDerivedDataBackendGraph:  CompressedPak pak cache file ../../../../../Git/GitHub/Unreal Projects/HorrorGame RnD 2019-2020/HorrorGame/DerivedDataCache/Compressed.ddp not found, will not use a pak cache.
[2020.02.10-15.11.33:892][  0]LogDerivedDataCache: Unable to find inner node CompressedPak for hierarchical cache Hierarchy.
[2020.02.10-15.11.33:924][  0]LogDerivedDataCache: Display: Pak cache opened for reading ../../../Engine/DerivedDataCache/Compressed.ddp.
[2020.02.10-15.11.33:924][  0]LogDerivedDataCache: FDerivedDataBackendGraph:  EnterprisePak pak cache file ../../../Enterprise/DerivedDataCache/Compressed.ddp not found, will not use a pak cache.
[2020.02.10-15.11.33:924][  0]LogDerivedDataCache: Unable to find inner node EnterprisePak for hierarchical cache Hierarchy.
[2020.02.10-15.11.33:937][  0]LogDerivedDataCache: Using Local data cache path C:/Users/Kaden Seeger/AppData/Local/UnrealEngine/Common/DerivedDataCache: Writable
[2020.02.10-15.11.33:937][  0]LogDerivedDataCache: Shared data cache path not found in *engine.ini, will not use an Shared cache.
[2020.02.10-15.11.33:937][  0]LogDerivedDataCache: Unable to find inner node Shared for hierarchical cache Hierarchy.
[2020.02.10-15.11.33:993][  0]LogMaterial: Verifying Global Shaders for PCD3D_SM5
[2020.02.10-15.11.33:995][  0]LogSlate: Using FreeType 2.6.0
[2020.02.10-15.11.33:996][  0]LogSlate: SlateFontServices - WITH_FREETYPE: 1, WITH_HARFBUZZ: 1
[2020.02.10-15.11.34:166][  0]LogAssetRegistry: FAssetRegistry took 0.0520 seconds to start up
[2020.02.10-15.11.35:128][  0]LogInit: Selected Device Profile: [Windows]
[2020.02.10-15.11.35:467][  0]LogMeshReduction: Using QuadricMeshReduction for automatic static mesh reduction
[2020.02.10-15.11.35:467][  0]LogMeshReduction: Using SimplygonMeshReduction for automatic skeletal mesh reduction
[2020.02.10-15.11.35:467][  0]LogMeshReduction: Using ProxyLODMeshReduction for automatic mesh merging
[2020.02.10-15.11.35:467][  0]LogMeshReduction: No distributed automatic mesh merging module available
[2020.02.10-15.11.35:467][  0]LogMeshMerging: No distributed automatic mesh merging module available
[2020.02.10-15.11.35:490][  0]LogNetVersion: Horror_Game 1.0.0, NetCL: 5660361, EngineNetVer: 10, GameNetVer: 0 (Checksum: 364352182)
[2020.02.10-15.11.36:428][  0]LogPackageLocalizationCache: Processed 10 localized package path(s) for 1 prioritized culture(s) in 0.073262 seconds
[2020.02.10-15.11.36:440][  0]LogUObjectArray: 42214 objects as part of root set at end of initial load.
[2020.02.10-15.11.36:440][  0]LogUObjectAllocator: 7335800 out of 0 bytes used by permanent object pool.
[2020.02.10-15.11.36:440][  0]LogUObjectArray: CloseDisregardForGC: 0/0 objects in disregard for GC pool
[2020.02.10-15.11.38:205][  0]LogTcpMessaging: Initializing TcpMessaging bridge
[2020.02.10-15.11.38:221][  0]LogUdpMessaging: Initializing bridge on interface 0.0.0.0:0 to multicast group 230.0.0.1:6666.
[2020.02.10-15.11.38:384][  0]SourceControl: Source control is disabled
[2020.02.10-15.11.38:384][  0]SourceControl: Source control is disabled
[2020.02.10-15.11.38:386][  0]SourceControl: Source control is disabled
[2020.02.10-15.11.38:389][  0]SourceControl: Source control is disabled
[2020.02.10-15.11.38:558][  0]LogAndroidPermission: UAndroidPermissionCallbackProxy::GetInstance
[2020.02.10-15.11.38:804][  0]LogOcInput: OculusInput pre-init called
[2020.02.10-15.11.40:224][  0]LogEngine: Initializing Engine...
[2020.02.10-15.11.40:226][  0]LogHMD: Failed to initialize OpenVR with code 110
[2020.02.10-15.11.40:228][  0]LogStats: UGameplayTagsManager::InitializeManager -  0.000 s
[2020.02.10-15.11.40:710][  0]LogInit: Initializing FReadOnlyCVARCache
[2020.02.10-15.11.40:730][  0]LogAIModule: Creating AISystem for world Untitled
[2020.02.10-15.11.40:820][  0]LogInit: XAudio2 using 'Speakers (High Definition Audio Device)' : 2 channels at 48 kHz using 16 bits per sample (channel mask 0x3)
[2020.02.10-15.11.40:877][  0]LogInit: FAudioDevice initialized.
[2020.02.10-15.11.40:877][  0]LogNetVersion: Set ProjectVersion to 1.0.0.0. Version Checksum will be recalculated on next use.
[2020.02.10-15.11.40:979][  0]LogDerivedDataCache: Saved boot cache 0.10s 71MB C:/Users/Kaden Seeger/AppData/Local/UnrealEngine/4.22/DerivedDataCache/Boot.ddc.
[2020.02.10-15.11.41:001][  0]LogInit: Texture streaming: Enabled
[2020.02.10-15.11.41:029][  0]LogEngineSessionManager: EngineSessionManager initialized
[2020.02.10-15.11.41:062][  0]LogInit: Transaction tracking system initialized
[2020.02.10-15.11.41:097][  0]BlueprintLog: New page: Editor Load
[2020.02.10-15.11.41:223][  0]LocalizationService: Localization service is disabled
[2020.02.10-15.11.41:888][  0]LogCook: Display: Max memory allowance for cook 16384mb min free memory 0mb
[2020.02.10-15.11.41:888][  0]LogCook: Display: Mobile HDR setting 1
[2020.02.10-15.11.42:220][  0]LogFileCache: Scanning file cache for directory 'D:/Git/GitHub/Unreal Projects/HorrorGame RnD 2019-2020/HorrorGame/Content/' took 0.05s
[2020.02.10-15.11.42:220][  0]SourceControl: Source control is disabled
[2020.02.10-15.11.42:220][  0]Cmd: MAP LOAD FILE="../../../../../Git/GitHub/Unreal Projects/HorrorGame RnD 2019-2020/HorrorGame/Content/Maps/Menus.umap" TEMPLATE=0 SHOWPROGRESS=1 FEATURELEVEL=3
[2020.02.10-15.11.42:221][  0]LightingResults: New page: Lighting Build
[2020.02.10-15.11.42:224][  0]MapCheck: New page: Map Check
[2020.02.10-15.11.42:225][  0]LightingResults: New page: Lighting Build
[2020.02.10-15.11.42:280][  0]LogUObjectHash: Compacting FUObjectHashTables data took   5.41ms
[2020.02.10-15.11.42:626][  0]LogAIModule: Creating AISystem for world Menus
[2020.02.10-15.11.42:643][  0]LogEditorServer: Finished looking for orphan Actors (0.000 secs)
[2020.02.10-15.11.42:702][  0]LogUObjectHash: Compacting FUObjectHashTables data took   5.90ms
[2020.02.10-15.11.42:702][  0]Cmd: MAP CHECKDEP NOCLEARLOG
[2020.02.10-15.11.42:703][  0]MapCheck: Map check complete: 0 Error(s), 0 Warning(s), took 0.203ms to complete.
[2020.02.10-15.11.42:703][  0]LogFileHelpers: Loading map 'Menus' took 0.483
[2020.02.10-15.11.43:100][  0]LogSlate: Updating window title bar state: overlay mode, drag disabled, window buttons hidden, title bar hidden
[2020.02.10-15.11.43:119][  0]LogSlate: Updating window title bar state: overlay mode, drag disabled, window buttons hidden, title bar hidden
[2020.02.10-15.11.43:139][  0]LogSlate: Updating window title bar state: overlay mode, drag disabled, window buttons hidden, title bar hidden
[2020.02.10-15.11.43:157][  0]LogSlate: Updating window title bar state: overlay mode, drag disabled, window buttons hidden, title bar hidden
[2020.02.10-15.11.43:167][  0]LogCollectionManager: Loaded 0 collections in 0.002096 seconds
[2020.02.10-15.11.43:186][  0]LogFileCache: Scanning file cache for directory 'D:/Git/GitHub/Unreal Projects/HorrorGame RnD 2019-2020/HorrorGame/Saved/Collections/' took 0.01s
[2020.02.10-15.11.43:186][  0]LogFileCache: Scanning file cache for directory 'D:/Git/GitHub/Unreal Projects/HorrorGame RnD 2019-2020/HorrorGame/Content/Developers/KadenSeeger/Collections/' took 0.00s
[2020.02.10-15.11.43:186][  0]LogFileCache: Scanning file cache for directory 'D:/Git/GitHub/Unreal Projects/HorrorGame RnD 2019-2020/HorrorGame/Content/Collections/' took 0.00s
[2020.02.10-15.11.43:186][  0]LogCollectionManager: Rebuilt the GUID cache for 0 collections in 0.000001 seconds
[2020.02.10-15.11.43:207][  0]LogContentBrowser: Native class hierarchy populated in 0.0208 seconds. Added 2743 classes and 668 folders.
[2020.02.10-15.11.43:221][  0]LogContentBrowser: Native class hierarchy updated for 'WidgetCarousel' in 0.0007 seconds. Added 0 classes and 0 folders.
[2020.02.10-15.11.43:224][  0]LogPakFile: Registered encryption key '00000000000000000000000000000000': 0 pak files mounted, 0 remain pending
[2020.02.10-15.11.43:226][  0]LogPakFile: Registered encryption key '00000000000000000000000000000000': 0 pak files mounted, 0 remain pending
[2020.02.10-15.11.43:228][  0]LogPakFile: Registered encryption key '00000000000000000000000000000000': 0 pak files mounted, 0 remain pending
[2020.02.10-15.11.43:229][  0]LogPakFile: Registered encryption key '00000000000000000000000000000000': 0 pak files mounted, 0 remain pending
[2020.02.10-15.11.43:230][  0]LogPakFile: Registered encryption key '00000000000000000000000000000000': 0 pak files mounted, 0 remain pending
[2020.02.10-15.11.43:232][  0]LogPakFile: Registered encryption key '00000000000000000000000000000000': 0 pak files mounted, 0 remain pending
[2020.02.10-15.11.43:233][  0]LogPakFile: Registered encryption key '00000000000000000000000000000000': 0 pak files mounted, 0 remain pending
[2020.02.10-15.11.43:234][  0]LogPakFile: Registered encryption key '00000000000000000000000000000000': 0 pak files mounted, 0 remain pending
[2020.02.10-15.11.43:236][  0]LogPakFile: Registered encryption key '00000000000000000000000000000000': 0 pak files mounted, 0 remain pending
[2020.02.10-15.11.43:237][  0]LogPakFile: Registered encryption key '00000000000000000000000000000000': 0 pak files mounted, 0 remain pending
[2020.02.10-15.11.43:238][  0]LogPakFile: Registered encryption key '00000000000000000000000000000000': 0 pak files mounted, 0 remain pending
[2020.02.10-15.11.43:238][  0]LogPakFile: Registered encryption key '00000000000000000000000000000000': 0 pak files mounted, 0 remain pending
[2020.02.10-15.11.43:239][  0]LogPakFile: Registered encryption key '00000000000000000000000000000000': 0 pak files mounted, 0 remain pending
[2020.02.10-15.11.43:240][  0]LogPakFile: Registered encryption key '00000000000000000000000000000000': 0 pak files mounted, 0 remain pending
[2020.02.10-15.11.43:241][  0]LogPakFile: Registered encryption key '00000000000000000000000000000000': 0 pak files mounted, 0 remain pending
[2020.02.10-15.11.43:242][  0]LogPakFile: Registered encryption key '00000000000000000000000000000000': 0 pak files mounted, 0 remain pending
[2020.02.10-15.11.43:244][  0]LogPakFile: Registered encryption key '00000000000000000000000000000000': 0 pak files mounted, 0 remain pending
[2020.02.10-15.11.43:245][  0]LogPakFile: Registered encryption key '00000000000000000000000000000000': 0 pak files mounted, 0 remain pending
[2020.02.10-15.11.43:246][  0]LogPakFile: Registered encryption key '00000000000000000000000000000000': 0 pak files mounted, 0 remain pending
[2020.02.10-15.11.43:247][  0]LogPakFile: Registered encryption key '00000000000000000000000000000000': 0 pak files mounted, 0 remain pending
[2020.02.10-15.11.43:248][  0]LogPakFile: Registered encryption key '00000000000000000000000000000000': 0 pak files mounted, 0 remain pending
[2020.02.10-15.11.43:249][  0]LogPakFile: Registered encryption key '00000000000000000000000000000000': 0 pak files mounted, 0 remain pending
[2020.02.10-15.11.43:250][  0]LogPakFile: Registered encryption key '00000000000000000000000000000000': 0 pak files mounted, 0 remain pending
[2020.02.10-15.11.43:251][  0]LogPakFile: Registered encryption key '00000000000000000000000000000000': 0 pak files mounted, 0 remain pending
[2020.02.10-15.11.43:252][  0]LogPakFile: Registered encryption key '00000000000000000000000000000000': 0 pak files mounted, 0 remain pending
[2020.02.10-15.11.43:253][  0]LogPakFile: Registered encryption key '00000000000000000000000000000000': 0 pak files mounted, 0 remain pending
[2020.02.10-15.11.43:313][  0]LogContentBrowser: Native class hierarchy updated for 'AddContentDialog' in 0.0006 seconds. Added 0 classes and 0 folders.
[2020.02.10-15.11.43:324][  0]LogContentBrowser: Native class hierarchy updated for 'SceneOutliner' in 0.0006 seconds. Added 1 classes and 2 folders.
[2020.02.10-15.11.45:880][  0]LogSlate: Only BGRA pngs, bmps or icos are supported in by External Image Picker
[2020.02.10-15.11.45:957][  0]LogSlate: Took 0.000333 seconds to synchronously load lazily loaded font '../../../Engine/Content/Slate/Fonts/Roboto-Regular.ttf' (155K)
[2020.02.10-15.11.45:966][  0]LogSlate: Took 0.000364 seconds to synchronously load lazily loaded font '../../../Engine/Content/Slate/Fonts/Roboto-Bold.ttf' (160K)
[2020.02.10-15.11.45:985][  0]LogSlate: Took 0.000294 seconds to synchronously load lazily loaded font '../../../Engine/Content/Editor/Slate/Fonts/FontAwesome.ttf' (139K)
[2020.02.10-15.11.46:396][  0]LogRenderer: Reallocating scene render targets to support 1372x676 Format 10 NumSamples 1 (Frame:1).
[2020.02.10-15.11.46:627][  0]LogContentBrowser: Native class hierarchy updated for 'HierarchicalLODOutliner' in 0.0006 seconds. Added 0 classes and 0 folders.
[2020.02.10-15.11.46:627][  0]LogLoad: (Engine Initialization) Total time: 20.32 seconds
[2020.02.10-15.11.46:627][  0]LogLoad: (Engine Initialization) Total Blueprint compile time: 0.00 seconds
[2020.02.10-15.11.46:791][  0]LogContentStreaming: Texture pool size now 1000 MB
[2020.02.10-15.11.46:856][  0]LogSlate: Took 0.000305 seconds to synchronously load lazily loaded font '../../../Engine/Content/Slate/Fonts/Roboto-Light.ttf' (167K)
[2020.02.10-15.11.47:119][  4]LogAssetRegistry: Asset discovery search completed in 12.9757 seconds
[2020.02.10-15.11.47:127][  4]LogAutoSizeComments: Loaded auto size comments cache: ../../../Engine/Plugins/Marketplace/AutoSizeComments/ASCCache/3BD6DC8F4E7493E0D2686286E417BC8A.json
[2020.02.10-15.11.47:127][  4]LogCollectionManager: Rebuilt the object cache for 0 collections in 0.000001 seconds (found 0 objects)
[2020.02.10-15.11.47:127][  4]LogCollectionManager: Fixed up redirectors for 0 collections in 0.000073 seconds (updated 0 objects)
[2020.02.10-15.11.48:602][ 90]LogSlate: FSceneViewport::OnFocusLost() reason 0
[2020.02.10-15.11.51:891][474]LogFileCache: Retrieving MD5 hashes for directory 'D:/Git/GitHub/Unreal Projects/HorrorGame RnD 2019-2020/HorrorGame/Content/' took 5.23s
[2020.02.10-15.11.52:687][570]Cmd: CLOSE_SLATE_MAINFRAME
[2020.02.10-15.11.52:735][570]LogUObjectHash: Compacting FUObjectHashTables data took   1.29ms
[2020.02.10-15.11.53:089][570]LogSlate: Window 'Horror_Game - Unreal Editor' being destroyed
[2020.02.10-15.11.53:090][570]LogWindowsTextInputMethodSystem: Display: IME system now deactivated.
[2020.02.10-15.11.53:096][570]LogWindowsTextInputMethodSystem: Display: IME system now deactivated.
[2020.02.10-15.11.53:363][570]LogDirectoryWatcher: A directory notification for '../../../Engine/Plugins/' was aborted.
[2020.02.10-15.11.53:368][571]Cmd: QUIT_EDITOR
[2020.02.10-15.11.53:517][571]LogExit: Preparing to exit.
[2020.02.10-15.11.53:521][571]LogAutoSizeComments: Saved node cache to ../../../Engine/Plugins/Marketplace/AutoSizeComments/ASCCache/3BD6DC8F4E7493E0D2686286E417BC8A.json
[2020.02.10-15.11.54:278][571]LogExit: Editor shut down
[2020.02.10-15.11.54:278][571]LogExit: Transaction tracking system shut down
[2020.02.10-15.11.54:592][571]LogExit: Object subsystem successfully closed.
[2020.02.10-15.11.54:619][571]LogShaderCompilers: Display: Shaders left to compile 0
[2020.02.10-15.11.54:625][571]LogD3D11RHI: Shutdown
[2020.02.10-15.11.54:625][571]LogD3D11RHI: CleanupD3DDevice
[2020.02.10-15.11.54:626][571]LogRendererCore: FGlobalReadBuffer::ReleaseRHI
[2020.02.10-15.11.54:626][571]LogRendererCore: FGlobalDynamicReadBuffer::Cleanup()
[2020.02.10-15.11.54:626][571]LogRendererCore: FGlobalReadBuffer::ReleaseRHI
[2020.02.10-15.11.54:626][571]LogRendererCore: FGlobalDynamicReadBuffer::Cleanup()
[2020.02.10-15.11.54:626][571]LogRendererCore: FGlobalReadBuffer::ReleaseRHI
[2020.02.10-15.11.54:626][571]LogRendererCore: FGlobalDynamicReadBuffer::Cleanup()
[2020.02.10-15.11.54:784][571]LogD3D11RHI: ~FD3D11DynamicRHI
[2020.02.10-15.11.54:817][571]LogModuleManager: Shutting down and abandoning module HierarchicalLODOutliner (650)
[2020.02.10-15.11.54:817][571]LogModuleManager: Shutting down and abandoning module ExternalImagePicker (648)
[2020.02.10-15.11.54:817][571]LogModuleManager: Shutting down and abandoning module SceneOutliner (646)
[2020.02.10-15.11.54:817][571]LogModuleManager: Shutting down and abandoning module AddContentDialog (644)
[2020.02.10-15.11.54:818][571]LogModuleManager: Shutting down and abandoning module WidgetCarousel (643)
[2020.02.10-15.11.54:818][571]LogModuleManager: Shutting down and abandoning module EditorWidgets (640)
[2020.02.10-15.11.54:818][571]LogModuleManager: Shutting down and abandoning module CollectionManager (638)
[2020.02.10-15.11.54:818][571]LogModuleManager: Shutting down and abandoning module StatsViewer (636)
[2020.02.10-15.11.54:818][571]LogModuleManager: Shutting down and abandoning module FoliageEdit (634)
[2020.02.10-15.11.54:818][571]LogModuleManager: Shutting down and abandoning module LandscapeEditor (632)
[2020.02.10-15.11.54:818][571]LogModuleManager: Shutting down and abandoning module MeshPaintMode (630)
[2020.02.10-15.11.54:818][571]LogModuleManager: Shutting down and abandoning module SceneDepthPickerMode (628)
[2020.02.10-15.11.54:818][571]LogModuleManager: Shutting down and abandoning module ActorPickerMode (626)
[2020.02.10-15.11.54:818][571]LogModuleManager: Shutting down and abandoning module GeometryMode (624)
[2020.02.10-15.11.54:819][571]LogModuleManager: Shutting down and abandoning module TextureAlignMode (622)
[2020.02.10-15.11.54:819][571]LogModuleManager: Shutting down and abandoning module BspMode (620)
[2020.02.10-15.11.54:819][571]LogModuleManager: Shutting down and abandoning module PIEPreviewDeviceProfileSelector (618)
[2020.02.10-15.11.54:819][571]LogModuleManager: Shutting down and abandoning module SequenceRecorderSections (616)
[2020.02.10-15.11.54:819][571]LogModuleManager: Shutting down and abandoning module AutomationWorker (614)
[2020.02.10-15.11.54:819][571]LogModuleManager: Shutting down and abandoning module OculusMR (612)
[2020.02.10-15.11.54:819][571]LogModuleManager: Shutting down and abandoning module AudioCaptureEditor (610)
[2020.02.10-15.11.54:819][571]LogModuleManager: Shutting down and abandoning module MatineeToLevelSequence (608)
[2020.02.10-15.11.54:819][571]LogModuleManager: Shutting down and abandoning module LevelSequenceEditor (606)
[2020.02.10-15.11.54:819][571]LogModuleManager: Shutting down and abandoning module PlacementMode (605)
[2020.02.10-15.11.54:819][571]LogModuleManager: Shutting down and abandoning module MaterialEditor (604)
[2020.02.10-15.11.54:819][571]LogModuleManager: Shutting down and abandoning module ActorSequenceEditor (600)
[2020.02.10-15.11.54:819][571]LogModuleManager: Shutting down and abandoning module WmfMediaFactory (598)
[2020.02.10-15.11.54:819][571]LogModuleManager: Shutting down and abandoning module WmfMediaEditor (596)
[2020.02.10-15.11.54:819][571]LogModuleManager: Shutting down and abandoning module WebMMediaFactory (594)
[2020.02.10-15.11.54:819][571]LogModuleManager: Shutting down and abandoning module WebMMediaEditor (592)
[2020.02.10-15.11.54:819][571]LogModuleManager: Shutting down and abandoning module WebMMedia (590)
[2020.02.10-15.11.54:819][571]LogModuleManager: Shutting down and abandoning module MediaPlayerEditor (588)
[2020.02.10-15.11.54:820][571]LogModuleManager: Shutting down and abandoning module MediaCompositingEditor (586)
[2020.02.10-15.11.54:820][571]LogModuleManager: Shutting down and abandoning module SequenceRecorder (585)
[2020.02.10-15.11.54:820][571]LogModuleManager: Shutting down and abandoning module OpenExrWrapper (582)
[2020.02.10-15.11.54:820][571]LogModuleManager: Shutting down and abandoning module ImgMediaFactory (580)
[2020.02.10-15.11.54:820][571]LogModuleManager: Shutting down and abandoning module ImgMediaEditor (578)
[2020.02.10-15.11.54:820][571]LogModuleManager: Shutting down and abandoning module AvfMediaFactory (576)
[2020.02.10-15.11.54:820][571]LogModuleManager: Shutting down and abandoning module AvfMediaEditor (574)
[2020.02.10-15.11.54:820][571]LogModuleManager: Shutting down and abandoning module AndroidMediaFactory (572)
[2020.02.10-15.11.54:820][571]LogModuleManager: Shutting down and abandoning module AndroidMediaEditor (570)
[2020.02.10-15.11.54:820][571]LogModuleManager: Shutting down and abandoning module MagicLeapCameraPreviewFactory (568)
[2020.02.10-15.11.54:820][571]LogModuleManager: Shutting down and abandoning module MagicLeapMediaCodecFactory (566)
[2020.02.10-15.11.54:820][571]LogModuleManager: Shutting down and abandoning module MagicLeapMediaFactory (564)
[2020.02.10-15.11.54:820][571]LogModuleManager: Shutting down and abandoning module MagicLeapMediaEditor (562)
[2020.02.10-15.11.54:820][571]LogModuleManager: Shutting down and abandoning module CharacterAI (560)
[2020.02.10-15.11.54:820][571]LogModuleManager: Shutting down and abandoning module SmartSnapping (558)
[2020.02.10-15.11.54:820][571]LogModuleManager: Shutting down and abandoning module SessionServices (556)
[2020.02.10-15.11.54:820][571]LogModuleManager: Shutting down and abandoning module MeshPaint (554)
[2020.02.10-15.11.54:820][571]LogModuleManager: Shutting down and abandoning module ViewportSnapping (552)
[2020.02.10-15.11.54:820][571]LogModuleManager: Shutting down and abandoning module ViewportInteraction (550)
[2020.02.10-15.11.54:820][571]LogModuleManager: Shutting down and abandoning module ClothPainter (548)
[2020.02.10-15.11.54:820][571]LogModuleManager: Shutting down and abandoning module SkeletalMeshEditor (547)
[2020.02.10-15.11.54:820][571]LogModuleManager: Shutting down and abandoning module LogVisualizer (544)
[2020.02.10-15.11.54:821][571]LogModuleManager: Shutting down and abandoning module IntroTutorials (542)
[2020.02.10-15.11.54:821][571]LogModuleManager: Shutting down and abandoning module GameProjectGeneration (541)
[2020.02.10-15.11.54:821][571]LogModuleManager: Shutting down and abandoning module LuminPlatformEditor (538)
[2020.02.10-15.11.54:821][571]LogModuleManager: Shutting down and abandoning module IOSPlatformEditor (536)
[2020.02.10-15.11.54:821][571]LogModuleManager: Shutting down and abandoning module HTML5PlatformEditor (534)
[2020.02.10-15.11.54:821][571]LogModuleManager: Shutting down and abandoning module AndroidPlatformEditor (532)
[2020.02.10-15.11.54:821][571]LogModuleManager: Shutting down and abandoning module AndroidDeviceDetection (531)
[2020.02.10-15.11.55:384][571]LogModuleManager: Shutting down and abandoning module WindowsPlatformEditor (528)
[2020.02.10-15.11.55:384][571]LogModuleManager: Shutting down and abandoning module LuminRuntimeSettings (526)
[2020.02.10-15.11.55:384][571]LogModuleManager: Shutting down and abandoning module IOSRuntimeSettings (524)
[2020.02.10-15.11.55:384][571]LogModuleManager: Shutting down and abandoning module AndroidRuntimeSettings (522)
[2020.02.10-15.11.55:384][571]LogModuleManager: Shutting down and abandoning module TimeManagementEditor (520)
[2020.02.10-15.11.55:384][571]LogModuleManager: Shutting down and abandoning module InputBindingEditor (518)
[2020.02.10-15.11.55:384][571]LogModuleManager: Shutting down and abandoning module MergeActors (516)
[2020.02.10-15.11.55:384][571]LogModuleManager: Shutting down and abandoning module LocalizationDashboard (514)
[2020.02.10-15.11.55:384][571]LogModuleManager: Shutting down and abandoning module LocalizationService (513)
[2020.02.10-15.11.55:384][571]LogModuleManager: Shutting down and abandoning module HardwareTargeting (510)
[2020.02.10-15.11.55:384][571]LogModuleManager: Shutting down and abandoning module DeviceProfileEditor (508)
[2020.02.10-15.11.55:384][571]LogModuleManager: Shutting down and abandoning module UndoHistory (506)
[2020.02.10-15.11.55:384][571]LogModuleManager: Shutting down and abandoning module XmlParser (504)
[2020.02.10-15.11.55:385][571]LogModuleManager: Shutting down and abandoning module Blutility (502)
[2020.02.10-15.11.55:385][571]LogModuleManager: Shutting down and abandoning module ProjectSettingsViewer (500)
[2020.02.10-15.11.55:385][571]LogModuleManager: Shutting down and abandoning module ProjectTargetPlatformEditor (499)
[2020.02.10-15.11.55:385][571]LogModuleManager: Shutting down and abandoning module EditorSettingsViewer (496)
[2020.02.10-15.11.55:385][571]LogModuleManager: Shutting down and abandoning module SettingsEditor (494)
[2020.02.10-15.11.55:385][571]LogModuleManager: Shutting down and abandoning module ProjectLauncher (492)
[2020.02.10-15.11.55:385][571]LogModuleManager: Shutting down and abandoning module SessionFrontend (490)
[2020.02.10-15.11.55:385][571]LogModuleManager: Shutting down and abandoning module ProfilerClient (488)
[2020.02.10-15.11.55:385][571]LogModuleManager: Shutting down and abandoning module DeviceManager (486)
[2020.02.10-15.11.55:385][571]LogModuleManager: Shutting down and abandoning module TargetDeviceServices (485)
[2020.02.10-15.11.55:429][571]LogModuleManager: Shutting down and abandoning module AutomationController (482)
[2020.02.10-15.11.55:429][571]LogModuleManager: Shutting down and abandoning module AutomationWindow (480)
[2020.02.10-15.11.55:429][571]LogModuleManager: Shutting down and abandoning module Layers (478)
[2020.02.10-15.11.55:429][571]LogModuleManager: Shutting down and abandoning module ComponentVisualizers (476)
[2020.02.10-15.11.55:429][571]LogModuleManager: Shutting down and abandoning module DetailCustomizations (474)
[2020.02.10-15.11.55:429][571]LogModuleManager: Shutting down and abandoning module PackagesDialog (472)
[2020.02.10-15.11.55:429][571]LogModuleManager: Shutting down and abandoning module AnimationBlueprintEditor (470)
[2020.02.10-15.11.55:429][571]LogModuleManager: Shutting down and abandoning module Persona (468)
[2020.02.10-15.11.55:429][571]LogModuleManager: Shutting down and abandoning module AdvancedPreviewScene (467)
[2020.02.10-15.11.55:429][571]LogModuleManager: Shutting down and abandoning module AnimGraph (465)
[2020.02.10-15.11.55:429][571]LogModuleManager: Shutting down and abandoning module Kismet (462)
[2020.02.10-15.11.55:430][571]LogModuleManager: Shutting down and abandoning module GraphEditor (460)
[2020.02.10-15.11.55:430][571]LogModuleManager: Shutting down and abandoning module ClassViewer (458)
[2020.02.10-15.11.55:430][571]LogModuleManager: Shutting down and abandoning module Toolbox (456)
[2020.02.10-15.11.55:430][571]LogModuleManager: Shutting down and abandoning module ModuleUI (454)
[2020.02.10-15.11.55:430][571]LogModuleManager: Shutting down and abandoning module MovieSceneTools (452)
[2020.02.10-15.11.55:430][571]LogModuleManager: Shutting down and abandoning module OutputLog (450)
[2020.02.10-15.11.55:430][571]LogModuleManager: Shutting down and abandoning module GammaUI (448)
[2020.02.10-15.11.55:430][571]LogModuleManager: Shutting down and abandoning module Documentation (446)
[2020.02.10-15.11.55:431][571]LogModuleManager: Shutting down and abandoning module LiveCoding (444)
[2020.02.10-15.11.55:431][571]LogModuleManager: Shutting down and abandoning module LevelSequence (442)
[2020.02.10-15.11.55:431][571]LogModuleManager: Shutting down and abandoning module MovieSceneTracks (440)
[2020.02.10-15.11.55:431][571]LogModuleManager: Shutting down and abandoning module MovieScene (438)
[2020.02.10-15.11.55:431][571]LogModuleManager: Shutting down and abandoning module StreamingPauseRendering (436)
[2020.02.10-15.11.55:431][571]LogModuleManager: Shutting down and abandoning module LauncherPlatform (434)
[2020.02.10-15.11.55:431][571]LogModuleManager: Shutting down and abandoning module AnalyticsET (432)
[2020.02.10-15.11.55:431][571]LogModuleManager: Shutting down and abandoning module PortalServices (430)
[2020.02.10-15.11.55:431][571]LogModuleManager: Shutting down and abandoning module PortalRpc (428)
[2020.02.10-15.11.55:431][571]LogModuleManager: Shutting down and abandoning module MessagingRpc (426)
[2020.02.10-15.11.55:431][571]LogModuleManager: Shutting down and abandoning module AIModule (424)
[2020.02.10-15.11.55:431][571]LogModuleManager: Shutting down and abandoning module GameplayDebugger (423)
[2020.02.10-15.11.55:431][571]LogModuleManager: Shutting down and abandoning module AITestSuite (421)
[2020.02.10-15.11.55:431][571]LogModuleManager: Shutting down and abandoning module NavigationSystem (419)
[2020.02.10-15.11.55:431][571]LogModuleManager: Shutting down and abandoning module DesktopPlatform (416)
[2020.02.10-15.11.55:431][571]LogModuleManager: Shutting down and abandoning module ImageWriteQueue (414)
[2020.02.10-15.11.55:436][571]LogModuleManager: Shutting down and abandoning module ProfilerService (412)
[2020.02.10-15.11.55:566][571]LogModuleManager: Shutting down and abandoning module TaskGraph (410)
[2020.02.10-15.11.55:566][571]LogModuleManager: Shutting down and abandoning module SteamVRController (408)
[2020.02.10-15.11.55:566][571]LogModuleManager: Shutting down and abandoning module ProceduralMeshComponentEditor (406)
[2020.02.10-15.11.55:566][571]LogModuleManager: Shutting down and abandoning module ProceduralMeshComponent (404)
[2020.02.10-15.11.55:566][571]LogModuleManager: Shutting down and abandoning module OculusEditor (402)
[2020.02.10-15.11.55:566][571]LogModuleManager: Shutting down and abandoning module OculusInput (400)
[2020.02.10-15.11.55:566][571]LogModuleManager: Shutting down and abandoning module MobilePatchingUtils (398)
[2020.02.10-15.11.55:566][571]LogModuleManager: Shutting down and abandoning module EditableMesh (396)
[2020.02.10-15.11.55:567][571]LogModuleManager: Shutting down and abandoning module CustomMeshComponent (394)
[2020.02.10-15.11.55:567][571]LogModuleManager: Shutting down and abandoning module CableComponent (392)
[2020.02.10-15.11.55:567][571]LogModuleManager: Shutting down and abandoning module AudioCapture (390)
[2020.02.10-15.11.55:567][571]LogModuleManager: Shutting down and abandoning module ArchVisCharacter (388)
[2020.02.10-15.11.55:567][571]LogModuleManager: Shutting down and abandoning module AndroidPermission (386)
[2020.02.10-15.11.55:567][571]LogModuleManager: Shutting down and abandoning module NUTUnrealEngine4 (384)
[2020.02.10-15.11.55:567][571]LogModuleManager: Shutting down and abandoning module NetcodeUnitTest (382)
[2020.02.10-15.11.55:567][571]LogModuleManager: Shutting down and abandoning module MediaCompositing (380)
[2020.02.10-15.11.55:567][571]LogModuleManager: Shutting down and abandoning module LinearTimecode (378)
[2020.02.10-15.11.55:567][571]LogModuleManager: Shutting down and abandoning module ImgMedia (376)
[2020.02.10-15.11.55:567][571]LogModuleManager: Shutting down and abandoning module AutoSizeComments (374)
[2020.02.10-15.11.55:567][571]LogModuleManager: Shutting down and abandoning module MagicLeapHelperVulkan (372)
[2020.02.10-15.11.55:567][571]LogModuleManager: Shutting down and abandoning module MagicLeapHelperOpenGL (370)
[2020.02.10-15.11.55:567][571]LogModuleManager: Shutting down and abandoning module MagicLeapAudio (368)
[2020.02.10-15.11.55:567][571]LogModuleManager: Shutting down and abandoning module HTML5Networking (366)
[2020.02.10-15.11.55:567][571]LogModuleManager: Shutting down and abandoning module GeometryCacheTracks (364)
[2020.02.10-15.11.55:567][571]LogModuleManager: Shutting down and abandoning module GeometryCacheSequencer (362)
[2020.02.10-15.11.55:567][571]LogModuleManager: Shutting down and abandoning module BackChannel (360)
[2020.02.10-15.11.55:567][571]LogModuleManager: Shutting down and abandoning module AppleVision (358)
[2020.02.10-15.11.55:567][571]LogModuleManager: Shutting down and abandoning module AppleImageUtilsBlueprintSupport (356)
[2020.02.10-15.11.55:567][571]LogModuleManager: Shutting down and abandoning module AppleImageUtils (354)
[2020.02.10-15.11.55:568][571]LogModuleManager: Shutting down and abandoning module AlembicImporter (352)
[2020.02.10-15.11.55:568][571]LogModuleManager: Shutting down and abandoning module AlembicLibrary (351)
[2020.02.10-15.11.55:568][571]LogModuleManager: Shutting down and abandoning module GeometryCache (350)
[2020.02.10-15.11.55:568][571]LogModuleManager: Shutting down and abandoning module GeometryCacheEd (349)
[2020.02.10-15.11.55:568][571]LogModuleManager: Shutting down and abandoning module VariantManagerContent (344)
[2020.02.10-15.11.55:568][571]LogModuleManager: Shutting down and abandoning module DatasmithContentEditor (342)
[2020.02.10-15.11.55:568][571]LogModuleManager: Shutting down and abandoning module SpeedTreeImporter (340)
[2020.02.10-15.11.55:568][571]LogModuleManager: Shutting down and abandoning module PluginBrowser (338)
[2020.02.10-15.11.55:568][571]LogModuleManager: Shutting down and abandoning module MobileLauncherProfileWizard (336)
[2020.02.10-15.11.55:568][571]LogModuleManager: Shutting down and abandoning module MaterialAnalyzer (334)
[2020.02.10-15.11.55:568][571]LogModuleManager: Shutting down and abandoning module CryptoKeysOpenSSL (332)
[2020.02.10-15.11.55:568][571]LogModuleManager: Shutting down and abandoning module CryptoKeys (330)
[2020.02.10-15.11.55:568][571]LogModuleManager: Shutting down and abandoning module VisualStudioSourceCodeAccess (328)
[2020.02.10-15.11.55:568][571]LogModuleManager: Shutting down and abandoning module VisualStudioCodeSourceCodeAccess (326)
[2020.02.10-15.11.55:568][571]LogModuleManager: Shutting down and abandoning module UObjectPlugin (324)
[2020.02.10-15.11.55:568][571]LogModuleManager: Shutting down and abandoning module SubversionSourceControl (322)
[2020.02.10-15.11.55:568][571]LogModuleManager: Shutting down and abandoning module PerforceSourceControl (320)
[2020.02.10-15.11.55:568][571]LogModuleManager: Shutting down and abandoning module GitSourceControl (318)
[2020.02.10-15.11.55:568][571]LogModuleManager: Shutting down and abandoning module SourceControl (317)
[2020.02.10-15.11.55:569][571]LogModuleManager: Shutting down and abandoning module CLionSourceCodeAccess (314)
[2020.02.10-15.11.55:569][571]LogModuleManager: Shutting down and abandoning module AnimationSharingEd (312)
[2020.02.10-15.11.55:569][571]LogModuleManager: Shutting down and abandoning module ActorLayerUtilitiesEditor (310)
[2020.02.10-15.11.55:569][571]LogModuleManager: Shutting down and abandoning module ActorLayerUtilities (308)
[2020.02.10-15.11.55:569][571]LogModuleManager: Shutting down and abandoning module LightPropagationVolumeEditor (306)
[2020.02.10-15.11.55:569][571]LogModuleManager: Shutting down and abandoning module PaperTiledImporter (304)
[2020.02.10-15.11.55:569][571]LogModuleManager: Shutting down and abandoning module PaperSpriteSheetImporter (302)
[2020.02.10-15.11.55:569][571]LogModuleManager: Shutting down and abandoning module Paper2DEditor (300)
[2020.02.10-15.11.55:569][571]LogModuleManager: Shutting down and abandoning module SignificanceManager (298)
[2020.02.10-15.11.55:569][571]LogModuleManager: Shutting down and abandoning module RuntimePhysXCooking (296)
[2020.02.10-15.11.55:569][571]LogModuleManager: Shutting down and abandoning module PhysXVehiclesEditor (294)
[2020.02.10-15.11.55:569][571]LogModuleManager: Shutting down and abandoning module PhysXVehicles (292)
[2020.02.10-15.11.55:569][571]LogModuleManager: Shutting down and abandoning module LocationServicesBPLibrary (290)
[2020.02.10-15.11.55:569][571]LogModuleManager: Shutting down and abandoning module ActorSequence (288)
[2020.02.10-15.11.55:569][571]LogModuleManager: Shutting down and abandoning module UdpMessaging (286)
[2020.02.10-15.11.55:670][571]LogModuleManager: Shutting down and abandoning module TcpMessaging (284)
[2020.02.10-15.11.55:771][571]LogModuleManager: Shutting down and abandoning module MagicLeapIdentity (282)
[2020.02.10-15.11.55:771][571]LogModuleManager: Shutting down and abandoning module MagicLeapSecureStorage (280)
[2020.02.10-15.11.55:771][571]LogModuleManager: Shutting down and abandoning module MagicLeapHandTracking (278)
[2020.02.10-15.11.55:771][571]LogModuleManager: Shutting down and abandoning module MagicLeapEyeTracker (276)
[2020.02.10-15.11.55:771][571]LogModuleManager: Shutting down and abandoning module MagicLeapController (274)
[2020.02.10-15.11.55:771][571]LogSlate: Slate User Destroyed.  User Index 0, Is Virtual User: 0
[2020.02.10-15.11.55:771][571]LogModuleManager: Shutting down and abandoning module MagicLeapAR (272)
[2020.02.10-15.11.55:771][571]LogModuleManager: Shutting down and abandoning module AugmentedReality (271)
[2020.02.10-15.11.55:771][571]LogModuleManager: Shutting down and abandoning module GameplayTagsEditor (268)
[2020.02.10-15.11.55:771][571]LogModuleManager: Shutting down and abandoning module FacialAnimationEditor (266)
[2020.02.10-15.11.55:771][571]LogModuleManager: Shutting down and abandoning module FacialAnimation (264)
[2020.02.10-15.11.55:771][571]LogModuleManager: Shutting down and abandoning module DataValidation (262)
[2020.02.10-15.11.55:771][571]LogModuleManager: Shutting down and abandoning module AssetManagerEditor (260)
[2020.02.10-15.11.55:772][571]LogModuleManager: Shutting down and abandoning module LevelEditor (259)
[2020.02.10-15.11.55:773][571]LogModuleManager: Shutting down and abandoning module PixelInspectorModule (258)
[2020.02.10-15.11.55:773][571]LogModuleManager: Shutting down and abandoning module CommonMenuExtensions (256)
[2020.02.10-15.11.55:773][571]LogModuleManager: Shutting down and abandoning module MainFrame (254)
[2020.02.10-15.11.55:773][571]LogModuleManager: Shutting down and abandoning module HotReload (253)
[2020.02.10-15.11.55:774][571]LogModuleManager: Shutting down and abandoning module ContentBrowser (249)
[2020.02.10-15.11.55:775][571]LogModuleManager: Shutting down and abandoning module TreeMap (247)
[2020.02.10-15.11.55:775][571]LogModuleManager: Shutting down and abandoning module AnimationSharing (244)
[2020.02.10-15.11.55:775][571]LogModuleManager: Shutting down and abandoning module LightPropagationVolumeRuntime (242)
[2020.02.10-15.11.55:775][571]LogModuleManager: Shutting down and abandoning module AISupportModule (240)
[2020.02.10-15.11.55:775][571]LogModuleManager: Shutting down and abandoning module Paper2D (238)
[2020.02.10-15.11.55:775][571]LogModuleManager: Shutting down and abandoning module WindowsMoviePlayer (236)
[2020.02.10-15.11.55:775][571]LogModuleManager: Shutting down and abandoning module WebMMoviePlayer (234)
[2020.02.10-15.11.55:775][571]LogModuleManager: Shutting down and abandoning module PacketHandler (232)
[2020.02.10-15.11.55:776][571]LogModuleManager: Shutting down and abandoning module ClothingSystemEditor (230)
[2020.02.10-15.11.55:776][571]LogModuleManager: Shutting down and abandoning module ClothingSystemRuntime (228)
[2020.02.10-15.11.55:776][571]LogModuleManager: Shutting down and abandoning module MediaAssets (226)
[2020.02.10-15.11.55:776][571]LogModuleManager: Shutting down and abandoning module Overlay (224)
[2020.02.10-15.11.55:776][571]LogModuleManager: Shutting down and abandoning module OverlayEditor (223)
[2020.02.10-15.11.55:776][571]LogModuleManager: Shutting down and abandoning module EnvironmentQueryEditor (220)
[2020.02.10-15.11.55:776][571]LogModuleManager: Shutting down and abandoning module VREditor (218)
[2020.02.10-15.11.55:776][571]LogModuleManager: Shutting down and abandoning module StringTableEditor (216)
[2020.02.10-15.11.55:776][571]LogModuleManager: Shutting down and abandoning module GameplayTasksEditor (214)
[2020.02.10-15.11.55:776][571]LogModuleManager: Shutting down and abandoning module BehaviorTreeEditor (212)
[2020.02.10-15.11.55:776][571]LogModuleManager: Shutting down and abandoning module FunctionalTesting (210)
[2020.02.10-15.11.55:776][571]LogModuleManager: Shutting down and abandoning module CollisionAnalyzer (208)
[2020.02.10-15.11.55:776][571]LogModuleManager: Shutting down and abandoning module WorkspaceMenuStructure (207)
[2020.02.10-15.11.55:776][571]LogModuleManager: Shutting down and abandoning module UMG (204)
[2020.02.10-15.11.55:776][571]LogModuleManager: Shutting down and abandoning module UMGEditor (203)
[2020.02.10-15.11.55:776][571]LogModuleManager: Shutting down and abandoning module Sequencer (202)
[2020.02.10-15.11.55:776][571]LogModuleManager: Shutting down and abandoning module MessageLog (199)
[2020.02.10-15.11.55:777][571]LogModuleManager: Shutting down and abandoning module SlateReflector (194)
[2020.02.10-15.11.55:777][571]LogModuleManager: Shutting down and abandoning module Slate (192)
[2020.02.10-15.11.55:777][571]LogModuleManager: Shutting down and abandoning module EditorStyle (190)
[2020.02.10-15.11.55:779][571]LogModuleManager: Shutting down and abandoning module UnrealEd (188)
[2020.02.10-15.11.55:779][571]LogModuleManager: Shutting down and abandoning module MRMesh (186)
[2020.02.10-15.11.55:779][571]LogModuleManager: Shutting down and abandoning module SourceCodeAccess (184)
[2020.02.10-15.11.55:779][571]LogModuleManager: Shutting down and abandoning module HeadMountedDisplay (182)
[2020.02.10-15.11.55:780][571]LogModuleManager: Shutting down and abandoning module XAudio2 (180)
[2020.02.10-15.11.55:780][571]LogModuleManager: Shutting down and abandoning module Networking (178)
[2020.02.10-15.11.55:780][571]LogModuleManager: Shutting down and abandoning module Core (176)
[2020.02.10-15.11.55:780][571]LogModuleManager: Shutting down and abandoning module KismetCompiler (174)
[2020.02.10-15.11.55:780][571]LogModuleManager: Shutting down and abandoning module MeshUtilities (172)
[2020.02.10-15.11.55:780][571]LogModuleManager: Shutting down and abandoning module MeshMergeUtilities (171)
[2020.02.10-15.11.55:780][571]LogModuleManager: Shutting down and abandoning module MeshReductionInterface (170)
[2020.02.10-15.11.55:780][571]LogModuleManager: Shutting down and abandoning module SkeletalMeshReduction (169)
[2020.02.10-15.11.55:780][571]LogModuleManager: Shutting down and abandoning module ProxyLODMeshReduction (167)
[2020.02.10-15.11.55:780][571]LogModuleManager: Shutting down and abandoning module QuadricMeshReduction (165)
[2020.02.10-15.11.55:780][571]LogModuleManager: Shutting down and abandoning module MaterialBaking (161)
[2020.02.10-15.11.55:780][571]LogModuleManager: Shutting down and abandoning module DerivedDataCache (156)
[2020.02.10-15.11.55:960][571]LogDerivedDataCache: Shutdown
[2020.02.10-15.11.55:960][571]LogModuleManager: Shutting down and abandoning module XGEController (154)
[2020.02.10-15.11.55:960][571]LogModuleManager: Shutting down and abandoning module TargetPlatform (152)
[2020.02.10-15.11.55:960][571]LogModuleManager: Shutting down and abandoning module VulkanShaderFormat (151)
[2020.02.10-15.11.55:960][571]LogModuleManager: Shutting down and abandoning module ShaderFormatVectorVM (149)
[2020.02.10-15.11.55:960][571]LogModuleManager: Shutting down and abandoning module ShaderFormatOpenGL (147)
[2020.02.10-15.11.55:960][571]LogModuleManager: Shutting down and abandoning module ShaderFormatD3D (145)
[2020.02.10-15.11.55:960][571]LogModuleManager: Shutting down and abandoning module MetalShaderFormat (143)
[2020.02.10-15.11.55:960][571]LogModuleManager: Shutting down and abandoning module TextureFormatUncompressed (141)
[2020.02.10-15.11.55:960][571]LogModuleManager: Shutting down and abandoning module TextureFormatPVR (139)
[2020.02.10-15.11.55:961][571]LogModuleManager: Shutting down and abandoning module TextureFormatDXT (137)
[2020.02.10-15.11.55:961][571]LogModuleManager: Shutting down and abandoning module TextureFormatIntelISPCTexComp (135)
[2020.02.10-15.11.55:961][571]LogModuleManager: Shutting down and abandoning module TextureFormatASTC (133)
[2020.02.10-15.11.55:961][571]LogModuleManager: Shutting down and abandoning module ImageWrapper (132)
[2020.02.10-15.11.55:961][571]LogModuleManager: Shutting down and abandoning module TextureFormatAndroid (129)
[2020.02.10-15.11.55:961][571]LogModuleManager: Shutting down and abandoning module AudioFormatOpus (127)
[2020.02.10-15.11.55:961][571]LogModuleManager: Shutting down and abandoning module AudioFormatOgg (125)
[2020.02.10-15.11.55:961][571]LogModuleManager: Shutting down and abandoning module AudioFormatADPCM (123)
[2020.02.10-15.11.55:961][571]LogModuleManager: Shutting down and abandoning module LuminTargetPlatform (121)
[2020.02.10-15.11.55:962][571]LogModuleManager: Shutting down and abandoning module LinuxTargetPlatform (119)
[2020.02.10-15.11.55:962][571]LogModuleManager: Shutting down and abandoning module LinuxServerTargetPlatform (117)
[2020.02.10-15.11.55:962][571]LogModuleManager: Shutting down and abandoning module LinuxNoEditorTargetPlatform (115)
[2020.02.10-15.11.55:962][571]LogModuleManager: Shutting down and abandoning module LinuxClientTargetPlatform (113)
[2020.02.10-15.11.55:962][571]LogModuleManager: Shutting down and abandoning module TVOSTargetPlatform (111)
[2020.02.10-15.11.55:963][571]LogModuleManager: Shutting down and abandoning module Messaging (109)
[2020.02.10-15.11.55:963][571]LogModuleManager: Shutting down and abandoning module IOSTargetPlatform (107)
[2020.02.10-15.11.55:964][571]LogModuleManager: Shutting down and abandoning module HTML5TargetPlatform (105)
[2020.02.10-15.11.55:964][571]LogModuleManager: Shutting down and abandoning module AndroidTargetPlatform (103)
[2020.02.10-15.11.55:977][571]LogModuleManager: Shutting down and abandoning module WindowsTargetPlatform (101)
[2020.02.10-15.11.55:977][571]LogModuleManager: Shutting down and abandoning module WindowsServerTargetPlatform (99)
[2020.02.10-15.11.55:977][571]LogModuleManager: Shutting down and abandoning module WindowsNoEditorTargetPlatform (97)
[2020.02.10-15.11.55:977][571]LogModuleManager: Shutting down and abandoning module WindowsClientTargetPlatform (95)
[2020.02.10-15.11.55:977][571]LogModuleManager: Shutting down and abandoning module MacTargetPlatform (93)
[2020.02.10-15.11.55:977][571]LogModuleManager: Shutting down and abandoning module MacServerTargetPlatform (91)
[2020.02.10-15.11.55:977][571]LogModuleManager: Shutting down and abandoning module MacNoEditorTargetPlatform (89)
[2020.02.10-15.11.55:977][571]LogModuleManager: Shutting down and abandoning module MacClientTargetPlatform (87)
[2020.02.10-15.11.55:977][571]LogModuleManager: Shutting down and abandoning module AllDesktopTargetPlatform (85)
[2020.02.10-15.11.55:977][571]LogModuleManager: Shutting down and abandoning module InputCore (82)
[2020.02.10-15.11.55:977][571]LogModuleManager: Shutting down and abandoning module Settings (80)
[2020.02.10-15.11.55:977][571]LogModuleManager: Shutting down and abandoning module DirectoryWatcher (78)
[2020.02.10-15.11.55:977][571]LogModuleManager: Shutting down and abandoning module PhysXCooking (76)
[2020.02.10-15.11.55:978][571]LogModuleManager: Shutting down and abandoning module SteamVR (74)
[2020.02.10-15.11.55:978][571]LogHMD: Freeing OpenVRDLLHandle.
[2020.02.10-15.11.55:978][571]LogModuleManager: Shutting down and abandoning module OculusHMD (72)
[2020.02.10-15.11.55:978][571]LogModuleManager: Shutting down and abandoning module ExampleDeviceProfileSelector (70)
[2020.02.10-15.11.55:978][571]LogModuleManager: Shutting down and abandoning module LauncherChunkInstaller (68)
[2020.02.10-15.11.55:978][571]LogModuleManager: Shutting down and abandoning module OnlineBlueprintSupport (66)
[2020.02.10-15.11.55:978][571]LogModuleManager: Shutting down and abandoning module OnlineSubsystem (62)
[2020.02.10-15.11.55:979][571]LogModuleManager: Shutting down and abandoning module XMPP (55)
[2020.02.10-15.11.55:980][571]LogModuleManager: Shutting down and abandoning module WebSockets (54)
[2020.02.10-15.11.55:986][571]LogModuleManager: Shutting down and abandoning module HTTP (51)
[2020.02.10-15.11.55:986][571]LogHttp: Display: Http module shutting down, but needs to wait on 1 outstanding Http requests:
[2020.02.10-15.11.55:986][571]LogHttp: Display: 	verb=[POST] url=[https://datarouter.ol.epicgames.com/datarouter/api/v1/public/data?SessionID=%7B41F75E95-489E-1EA3-8DC7-B6B8106245F1%7D&AppID=UEEditor.Rocket.Release&AppVersion=4.22.3-7053642%2B%2B%2BUE4%2BRelease-4.22&UserID=0c6049884ba95836bf5f29b9b5bc0793%7C6ca0b73ba31d4c2080aece94ca7e163f%7Cf0c54d22-ed76-4069-8d78-b2f065824aef&AppEnvironment=datacollector-binary&UploadType=eteventstream] status=Processing
[2020.02.10-15.11.56:007][571]LogModuleManager: Shutting down and abandoning module SSL (50)
[2020.02.10-15.11.56:009][571]LogModuleManager: Shutting down and abandoning module WmfMedia (46)
[2020.02.10-15.11.56:012][571]LogModuleManager: Shutting down and abandoning module Media (45)
[2020.02.10-15.11.56:018][571]LogModuleManager: Shutting down and abandoning module MagicLeap (42)
[2020.02.10-15.11.56:019][571]LogModuleManager: Shutting down and abandoning module DatasmithContent (40)
[2020.02.10-15.11.56:019][571]LogModuleManager: Shutting down and abandoning module AnimationModifiers (38)
[2020.02.10-15.11.56:019][571]LogModuleManager: Shutting down and abandoning module PropertyEditor (37)
[2020.02.10-15.11.56:019][571]LogModuleManager: Shutting down and abandoning module AudioEditor (34)
[2020.02.10-15.11.56:020][571]LogModuleManager: Shutting down and abandoning module TextureCompressor (32)
[2020.02.10-15.11.56:020][571]LogModuleManager: Shutting down and abandoning module RenderCore (30)
[2020.02.10-15.11.56:020][571]LogModuleManager: Shutting down and abandoning module Landscape (28)
[2020.02.10-15.11.56:020][571]LogModuleManager: Shutting down and abandoning module SlateRHIRenderer (26)
[2020.02.10-15.11.56:020][571]LogModuleManager: Shutting down and abandoning module OpenGLDrv (24)
[2020.02.10-15.11.56:020][571]LogModuleManager: Shutting down and abandoning module D3D11RHI (22)
[2020.02.10-15.11.56:020][571]LogModuleManager: Shutting down and abandoning module AnimGraphRuntime (20)
[2020.02.10-15.11.56:020][571]LogModuleManager: Shutting down and abandoning module Renderer (18)
[2020.02.10-15.11.56:020][571]LogModuleManager: Shutting down and abandoning module Engine (16)
[2020.02.10-15.11.56:020][571]LogModuleManager: Shutting down and abandoning module CoreUObject (14)
[2020.02.10-15.11.56:021][571]LogModuleManager: Shutting down and abandoning module NetworkFile (12)
[2020.02.10-15.11.56:021][571]LogModuleManager: Shutting down and abandoning module CookedIterativeFile (10)
[2020.02.10-15.11.56:021][571]LogModuleManager: Shutting down and abandoning module StreamingFile (8)
[2020.02.10-15.11.56:021][571]LogModuleManager: Shutting down and abandoning module SandboxFile (6)
[2020.02.10-15.11.56:021][571]LogModuleManager: Shutting down and abandoning module PakFile (4)
[2020.02.10-15.11.56:021][571]LogModuleManager: Shutting down and abandoning module RSA (3)
[2020.02.10-15.11.56:034][571]LogExit: Exiting.
[2020.02.10-15.11.56:073][571]Log file closed, 02/10/20 10:11:56
