Log file open, 01/22/20 08:45:59
LogWindows: Failed to load 'aqProf.dll' (GetLastError=126)
LogWindows: File 'aqProf.dll' does not exist
LogWindows: Failed to load 'VtuneApi.dll' (GetLastError=126)
LogWindows: File 'VtuneApi.dll' does not exist
LogWindows: Failed to load 'VtuneApi32e.dll' (GetLastError=126)
LogWindows: File 'VtuneApi32e.dll' does not exist
LogConsoleResponse: Display: Failed to find resolution value strings in scalability ini. Falling back to default.
LogInit: Display: Running engine for game: Horror_Game
LogPakFile: Registered encryption key '00000000000000000000000000000000': 0 pak files mounted, 0 remain pending
LogPlatformFile: Not using cached read wrapper
LogTaskGraph: Started task graph with 5 named threads and 26 total threads with 3 sets of task threads.
LogStats: Stats thread started at 0.288311
LogD3D11RHI: Loaded GFSDK_Aftermath_Lib.x64.dll
LogICUInternationalization: ICU TimeZone Detection - Raw Offset: -5:00, Platform Override: ''
LogPluginManager: Mounting plugin Paper2D
LogPluginManager: Mounting plugin AISupport
LogPluginManager: Mounting plugin LightPropagationVolume
LogPluginManager: Mounting plugin ActorLayerUtilities
LogPluginManager: Mounting plugin AnimationSharing
LogPluginManager: Mounting plugin CLionSourceCodeAccess
LogPluginManager: Mounting plugin CodeLiteSourceCodeAccess
LogPluginManager: Mounting plugin GitSourceControl
LogPluginManager: Mounting plugin KDevelopSourceCodeAccess
LogPluginManager: Mounting plugin NullSourceCodeAccess
LogPluginManager: Mounting plugin PerforceSourceControl
LogPluginManager: Mounting plugin SubversionSourceControl
LogPluginManager: Mounting plugin UObjectPlugin
LogPluginManager: Mounting plugin VisualStudioCodeSourceCodeAccess
LogPluginManager: Mounting plugin VisualStudioSourceCodeAccess
LogPluginManager: Mounting plugin XCodeSourceCodeAccess
LogPluginManager: Mounting plugin AssetManagerEditor
LogPluginManager: Mounting plugin CryptoKeys
LogPluginManager: Mounting plugin DataValidation
LogPluginManager: Mounting plugin FacialAnimation
LogPluginManager: Mounting plugin GameplayTagsEditor
LogPluginManager: Mounting plugin MacGraphicsSwitching
LogPluginManager: Mounting plugin MaterialAnalyzer
LogPluginManager: Mounting plugin MobileLauncherProfileWizard
LogPluginManager: Mounting plugin PluginBrowser
LogPluginManager: Mounting plugin SpeedTreeImporter
LogPluginManager: Mounting plugin DatasmithContent
LogPluginManager: Mounting plugin VariantManagerContent
LogPluginManager: Mounting plugin AlembicImporter
LogPluginManager: Mounting plugin AppleImageUtils
LogPluginManager: Mounting plugin AppleVision
LogPluginManager: Mounting plugin BackChannel
LogPluginManager: Mounting plugin CharacterAI
LogPluginManager: Mounting plugin GeometryCache
LogPluginManager: Mounting plugin HTML5Networking
LogPluginManager: Mounting plugin ProxyLODPlugin
LogPluginManager: Mounting plugin SkeletalReduction
LogPluginManager: Mounting plugin MagicLeap
LogPluginManager: Mounting plugin MagicLeapMedia
LogPluginManager: Mounting plugin AndroidMedia
LogPluginManager: Mounting plugin AvfMedia
LogPluginManager: Mounting plugin ImgMedia
LogPluginManager: Mounting plugin LinearTimecode
LogPluginManager: Mounting plugin MediaCompositing
LogPluginManager: Mounting plugin MediaPlayerEditor
LogPluginManager: Mounting plugin WebMMedia
LogPluginManager: Mounting plugin WmfMedia
LogPluginManager: Mounting plugin TcpMessaging
LogPluginManager: Mounting plugin UdpMessaging
LogPluginManager: Mounting plugin ActorSequence
LogPluginManager: Mounting plugin LevelSequenceEditor
LogPluginManager: Mounting plugin MatineeToLevelSequence
LogPluginManager: Mounting plugin NetcodeUnitTest
LogPluginManager: Mounting plugin NUTUnrealEngine4
LogPluginManager: Mounting plugin OnlineSubsystemGooglePlay
LogPluginManager: Mounting plugin OnlineSubsystemIOS
LogPluginManager: Mounting plugin OnlineSubsystem
LogPluginManager: Mounting plugin OnlineSubsystemNull
LogPluginManager: Mounting plugin OnlineSubsystemUtils
LogPluginManager: Mounting plugin LauncherChunkInstaller
LogPluginManager: Mounting plugin AndroidDeviceProfileSelector
LogPluginManager: Mounting plugin AndroidMoviePlayer
LogPluginManager: Mounting plugin AndroidPermission
LogPluginManager: Mounting plugin AppleMoviePlayer
LogPluginManager: Mounting plugin ArchVisCharacter
LogPluginManager: Mounting plugin AudioCapture
LogPluginManager: Mounting plugin CableComponent
LogPluginManager: Mounting plugin CustomMeshComponent
LogPluginManager: Mounting plugin EditableMesh
LogPluginManager: Mounting plugin ExampleDeviceProfileSelector
LogPluginManager: Mounting plugin Firebase
LogPluginManager: Mounting plugin GoogleCloudMessaging
LogPluginManager: Mounting plugin IOSDeviceProfileSelector
LogPluginManager: Mounting plugin LinuxDeviceProfileSelector
LogPluginManager: Mounting plugin LocationServicesBPLibrary
LogPluginManager: Mounting plugin MobilePatchingUtils
LogPluginManager: Mounting plugin OculusVR
LogPluginManager: Mounting plugin PhysXVehicles
LogPluginManager: Mounting plugin ProceduralMeshComponent
LogPluginManager: Mounting plugin RuntimePhysXCooking
LogPluginManager: Mounting plugin SignificanceManager
LogPluginManager: Mounting plugin SteamVR
LogPluginManager: Mounting plugin WebMMoviePlayer
LogPluginManager: Mounting plugin WindowsMoviePlayer
LogInit: Using libcurl 7.55.1-DEV
LogInit:  - built for x86_64-pc-win32
LogInit:  - supports SSL with OpenSSL/1.1.1
LogInit:  - supports HTTP deflate (compression) using libz 1.2.8
LogInit:  - other features:
LogInit:      CURL_VERSION_SSL
LogInit:      CURL_VERSION_LIBZ
LogInit:      CURL_VERSION_IPV6
LogInit:      CURL_VERSION_ASYNCHDNS
LogInit:      CURL_VERSION_LARGEFILE
LogInit:      CURL_VERSION_IDN
LogInit:  CurlRequestOptions (configurable via config and command line):
LogInit:  - bVerifyPeer = true  - Libcurl will verify peer certificate
LogInit:  - bUseHttpProxy = false  - Libcurl will NOT use HTTP proxy
LogInit:  - bDontReuseConnections = false  - Libcurl will reuse connections
LogInit:  - MaxHostConnections = 16  - Libcurl will limit the number of connections to a host
LogInit:  - LocalHostAddr = Default
LogInit:  - BufferSize = 65536
LogModuleManager: Warning: ModuleManager: Unable to load module 'OnlineSubsystemSteam'  - 0 instances of that module name found.
LogInit: WinSock: version 1.1 (2.2), MaxSocks=32767, MaxUdp=65467
LogHMD: Failed initializing OVRPlugin 1.32.0
LogInit: Build: ++UE4+Release-4.22-CL-7053642
LogInit: Engine Version: 4.22.3-7053642+++UE4+Release-4.22
LogInit: Compatible Engine Version: 4.22.0-5660361+++UE4+Release-4.22
LogInit: Net CL: 5660361
LogInit: OS: Windows 10 (Release 1903) (), CPU: Intel(R) Core(TM) i7-9700 CPU @ 3.00GHz, GPU: NVIDIA GeForce GTX 1660 Ti
LogInit: Compiled (64-bit): Jun 18 2019 03:09:11
LogInit: Compiled with Visual C++: 19.16.27025.01
LogInit: Build Configuration: Development
LogInit: Branch Name: ++UE4+Release-4.22
LogInit: Command Line: 
LogInit: Base Directory: C:/Epic Games/UE_4.22/Engine/Binaries/Win64/
LogInit: Installed Engine Build: 1
LogDevObjectVersion: Number of dev versions registered: 23
LogDevObjectVersion:   Dev-Blueprints (B0D832E4-1F89-4F0D-ACCF-7EB736FD4AA2): 10
LogDevObjectVersion:   Dev-Build (E1C64328-A22C-4D53-A36C-8E866417BD8C): 0
LogDevObjectVersion:   Dev-Core (375EC13C-06E4-48FB-B500-84F0262A717E): 3
LogDevObjectVersion:   Dev-Editor (E4B068ED-F494-42E9-A231-DA0B2E46BB41): 30
LogDevObjectVersion:   Dev-Framework (CFFC743F-43B0-4480-9391-14DF171D2073): 35
LogDevObjectVersion:   Dev-Mobile (B02B49B5-BB20-44E9-A304-32B752E40360): 2
LogDevObjectVersion:   Dev-Networking (A4E4105C-59A1-49B5-A7C5-40C4547EDFEE): 0
LogDevObjectVersion:   Dev-Online (39C831C9-5AE6-47DC-9A44-9C173E1C8E7C): 0
LogDevObjectVersion:   Dev-Physics (78F01B33-EBEA-4F98-B9B4-84EACCB95AA2): 0
LogDevObjectVersion:   Dev-Platform (6631380F-2D4D-43E0-8009-CF276956A95A): 0
LogDevObjectVersion:   Dev-Rendering (12F88B9F-8875-4AFC-A67C-D90C383ABD29): 28
LogDevObjectVersion:   Dev-Sequencer (7B5AE74C-D270-4C10-A958-57980B212A5A): 11
LogDevObjectVersion:   Dev-VR (D7296918-1DD6-4BDD-9DE2-64A83CC13884): 2
LogDevObjectVersion:   Dev-LoadTimes (C2A15278-BFE7-4AFE-6C17-90FF531DF755): 1
LogDevObjectVersion:   Private-Geometry (6EACA3D4-40EC-4CC1-B786-8BED09428FC5): 3
LogDevObjectVersion:   Dev-AnimPhys (29E575DD-E0A3-4627-9D10-D276232CDCEA): 17
LogDevObjectVersion:   Dev-Anim (AF43A65D-7FD3-4947-9873-3E8ED9C1BB05): 2
LogDevObjectVersion:   Dev-ReflectionCapture (6B266CEC-1EC7-4B8F-A30B-E4D90942FC07): 1
LogDevObjectVersion:   Dev-Automation (0DF73D61-A23F-47EA-B727-89E90C41499A): 1
LogDevObjectVersion:   FortniteMain (601D1886-AC64-4F84-AA16-D3DE0DEAC7D6): 25
LogDevObjectVersion:   Dev-Enterprise (9DFFBCD6-494F-0158-E221-12823C92A888): 6
LogDevObjectVersion:   Dev-Niagara (F2AED0AC-9AFE-416F-8664-AA7FFA26D6FC): 1
LogDevObjectVersion:   Dev-Destruction (174F1F0B-B4C6-45A5-B13F-2EE8D0FB917D): 2
LogInit: Presizing for max 16777216 objects, including 0 objects not considered by GC, pre-allocating 0 bytes for permanent pool.
LogInit: Object subsystem initialized
LogConfig: Setting CVar [[con.DebugEarlyDefault:1]]
LogConfig: Setting CVar [[r.setres:1280x720]]
[2020.01.22-13.46.00:599][  0]LogConfig: Setting CVar [[r.VSync:0]]
[2020.01.22-13.46.00:599][  0]LogConfig: Setting CVar [[r.RHICmdBypass:0]]
[2020.01.22-13.46.00:599][  0]LogConfig: Applying CVar settings from Section [/Script/Engine.RendererSettings] File [C:/Users/02kaden.seeger/Desktop/Unreal Projects/RnD 2019-2020/HorrorGame/Saved/Config/Windows/Engine.ini]
[2020.01.22-13.46.00:599][  0]LogConfig: Setting CVar [[r.GPUCrashDebugging:0]]
[2020.01.22-13.46.00:599][  0]LogConfig: Applying CVar settings from Section [/Script/Engine.RendererOverrideSettings] File [C:/Users/02kaden.seeger/Desktop/Unreal Projects/RnD 2019-2020/HorrorGame/Saved/Config/Windows/Engine.ini]
[2020.01.22-13.46.00:599][  0]LogConfig: Applying CVar settings from Section [/Script/Engine.StreamingSettings] File [C:/Users/02kaden.seeger/Desktop/Unreal Projects/RnD 2019-2020/HorrorGame/Saved/Config/Windows/Engine.ini]
[2020.01.22-13.46.00:599][  0]LogConfig: Setting CVar [[s.MinBulkDataSizeForAsyncLoading:131072]]
[2020.01.22-13.46.00:599][  0]LogConfig: Setting CVar [[s.AsyncLoadingThreadEnabled:0]]
[2020.01.22-13.46.00:599][  0]LogConfig: Setting CVar [[s.EventDrivenLoaderEnabled:1]]
[2020.01.22-13.46.00:599][  0]LogConfig: Setting CVar [[s.WarnIfTimeLimitExceeded:0]]
[2020.01.22-13.46.00:599][  0]LogConfig: Setting CVar [[s.TimeLimitExceededMultiplier:1.5]]
[2020.01.22-13.46.00:599][  0]LogConfig: Setting CVar [[s.TimeLimitExceededMinTime:0.005]]
[2020.01.22-13.46.00:599][  0]LogConfig: Setting CVar [[s.UseBackgroundLevelStreaming:1]]
[2020.01.22-13.46.00:599][  0]LogConfig: Setting CVar [[s.PriorityAsyncLoadingExtraTime:15.0]]
[2020.01.22-13.46.00:599][  0]LogConfig: Setting CVar [[s.LevelStreamingActorsUpdateTimeLimit:5.0]]
[2020.01.22-13.46.00:599][  0]LogConfig: Setting CVar [[s.PriorityLevelStreamingActorsUpdateExtraTime:5.0]]
[2020.01.22-13.46.00:599][  0]LogConfig: Setting CVar [[s.LevelStreamingComponentsRegistrationGranularity:10]]
[2020.01.22-13.46.00:599][  0]LogConfig: Setting CVar [[s.UnregisterComponentsTimeLimit:1.0]]
[2020.01.22-13.46.00:599][  0]LogConfig: Setting CVar [[s.LevelStreamingComponentsUnregistrationGranularity:5]]
[2020.01.22-13.46.00:599][  0]LogConfig: Applying CVar settings from Section [/Script/Engine.GarbageCollectionSettings] File [C:/Users/02kaden.seeger/Desktop/Unreal Projects/RnD 2019-2020/HorrorGame/Saved/Config/Windows/Engine.ini]
[2020.01.22-13.46.00:599][  0]LogConfig: Setting CVar [[gc.MaxObjectsNotConsideredByGC:1]]
[2020.01.22-13.46.00:599][  0]LogConfig: Setting CVar [[gc.SizeOfPermanentObjectPool:0]]
[2020.01.22-13.46.00:599][  0]LogConfig: Setting CVar [[gc.FlushStreamingOnGC:0]]
[2020.01.22-13.46.00:599][  0]LogConfig: Setting CVar [[gc.NumRetriesBeforeForcingGC:10]]
[2020.01.22-13.46.00:599][  0]LogConfig: Setting CVar [[gc.AllowParallelGC:1]]
[2020.01.22-13.46.00:599][  0]LogConfig: Setting CVar [[gc.TimeBetweenPurgingPendingKillObjects:61.1]]
[2020.01.22-13.46.00:599][  0]LogConfig: Setting CVar [[gc.MaxObjectsInEditor:16777216]]
[2020.01.22-13.46.00:599][  0]LogConfig: Setting CVar [[gc.IncrementalBeginDestroyEnabled:1]]
[2020.01.22-13.46.00:599][  0]LogConfig: Setting CVar [[gc.CreateGCClusters:1]]
[2020.01.22-13.46.00:599][  0]LogConfig: Setting CVar [[gc.MinGCClusterSize:5]]
[2020.01.22-13.46.00:599][  0]LogConfig: Setting CVar [[gc.ActorClusteringEnabled:0]]
[2020.01.22-13.46.00:599][  0]LogConfig: Setting CVar [[gc.BlueprintClusteringEnabled:0]]
[2020.01.22-13.46.00:599][  0]LogConfig: Setting CVar [[gc.UseDisregardForGCOnDedicatedServers:0]]
[2020.01.22-13.46.00:599][  0]LogConfig: Applying CVar settings from Section [/Script/Engine.NetworkSettings] File [C:/Users/02kaden.seeger/Desktop/Unreal Projects/RnD 2019-2020/HorrorGame/Saved/Config/Windows/Engine.ini]
[2020.01.22-13.46.00:600][  0]LogConfig: Applying CVar settings from Section [/Script/UnrealEd.CookerSettings] File [C:/Users/02kaden.seeger/Desktop/Unreal Projects/RnD 2019-2020/HorrorGame/Saved/Config/Windows/Engine.ini]
[2020.01.22-13.46.00:603][  0]LogConfig: Applying CVar settings from Section [ViewDistanceQuality@3] File [C:/Users/02kaden.seeger/Desktop/Unreal Projects/RnD 2019-2020/HorrorGame/Saved/Config/Windows/Scalability.ini]
[2020.01.22-13.46.00:603][  0]LogConfig: Setting CVar [[r.SkeletalMeshLODBias:0]]
[2020.01.22-13.46.00:603][  0]LogConfig: Setting CVar [[r.ViewDistanceScale:1.0]]
[2020.01.22-13.46.00:603][  0]LogConfig: Applying CVar settings from Section [AntiAliasingQuality@3] File [C:/Users/02kaden.seeger/Desktop/Unreal Projects/RnD 2019-2020/HorrorGame/Saved/Config/Windows/Scalability.ini]
[2020.01.22-13.46.00:603][  0]LogConfig: Setting CVar [[r.PostProcessAAQuality:4]]
[2020.01.22-13.46.00:603][  0]LogConfig: Applying CVar settings from Section [ShadowQuality@3] File [C:/Users/02kaden.seeger/Desktop/Unreal Projects/RnD 2019-2020/HorrorGame/Saved/Config/Windows/Scalability.ini]
[2020.01.22-13.46.00:603][  0]LogConfig: Setting CVar [[r.LightFunctionQuality:1]]
[2020.01.22-13.46.00:603][  0]LogConfig: Setting CVar [[r.ShadowQuality:5]]
[2020.01.22-13.46.00:603][  0]LogConfig: Setting CVar [[r.Shadow.CSM.MaxCascades:10]]
[2020.01.22-13.46.00:603][  0]LogConfig: Setting CVar [[r.Shadow.MaxResolution:2048]]
[2020.01.22-13.46.00:603][  0]LogConfig: Setting CVar [[r.Shadow.MaxCSMResolution:2048]]
[2020.01.22-13.46.00:603][  0]LogConfig: Setting CVar [[r.Shadow.RadiusThreshold:0.01]]
[2020.01.22-13.46.00:603][  0]LogConfig: Setting CVar [[r.Shadow.DistanceScale:1.0]]
[2020.01.22-13.46.00:603][  0]LogConfig: Setting CVar [[r.Shadow.CSM.TransitionScale:1.0]]
[2020.01.22-13.46.00:603][  0]LogConfig: Setting CVar [[r.Shadow.PreShadowResolutionFactor:1.0]]
[2020.01.22-13.46.00:603][  0]LogConfig: Setting CVar [[r.DistanceFieldShadowing:1]]
[2020.01.22-13.46.00:603][  0]LogConfig: Setting CVar [[r.DistanceFieldAO:1]]
[2020.01.22-13.46.00:603][  0]LogConfig: Setting CVar [[r.AOQuality:2]]
[2020.01.22-13.46.00:603][  0]LogConfig: Setting CVar [[r.VolumetricFog:1]]
[2020.01.22-13.46.00:603][  0]LogConfig: Setting CVar [[r.VolumetricFog.GridPixelSize:8]]
[2020.01.22-13.46.00:603][  0]LogConfig: Setting CVar [[r.VolumetricFog.GridSizeZ:128]]
[2020.01.22-13.46.00:603][  0]LogConfig: Setting CVar [[r.VolumetricFog.HistoryMissSupersampleCount:4]]
[2020.01.22-13.46.00:603][  0]LogConfig: Setting CVar [[r.LightMaxDrawDistanceScale:1]]
[2020.01.22-13.46.00:603][  0]LogConfig: Setting CVar [[r.CapsuleShadows:1]]
[2020.01.22-13.46.00:603][  0]LogConfig: Applying CVar settings from Section [PostProcessQuality@3] File [C:/Users/02kaden.seeger/Desktop/Unreal Projects/RnD 2019-2020/HorrorGame/Saved/Config/Windows/Scalability.ini]
[2020.01.22-13.46.00:603][  0]LogConfig: Setting CVar [[r.MotionBlurQuality:4]]
[2020.01.22-13.46.00:603][  0]LogConfig: Setting CVar [[r.AmbientOcclusionMipLevelFactor:0.4]]
[2020.01.22-13.46.00:603][  0]LogConfig: Setting CVar [[r.AmbientOcclusionMaxQuality:100]]
[2020.01.22-13.46.00:603][  0]LogConfig: Setting CVar [[r.AmbientOcclusionLevels:-1]]
[2020.01.22-13.46.00:603][  0]LogConfig: Setting CVar [[r.AmbientOcclusionRadiusScale:1.0]]
[2020.01.22-13.46.00:603][  0]LogConfig: Setting CVar [[r.DepthOfFieldQuality:2]]
[2020.01.22-13.46.00:603][  0]LogConfig: Setting CVar [[r.RenderTargetPoolMin:400]]
[2020.01.22-13.46.00:603][  0]LogConfig: Setting CVar [[r.LensFlareQuality:2]]
[2020.01.22-13.46.00:603][  0]LogConfig: Setting CVar [[r.SceneColorFringeQuality:1]]
[2020.01.22-13.46.00:603][  0]LogConfig: Setting CVar [[r.EyeAdaptationQuality:2]]
[2020.01.22-13.46.00:603][  0]LogConfig: Setting CVar [[r.BloomQuality:5]]
[2020.01.22-13.46.00:603][  0]LogConfig: Setting CVar [[r.FastBlurThreshold:100]]
[2020.01.22-13.46.00:603][  0]LogConfig: Setting CVar [[r.Upscale.Quality:3]]
[2020.01.22-13.46.00:603][  0]LogConfig: Setting CVar [[r.Tonemapper.GrainQuantization:1]]
[2020.01.22-13.46.00:603][  0]LogConfig: Setting CVar [[r.LightShaftQuality:1]]
[2020.01.22-13.46.00:603][  0]LogConfig: Setting CVar [[r.Filter.SizeScale:1]]
[2020.01.22-13.46.00:603][  0]LogConfig: Setting CVar [[r.Tonemapper.Quality:5]]
[2020.01.22-13.46.00:603][  0]LogConfig: Setting CVar [[r.DOF.Gather.AccumulatorQuality:1        ; higher gathering accumulator quality]]
[2020.01.22-13.46.00:603][  0]LogConfig: Setting CVar [[r.DOF.Gather.PostfilterMethod:1          ; Median3x3 postfilering method]]
[2020.01.22-13.46.00:603][  0]LogConfig: Setting CVar [[r.DOF.Gather.EnableBokehSettings:0       ; no bokeh simulation when gathering]]
[2020.01.22-13.46.00:603][  0]LogConfig: Setting CVar [[r.DOF.Gather.RingCount:4                 ; medium number of samples when gathering]]
[2020.01.22-13.46.00:603][  0]LogConfig: Setting CVar [[r.DOF.Scatter.ForegroundCompositing:1    ; additive foreground scattering]]
[2020.01.22-13.46.00:603][  0]LogConfig: Setting CVar [[r.DOF.Scatter.BackgroundCompositing:2    ; additive background scattering]]
[2020.01.22-13.46.00:603][  0]LogConfig: Setting CVar [[r.DOF.Scatter.EnableBokehSettings:1      ; bokeh simulation when scattering]]
[2020.01.22-13.46.00:603][  0]LogConfig: Setting CVar [[r.DOF.Scatter.MaxSpriteRatio:0.1         ; only a maximum of 10% of scattered bokeh]]
[2020.01.22-13.46.00:603][  0]LogConfig: Setting CVar [[r.DOF.Recombine.Quality:1                ; cheap slight out of focus]]
[2020.01.22-13.46.00:603][  0]LogConfig: Setting CVar [[r.DOF.Recombine.EnableBokehSettings:0    ; no bokeh simulation on slight out of focus]]
[2020.01.22-13.46.00:603][  0]LogConfig: Setting CVar [[r.DOF.TemporalAAQuality:1                ; more stable temporal accumulation]]
[2020.01.22-13.46.00:603][  0]LogConfig: Setting CVar [[r.DOF.Kernel.MaxForegroundRadius:0.025]]
[2020.01.22-13.46.00:603][  0]LogConfig: Setting CVar [[r.DOF.Kernel.MaxBackgroundRadius:0.025]]
[2020.01.22-13.46.00:603][  0]LogConfig: Applying CVar settings from Section [TextureQuality@3] File [C:/Users/02kaden.seeger/Desktop/Unreal Projects/RnD 2019-2020/HorrorGame/Saved/Config/Windows/Scalability.ini]
[2020.01.22-13.46.00:603][  0]LogConfig: Setting CVar [[r.Streaming.MipBias:0]]
[2020.01.22-13.46.00:603][  0]LogConfig: Setting CVar [[r.Streaming.AmortizeCPUToGPUCopy:0]]
[2020.01.22-13.46.00:603][  0]LogConfig: Setting CVar [[r.Streaming.MaxNumTexturesToStreamPerFrame:0]]
[2020.01.22-13.46.00:603][  0]LogConfig: Setting CVar [[r.Streaming.Boost:1]]
[2020.01.22-13.46.00:604][  0]LogConfig: Setting CVar [[r.MaxAnisotropy:8]]
[2020.01.22-13.46.00:604][  0]LogConfig: Setting CVar [[r.Streaming.LimitPoolSizeToVRAM:0]]
[2020.01.22-13.46.00:604][  0]LogConfig: Setting CVar [[r.Streaming.PoolSize:1000]]
[2020.01.22-13.46.00:604][  0]LogConfig: Setting CVar [[r.Streaming.MaxEffectiveScreenSize:0]]
[2020.01.22-13.46.00:604][  0]LogConfig: Applying CVar settings from Section [EffectsQuality@3] File [C:/Users/02kaden.seeger/Desktop/Unreal Projects/RnD 2019-2020/HorrorGame/Saved/Config/Windows/Scalability.ini]
[2020.01.22-13.46.00:604][  0]LogConfig: Setting CVar [[r.TranslucencyLightingVolumeDim:64]]
[2020.01.22-13.46.00:604][  0]LogConfig: Setting CVar [[r.RefractionQuality:2]]
[2020.01.22-13.46.00:604][  0]LogConfig: Setting CVar [[r.SSR.Quality:3]]
[2020.01.22-13.46.00:604][  0]LogConfig: Setting CVar [[r.SceneColorFormat:4]]
[2020.01.22-13.46.00:604][  0]LogConfig: Setting CVar [[r.DetailMode:2]]
[2020.01.22-13.46.00:604][  0]LogConfig: Setting CVar [[r.TranslucencyVolumeBlur:1]]
[2020.01.22-13.46.00:604][  0]LogConfig: Setting CVar [[r.MaterialQualityLevel:1 ; High quality]]
[2020.01.22-13.46.00:604][  0]LogConfig: Setting CVar [[r.SSS.Scale:1]]
[2020.01.22-13.46.00:604][  0]LogConfig: Setting CVar [[r.SSS.SampleSet:2]]
[2020.01.22-13.46.00:604][  0]LogConfig: Setting CVar [[r.SSS.Quality:1]]
[2020.01.22-13.46.00:604][  0]LogConfig: Setting CVar [[r.SSS.HalfRes:1]]
[2020.01.22-13.46.00:604][  0]LogConfig: Setting CVar [[r.EmitterSpawnRateScale:1.0]]
[2020.01.22-13.46.00:604][  0]LogConfig: Setting CVar [[r.ParticleLightQuality:2]]
[2020.01.22-13.46.00:604][  0]LogConfig: Applying CVar settings from Section [FoliageQuality@3] File [C:/Users/02kaden.seeger/Desktop/Unreal Projects/RnD 2019-2020/HorrorGame/Saved/Config/Windows/Scalability.ini]
[2020.01.22-13.46.00:604][  0]LogConfig: Setting CVar [[foliage.DensityScale:1.0]]
[2020.01.22-13.46.00:604][  0]LogConfig: Setting CVar [[grass.DensityScale:1.0]]
[2020.01.22-13.46.00:604][  0]LogInit: Selected Device Profile: [Windows]
[2020.01.22-13.46.00:604][  0]LogInit: Applying CVar settings loaded from the selected device profile: [Windows]
[2020.01.22-13.46.00:625][  0]LogHAL: Display: Platform has ~ 16 GB [17106104320 / 17179869184 / 16], which maps to Larger [LargestMinGB=32, LargerMinGB=12, DefaultMinGB=8, SmallerMinGB=6, SmallestMinGB=0)
[2020.01.22-13.46.00:625][  0]LogConfig: Setting CVar [[r.Vulkan.UseRealUBs:0		; Required until we fix HLR fall-out]]
[2020.01.22-13.46.00:625][  0]LogInit: Going up to parent DeviceProfile []
[2020.01.22-13.46.00:625][  0]LogConfig: Applying CVar settings from Section [ViewDistanceQuality@3] File [C:/Users/02kaden.seeger/Desktop/Unreal Projects/RnD 2019-2020/HorrorGame/Saved/Config/Windows/Scalability.ini]
[2020.01.22-13.46.00:625][  0]LogConfig: Setting CVar [[r.SkeletalMeshLODBias:0]]
[2020.01.22-13.46.00:625][  0]LogConfig: Setting CVar [[r.ViewDistanceScale:1.0]]
[2020.01.22-13.46.00:625][  0]LogConfig: Applying CVar settings from Section [AntiAliasingQuality@3] File [C:/Users/02kaden.seeger/Desktop/Unreal Projects/RnD 2019-2020/HorrorGame/Saved/Config/Windows/Scalability.ini]
[2020.01.22-13.46.00:625][  0]LogConfig: Setting CVar [[r.PostProcessAAQuality:4]]
[2020.01.22-13.46.00:625][  0]LogConfig: Applying CVar settings from Section [ShadowQuality@3] File [C:/Users/02kaden.seeger/Desktop/Unreal Projects/RnD 2019-2020/HorrorGame/Saved/Config/Windows/Scalability.ini]
[2020.01.22-13.46.00:625][  0]LogConfig: Setting CVar [[r.LightFunctionQuality:1]]
[2020.01.22-13.46.00:625][  0]LogConfig: Setting CVar [[r.ShadowQuality:5]]
[2020.01.22-13.46.00:625][  0]LogConfig: Setting CVar [[r.Shadow.CSM.MaxCascades:10]]
[2020.01.22-13.46.00:625][  0]LogConfig: Setting CVar [[r.Shadow.MaxResolution:2048]]
[2020.01.22-13.46.00:625][  0]LogConfig: Setting CVar [[r.Shadow.MaxCSMResolution:2048]]
[2020.01.22-13.46.00:625][  0]LogConfig: Setting CVar [[r.Shadow.RadiusThreshold:0.01]]
[2020.01.22-13.46.00:625][  0]LogConfig: Setting CVar [[r.Shadow.DistanceScale:1.0]]
[2020.01.22-13.46.00:625][  0]LogConfig: Setting CVar [[r.Shadow.CSM.TransitionScale:1.0]]
[2020.01.22-13.46.00:625][  0]LogConfig: Setting CVar [[r.Shadow.PreShadowResolutionFactor:1.0]]
[2020.01.22-13.46.00:625][  0]LogConfig: Setting CVar [[r.DistanceFieldShadowing:1]]
[2020.01.22-13.46.00:625][  0]LogConfig: Setting CVar [[r.DistanceFieldAO:1]]
[2020.01.22-13.46.00:625][  0]LogConfig: Setting CVar [[r.AOQuality:2]]
[2020.01.22-13.46.00:625][  0]LogConfig: Setting CVar [[r.VolumetricFog:1]]
[2020.01.22-13.46.00:625][  0]LogConfig: Setting CVar [[r.VolumetricFog.GridPixelSize:8]]
[2020.01.22-13.46.00:625][  0]LogConfig: Setting CVar [[r.VolumetricFog.GridSizeZ:128]]
[2020.01.22-13.46.00:625][  0]LogConfig: Setting CVar [[r.VolumetricFog.HistoryMissSupersampleCount:4]]
[2020.01.22-13.46.00:625][  0]LogConfig: Setting CVar [[r.LightMaxDrawDistanceScale:1]]
[2020.01.22-13.46.00:625][  0]LogConfig: Setting CVar [[r.CapsuleShadows:1]]
[2020.01.22-13.46.00:625][  0]LogConfig: Applying CVar settings from Section [PostProcessQuality@3] File [C:/Users/02kaden.seeger/Desktop/Unreal Projects/RnD 2019-2020/HorrorGame/Saved/Config/Windows/Scalability.ini]
[2020.01.22-13.46.00:626][  0]LogConfig: Setting CVar [[r.MotionBlurQuality:4]]
[2020.01.22-13.46.00:626][  0]LogConfig: Setting CVar [[r.AmbientOcclusionMipLevelFactor:0.4]]
[2020.01.22-13.46.00:626][  0]LogConfig: Setting CVar [[r.AmbientOcclusionMaxQuality:100]]
[2020.01.22-13.46.00:626][  0]LogConfig: Setting CVar [[r.AmbientOcclusionLevels:-1]]
[2020.01.22-13.46.00:626][  0]LogConfig: Setting CVar [[r.AmbientOcclusionRadiusScale:1.0]]
[2020.01.22-13.46.00:626][  0]LogConfig: Setting CVar [[r.DepthOfFieldQuality:2]]
[2020.01.22-13.46.00:626][  0]LogConfig: Setting CVar [[r.RenderTargetPoolMin:400]]
[2020.01.22-13.46.00:626][  0]LogConfig: Setting CVar [[r.LensFlareQuality:2]]
[2020.01.22-13.46.00:626][  0]LogConfig: Setting CVar [[r.SceneColorFringeQuality:1]]
[2020.01.22-13.46.00:626][  0]LogConfig: Setting CVar [[r.EyeAdaptationQuality:2]]
[2020.01.22-13.46.00:626][  0]LogConfig: Setting CVar [[r.BloomQuality:5]]
[2020.01.22-13.46.00:626][  0]LogConfig: Setting CVar [[r.FastBlurThreshold:100]]
[2020.01.22-13.46.00:626][  0]LogConfig: Setting CVar [[r.Upscale.Quality:3]]
[2020.01.22-13.46.00:626][  0]LogConfig: Setting CVar [[r.Tonemapper.GrainQuantization:1]]
[2020.01.22-13.46.00:626][  0]LogConfig: Setting CVar [[r.LightShaftQuality:1]]
[2020.01.22-13.46.00:626][  0]LogConfig: Setting CVar [[r.Filter.SizeScale:1]]
[2020.01.22-13.46.00:626][  0]LogConfig: Setting CVar [[r.Tonemapper.Quality:5]]
[2020.01.22-13.46.00:626][  0]LogConfig: Setting CVar [[r.DOF.Gather.AccumulatorQuality:1        ; higher gathering accumulator quality]]
[2020.01.22-13.46.00:626][  0]LogConfig: Setting CVar [[r.DOF.Gather.PostfilterMethod:1          ; Median3x3 postfilering method]]
[2020.01.22-13.46.00:626][  0]LogConfig: Setting CVar [[r.DOF.Gather.EnableBokehSettings:0       ; no bokeh simulation when gathering]]
[2020.01.22-13.46.00:626][  0]LogConfig: Setting CVar [[r.DOF.Gather.RingCount:4                 ; medium number of samples when gathering]]
[2020.01.22-13.46.00:626][  0]LogConfig: Setting CVar [[r.DOF.Scatter.ForegroundCompositing:1    ; additive foreground scattering]]
[2020.01.22-13.46.00:626][  0]LogConfig: Setting CVar [[r.DOF.Scatter.BackgroundCompositing:2    ; additive background scattering]]
[2020.01.22-13.46.00:626][  0]LogConfig: Setting CVar [[r.DOF.Scatter.EnableBokehSettings:1      ; bokeh simulation when scattering]]
[2020.01.22-13.46.00:626][  0]LogConfig: Setting CVar [[r.DOF.Scatter.MaxSpriteRatio:0.1         ; only a maximum of 10% of scattered bokeh]]
[2020.01.22-13.46.00:626][  0]LogConfig: Setting CVar [[r.DOF.Recombine.Quality:1                ; cheap slight out of focus]]
[2020.01.22-13.46.00:626][  0]LogConfig: Setting CVar [[r.DOF.Recombine.EnableBokehSettings:0    ; no bokeh simulation on slight out of focus]]
[2020.01.22-13.46.00:626][  0]LogConfig: Setting CVar [[r.DOF.TemporalAAQuality:1                ; more stable temporal accumulation]]
[2020.01.22-13.46.00:626][  0]LogConfig: Setting CVar [[r.DOF.Kernel.MaxForegroundRadius:0.025]]
[2020.01.22-13.46.00:626][  0]LogConfig: Setting CVar [[r.DOF.Kernel.MaxBackgroundRadius:0.025]]
[2020.01.22-13.46.00:626][  0]LogConfig: Applying CVar settings from Section [TextureQuality@3] File [C:/Users/02kaden.seeger/Desktop/Unreal Projects/RnD 2019-2020/HorrorGame/Saved/Config/Windows/Scalability.ini]
[2020.01.22-13.46.00:626][  0]LogConfig: Setting CVar [[r.Streaming.MipBias:0]]
[2020.01.22-13.46.00:626][  0]LogConfig: Setting CVar [[r.Streaming.AmortizeCPUToGPUCopy:0]]
[2020.01.22-13.46.00:626][  0]LogConfig: Setting CVar [[r.Streaming.MaxNumTexturesToStreamPerFrame:0]]
[2020.01.22-13.46.00:626][  0]LogConfig: Setting CVar [[r.Streaming.Boost:1]]
[2020.01.22-13.46.00:626][  0]LogConfig: Setting CVar [[r.MaxAnisotropy:8]]
[2020.01.22-13.46.00:626][  0]LogConfig: Setting CVar [[r.Streaming.LimitPoolSizeToVRAM:0]]
[2020.01.22-13.46.00:626][  0]LogConfig: Setting CVar [[r.Streaming.PoolSize:1000]]
[2020.01.22-13.46.00:626][  0]LogConfig: Setting CVar [[r.Streaming.MaxEffectiveScreenSize:0]]
[2020.01.22-13.46.00:626][  0]LogConfig: Applying CVar settings from Section [EffectsQuality@3] File [C:/Users/02kaden.seeger/Desktop/Unreal Projects/RnD 2019-2020/HorrorGame/Saved/Config/Windows/Scalability.ini]
[2020.01.22-13.46.00:626][  0]LogConfig: Setting CVar [[r.TranslucencyLightingVolumeDim:64]]
[2020.01.22-13.46.00:626][  0]LogConfig: Setting CVar [[r.RefractionQuality:2]]
[2020.01.22-13.46.00:626][  0]LogConfig: Setting CVar [[r.SSR.Quality:3]]
[2020.01.22-13.46.00:626][  0]LogConfig: Setting CVar [[r.SceneColorFormat:4]]
[2020.01.22-13.46.00:626][  0]LogConfig: Setting CVar [[r.DetailMode:2]]
[2020.01.22-13.46.00:626][  0]LogConfig: Setting CVar [[r.TranslucencyVolumeBlur:1]]
[2020.01.22-13.46.00:626][  0]LogConfig: Setting CVar [[r.MaterialQualityLevel:1 ; High quality]]
[2020.01.22-13.46.00:626][  0]LogConfig: Setting CVar [[r.SSS.Scale:1]]
[2020.01.22-13.46.00:626][  0]LogConfig: Setting CVar [[r.SSS.SampleSet:2]]
[2020.01.22-13.46.00:626][  0]LogConfig: Setting CVar [[r.SSS.Quality:1]]
[2020.01.22-13.46.00:626][  0]LogConfig: Setting CVar [[r.SSS.HalfRes:1]]
[2020.01.22-13.46.00:626][  0]LogConfig: Setting CVar [[r.EmitterSpawnRateScale:1.0]]
[2020.01.22-13.46.00:626][  0]LogConfig: Setting CVar [[r.ParticleLightQuality:2]]
[2020.01.22-13.46.00:626][  0]LogConfig: Applying CVar settings from Section [FoliageQuality@3] File [C:/Users/02kaden.seeger/Desktop/Unreal Projects/RnD 2019-2020/HorrorGame/Saved/Config/Windows/Scalability.ini]
[2020.01.22-13.46.00:626][  0]LogConfig: Setting CVar [[foliage.DensityScale:1.0]]
[2020.01.22-13.46.00:626][  0]LogConfig: Setting CVar [[grass.DensityScale:1.0]]
[2020.01.22-13.46.00:626][  0]LogConfig: Applying CVar settings from Section [Startup] File [../../../Engine/Config/ConsoleVariables.ini]
[2020.01.22-13.46.00:626][  0]LogConfig: Setting CVar [[net.UseAdaptiveNetUpdateFrequency:0]]
[2020.01.22-13.46.00:626][  0]LogConfig: Setting CVar [[p.chaos.AllowCreatePhysxBodies:1]]
[2020.01.22-13.46.00:626][  0]LogConfig: Applying CVar settings from Section [ConsoleVariables] File [C:/Users/02kaden.seeger/Desktop/Unreal Projects/RnD 2019-2020/HorrorGame/Saved/Config/Windows/Engine.ini]
[2020.01.22-13.46.00:626][  0]LogInit: Computer: GUL-HS-GAMESD01
[2020.01.22-13.46.00:626][  0]LogInit: User: 02kadenseeger
[2020.01.22-13.46.00:626][  0]LogInit: CPU Page size=4096, Cores=8
[2020.01.22-13.46.00:626][  0]LogInit: High frequency timer resolution =10.000000 MHz
[2020.01.22-13.46.00:626][  0]LogMemory: Memory total: Physical=15.9GB (16GB approx)
[2020.01.22-13.46.00:626][  0]LogMemory: Platform Memory Stats for Windows
[2020.01.22-13.46.00:626][  0]LogMemory: Process Physical Memory: 102.55 MB used, 102.55 MB peak
[2020.01.22-13.46.00:626][  0]LogMemory: Process Virtual Memory: 90.57 MB used, 90.57 MB peak
[2020.01.22-13.46.00:626][  0]LogMemory: Physical Memory: 4666.17 MB used,  11647.48 MB free, 16313.65 MB total
[2020.01.22-13.46.00:626][  0]LogMemory: Virtual Memory: 4664.33 MB used,  134213064.00 MB free, 134217728.00 MB total
[2020.01.22-13.46.00:637][  0]LogInit: Using OS detected language (en-US).
[2020.01.22-13.46.00:637][  0]LogInit: Using OS detected locale (en-US).
[2020.01.22-13.46.00:637][  0]LogTextLocalizationManager: No specific localization for 'en-US' exists, so the 'en' localization will be used.
[2020.01.22-13.46.00:747][  0]LogInit: Setting process to per monitor DPI aware
[2020.01.22-13.46.00:772][  0]LogSlate: New Slate User Created.  User Index 0, Is Virtual User: 0
[2020.01.22-13.46.00:772][  0]LogSlate: Slate User Registered.  User Index 0, Is Virtual User: 0
[2020.01.22-13.46.00:891][  0]LogHMD: Failed to initialize OpenVR with code 110
[2020.01.22-13.46.00:891][  0]LogD3D11RHI: D3D11 adapters:
[2020.01.22-13.46.00:947][  0]LogD3D11RHI:    0. 'NVIDIA GeForce GTX 1660 Ti' (Feature Level 11_0)
[2020.01.22-13.46.00:947][  0]LogD3D11RHI:       5991/0/8156 MB DedicatedVideo/DedicatedSystem/SharedSystem, Outputs:2, VendorId:0x10de
[2020.01.22-13.46.00:949][  0]LogD3D11RHI:    1. 'Microsoft Basic Render Driver' (Feature Level 11_0)
[2020.01.22-13.46.00:949][  0]LogD3D11RHI:       0/0/8156 MB DedicatedVideo/DedicatedSystem/SharedSystem, Outputs:0, VendorId:0x1414
[2020.01.22-13.46.00:949][  0]LogD3D11RHI: Chosen D3D11 Adapter: 0
[2020.01.22-13.46.00:953][  0]LogD3D11RHI: Creating new Direct3DDevice
[2020.01.22-13.46.00:953][  0]LogD3D11RHI:     GPU DeviceId: 0x2182 (for the marketing name, search the web for "GPU Device Id")
[2020.01.22-13.46.00:953][  0]LogWindows: EnumDisplayDevices:
[2020.01.22-13.46.00:953][  0]LogWindows:    0. 'NVIDIA GeForce GTX 1660 Ti' (P:0 D:1)
[2020.01.22-13.46.00:954][  0]LogWindows:    1. 'NVIDIA GeForce GTX 1660 Ti' (P:1 D:1)
[2020.01.22-13.46.00:954][  0]LogWindows:    2. 'NVIDIA GeForce GTX 1660 Ti' (P:0 D:0)
[2020.01.22-13.46.00:954][  0]LogWindows:    3. 'NVIDIA GeForce GTX 1660 Ti' (P:0 D:0)
[2020.01.22-13.46.00:954][  0]LogWindows: DebugString: FoundDriverCount:4 
[2020.01.22-13.46.00:954][  0]LogD3D11RHI:     Adapter Name: NVIDIA GeForce GTX 1660 Ti
[2020.01.22-13.46.00:954][  0]LogD3D11RHI:   Driver Version: 430.86 (internal:26.21.14.3086, unified:430.86)
[2020.01.22-13.46.00:954][  0]LogD3D11RHI:      Driver Date: 5-22-2019
[2020.01.22-13.46.00:954][  0]LogRHI: Texture pool is 4193 MB (70% of 5991 MB)
[2020.01.22-13.46.00:991][  0]LogD3D11RHI: Async texture creation enabled
[2020.01.22-13.46.00:994][  0]LogRendererCore: FGlobalReadBuffer::InitRHI
[2020.01.22-13.46.00:994][  0]LogRendererCore: FGlobalReadBuffer::InitRHI
[2020.01.22-13.46.00:994][  0]LogRendererCore: FGlobalReadBuffer::InitRHI
[2020.01.22-13.46.01:007][  0]LogD3D11RHI: GPU Timing Frequency: 1000.000000 (Debug: 2 2)
[2020.01.22-13.46.01:255][  0]LogTemp: Display: Module 'AllDesktopTargetPlatform' loaded TargetPlatform 'AllDesktop'
[2020.01.22-13.46.01:265][  0]LogTemp: Display: Module 'MacClientTargetPlatform' loaded TargetPlatform 'MacClient'
[2020.01.22-13.46.01:276][  0]LogTemp: Display: Module 'MacNoEditorTargetPlatform' loaded TargetPlatform 'MacNoEditor'
[2020.01.22-13.46.01:286][  0]LogTemp: Display: Module 'MacServerTargetPlatform' loaded TargetPlatform 'MacServer'
[2020.01.22-13.46.01:297][  0]LogTemp: Display: Module 'MacTargetPlatform' loaded TargetPlatform 'Mac'
[2020.01.22-13.46.01:307][  0]LogTemp: Display: Module 'WindowsClientTargetPlatform' loaded TargetPlatform 'WindowsClient'
[2020.01.22-13.46.01:318][  0]LogTemp: Display: Module 'WindowsNoEditorTargetPlatform' loaded TargetPlatform 'WindowsNoEditor'
[2020.01.22-13.46.01:329][  0]LogTemp: Display: Module 'WindowsServerTargetPlatform' loaded TargetPlatform 'WindowsServer'
[2020.01.22-13.46.01:334][  0]LogTemp: Display: Module 'WindowsTargetPlatform' loaded TargetPlatform 'Windows'
[2020.01.22-13.46.01:396][  0]LogTemp: Display: Module 'AndroidTargetPlatform' loaded TargetPlatform 'Android'
[2020.01.22-13.46.01:397][  0]LogTemp: Display: Module 'AndroidTargetPlatform' loaded TargetPlatform 'Android_ASTC'
[2020.01.22-13.46.01:397][  0]LogTemp: Display: Module 'AndroidTargetPlatform' loaded TargetPlatform 'Android_ATC'
[2020.01.22-13.46.01:397][  0]LogTemp: Display: Module 'AndroidTargetPlatform' loaded TargetPlatform 'Android_DXT'
[2020.01.22-13.46.01:397][  0]LogTemp: Display: Module 'AndroidTargetPlatform' loaded TargetPlatform 'Android_ETC1'
[2020.01.22-13.46.01:397][  0]LogTemp: Display: Module 'AndroidTargetPlatform' loaded TargetPlatform 'Android_ETC1a'
[2020.01.22-13.46.01:397][  0]LogTemp: Display: Module 'AndroidTargetPlatform' loaded TargetPlatform 'Android_ETC2'
[2020.01.22-13.46.01:397][  0]LogTemp: Display: Module 'AndroidTargetPlatform' loaded TargetPlatform 'Android_PVRTC'
[2020.01.22-13.46.01:397][  0]LogTemp: Display: Module 'AndroidTargetPlatform' loaded TargetPlatform 'AndroidClient'
[2020.01.22-13.46.01:397][  0]LogTemp: Display: Module 'AndroidTargetPlatform' loaded TargetPlatform 'Android_ASTCClient'
[2020.01.22-13.46.01:397][  0]LogTemp: Display: Module 'AndroidTargetPlatform' loaded TargetPlatform 'Android_ATCClient'
[2020.01.22-13.46.01:397][  0]LogTemp: Display: Module 'AndroidTargetPlatform' loaded TargetPlatform 'Android_DXTClient'
[2020.01.22-13.46.01:397][  0]LogTemp: Display: Module 'AndroidTargetPlatform' loaded TargetPlatform 'Android_ETC1Client'
[2020.01.22-13.46.01:397][  0]LogTemp: Display: Module 'AndroidTargetPlatform' loaded TargetPlatform 'Android_ETC1aClient'
[2020.01.22-13.46.01:397][  0]LogTemp: Display: Module 'AndroidTargetPlatform' loaded TargetPlatform 'Android_ETC2Client'
[2020.01.22-13.46.01:397][  0]LogTemp: Display: Module 'AndroidTargetPlatform' loaded TargetPlatform 'Android_PVRTCClient'
[2020.01.22-13.46.01:397][  0]LogTemp: Display: Module 'AndroidTargetPlatform' loaded TargetPlatform 'Android_Multi'
[2020.01.22-13.46.01:397][  0]LogTemp: Display: Module 'AndroidTargetPlatform' loaded TargetPlatform 'Android_MultiClient'
[2020.01.22-13.46.01:398][  0]LogTemp: Display: Module 'HTML5TargetPlatform' loaded TargetPlatform 'HTML5'
[2020.01.22-13.46.01:440][  0]LogTemp: Display: Module 'IOSTargetPlatform' loaded TargetPlatform 'IOSClient'
[2020.01.22-13.46.01:440][  0]LogTemp: Display: Module 'IOSTargetPlatform' loaded TargetPlatform 'IOS'
[2020.01.22-13.46.01:458][  0]LogTemp: Display: Module 'TVOSTargetPlatform' loaded TargetPlatform 'TVOSClient'
[2020.01.22-13.46.01:458][  0]LogTemp: Display: Module 'TVOSTargetPlatform' loaded TargetPlatform 'TVOS'
[2020.01.22-13.46.01:468][  0]LogTemp: Display: Module 'LinuxClientTargetPlatform' loaded TargetPlatform 'LinuxClient'
[2020.01.22-13.46.01:477][  0]LogTemp: Display: Module 'LinuxNoEditorTargetPlatform' loaded TargetPlatform 'LinuxNoEditor'
[2020.01.22-13.46.01:486][  0]LogTemp: Display: Module 'LinuxServerTargetPlatform' loaded TargetPlatform 'LinuxServer'
[2020.01.22-13.46.01:496][  0]LogTemp: Display: Module 'LinuxTargetPlatform' loaded TargetPlatform 'Linux'
[2020.01.22-13.46.01:530][  0]LogTemp: Display: Module 'LuminTargetPlatform' loaded TargetPlatform 'Lumin'
[2020.01.22-13.46.01:530][  0]LogTemp: Display: Module 'LuminTargetPlatform' loaded TargetPlatform 'LuminClient'
[2020.01.22-13.46.01:530][  0]LogTargetPlatformManager: Display: Building Assets For Windows
[2020.01.22-13.46.01:536][  0]LogAudioDebug: Display: Lib vorbis DLL was dynamically loaded.
[2020.01.22-13.46.01:567][  0]LogShaderCompilers: Guid format shader working directory is -30 characters bigger than the processId version (../../../../../Users/02kaden.seeger/Desktop/Unreal Projects/RnD 2019-2020/HorrorGame/Intermediate/Shaders/WorkingDirectory/13960/).
[2020.01.22-13.46.01:567][  0]LogShaderCompilers: Cleaned the shader compiler working directory 'C:/Users/02kaden.seeger/AppData/Local/Temp/UnrealShaderWorkingDir/8C5E689C4D212D0C6C9BE6988C2C155B/'.
[2020.01.22-13.46.01:569][  0]LogXGEController: Cannot use XGE Controller as Incredibuild is not installed on this machine.
[2020.01.22-13.46.01:569][  0]LogShaderCompilers: Cannot use XGE Shader Compiler as Incredibuild is not installed on this machine.
[2020.01.22-13.46.01:569][  0]LogShaderCompilers: Display: Using Local Shader Compiler.
[2020.01.22-13.46.01:990][  0]LogDerivedDataCache: Display: Max Cache Size: 512 MB
[2020.01.22-13.46.02:032][  0]LogDerivedDataCache: Loaded boot cache 0.04s 71MB C:/Users/02kaden.seeger/AppData/Local/UnrealEngine/4.22/DerivedDataCache/Boot.ddc.
[2020.01.22-13.46.02:032][  0]LogDerivedDataCache: Display: Loaded Boot cache: C:/Users/02kaden.seeger/AppData/Local/UnrealEngine/4.22/DerivedDataCache/Boot.ddc
[2020.01.22-13.46.02:032][  0]LogDerivedDataCache: FDerivedDataBackendGraph:  Pak pak cache file ../../../../../Users/02kaden.seeger/Desktop/Unreal Projects/RnD 2019-2020/HorrorGame/DerivedDataCache/DDC.ddp not found, will not use a pak cache.
[2020.01.22-13.46.02:032][  0]LogDerivedDataCache: Unable to find inner node Pak for hierarchical cache Hierarchy.
[2020.01.22-13.46.02:032][  0]LogDerivedDataCache: FDerivedDataBackendGraph:  CompressedPak pak cache file ../../../../../Users/02kaden.seeger/Desktop/Unreal Projects/RnD 2019-2020/HorrorGame/DerivedDataCache/Compressed.ddp not found, will not use a pak cache.
[2020.01.22-13.46.02:032][  0]LogDerivedDataCache: Unable to find inner node CompressedPak for hierarchical cache Hierarchy.
[2020.01.22-13.46.02:042][  0]LogDerivedDataCache: Display: Pak cache opened for reading ../../../Engine/DerivedDataCache/Compressed.ddp.
[2020.01.22-13.46.02:042][  0]LogDerivedDataCache: FDerivedDataBackendGraph:  EnterprisePak pak cache file ../../../Enterprise/DerivedDataCache/Compressed.ddp not found, will not use a pak cache.
[2020.01.22-13.46.02:042][  0]LogDerivedDataCache: Unable to find inner node EnterprisePak for hierarchical cache Hierarchy.
[2020.01.22-13.46.02:054][  0]LogDerivedDataCache: Using Local data cache path C:/Users/02kaden.seeger/AppData/Local/UnrealEngine/Common/DerivedDataCache: Writable
[2020.01.22-13.46.02:054][  0]LogDerivedDataCache: Shared data cache path not found in *engine.ini, will not use an Shared cache.
[2020.01.22-13.46.02:054][  0]LogDerivedDataCache: Unable to find inner node Shared for hierarchical cache Hierarchy.
[2020.01.22-13.46.02:071][  0]LogMaterial: Verifying Global Shaders for PCD3D_SM5
[2020.01.22-13.46.02:071][  0]LogSlate: Using FreeType 2.6.0
[2020.01.22-13.46.02:072][  0]LogSlate: SlateFontServices - WITH_FREETYPE: 1, WITH_HARFBUZZ: 1
[2020.01.22-13.46.02:137][  0]LogAssetRegistry: FAssetRegistry took 0.0307 seconds to start up
[2020.01.22-13.46.02:384][  0]LogInit: Selected Device Profile: [Windows]
[2020.01.22-13.46.02:483][  0]LogMeshReduction: Using QuadricMeshReduction for automatic static mesh reduction
[2020.01.22-13.46.02:483][  0]LogMeshReduction: Using SimplygonMeshReduction for automatic skeletal mesh reduction
[2020.01.22-13.46.02:483][  0]LogMeshReduction: Using ProxyLODMeshReduction for automatic mesh merging
[2020.01.22-13.46.02:483][  0]LogMeshReduction: No distributed automatic mesh merging module available
[2020.01.22-13.46.02:483][  0]LogMeshMerging: No distributed automatic mesh merging module available
[2020.01.22-13.46.02:490][  0]LogNetVersion: Horror_Game 1.0.0, NetCL: 5660361, EngineNetVer: 10, GameNetVer: 0 (Checksum: 364352182)
[2020.01.22-13.46.02:805][  0]LogPackageLocalizationCache: Processed 10 localized package path(s) for 1 prioritized culture(s) in 0.034681 seconds
[2020.01.22-13.46.02:810][  0]LogUObjectArray: 42205 objects as part of root set at end of initial load.
[2020.01.22-13.46.02:810][  0]LogUObjectAllocator: 7325032 out of 0 bytes used by permanent object pool.
[2020.01.22-13.46.02:810][  0]LogUObjectArray: CloseDisregardForGC: 0/0 objects in disregard for GC pool
[2020.01.22-13.46.03:404][  0]LogTcpMessaging: Initializing TcpMessaging bridge
[2020.01.22-13.46.03:416][  0]LogUdpMessaging: Initializing bridge on interface 0.0.0.0:0 to multicast group 230.0.0.1:6666.
[2020.01.22-13.46.03:515][  0]SourceControl: Source control is disabled
[2020.01.22-13.46.03:515][  0]SourceControl: Source control is disabled
[2020.01.22-13.46.03:516][  0]SourceControl: Source control is disabled
[2020.01.22-13.46.03:517][  0]SourceControl: Source control is disabled
[2020.01.22-13.46.03:522][  0]LogVSAccessor: Display: Unable to create Visual Studio setup instance: 80040154
[2020.01.22-13.46.03:522][  0]LogVSAccessor: Display: Unable to create Visual Studio setup instance: 80040154
[2020.01.22-13.46.03:601][  0]LogAndroidPermission: UAndroidPermissionCallbackProxy::GetInstance
[2020.01.22-13.46.03:652][  0]LogOcInput: OculusInput pre-init called
[2020.01.22-13.46.04:145][  0]LogEngine: Initializing Engine...
[2020.01.22-13.46.04:146][  0]LogHMD: Failed to initialize OpenVR with code 110
[2020.01.22-13.46.04:147][  0]LogStats: UGameplayTagsManager::InitializeManager -  0.000 s
[2020.01.22-13.46.04:315][  0]LogInit: Initializing FReadOnlyCVARCache
[2020.01.22-13.46.04:326][  0]LogAIModule: Creating AISystem for world Untitled
[2020.01.22-13.46.04:334][  0]LogInit: XAudio2 using 'Headset Earphone (2- DELL PRO STEREO HEADSET UC150)' : 2 channels at 48 kHz using 16 bits per sample (channel mask 0x3)
[2020.01.22-13.46.04:344][  0]LogInit: FAudioDevice initialized.
[2020.01.22-13.46.04:344][  0]LogNetVersion: Set ProjectVersion to 1.0.0.0. Version Checksum will be recalculated on next use.
[2020.01.22-13.46.04:383][  0]LogDerivedDataCache: Saved boot cache 0.04s 71MB C:/Users/02kaden.seeger/AppData/Local/UnrealEngine/4.22/DerivedDataCache/Boot.ddc.
[2020.01.22-13.46.04:389][  0]LogInit: Texture streaming: Enabled
[2020.01.22-13.46.04:403][  0]LogEngineSessionManager: EngineSessionManager initialized
[2020.01.22-13.46.04:417][  0]LogInit: Transaction tracking system initialized
[2020.01.22-13.46.04:433][  0]BlueprintLog: New page: Editor Load
[2020.01.22-13.46.04:495][  0]LocalizationService: Localization service is disabled
[2020.01.22-13.46.04:588][  0]LogVSAccessor: Display: Unable to create Visual Studio setup instance: 80040154
[2020.01.22-13.46.04:588][  0]LogVSAccessor: Display: Unable to create Visual Studio setup instance: 80040154
[2020.01.22-13.46.04:715][  0]LogCook: Display: Max memory allowance for cook 16384mb min free memory 0mb
[2020.01.22-13.46.04:715][  0]LogCook: Display: Mobile HDR setting 1
[2020.01.22-13.46.04:832][  0]LogFileCache: Scanning file cache for directory 'C:/Users/02kaden.seeger/Desktop/Unreal Projects/RnD 2019-2020/HorrorGame/Content/' took 0.03s
[2020.01.22-13.46.04:832][  0]SourceControl: Source control is disabled
[2020.01.22-13.46.04:832][  0]Cmd: MAP LOAD FILE="../../../../../Users/02kaden.seeger/Desktop/Unreal Projects/RnD 2019-2020/HorrorGame/Content/Maps/Big.umap" TEMPLATE=0 SHOWPROGRESS=1 FEATURELEVEL=3
[2020.01.22-13.46.04:832][  0]LogEditorServer: Warning: Can't find file '../../../../../Users/02kaden.seeger/Desktop/Unreal Projects/RnD 2019-2020/HorrorGame/Content/Maps/Big.umap'
[2020.01.22-13.46.04:832][  0]Cmd: MAP CHECKDEP NOCLEARLOG
[2020.01.22-13.46.04:833][  0]MapCheck: Map check complete: 0 Error(s), 0 Warning(s), took 0.138ms to complete.
[2020.01.22-13.46.04:833][  0]LogFileHelpers: Loading map 'Big' took 0.000
[2020.01.22-13.46.05:002][  0]LogSlate: Updating window title bar state: overlay mode, drag disabled, window buttons hidden, title bar hidden
[2020.01.22-13.46.05:009][  0]LogSlate: Updating window title bar state: overlay mode, drag disabled, window buttons hidden, title bar hidden
[2020.01.22-13.46.05:015][  0]LogSlate: Updating window title bar state: overlay mode, drag disabled, window buttons hidden, title bar hidden
[2020.01.22-13.46.05:020][  0]LogSlate: Updating window title bar state: overlay mode, drag disabled, window buttons hidden, title bar hidden
[2020.01.22-13.46.05:031][  0]LogCollectionManager: Loaded 0 collections in 0.000974 seconds
[2020.01.22-13.46.05:055][  0]LogFileCache: Scanning file cache for directory 'C:/Users/02kaden.seeger/Desktop/Unreal Projects/RnD 2019-2020/HorrorGame/Saved/Collections/' took 0.01s
[2020.01.22-13.46.05:055][  0]LogFileCache: Scanning file cache for directory 'C:/Users/02kaden.seeger/Desktop/Unreal Projects/RnD 2019-2020/HorrorGame/Content/Developers/02kadenseeger/Collections/' took 0.00s
[2020.01.22-13.46.05:055][  0]LogFileCache: Scanning file cache for directory 'C:/Users/02kaden.seeger/Desktop/Unreal Projects/RnD 2019-2020/HorrorGame/Content/Collections/' took 0.00s
[2020.01.22-13.46.05:055][  0]LogCollectionManager: Rebuilt the GUID cache for 0 collections in 0.000000 seconds
[2020.01.22-13.46.05:064][  0]LogContentBrowser: Native class hierarchy populated in 0.0071 seconds. Added 2739 classes and 661 folders.
[2020.01.22-13.46.05:072][  0]LogContentBrowser: Native class hierarchy updated for 'WidgetCarousel' in 0.0002 seconds. Added 0 classes and 0 folders.
[2020.01.22-13.46.05:078][  0]LogPakFile: Registered encryption key '00000000000000000000000000000000': 0 pak files mounted, 0 remain pending
[2020.01.22-13.46.05:084][  0]LogPakFile: Registered encryption key '00000000000000000000000000000000': 0 pak files mounted, 0 remain pending
[2020.01.22-13.46.05:095][  0]LogPakFile: Registered encryption key '00000000000000000000000000000000': 0 pak files mounted, 0 remain pending
[2020.01.22-13.46.05:099][  0]LogPakFile: Registered encryption key '00000000000000000000000000000000': 0 pak files mounted, 0 remain pending
[2020.01.22-13.46.05:104][  0]LogPakFile: Registered encryption key '00000000000000000000000000000000': 0 pak files mounted, 0 remain pending
[2020.01.22-13.46.05:109][  0]LogPakFile: Registered encryption key '00000000000000000000000000000000': 0 pak files mounted, 0 remain pending
[2020.01.22-13.46.05:113][  0]LogPakFile: Registered encryption key '00000000000000000000000000000000': 0 pak files mounted, 0 remain pending
[2020.01.22-13.46.05:118][  0]LogPakFile: Registered encryption key '00000000000000000000000000000000': 0 pak files mounted, 0 remain pending
[2020.01.22-13.46.05:123][  0]LogPakFile: Registered encryption key '00000000000000000000000000000000': 0 pak files mounted, 0 remain pending
[2020.01.22-13.46.05:129][  0]LogPakFile: Registered encryption key '00000000000000000000000000000000': 0 pak files mounted, 0 remain pending
[2020.01.22-13.46.05:133][  0]LogPakFile: Registered encryption key '00000000000000000000000000000000': 0 pak files mounted, 0 remain pending
[2020.01.22-13.46.05:137][  0]LogPakFile: Registered encryption key '00000000000000000000000000000000': 0 pak files mounted, 0 remain pending
[2020.01.22-13.46.05:142][  0]LogPakFile: Registered encryption key '00000000000000000000000000000000': 0 pak files mounted, 0 remain pending
[2020.01.22-13.46.05:146][  0]LogPakFile: Registered encryption key '00000000000000000000000000000000': 0 pak files mounted, 0 remain pending
[2020.01.22-13.46.05:150][  0]LogPakFile: Registered encryption key '00000000000000000000000000000000': 0 pak files mounted, 0 remain pending
[2020.01.22-13.46.05:154][  0]LogPakFile: Registered encryption key '00000000000000000000000000000000': 0 pak files mounted, 0 remain pending
[2020.01.22-13.46.05:175][  0]LogPakFile: Registered encryption key '00000000000000000000000000000000': 0 pak files mounted, 0 remain pending
[2020.01.22-13.46.05:180][  0]LogPakFile: Registered encryption key '00000000000000000000000000000000': 0 pak files mounted, 0 remain pending
[2020.01.22-13.46.05:184][  0]LogPakFile: Registered encryption key '00000000000000000000000000000000': 0 pak files mounted, 0 remain pending
[2020.01.22-13.46.05:188][  0]LogPakFile: Registered encryption key '00000000000000000000000000000000': 0 pak files mounted, 0 remain pending
[2020.01.22-13.46.05:193][  0]LogPakFile: Registered encryption key '00000000000000000000000000000000': 0 pak files mounted, 0 remain pending
[2020.01.22-13.46.05:197][  0]LogPakFile: Registered encryption key '00000000000000000000000000000000': 0 pak files mounted, 0 remain pending
[2020.01.22-13.46.05:202][  0]LogPakFile: Registered encryption key '00000000000000000000000000000000': 0 pak files mounted, 0 remain pending
[2020.01.22-13.46.05:206][  0]LogPakFile: Registered encryption key '00000000000000000000000000000000': 0 pak files mounted, 0 remain pending
[2020.01.22-13.46.05:211][  0]LogPakFile: Registered encryption key '00000000000000000000000000000000': 0 pak files mounted, 0 remain pending
[2020.01.22-13.46.05:216][  0]LogPakFile: Registered encryption key '00000000000000000000000000000000': 0 pak files mounted, 0 remain pending
[2020.01.22-13.46.05:347][  0]LogContentBrowser: Native class hierarchy updated for 'AddContentDialog' in 0.0002 seconds. Added 0 classes and 0 folders.
[2020.01.22-13.46.05:356][  0]LogContentBrowser: Native class hierarchy updated for 'SceneOutliner' in 0.0002 seconds. Added 1 classes and 2 folders.
[2020.01.22-13.46.05:407][  0]LogSlate: Took 0.000177 seconds to synchronously load lazily loaded font '../../../Engine/Content/Slate/Fonts/Roboto-Regular.ttf' (155K)
[2020.01.22-13.46.05:409][  0]LogSlate: Took 0.000122 seconds to synchronously load lazily loaded font '../../../Engine/Content/Slate/Fonts/Roboto-Bold.ttf' (160K)
[2020.01.22-13.46.05:418][  0]LogSlate: Took 0.005075 seconds to synchronously load lazily loaded font '../../../Engine/Content/Editor/Slate/Fonts/FontAwesome.ttf' (139K)
[2020.01.22-13.46.05:522][  0]LogRenderer: Reallocating scene render targets to support 1228x732 Format 10 NumSamples 1 (Frame:1).
[2020.01.22-13.46.05:667][  0]LogContentBrowser: Native class hierarchy updated for 'HierarchicalLODOutliner' in 0.0002 seconds. Added 0 classes and 0 folders.
[2020.01.22-13.46.05:667][  0]LogLoad: (Engine Initialization) Total time: 7.83 seconds
[2020.01.22-13.46.05:667][  0]LogLoad: (Engine Initialization) Total Blueprint compile time: 0.00 seconds
[2020.01.22-13.46.05:730][  0]LogAssetRegistry: Asset discovery search completed in 3.6155 seconds
[2020.01.22-13.46.05:732][  0]LogCollectionManager: Rebuilt the object cache for 0 collections in 0.000000 seconds (found 0 objects)
[2020.01.22-13.46.05:732][  0]LogCollectionManager: Fixed up redirectors for 0 collections in 0.000041 seconds (updated 0 objects)
[2020.01.22-13.46.05:734][  0]LogContentStreaming: Texture pool size now 1000 MB
[2020.01.22-13.46.05:766][  0]LogSlate: Took 0.005439 seconds to synchronously load lazily loaded font '../../../Engine/Content/Slate/Fonts/Roboto-Light.ttf' (167K)
[2020.01.22-13.46.06:698][101]LogSlate: Took 0.000125 seconds to synchronously load lazily loaded font '../../../Engine/Content/Slate/Fonts/Roboto-Light.ttf' (167K)
[2020.01.22-13.46.10:776][590]LogFileCache: Retrieving MD5 hashes for directory 'C:/Users/02kaden.seeger/Desktop/Unreal Projects/RnD 2019-2020/HorrorGame/Content/' took 5.09s
[2020.01.22-13.46.13:661][935]LogSlate: FSceneViewport::OnFocusLost() reason 2
[2020.01.22-13.46.14:627][ 51]LogSlate: FSceneViewport::OnFocusLost() reason 2
[2020.01.22-13.46.33:073][361]LogSlate: Window 'Plugins' being destroyed
[2020.01.22-13.46.35:241][621]LogSlate: FSceneViewport::OnFocusLost() reason 0
[2020.01.22-13.46.35:322][631]LogSlate: Window 'Message Log' being destroyed
[2020.01.22-13.46.35:327][631]LogSlate: Window 'Message Log' being destroyed
[2020.01.22-13.46.43:830][948]Cmd: CLOSE_SLATE_MAINFRAME
[2020.01.22-13.46.43:853][948]LogUObjectHash: Compacting FUObjectHashTables data took   1.10ms
[2020.01.22-13.46.43:950][948]LogSlate: Window 'Horror_Game - Unreal Editor' being destroyed
[2020.01.22-13.46.43:951][948]LogWindowsTextInputMethodSystem: Display: IME system now deactivated.
[2020.01.22-13.46.44:112][948]LogDirectoryWatcher: A directory notification for '../../../Engine/Plugins/' was aborted.
[2020.01.22-13.46.44:168][949]Cmd: QUIT_EDITOR
[2020.01.22-13.46.44:193][949]LogExit: Preparing to exit.
[2020.01.22-13.46.44:454][949]LogExit: Editor shut down
[2020.01.22-13.46.44:454][949]LogExit: Transaction tracking system shut down
[2020.01.22-13.46.44:675][949]LogExit: Object subsystem successfully closed.
[2020.01.22-13.46.44:692][949]LogShaderCompilers: Display: Shaders left to compile 0
[2020.01.22-13.46.44:694][949]LogD3D11RHI: Shutdown
[2020.01.22-13.46.44:694][949]LogD3D11RHI: CleanupD3DDevice
[2020.01.22-13.46.44:695][949]LogRendererCore: FGlobalReadBuffer::ReleaseRHI
[2020.01.22-13.46.44:695][949]LogRendererCore: FGlobalDynamicReadBuffer::Cleanup()
[2020.01.22-13.46.44:695][949]LogRendererCore: FGlobalReadBuffer::ReleaseRHI
[2020.01.22-13.46.44:695][949]LogRendererCore: FGlobalDynamicReadBuffer::Cleanup()
[2020.01.22-13.46.44:695][949]LogRendererCore: FGlobalReadBuffer::ReleaseRHI
[2020.01.22-13.46.44:695][949]LogRendererCore: FGlobalDynamicReadBuffer::Cleanup()
[2020.01.22-13.46.44:736][949]LogD3D11RHI: ~FD3D11DynamicRHI
[2020.01.22-13.46.44:752][949]LogModuleManager: Shutting down and abandoning module HierarchicalLODOutliner (643)
[2020.01.22-13.46.44:752][949]LogModuleManager: Shutting down and abandoning module SceneOutliner (641)
[2020.01.22-13.46.44:752][949]LogModuleManager: Shutting down and abandoning module AddContentDialog (639)
[2020.01.22-13.46.44:752][949]LogModuleManager: Shutting down and abandoning module WidgetCarousel (638)
[2020.01.22-13.46.44:752][949]LogModuleManager: Shutting down and abandoning module EditorWidgets (635)
[2020.01.22-13.46.44:752][949]LogModuleManager: Shutting down and abandoning module CollectionManager (633)
[2020.01.22-13.46.44:752][949]LogModuleManager: Shutting down and abandoning module FoliageEdit (631)
[2020.01.22-13.46.44:753][949]LogModuleManager: Shutting down and abandoning module LandscapeEditor (629)
[2020.01.22-13.46.44:753][949]LogModuleManager: Shutting down and abandoning module MeshPaintMode (627)
[2020.01.22-13.46.44:753][949]LogModuleManager: Shutting down and abandoning module SceneDepthPickerMode (625)
[2020.01.22-13.46.44:753][949]LogModuleManager: Shutting down and abandoning module ActorPickerMode (623)
[2020.01.22-13.46.44:753][949]LogModuleManager: Shutting down and abandoning module GeometryMode (621)
[2020.01.22-13.46.44:753][949]LogModuleManager: Shutting down and abandoning module TextureAlignMode (619)
[2020.01.22-13.46.44:753][949]LogModuleManager: Shutting down and abandoning module BspMode (617)
[2020.01.22-13.46.44:753][949]LogModuleManager: Shutting down and abandoning module PIEPreviewDeviceProfileSelector (615)
[2020.01.22-13.46.44:753][949]LogModuleManager: Shutting down and abandoning module SequenceRecorderSections (613)
[2020.01.22-13.46.44:753][949]LogModuleManager: Shutting down and abandoning module AutomationWorker (611)
[2020.01.22-13.46.44:753][949]LogModuleManager: Shutting down and abandoning module OculusMR (609)
[2020.01.22-13.46.44:753][949]LogModuleManager: Shutting down and abandoning module AudioCaptureEditor (607)
[2020.01.22-13.46.44:753][949]LogModuleManager: Shutting down and abandoning module MatineeToLevelSequence (605)
[2020.01.22-13.46.44:753][949]LogModuleManager: Shutting down and abandoning module LevelSequenceEditor (603)
[2020.01.22-13.46.44:753][949]LogModuleManager: Shutting down and abandoning module PlacementMode (602)
[2020.01.22-13.46.44:753][949]LogModuleManager: Shutting down and abandoning module MaterialEditor (601)
[2020.01.22-13.46.44:753][949]LogModuleManager: Shutting down and abandoning module ActorSequenceEditor (597)
[2020.01.22-13.46.44:753][949]LogModuleManager: Shutting down and abandoning module WmfMediaFactory (595)
[2020.01.22-13.46.44:753][949]LogModuleManager: Shutting down and abandoning module WmfMediaEditor (593)
[2020.01.22-13.46.44:753][949]LogModuleManager: Shutting down and abandoning module WebMMediaFactory (591)
[2020.01.22-13.46.44:753][949]LogModuleManager: Shutting down and abandoning module WebMMediaEditor (589)
[2020.01.22-13.46.44:753][949]LogModuleManager: Shutting down and abandoning module WebMMedia (587)
[2020.01.22-13.46.44:753][949]LogModuleManager: Shutting down and abandoning module MediaPlayerEditor (585)
[2020.01.22-13.46.44:753][949]LogModuleManager: Shutting down and abandoning module MediaCompositingEditor (583)
[2020.01.22-13.46.44:753][949]LogModuleManager: Shutting down and abandoning module SequenceRecorder (582)
[2020.01.22-13.46.44:753][949]LogModuleManager: Shutting down and abandoning module OpenExrWrapper (579)
[2020.01.22-13.46.44:753][949]LogModuleManager: Shutting down and abandoning module ImgMediaFactory (577)
[2020.01.22-13.46.44:753][949]LogModuleManager: Shutting down and abandoning module ImgMediaEditor (575)
[2020.01.22-13.46.44:753][949]LogModuleManager: Shutting down and abandoning module AvfMediaFactory (573)
[2020.01.22-13.46.44:753][949]LogModuleManager: Shutting down and abandoning module AvfMediaEditor (571)
[2020.01.22-13.46.44:753][949]LogModuleManager: Shutting down and abandoning module AndroidMediaFactory (569)
[2020.01.22-13.46.44:753][949]LogModuleManager: Shutting down and abandoning module AndroidMediaEditor (567)
[2020.01.22-13.46.44:753][949]LogModuleManager: Shutting down and abandoning module MagicLeapCameraPreviewFactory (565)
[2020.01.22-13.46.44:753][949]LogModuleManager: Shutting down and abandoning module MagicLeapMediaCodecFactory (563)
[2020.01.22-13.46.44:753][949]LogModuleManager: Shutting down and abandoning module MagicLeapMediaFactory (561)
[2020.01.22-13.46.44:753][949]LogModuleManager: Shutting down and abandoning module MagicLeapMediaEditor (559)
[2020.01.22-13.46.44:753][949]LogModuleManager: Shutting down and abandoning module CharacterAI (557)
[2020.01.22-13.46.44:753][949]LogModuleManager: Shutting down and abandoning module SmartSnapping (555)
[2020.01.22-13.46.44:753][949]LogModuleManager: Shutting down and abandoning module SessionServices (553)
[2020.01.22-13.46.44:753][949]LogModuleManager: Shutting down and abandoning module MeshPaint (551)
[2020.01.22-13.46.44:753][949]LogModuleManager: Shutting down and abandoning module ViewportSnapping (549)
[2020.01.22-13.46.44:753][949]LogModuleManager: Shutting down and abandoning module ViewportInteraction (547)
[2020.01.22-13.46.44:753][949]LogModuleManager: Shutting down and abandoning module ClothPainter (545)
[2020.01.22-13.46.44:753][949]LogModuleManager: Shutting down and abandoning module SkeletalMeshEditor (544)
[2020.01.22-13.46.44:753][949]LogModuleManager: Shutting down and abandoning module LogVisualizer (541)
[2020.01.22-13.46.44:753][949]LogModuleManager: Shutting down and abandoning module IntroTutorials (539)
[2020.01.22-13.46.44:753][949]LogModuleManager: Shutting down and abandoning module GameProjectGeneration (538)
[2020.01.22-13.46.44:753][949]LogModuleManager: Shutting down and abandoning module LuminPlatformEditor (535)
[2020.01.22-13.46.44:753][949]LogModuleManager: Shutting down and abandoning module IOSPlatformEditor (533)
[2020.01.22-13.46.44:753][949]LogModuleManager: Shutting down and abandoning module HTML5PlatformEditor (531)
[2020.01.22-13.46.44:753][949]LogModuleManager: Shutting down and abandoning module AndroidPlatformEditor (529)
[2020.01.22-13.46.44:753][949]LogModuleManager: Shutting down and abandoning module AndroidDeviceDetection (528)
[2020.01.22-13.46.45:584][949]LogModuleManager: Shutting down and abandoning module WindowsPlatformEditor (525)
[2020.01.22-13.46.45:584][949]LogModuleManager: Shutting down and abandoning module LuminRuntimeSettings (523)
[2020.01.22-13.46.45:584][949]LogModuleManager: Shutting down and abandoning module IOSRuntimeSettings (521)
[2020.01.22-13.46.45:585][949]LogModuleManager: Shutting down and abandoning module AndroidRuntimeSettings (519)
[2020.01.22-13.46.45:585][949]LogModuleManager: Shutting down and abandoning module TimeManagementEditor (517)
[2020.01.22-13.46.45:585][949]LogModuleManager: Shutting down and abandoning module InputBindingEditor (515)
[2020.01.22-13.46.45:585][949]LogModuleManager: Shutting down and abandoning module MergeActors (513)
[2020.01.22-13.46.45:585][949]LogModuleManager: Shutting down and abandoning module LocalizationDashboard (511)
[2020.01.22-13.46.45:585][949]LogModuleManager: Shutting down and abandoning module LocalizationService (510)
[2020.01.22-13.46.45:585][949]LogModuleManager: Shutting down and abandoning module HardwareTargeting (507)
[2020.01.22-13.46.45:585][949]LogModuleManager: Shutting down and abandoning module DeviceProfileEditor (505)
[2020.01.22-13.46.45:585][949]LogModuleManager: Shutting down and abandoning module UndoHistory (503)
[2020.01.22-13.46.45:585][949]LogModuleManager: Shutting down and abandoning module XmlParser (501)
[2020.01.22-13.46.45:585][949]LogModuleManager: Shutting down and abandoning module Blutility (499)
[2020.01.22-13.46.45:585][949]LogModuleManager: Shutting down and abandoning module ProjectSettingsViewer (497)
[2020.01.22-13.46.45:585][949]LogModuleManager: Shutting down and abandoning module ProjectTargetPlatformEditor (496)
[2020.01.22-13.46.45:586][949]LogModuleManager: Shutting down and abandoning module EditorSettingsViewer (493)
[2020.01.22-13.46.45:586][949]LogModuleManager: Shutting down and abandoning module SettingsEditor (491)
[2020.01.22-13.46.45:586][949]LogModuleManager: Shutting down and abandoning module ProjectLauncher (489)
[2020.01.22-13.46.45:586][949]LogModuleManager: Shutting down and abandoning module SessionFrontend (487)
[2020.01.22-13.46.45:586][949]LogModuleManager: Shutting down and abandoning module ProfilerClient (485)
[2020.01.22-13.46.45:586][949]LogModuleManager: Shutting down and abandoning module DeviceManager (483)
[2020.01.22-13.46.45:586][949]LogModuleManager: Shutting down and abandoning module TargetDeviceServices (482)
[2020.01.22-13.46.45:630][949]LogModuleManager: Shutting down and abandoning module AutomationController (479)
[2020.01.22-13.46.45:630][949]LogModuleManager: Shutting down and abandoning module AutomationWindow (477)
[2020.01.22-13.46.45:630][949]LogModuleManager: Shutting down and abandoning module Layers (475)
[2020.01.22-13.46.45:630][949]LogModuleManager: Shutting down and abandoning module ComponentVisualizers (473)
[2020.01.22-13.46.45:630][949]LogModuleManager: Shutting down and abandoning module DetailCustomizations (471)
[2020.01.22-13.46.45:630][949]LogModuleManager: Shutting down and abandoning module PackagesDialog (469)
[2020.01.22-13.46.45:630][949]LogModuleManager: Shutting down and abandoning module AnimationBlueprintEditor (467)
[2020.01.22-13.46.45:630][949]LogModuleManager: Shutting down and abandoning module Persona (465)
[2020.01.22-13.46.45:631][949]LogModuleManager: Shutting down and abandoning module AdvancedPreviewScene (464)
[2020.01.22-13.46.45:631][949]LogModuleManager: Shutting down and abandoning module AnimGraph (462)
[2020.01.22-13.46.45:631][949]LogModuleManager: Shutting down and abandoning module Kismet (459)
[2020.01.22-13.46.45:631][949]LogModuleManager: Shutting down and abandoning module GraphEditor (457)
[2020.01.22-13.46.45:631][949]LogModuleManager: Shutting down and abandoning module ClassViewer (455)
[2020.01.22-13.46.45:631][949]LogModuleManager: Shutting down and abandoning module Toolbox (453)
[2020.01.22-13.46.45:631][949]LogModuleManager: Shutting down and abandoning module ModuleUI (451)
[2020.01.22-13.46.45:631][949]LogModuleManager: Shutting down and abandoning module MovieSceneTools (449)
[2020.01.22-13.46.45:631][949]LogModuleManager: Shutting down and abandoning module OutputLog (447)
[2020.01.22-13.46.45:631][949]LogModuleManager: Shutting down and abandoning module GammaUI (445)
[2020.01.22-13.46.45:632][949]LogModuleManager: Shutting down and abandoning module Documentation (443)
[2020.01.22-13.46.45:632][949]LogModuleManager: Shutting down and abandoning module LiveCoding (441)
[2020.01.22-13.46.45:632][949]LogModuleManager: Shutting down and abandoning module LevelSequence (439)
[2020.01.22-13.46.45:632][949]LogModuleManager: Shutting down and abandoning module MovieSceneTracks (437)
[2020.01.22-13.46.45:632][949]LogModuleManager: Shutting down and abandoning module MovieScene (435)
[2020.01.22-13.46.45:632][949]LogModuleManager: Shutting down and abandoning module StreamingPauseRendering (433)
[2020.01.22-13.46.45:632][949]LogModuleManager: Shutting down and abandoning module LauncherPlatform (431)
[2020.01.22-13.46.45:632][949]LogModuleManager: Shutting down and abandoning module AnalyticsET (429)
[2020.01.22-13.46.45:632][949]LogModuleManager: Shutting down and abandoning module PortalServices (427)
[2020.01.22-13.46.45:632][949]LogModuleManager: Shutting down and abandoning module PortalRpc (425)
[2020.01.22-13.46.45:632][949]LogModuleManager: Shutting down and abandoning module MessagingRpc (423)
[2020.01.22-13.46.45:632][949]LogModuleManager: Shutting down and abandoning module AIModule (421)
[2020.01.22-13.46.45:632][949]LogModuleManager: Shutting down and abandoning module GameplayDebugger (420)
[2020.01.22-13.46.45:632][949]LogModuleManager: Shutting down and abandoning module AITestSuite (418)
[2020.01.22-13.46.45:632][949]LogModuleManager: Shutting down and abandoning module NavigationSystem (416)
[2020.01.22-13.46.45:633][949]LogModuleManager: Shutting down and abandoning module DesktopPlatform (413)
[2020.01.22-13.46.45:633][949]LogModuleManager: Shutting down and abandoning module ImageWriteQueue (411)
[2020.01.22-13.46.45:642][949]LogModuleManager: Shutting down and abandoning module ProfilerService (409)
[2020.01.22-13.46.45:860][949]LogModuleManager: Shutting down and abandoning module TaskGraph (407)
[2020.01.22-13.46.45:860][949]LogModuleManager: Shutting down and abandoning module SteamVRController (405)
[2020.01.22-13.46.45:860][949]LogModuleManager: Shutting down and abandoning module ProceduralMeshComponentEditor (403)
[2020.01.22-13.46.45:860][949]LogModuleManager: Shutting down and abandoning module ProceduralMeshComponent (401)
[2020.01.22-13.46.45:860][949]LogModuleManager: Shutting down and abandoning module OculusEditor (399)
[2020.01.22-13.46.45:861][949]LogModuleManager: Shutting down and abandoning module OculusInput (397)
[2020.01.22-13.46.45:861][949]LogModuleManager: Shutting down and abandoning module MobilePatchingUtils (395)
[2020.01.22-13.46.45:861][949]LogModuleManager: Shutting down and abandoning module EditableMesh (393)
[2020.01.22-13.46.45:861][949]LogModuleManager: Shutting down and abandoning module CustomMeshComponent (391)
[2020.01.22-13.46.45:861][949]LogModuleManager: Shutting down and abandoning module CableComponent (389)
[2020.01.22-13.46.45:861][949]LogModuleManager: Shutting down and abandoning module AudioCapture (387)
[2020.01.22-13.46.45:861][949]LogModuleManager: Shutting down and abandoning module ArchVisCharacter (385)
[2020.01.22-13.46.45:861][949]LogModuleManager: Shutting down and abandoning module AndroidPermission (383)
[2020.01.22-13.46.45:861][949]LogModuleManager: Shutting down and abandoning module NUTUnrealEngine4 (381)
[2020.01.22-13.46.45:861][949]LogModuleManager: Shutting down and abandoning module NetcodeUnitTest (379)
[2020.01.22-13.46.45:861][949]LogModuleManager: Shutting down and abandoning module MediaCompositing (377)
[2020.01.22-13.46.45:861][949]LogModuleManager: Shutting down and abandoning module LinearTimecode (375)
[2020.01.22-13.46.45:861][949]LogModuleManager: Shutting down and abandoning module ImgMedia (373)
[2020.01.22-13.46.45:861][949]LogModuleManager: Shutting down and abandoning module MagicLeapHelperVulkan (371)
[2020.01.22-13.46.45:861][949]LogModuleManager: Shutting down and abandoning module MagicLeapHelperOpenGL (369)
[2020.01.22-13.46.45:861][949]LogModuleManager: Shutting down and abandoning module MagicLeapAudio (367)
[2020.01.22-13.46.45:861][949]LogModuleManager: Shutting down and abandoning module HTML5Networking (365)
[2020.01.22-13.46.45:861][949]LogModuleManager: Shutting down and abandoning module GeometryCacheTracks (363)
[2020.01.22-13.46.45:861][949]LogModuleManager: Shutting down and abandoning module GeometryCacheSequencer (361)
[2020.01.22-13.46.45:861][949]LogModuleManager: Shutting down and abandoning module BackChannel (359)
[2020.01.22-13.46.45:861][949]LogModuleManager: Shutting down and abandoning module AppleVision (357)
[2020.01.22-13.46.45:861][949]LogModuleManager: Shutting down and abandoning module AppleImageUtilsBlueprintSupport (355)
[2020.01.22-13.46.45:861][949]LogModuleManager: Shutting down and abandoning module AppleImageUtils (353)
[2020.01.22-13.46.45:861][949]LogModuleManager: Shutting down and abandoning module AlembicImporter (351)
[2020.01.22-13.46.45:861][949]LogModuleManager: Shutting down and abandoning module AlembicLibrary (350)
[2020.01.22-13.46.45:861][949]LogModuleManager: Shutting down and abandoning module GeometryCache (349)
[2020.01.22-13.46.45:861][949]LogModuleManager: Shutting down and abandoning module GeometryCacheEd (348)
[2020.01.22-13.46.45:861][949]LogModuleManager: Shutting down and abandoning module VariantManagerContent (343)
[2020.01.22-13.46.45:861][949]LogModuleManager: Shutting down and abandoning module DatasmithContentEditor (341)
[2020.01.22-13.46.45:861][949]LogModuleManager: Shutting down and abandoning module SpeedTreeImporter (339)
[2020.01.22-13.46.45:861][949]LogModuleManager: Shutting down and abandoning module PluginBrowser (337)
[2020.01.22-13.46.45:861][949]LogModuleManager: Shutting down and abandoning module MobileLauncherProfileWizard (335)
[2020.01.22-13.46.45:861][949]LogModuleManager: Shutting down and abandoning module MaterialAnalyzer (333)
[2020.01.22-13.46.45:861][949]LogModuleManager: Shutting down and abandoning module CryptoKeysOpenSSL (331)
[2020.01.22-13.46.45:861][949]LogModuleManager: Shutting down and abandoning module CryptoKeys (329)
[2020.01.22-13.46.45:861][949]LogModuleManager: Shutting down and abandoning module VisualStudioSourceCodeAccess (327)
[2020.01.22-13.46.45:861][949]LogModuleManager: Shutting down and abandoning module VisualStudioCodeSourceCodeAccess (325)
[2020.01.22-13.46.45:861][949]LogModuleManager: Shutting down and abandoning module UObjectPlugin (323)
[2020.01.22-13.46.45:861][949]LogModuleManager: Shutting down and abandoning module SubversionSourceControl (321)
[2020.01.22-13.46.45:861][949]LogModuleManager: Shutting down and abandoning module PerforceSourceControl (319)
[2020.01.22-13.46.45:861][949]LogModuleManager: Shutting down and abandoning module GitSourceControl (317)
[2020.01.22-13.46.45:861][949]LogModuleManager: Shutting down and abandoning module SourceControl (316)
[2020.01.22-13.46.45:861][949]LogModuleManager: Shutting down and abandoning module CLionSourceCodeAccess (313)
[2020.01.22-13.46.45:861][949]LogModuleManager: Shutting down and abandoning module AnimationSharingEd (311)
[2020.01.22-13.46.45:861][949]LogModuleManager: Shutting down and abandoning module ActorLayerUtilitiesEditor (309)
[2020.01.22-13.46.45:861][949]LogModuleManager: Shutting down and abandoning module ActorLayerUtilities (307)
[2020.01.22-13.46.45:861][949]LogModuleManager: Shutting down and abandoning module LightPropagationVolumeEditor (305)
[2020.01.22-13.46.45:861][949]LogModuleManager: Shutting down and abandoning module PaperTiledImporter (303)
[2020.01.22-13.46.45:861][949]LogModuleManager: Shutting down and abandoning module PaperSpriteSheetImporter (301)
[2020.01.22-13.46.45:861][949]LogModuleManager: Shutting down and abandoning module Paper2DEditor (299)
[2020.01.22-13.46.45:861][949]LogModuleManager: Shutting down and abandoning module SignificanceManager (297)
[2020.01.22-13.46.45:861][949]LogModuleManager: Shutting down and abandoning module RuntimePhysXCooking (295)
[2020.01.22-13.46.45:861][949]LogModuleManager: Shutting down and abandoning module PhysXVehiclesEditor (293)
[2020.01.22-13.46.45:861][949]LogModuleManager: Shutting down and abandoning module PhysXVehicles (291)
[2020.01.22-13.46.45:861][949]LogModuleManager: Shutting down and abandoning module LocationServicesBPLibrary (289)
[2020.01.22-13.46.45:861][949]LogModuleManager: Shutting down and abandoning module ActorSequence (287)
[2020.01.22-13.46.45:861][949]LogModuleManager: Shutting down and abandoning module UdpMessaging (285)
[2020.01.22-13.46.45:962][949]LogModuleManager: Shutting down and abandoning module TcpMessaging (283)
[2020.01.22-13.46.46:062][949]LogModuleManager: Shutting down and abandoning module MagicLeapIdentity (281)
[2020.01.22-13.46.46:062][949]LogModuleManager: Shutting down and abandoning module MagicLeapSecureStorage (279)
[2020.01.22-13.46.46:062][949]LogModuleManager: Shutting down and abandoning module MagicLeapHandTracking (277)
[2020.01.22-13.46.46:062][949]LogModuleManager: Shutting down and abandoning module MagicLeapEyeTracker (275)
[2020.01.22-13.46.46:062][949]LogModuleManager: Shutting down and abandoning module MagicLeapController (273)
[2020.01.22-13.46.46:062][949]LogSlate: Slate User Destroyed.  User Index 0, Is Virtual User: 0
[2020.01.22-13.46.46:062][949]LogModuleManager: Shutting down and abandoning module MagicLeapAR (271)
[2020.01.22-13.46.46:062][949]LogModuleManager: Shutting down and abandoning module AugmentedReality (270)
[2020.01.22-13.46.46:062][949]LogModuleManager: Shutting down and abandoning module GameplayTagsEditor (267)
[2020.01.22-13.46.46:063][949]LogModuleManager: Shutting down and abandoning module FacialAnimationEditor (265)
[2020.01.22-13.46.46:063][949]LogModuleManager: Shutting down and abandoning module FacialAnimation (263)
[2020.01.22-13.46.46:063][949]LogModuleManager: Shutting down and abandoning module DataValidation (261)
[2020.01.22-13.46.46:063][949]LogModuleManager: Shutting down and abandoning module AssetManagerEditor (259)
[2020.01.22-13.46.46:063][949]LogModuleManager: Shutting down and abandoning module LevelEditor (258)
[2020.01.22-13.46.46:064][949]LogModuleManager: Shutting down and abandoning module PixelInspectorModule (257)
[2020.01.22-13.46.46:064][949]LogModuleManager: Shutting down and abandoning module CommonMenuExtensions (255)
[2020.01.22-13.46.46:065][949]LogModuleManager: Shutting down and abandoning module MainFrame (253)
[2020.01.22-13.46.46:065][949]LogModuleManager: Shutting down and abandoning module HotReload (252)
[2020.01.22-13.46.46:066][949]LogModuleManager: Shutting down and abandoning module ContentBrowser (248)
[2020.01.22-13.46.46:068][949]LogModuleManager: Shutting down and abandoning module TreeMap (246)
[2020.01.22-13.46.46:068][949]LogModuleManager: Shutting down and abandoning module AnimationSharing (243)
[2020.01.22-13.46.46:068][949]LogModuleManager: Shutting down and abandoning module LightPropagationVolumeRuntime (241)
[2020.01.22-13.46.46:068][949]LogModuleManager: Shutting down and abandoning module AISupportModule (239)
[2020.01.22-13.46.46:068][949]LogModuleManager: Shutting down and abandoning module Paper2D (237)
[2020.01.22-13.46.46:068][949]LogModuleManager: Shutting down and abandoning module WindowsMoviePlayer (235)
[2020.01.22-13.46.46:068][949]LogModuleManager: Shutting down and abandoning module WebMMoviePlayer (233)
[2020.01.22-13.46.46:068][949]LogModuleManager: Shutting down and abandoning module PacketHandler (231)
[2020.01.22-13.46.46:068][949]LogModuleManager: Shutting down and abandoning module ClothingSystemEditor (229)
[2020.01.22-13.46.46:068][949]LogModuleManager: Shutting down and abandoning module ClothingSystemRuntime (227)
[2020.01.22-13.46.46:068][949]LogModuleManager: Shutting down and abandoning module MediaAssets (225)
[2020.01.22-13.46.46:068][949]LogModuleManager: Shutting down and abandoning module Overlay (223)
[2020.01.22-13.46.46:068][949]LogModuleManager: Shutting down and abandoning module OverlayEditor (222)
[2020.01.22-13.46.46:069][949]LogModuleManager: Shutting down and abandoning module EnvironmentQueryEditor (219)
[2020.01.22-13.46.46:069][949]LogModuleManager: Shutting down and abandoning module VREditor (217)
[2020.01.22-13.46.46:069][949]LogModuleManager: Shutting down and abandoning module StringTableEditor (215)
[2020.01.22-13.46.46:069][949]LogModuleManager: Shutting down and abandoning module GameplayTasksEditor (213)
[2020.01.22-13.46.46:069][949]LogModuleManager: Shutting down and abandoning module BehaviorTreeEditor (211)
[2020.01.22-13.46.46:069][949]LogModuleManager: Shutting down and abandoning module FunctionalTesting (209)
[2020.01.22-13.46.46:069][949]LogModuleManager: Shutting down and abandoning module CollisionAnalyzer (207)
[2020.01.22-13.46.46:070][949]LogModuleManager: Shutting down and abandoning module WorkspaceMenuStructure (206)
[2020.01.22-13.46.46:070][949]LogModuleManager: Shutting down and abandoning module UMG (203)
[2020.01.22-13.46.46:070][949]LogModuleManager: Shutting down and abandoning module UMGEditor (202)
[2020.01.22-13.46.46:070][949]LogModuleManager: Shutting down and abandoning module Sequencer (201)
[2020.01.22-13.46.46:070][949]LogModuleManager: Shutting down and abandoning module MessageLog (198)
[2020.01.22-13.46.46:070][949]LogModuleManager: Shutting down and abandoning module SlateReflector (193)
[2020.01.22-13.46.46:070][949]LogModuleManager: Shutting down and abandoning module Slate (191)
[2020.01.22-13.46.46:070][949]LogModuleManager: Shutting down and abandoning module EditorStyle (189)
[2020.01.22-13.46.46:074][949]LogModuleManager: Shutting down and abandoning module UnrealEd (187)
[2020.01.22-13.46.46:074][949]LogModuleManager: Shutting down and abandoning module MRMesh (185)
[2020.01.22-13.46.46:074][949]LogModuleManager: Shutting down and abandoning module SourceCodeAccess (183)
[2020.01.22-13.46.46:074][949]LogModuleManager: Shutting down and abandoning module HeadMountedDisplay (181)
[2020.01.22-13.46.46:074][949]LogModuleManager: Shutting down and abandoning module XAudio2 (179)
[2020.01.22-13.46.46:074][949]LogModuleManager: Shutting down and abandoning module Networking (177)
[2020.01.22-13.46.46:075][949]LogModuleManager: Shutting down and abandoning module Core (175)
[2020.01.22-13.46.46:075][949]LogModuleManager: Shutting down and abandoning module KismetCompiler (173)
[2020.01.22-13.46.46:075][949]LogModuleManager: Shutting down and abandoning module MeshUtilities (171)
[2020.01.22-13.46.46:075][949]LogModuleManager: Shutting down and abandoning module MeshMergeUtilities (170)
[2020.01.22-13.46.46:075][949]LogModuleManager: Shutting down and abandoning module MeshReductionInterface (169)
[2020.01.22-13.46.46:075][949]LogModuleManager: Shutting down and abandoning module SkeletalMeshReduction (168)
[2020.01.22-13.46.46:075][949]LogModuleManager: Shutting down and abandoning module ProxyLODMeshReduction (166)
[2020.01.22-13.46.46:075][949]LogModuleManager: Shutting down and abandoning module QuadricMeshReduction (164)
[2020.01.22-13.46.46:075][949]LogModuleManager: Shutting down and abandoning module MaterialBaking (160)
[2020.01.22-13.46.46:075][949]LogModuleManager: Shutting down and abandoning module DerivedDataCache (155)
[2020.01.22-13.46.46:096][949]LogDerivedDataCache: Shutdown
[2020.01.22-13.46.46:096][949]LogModuleManager: Shutting down and abandoning module XGEController (153)
[2020.01.22-13.46.46:096][949]LogModuleManager: Shutting down and abandoning module TargetPlatform (151)
[2020.01.22-13.46.46:096][949]LogModuleManager: Shutting down and abandoning module VulkanShaderFormat (150)
[2020.01.22-13.46.46:096][949]LogModuleManager: Shutting down and abandoning module ShaderFormatVectorVM (148)
[2020.01.22-13.46.46:096][949]LogModuleManager: Shutting down and abandoning module ShaderFormatOpenGL (146)
[2020.01.22-13.46.46:096][949]LogModuleManager: Shutting down and abandoning module ShaderFormatD3D (144)
[2020.01.22-13.46.46:096][949]LogModuleManager: Shutting down and abandoning module MetalShaderFormat (142)
[2020.01.22-13.46.46:096][949]LogModuleManager: Shutting down and abandoning module TextureFormatUncompressed (140)
[2020.01.22-13.46.46:096][949]LogModuleManager: Shutting down and abandoning module TextureFormatPVR (138)
[2020.01.22-13.46.46:096][949]LogModuleManager: Shutting down and abandoning module TextureFormatDXT (136)
[2020.01.22-13.46.46:096][949]LogModuleManager: Shutting down and abandoning module TextureFormatIntelISPCTexComp (134)
[2020.01.22-13.46.46:096][949]LogModuleManager: Shutting down and abandoning module TextureFormatASTC (132)
[2020.01.22-13.46.46:096][949]LogModuleManager: Shutting down and abandoning module ImageWrapper (131)
[2020.01.22-13.46.46:096][949]LogModuleManager: Shutting down and abandoning module TextureFormatAndroid (128)
[2020.01.22-13.46.46:096][949]LogModuleManager: Shutting down and abandoning module AudioFormatOpus (126)
[2020.01.22-13.46.46:096][949]LogModuleManager: Shutting down and abandoning module AudioFormatOgg (124)
[2020.01.22-13.46.46:096][949]LogModuleManager: Shutting down and abandoning module AudioFormatADPCM (122)
[2020.01.22-13.46.46:096][949]LogModuleManager: Shutting down and abandoning module LuminTargetPlatform (120)
[2020.01.22-13.46.46:097][949]LogModuleManager: Shutting down and abandoning module LinuxTargetPlatform (118)
[2020.01.22-13.46.46:098][949]LogModuleManager: Shutting down and abandoning module LinuxServerTargetPlatform (116)
[2020.01.22-13.46.46:098][949]LogModuleManager: Shutting down and abandoning module LinuxNoEditorTargetPlatform (114)
[2020.01.22-13.46.46:098][949]LogModuleManager: Shutting down and abandoning module LinuxClientTargetPlatform (112)
[2020.01.22-13.46.46:098][949]LogModuleManager: Shutting down and abandoning module TVOSTargetPlatform (110)
[2020.01.22-13.46.46:099][949]LogModuleManager: Shutting down and abandoning module Messaging (108)
[2020.01.22-13.46.46:099][949]LogModuleManager: Shutting down and abandoning module IOSTargetPlatform (106)
[2020.01.22-13.46.46:100][949]LogModuleManager: Shutting down and abandoning module HTML5TargetPlatform (104)
[2020.01.22-13.46.46:100][949]LogModuleManager: Shutting down and abandoning module AndroidTargetPlatform (102)
[2020.01.22-13.46.46:104][949]LogModuleManager: Shutting down and abandoning module WindowsTargetPlatform (100)
[2020.01.22-13.46.46:104][949]LogModuleManager: Shutting down and abandoning module WindowsServerTargetPlatform (98)
[2020.01.22-13.46.46:104][949]LogModuleManager: Shutting down and abandoning module WindowsNoEditorTargetPlatform (96)
[2020.01.22-13.46.46:104][949]LogModuleManager: Shutting down and abandoning module WindowsClientTargetPlatform (94)
[2020.01.22-13.46.46:104][949]LogModuleManager: Shutting down and abandoning module MacTargetPlatform (92)
[2020.01.22-13.46.46:104][949]LogModuleManager: Shutting down and abandoning module MacServerTargetPlatform (90)
[2020.01.22-13.46.46:104][949]LogModuleManager: Shutting down and abandoning module MacNoEditorTargetPlatform (88)
[2020.01.22-13.46.46:104][949]LogModuleManager: Shutting down and abandoning module MacClientTargetPlatform (86)
[2020.01.22-13.46.46:104][949]LogModuleManager: Shutting down and abandoning module AllDesktopTargetPlatform (84)
[2020.01.22-13.46.46:104][949]LogModuleManager: Shutting down and abandoning module InputCore (81)
[2020.01.22-13.46.46:104][949]LogModuleManager: Shutting down and abandoning module Settings (79)
[2020.01.22-13.46.46:104][949]LogModuleManager: Shutting down and abandoning module DirectoryWatcher (77)
[2020.01.22-13.46.46:104][949]LogModuleManager: Shutting down and abandoning module PhysXCooking (75)
[2020.01.22-13.46.46:104][949]LogModuleManager: Shutting down and abandoning module SteamVR (73)
[2020.01.22-13.46.46:104][949]LogHMD: Freeing OpenVRDLLHandle.
[2020.01.22-13.46.46:104][949]LogModuleManager: Shutting down and abandoning module OculusHMD (71)
[2020.01.22-13.46.46:104][949]LogModuleManager: Shutting down and abandoning module ExampleDeviceProfileSelector (69)
[2020.01.22-13.46.46:104][949]LogModuleManager: Shutting down and abandoning module LauncherChunkInstaller (67)
[2020.01.22-13.46.46:104][949]LogModuleManager: Shutting down and abandoning module OnlineBlueprintSupport (65)
[2020.01.22-13.46.46:104][949]LogModuleManager: Shutting down and abandoning module OnlineSubsystem (61)
[2020.01.22-13.46.46:105][949]LogModuleManager: Shutting down and abandoning module XMPP (55)
[2020.01.22-13.46.46:105][949]LogModuleManager: Shutting down and abandoning module WebSockets (54)
[2020.01.22-13.46.46:116][949]LogModuleManager: Shutting down and abandoning module HTTP (51)
[2020.01.22-13.46.46:116][949]LogHttp: Display: Http module shutting down, but needs to wait on 1 outstanding Http requests:
[2020.01.22-13.46.46:116][949]LogHttp: Display: 	verb=[POST] url=[https://datarouter.ol.epicgames.com/datarouter/api/v1/public/data?SessionID=%7B1FD238CF-443F-3EFE-5282-57BF8DB8BC96%7D&AppID=UEEditor.Rocket.Release&AppVersion=4.22.3-7053642%2B%2B%2BUE4%2BRelease-4.22&UserID=142f1aa54cf419dfa165129c5381af5d%7C6ca0b73ba31d4c2080aece94ca7e163f%7C6c794b30-77df-43d2-8316-35910f65f6b4&AppEnvironment=datacollector-binary&UploadType=eteventstream] status=Processing
[2020.01.22-13.46.46:116][949]LogHttp: Warning: 00000246A2330400: request failed, libcurl error: 35 (SSL connect error)
[2020.01.22-13.46.46:116][949]LogHttp: Warning: 00000246A2330400: libcurl info message cache 0 (  Trying 3.228.241.16...)
[2020.01.22-13.46.46:116][949]LogHttp: Warning: 00000246A2330400: libcurl info message cache 1 (TCP_NODELAY set)
[2020.01.22-13.46.46:116][949]LogHttp: Warning: 00000246A2330400: libcurl info message cache 2 (Connected to datarouter.ol.epicgames.com (3.228.241.16) port 443 (#0))
[2020.01.22-13.46.46:116][949]LogHttp: Warning: 00000246A2330400: libcurl info message cache 3 (ALPN, offering http/1.1)
[2020.01.22-13.46.46:116][949]LogHttp: Warning: 00000246A2330400: libcurl info message cache 4 (Cipher selection: ALL:!EXPORT:!EXPORT40:!EXPORT56:!aNULL:!LOW:!RC4:@STRENGTH)
[2020.01.22-13.46.46:116][949]LogHttp: Warning: 00000246A2330400: libcurl info message cache 5 (TLSv1.3 (OUT), TLS handshake, Client hello (1):)
[2020.01.22-13.46.46:116][949]LogHttp: Warning: 00000246A2330400: libcurl info message cache 6 (OpenSSL SSL_connect: SSL_ERROR_SYSCALL in connection to datarouter.ol.epicgames.com:443 )
[2020.01.22-13.46.46:116][949]LogHttp: Warning: 00000246A2330400: libcurl info message cache 7 (Closing connection 0)
[2020.01.22-13.46.46:135][949]LogModuleManager: Shutting down and abandoning module SSL (50)
[2020.01.22-13.46.46:136][949]LogModuleManager: Shutting down and abandoning module WmfMedia (46)
[2020.01.22-13.46.46:137][949]LogModuleManager: Shutting down and abandoning module Media (45)
[2020.01.22-13.46.46:143][949]LogModuleManager: Shutting down and abandoning module MagicLeap (42)
[2020.01.22-13.46.46:143][949]LogModuleManager: Shutting down and abandoning module DatasmithContent (40)
[2020.01.22-13.46.46:143][949]LogModuleManager: Shutting down and abandoning module AnimationModifiers (38)
[2020.01.22-13.46.46:143][949]LogModuleManager: Shutting down and abandoning module PropertyEditor (37)
[2020.01.22-13.46.46:143][949]LogModuleManager: Shutting down and abandoning module AudioEditor (34)
[2020.01.22-13.46.46:144][949]LogModuleManager: Shutting down and abandoning module TextureCompressor (32)
[2020.01.22-13.46.46:144][949]LogModuleManager: Shutting down and abandoning module RenderCore (30)
[2020.01.22-13.46.46:144][949]LogModuleManager: Shutting down and abandoning module Landscape (28)
[2020.01.22-13.46.46:144][949]LogModuleManager: Shutting down and abandoning module SlateRHIRenderer (26)
[2020.01.22-13.46.46:144][949]LogModuleManager: Shutting down and abandoning module OpenGLDrv (24)
[2020.01.22-13.46.46:144][949]LogModuleManager: Shutting down and abandoning module D3D11RHI (22)
[2020.01.22-13.46.46:144][949]LogModuleManager: Shutting down and abandoning module AnimGraphRuntime (20)
[2020.01.22-13.46.46:144][949]LogModuleManager: Shutting down and abandoning module Renderer (18)
[2020.01.22-13.46.46:144][949]LogModuleManager: Shutting down and abandoning module Engine (16)
[2020.01.22-13.46.46:144][949]LogModuleManager: Shutting down and abandoning module CoreUObject (14)
[2020.01.22-13.46.46:144][949]LogModuleManager: Shutting down and abandoning module NetworkFile (12)
[2020.01.22-13.46.46:144][949]LogModuleManager: Shutting down and abandoning module CookedIterativeFile (10)
[2020.01.22-13.46.46:144][949]LogModuleManager: Shutting down and abandoning module StreamingFile (8)
[2020.01.22-13.46.46:144][949]LogModuleManager: Shutting down and abandoning module SandboxFile (6)
[2020.01.22-13.46.46:144][949]LogModuleManager: Shutting down and abandoning module PakFile (4)
[2020.01.22-13.46.46:144][949]LogModuleManager: Shutting down and abandoning module RSA (3)
[2020.01.22-13.46.46:150][949]LogExit: Exiting.
[2020.01.22-13.46.46:171][949]Log file closed, 01/22/20 08:46:46
