Log file open, 01/23/20 11:13:17
LogWindows: Failed to load 'aqProf.dll' (GetLastError=126)
LogWindows: File 'aqProf.dll' does not exist
LogWindows: Failed to load 'VtuneApi.dll' (GetLastError=126)
LogWindows: File 'VtuneApi.dll' does not exist
LogWindows: Failed to load 'VtuneApi32e.dll' (GetLastError=126)
LogWindows: File 'VtuneApi32e.dll' does not exist
LogConsoleResponse: Display: Failed to find resolution value strings in scalability ini. Falling back to default.
LogInit: Display: Running engine for game: Horror_Game
LogPakFile: Registered encryption key '00000000000000000000000000000000': 0 pak files mounted, 0 remain pending
LogPlatformFile: Not using cached read wrapper
LogTaskGraph: Started task graph with 5 named threads and 23 total threads with 3 sets of task threads.
LogStats: Stats thread started at 0.286681
LogD3D11RHI: Loaded GFSDK_Aftermath_Lib.x64.dll
LogICUInternationalization: ICU TimeZone Detection - Raw Offset: -5:00, Platform Override: ''
LogPluginManager: Mounting plugin Paper2D
LogPluginManager: Mounting plugin AISupport
LogPluginManager: Mounting plugin LightPropagationVolume
LogPluginManager: Mounting plugin ActorLayerUtilities
LogPluginManager: Mounting plugin AnimationSharing
LogPluginManager: Mounting plugin CLionSourceCodeAccess
LogPluginManager: Mounting plugin CodeLiteSourceCodeAccess
LogPluginManager: Mounting plugin GitSourceControl
LogPluginManager: Mounting plugin KDevelopSourceCodeAccess
LogPluginManager: Mounting plugin NullSourceCodeAccess
LogPluginManager: Mounting plugin PerforceSourceControl
LogPluginManager: Mounting plugin SubversionSourceControl
LogPluginManager: Mounting plugin UObjectPlugin
LogPluginManager: Mounting plugin VisualStudioCodeSourceCodeAccess
LogPluginManager: Mounting plugin VisualStudioSourceCodeAccess
LogPluginManager: Mounting plugin XCodeSourceCodeAccess
LogPluginManager: Mounting plugin AssetManagerEditor
LogPluginManager: Mounting plugin CryptoKeys
LogPluginManager: Mounting plugin DataValidation
LogPluginManager: Mounting plugin FacialAnimation
LogPluginManager: Mounting plugin GameplayTagsEditor
LogPluginManager: Mounting plugin MacGraphicsSwitching
LogPluginManager: Mounting plugin MaterialAnalyzer
LogPluginManager: Mounting plugin MobileLauncherProfileWizard
LogPluginManager: Mounting plugin PluginBrowser
LogPluginManager: Mounting plugin SpeedTreeImporter
LogPluginManager: Mounting plugin DatasmithContent
LogPluginManager: Mounting plugin VariantManagerContent
LogPluginManager: Mounting plugin AlembicImporter
LogPluginManager: Mounting plugin AppleImageUtils
LogPluginManager: Mounting plugin AppleVision
LogPluginManager: Mounting plugin BackChannel
LogPluginManager: Mounting plugin CharacterAI
LogPluginManager: Mounting plugin GeometryCache
LogPluginManager: Mounting plugin HTML5Networking
LogPluginManager: Mounting plugin ProxyLODPlugin
LogPluginManager: Mounting plugin SkeletalReduction
LogPluginManager: Mounting plugin MagicLeap
LogPluginManager: Mounting plugin MagicLeapMedia
LogPluginManager: Mounting plugin AndroidMedia
LogPluginManager: Mounting plugin AvfMedia
LogPluginManager: Mounting plugin ImgMedia
LogPluginManager: Mounting plugin LinearTimecode
LogPluginManager: Mounting plugin MediaCompositing
LogPluginManager: Mounting plugin MediaPlayerEditor
LogPluginManager: Mounting plugin WebMMedia
LogPluginManager: Mounting plugin WmfMedia
LogPluginManager: Mounting plugin TcpMessaging
LogPluginManager: Mounting plugin UdpMessaging
LogPluginManager: Mounting plugin ActorSequence
LogPluginManager: Mounting plugin LevelSequenceEditor
LogPluginManager: Mounting plugin MatineeToLevelSequence
LogPluginManager: Mounting plugin NetcodeUnitTest
LogPluginManager: Mounting plugin NUTUnrealEngine4
LogPluginManager: Mounting plugin OnlineSubsystemGooglePlay
LogPluginManager: Mounting plugin OnlineSubsystemIOS
LogPluginManager: Mounting plugin OnlineSubsystem
LogPluginManager: Mounting plugin OnlineSubsystemNull
LogPluginManager: Mounting plugin OnlineSubsystemSteam
LogPluginManager: Mounting plugin OnlineSubsystemUtils
LogPluginManager: Mounting plugin LauncherChunkInstaller
LogPluginManager: Mounting plugin AndroidDeviceProfileSelector
LogPluginManager: Mounting plugin AndroidMoviePlayer
LogPluginManager: Mounting plugin AndroidPermission
LogPluginManager: Mounting plugin AppleMoviePlayer
LogPluginManager: Mounting plugin ArchVisCharacter
LogPluginManager: Mounting plugin AudioCapture
LogPluginManager: Mounting plugin CableComponent
LogPluginManager: Mounting plugin CustomMeshComponent
LogPluginManager: Mounting plugin EditableMesh
LogPluginManager: Mounting plugin ExampleDeviceProfileSelector
LogPluginManager: Mounting plugin Firebase
LogPluginManager: Mounting plugin GoogleCloudMessaging
LogPluginManager: Mounting plugin IOSDeviceProfileSelector
LogPluginManager: Mounting plugin LinuxDeviceProfileSelector
LogPluginManager: Mounting plugin LocationServicesBPLibrary
LogPluginManager: Mounting plugin MobilePatchingUtils
LogPluginManager: Mounting plugin OculusVR
LogPluginManager: Mounting plugin PhysXVehicles
LogPluginManager: Mounting plugin ProceduralMeshComponent
LogPluginManager: Mounting plugin RuntimePhysXCooking
LogPluginManager: Mounting plugin SignificanceManager
LogPluginManager: Mounting plugin SteamVR
LogPluginManager: Mounting plugin WebMMoviePlayer
LogPluginManager: Mounting plugin WindowsMoviePlayer
LogInit: Using libcurl 7.55.1-DEV
LogInit:  - built for x86_64-pc-win32
LogInit:  - supports SSL with OpenSSL/1.1.1
LogInit:  - supports HTTP deflate (compression) using libz 1.2.8
LogInit:  - other features:
LogInit:      CURL_VERSION_SSL
LogInit:      CURL_VERSION_LIBZ
LogInit:      CURL_VERSION_IPV6
LogInit:      CURL_VERSION_ASYNCHDNS
LogInit:      CURL_VERSION_LARGEFILE
LogInit:      CURL_VERSION_IDN
LogInit:  CurlRequestOptions (configurable via config and command line):
LogInit:  - bVerifyPeer = true  - Libcurl will verify peer certificate
LogInit:  - bUseHttpProxy = false  - Libcurl will NOT use HTTP proxy
LogInit:  - bDontReuseConnections = false  - Libcurl will reuse connections
LogInit:  - MaxHostConnections = 16  - Libcurl will limit the number of connections to a host
LogInit:  - LocalHostAddr = Default
LogInit:  - BufferSize = 65536
LogOnline: Display: STEAM: Loading Steam SDK 1.39
LogOnline: STEAM: Steam User is subscribed 1
LogOnline: STEAM: [AppId: 480] Client API initialized 1
LogOnline: STEAM: [AppId: 480] Game Server API initialized 1
LogOnline: STEAM: Missing P2PCleanupTimeout key in OnlineSubsystemSteam of DefaultEngine.ini, using default
LogInit: WinSock: version 1.1 (2.2), MaxSocks=32767, MaxUdp=65467
LogInit: Build: ++UE4+Release-4.22-CL-7053642
LogInit: Engine Version: 4.22.3-7053642+++UE4+Release-4.22
LogInit: Compatible Engine Version: 4.22.0-5660361+++UE4+Release-4.22
LogInit: Net CL: 5660361
LogInit: OS: Windows 10 (Release 1903) (), CPU: Intel(R) Core(TM) i7-7700 CPU @ 3.60GHz, GPU: Intel(R) HD Graphics 630
LogInit: Compiled (64-bit): Jun 18 2019 03:09:11
LogInit: Compiled with Visual C++: 19.16.27025.01
LogInit: Build Configuration: Development
LogInit: Branch Name: ++UE4+Release-4.22
LogInit: Command Line:  /Game/Maps/Menus -game -PIEVIACONSOLE -ResX=1280 -ResY=720 -Multiprocess -messaging -SessionName="Play in Standalone Game" -windowed
LogInit: Base Directory: C:/Epic Games/UE_4.22/Engine/Binaries/Win64/
LogInit: Installed Engine Build: 1
LogDevObjectVersion: Number of dev versions registered: 23
LogDevObjectVersion:   Dev-Blueprints (B0D832E4-1F89-4F0D-ACCF-7EB736FD4AA2): 10
LogDevObjectVersion:   Dev-Build (E1C64328-A22C-4D53-A36C-8E866417BD8C): 0
LogDevObjectVersion:   Dev-Core (375EC13C-06E4-48FB-B500-84F0262A717E): 3
LogDevObjectVersion:   Dev-Editor (E4B068ED-F494-42E9-A231-DA0B2E46BB41): 30
LogDevObjectVersion:   Dev-Framework (CFFC743F-43B0-4480-9391-14DF171D2073): 35
LogDevObjectVersion:   Dev-Mobile (B02B49B5-BB20-44E9-A304-32B752E40360): 2
LogDevObjectVersion:   Dev-Networking (A4E4105C-59A1-49B5-A7C5-40C4547EDFEE): 0
LogDevObjectVersion:   Dev-Online (39C831C9-5AE6-47DC-9A44-9C173E1C8E7C): 0
LogDevObjectVersion:   Dev-Physics (78F01B33-EBEA-4F98-B9B4-84EACCB95AA2): 0
LogDevObjectVersion:   Dev-Platform (6631380F-2D4D-43E0-8009-CF276956A95A): 0
LogDevObjectVersion:   Dev-Rendering (12F88B9F-8875-4AFC-A67C-D90C383ABD29): 28
LogDevObjectVersion:   Dev-Sequencer (7B5AE74C-D270-4C10-A958-57980B212A5A): 11
LogDevObjectVersion:   Dev-VR (D7296918-1DD6-4BDD-9DE2-64A83CC13884): 2
LogDevObjectVersion:   Dev-LoadTimes (C2A15278-BFE7-4AFE-6C17-90FF531DF755): 1
LogDevObjectVersion:   Private-Geometry (6EACA3D4-40EC-4CC1-B786-8BED09428FC5): 3
LogDevObjectVersion:   Dev-AnimPhys (29E575DD-E0A3-4627-9D10-D276232CDCEA): 17
LogDevObjectVersion:   Dev-Anim (AF43A65D-7FD3-4947-9873-3E8ED9C1BB05): 2
LogDevObjectVersion:   Dev-ReflectionCapture (6B266CEC-1EC7-4B8F-A30B-E4D90942FC07): 1
LogDevObjectVersion:   Dev-Automation (0DF73D61-A23F-47EA-B727-89E90C41499A): 1
LogDevObjectVersion:   FortniteMain (601D1886-AC64-4F84-AA16-D3DE0DEAC7D6): 25
LogDevObjectVersion:   Dev-Enterprise (9DFFBCD6-494F-0158-E221-12823C92A888): 6
LogDevObjectVersion:   Dev-Niagara (F2AED0AC-9AFE-416F-8664-AA7FFA26D6FC): 1
LogDevObjectVersion:   Dev-Destruction (174F1F0B-B4C6-45A5-B13F-2EE8D0FB917D): 2
LogInit: Presizing for max 16777216 objects, including 0 objects not considered by GC, pre-allocating 0 bytes for permanent pool.
LogInit: Object subsystem initialized
LogConfig: Setting CVar [[con.DebugEarlyDefault:1]]
LogConfig: Setting CVar [[r.setres:1280x720]]
[2020.01.23-16.13.19:133][  0]LogConfig: Setting CVar [[con.DebugEarlyDefault:1]]
[2020.01.23-16.13.19:133][  0]LogConfig: Setting CVar [[r.setres:1280x720]]
[2020.01.23-16.13.19:133][  0]LogConfig: Applying CVar settings from Section [/Script/Engine.RendererSettings] File [C:/Users/02tyson.watson/Desktop/Tyson Watson/Unreal Prjects/HorrorGame/Saved/Config/Windows/Engine.ini]
[2020.01.23-16.13.19:133][  0]LogConfig: Setting CVar [[r.GPUCrashDebugging:0]]
[2020.01.23-16.13.19:133][  0]LogConfig: Applying CVar settings from Section [/Script/Engine.RendererOverrideSettings] File [C:/Users/02tyson.watson/Desktop/Tyson Watson/Unreal Prjects/HorrorGame/Saved/Config/Windows/Engine.ini]
[2020.01.23-16.13.19:133][  0]LogConfig: Applying CVar settings from Section [/Script/Engine.StreamingSettings] File [C:/Users/02tyson.watson/Desktop/Tyson Watson/Unreal Prjects/HorrorGame/Saved/Config/Windows/Engine.ini]
[2020.01.23-16.13.19:133][  0]LogConfig: Setting CVar [[s.MinBulkDataSizeForAsyncLoading:131072]]
[2020.01.23-16.13.19:133][  0]LogConfig: Setting CVar [[s.AsyncLoadingThreadEnabled:0]]
[2020.01.23-16.13.19:133][  0]LogConfig: Setting CVar [[s.EventDrivenLoaderEnabled:1]]
[2020.01.23-16.13.19:133][  0]LogConfig: Setting CVar [[s.WarnIfTimeLimitExceeded:0]]
[2020.01.23-16.13.19:133][  0]LogConfig: Setting CVar [[s.TimeLimitExceededMultiplier:1.5]]
[2020.01.23-16.13.19:133][  0]LogConfig: Setting CVar [[s.TimeLimitExceededMinTime:0.005]]
[2020.01.23-16.13.19:133][  0]LogConfig: Setting CVar [[s.UseBackgroundLevelStreaming:1]]
[2020.01.23-16.13.19:133][  0]LogConfig: Setting CVar [[s.PriorityAsyncLoadingExtraTime:15.0]]
[2020.01.23-16.13.19:133][  0]LogConfig: Setting CVar [[s.LevelStreamingActorsUpdateTimeLimit:5.0]]
[2020.01.23-16.13.19:133][  0]LogConfig: Setting CVar [[s.PriorityLevelStreamingActorsUpdateExtraTime:5.0]]
[2020.01.23-16.13.19:133][  0]LogConfig: Setting CVar [[s.LevelStreamingComponentsRegistrationGranularity:10]]
[2020.01.23-16.13.19:133][  0]LogConfig: Setting CVar [[s.UnregisterComponentsTimeLimit:1.0]]
[2020.01.23-16.13.19:133][  0]LogConfig: Setting CVar [[s.LevelStreamingComponentsUnregistrationGranularity:5]]
[2020.01.23-16.13.19:133][  0]LogConfig: Applying CVar settings from Section [/Script/Engine.GarbageCollectionSettings] File [C:/Users/02tyson.watson/Desktop/Tyson Watson/Unreal Prjects/HorrorGame/Saved/Config/Windows/Engine.ini]
[2020.01.23-16.13.19:133][  0]LogConfig: Setting CVar [[gc.MaxObjectsNotConsideredByGC:1]]
[2020.01.23-16.13.19:133][  0]LogConfig: Setting CVar [[gc.SizeOfPermanentObjectPool:0]]
[2020.01.23-16.13.19:133][  0]LogConfig: Setting CVar [[gc.FlushStreamingOnGC:0]]
[2020.01.23-16.13.19:134][  0]LogConfig: Setting CVar [[gc.NumRetriesBeforeForcingGC:10]]
[2020.01.23-16.13.19:134][  0]LogConfig: Setting CVar [[gc.AllowParallelGC:1]]
[2020.01.23-16.13.19:134][  0]LogConfig: Setting CVar [[gc.TimeBetweenPurgingPendingKillObjects:61.1]]
[2020.01.23-16.13.19:134][  0]LogConfig: Setting CVar [[gc.MaxObjectsInEditor:16777216]]
[2020.01.23-16.13.19:134][  0]LogConfig: Setting CVar [[gc.IncrementalBeginDestroyEnabled:1]]
[2020.01.23-16.13.19:134][  0]LogConfig: Setting CVar [[gc.CreateGCClusters:1]]
[2020.01.23-16.13.19:134][  0]LogConfig: Setting CVar [[gc.MinGCClusterSize:5]]
[2020.01.23-16.13.19:134][  0]LogConfig: Setting CVar [[gc.ActorClusteringEnabled:0]]
[2020.01.23-16.13.19:134][  0]LogConfig: Setting CVar [[gc.BlueprintClusteringEnabled:0]]
[2020.01.23-16.13.19:134][  0]LogConfig: Setting CVar [[gc.UseDisregardForGCOnDedicatedServers:0]]
[2020.01.23-16.13.19:134][  0]LogConfig: Applying CVar settings from Section [/Script/Engine.NetworkSettings] File [C:/Users/02tyson.watson/Desktop/Tyson Watson/Unreal Prjects/HorrorGame/Saved/Config/Windows/Engine.ini]
[2020.01.23-16.13.19:134][  0]LogConfig: Applying CVar settings from Section [/Script/UnrealEd.CookerSettings] File [C:/Users/02tyson.watson/Desktop/Tyson Watson/Unreal Prjects/HorrorGame/Saved/Config/Windows/Engine.ini]
[2020.01.23-16.13.19:140][  0]LogConfig: Applying CVar settings from Section [ViewDistanceQuality@3] File [C:/Users/02tyson.watson/Desktop/Tyson Watson/Unreal Prjects/HorrorGame/Saved/Config/Windows/Scalability.ini]
[2020.01.23-16.13.19:140][  0]LogConfig: Setting CVar [[r.SkeletalMeshLODBias:0]]
[2020.01.23-16.13.19:140][  0]LogConfig: Setting CVar [[r.ViewDistanceScale:1.0]]
[2020.01.23-16.13.19:140][  0]LogConfig: Applying CVar settings from Section [AntiAliasingQuality@3] File [C:/Users/02tyson.watson/Desktop/Tyson Watson/Unreal Prjects/HorrorGame/Saved/Config/Windows/Scalability.ini]
[2020.01.23-16.13.19:140][  0]LogConfig: Setting CVar [[r.PostProcessAAQuality:4]]
[2020.01.23-16.13.19:140][  0]LogConfig: Applying CVar settings from Section [ShadowQuality@3] File [C:/Users/02tyson.watson/Desktop/Tyson Watson/Unreal Prjects/HorrorGame/Saved/Config/Windows/Scalability.ini]
[2020.01.23-16.13.19:140][  0]LogConfig: Setting CVar [[r.LightFunctionQuality:1]]
[2020.01.23-16.13.19:140][  0]LogConfig: Setting CVar [[r.ShadowQuality:5]]
[2020.01.23-16.13.19:140][  0]LogConfig: Setting CVar [[r.Shadow.CSM.MaxCascades:10]]
[2020.01.23-16.13.19:140][  0]LogConfig: Setting CVar [[r.Shadow.MaxResolution:2048]]
[2020.01.23-16.13.19:140][  0]LogConfig: Setting CVar [[r.Shadow.MaxCSMResolution:2048]]
[2020.01.23-16.13.19:140][  0]LogConfig: Setting CVar [[r.Shadow.RadiusThreshold:0.01]]
[2020.01.23-16.13.19:140][  0]LogConfig: Setting CVar [[r.Shadow.DistanceScale:1.0]]
[2020.01.23-16.13.19:140][  0]LogConfig: Setting CVar [[r.Shadow.CSM.TransitionScale:1.0]]
[2020.01.23-16.13.19:141][  0]LogConfig: Setting CVar [[r.Shadow.PreShadowResolutionFactor:1.0]]
[2020.01.23-16.13.19:141][  0]LogConfig: Setting CVar [[r.DistanceFieldShadowing:1]]
[2020.01.23-16.13.19:141][  0]LogConfig: Setting CVar [[r.DistanceFieldAO:1]]
[2020.01.23-16.13.19:141][  0]LogConfig: Setting CVar [[r.AOQuality:2]]
[2020.01.23-16.13.19:141][  0]LogConfig: Setting CVar [[r.VolumetricFog:1]]
[2020.01.23-16.13.19:141][  0]LogConfig: Setting CVar [[r.VolumetricFog.GridPixelSize:8]]
[2020.01.23-16.13.19:141][  0]LogConfig: Setting CVar [[r.VolumetricFog.GridSizeZ:128]]
[2020.01.23-16.13.19:141][  0]LogConfig: Setting CVar [[r.VolumetricFog.HistoryMissSupersampleCount:4]]
[2020.01.23-16.13.19:141][  0]LogConfig: Setting CVar [[r.LightMaxDrawDistanceScale:1]]
[2020.01.23-16.13.19:141][  0]LogConfig: Setting CVar [[r.CapsuleShadows:1]]
[2020.01.23-16.13.19:141][  0]LogConfig: Applying CVar settings from Section [PostProcessQuality@3] File [C:/Users/02tyson.watson/Desktop/Tyson Watson/Unreal Prjects/HorrorGame/Saved/Config/Windows/Scalability.ini]
[2020.01.23-16.13.19:141][  0]LogConfig: Setting CVar [[r.MotionBlurQuality:4]]
[2020.01.23-16.13.19:141][  0]LogConfig: Setting CVar [[r.AmbientOcclusionMipLevelFactor:0.4]]
[2020.01.23-16.13.19:141][  0]LogConfig: Setting CVar [[r.AmbientOcclusionMaxQuality:100]]
[2020.01.23-16.13.19:141][  0]LogConfig: Setting CVar [[r.AmbientOcclusionLevels:-1]]
[2020.01.23-16.13.19:141][  0]LogConfig: Setting CVar [[r.AmbientOcclusionRadiusScale:1.0]]
[2020.01.23-16.13.19:141][  0]LogConfig: Setting CVar [[r.DepthOfFieldQuality:2]]
[2020.01.23-16.13.19:141][  0]LogConfig: Setting CVar [[r.RenderTargetPoolMin:400]]
[2020.01.23-16.13.19:141][  0]LogConfig: Setting CVar [[r.LensFlareQuality:2]]
[2020.01.23-16.13.19:141][  0]LogConfig: Setting CVar [[r.SceneColorFringeQuality:1]]
[2020.01.23-16.13.19:141][  0]LogConfig: Setting CVar [[r.EyeAdaptationQuality:2]]
[2020.01.23-16.13.19:141][  0]LogConfig: Setting CVar [[r.BloomQuality:5]]
[2020.01.23-16.13.19:141][  0]LogConfig: Setting CVar [[r.FastBlurThreshold:100]]
[2020.01.23-16.13.19:141][  0]LogConfig: Setting CVar [[r.Upscale.Quality:3]]
[2020.01.23-16.13.19:141][  0]LogConfig: Setting CVar [[r.Tonemapper.GrainQuantization:1]]
[2020.01.23-16.13.19:141][  0]LogConfig: Setting CVar [[r.LightShaftQuality:1]]
[2020.01.23-16.13.19:141][  0]LogConfig: Setting CVar [[r.Filter.SizeScale:1]]
[2020.01.23-16.13.19:141][  0]LogConfig: Setting CVar [[r.Tonemapper.Quality:5]]
[2020.01.23-16.13.19:141][  0]LogConfig: Setting CVar [[r.DOF.Gather.AccumulatorQuality:1        ; higher gathering accumulator quality]]
[2020.01.23-16.13.19:141][  0]LogConfig: Setting CVar [[r.DOF.Gather.PostfilterMethod:1          ; Median3x3 postfilering method]]
[2020.01.23-16.13.19:141][  0]LogConfig: Setting CVar [[r.DOF.Gather.EnableBokehSettings:0       ; no bokeh simulation when gathering]]
[2020.01.23-16.13.19:141][  0]LogConfig: Setting CVar [[r.DOF.Gather.RingCount:4                 ; medium number of samples when gathering]]
[2020.01.23-16.13.19:141][  0]LogConfig: Setting CVar [[r.DOF.Scatter.ForegroundCompositing:1    ; additive foreground scattering]]
[2020.01.23-16.13.19:141][  0]LogConfig: Setting CVar [[r.DOF.Scatter.BackgroundCompositing:2    ; additive background scattering]]
[2020.01.23-16.13.19:141][  0]LogConfig: Setting CVar [[r.DOF.Scatter.EnableBokehSettings:1      ; bokeh simulation when scattering]]
[2020.01.23-16.13.19:141][  0]LogConfig: Setting CVar [[r.DOF.Scatter.MaxSpriteRatio:0.1         ; only a maximum of 10% of scattered bokeh]]
[2020.01.23-16.13.19:141][  0]LogConfig: Setting CVar [[r.DOF.Recombine.Quality:1                ; cheap slight out of focus]]
[2020.01.23-16.13.19:141][  0]LogConfig: Setting CVar [[r.DOF.Recombine.EnableBokehSettings:0    ; no bokeh simulation on slight out of focus]]
[2020.01.23-16.13.19:141][  0]LogConfig: Setting CVar [[r.DOF.TemporalAAQuality:1                ; more stable temporal accumulation]]
[2020.01.23-16.13.19:142][  0]LogConfig: Setting CVar [[r.DOF.Kernel.MaxForegroundRadius:0.025]]
[2020.01.23-16.13.19:142][  0]LogConfig: Setting CVar [[r.DOF.Kernel.MaxBackgroundRadius:0.025]]
[2020.01.23-16.13.19:142][  0]LogConfig: Applying CVar settings from Section [TextureQuality@3] File [C:/Users/02tyson.watson/Desktop/Tyson Watson/Unreal Prjects/HorrorGame/Saved/Config/Windows/Scalability.ini]
[2020.01.23-16.13.19:142][  0]LogConfig: Setting CVar [[r.Streaming.MipBias:0]]
[2020.01.23-16.13.19:142][  0]LogConfig: Setting CVar [[r.Streaming.AmortizeCPUToGPUCopy:0]]
[2020.01.23-16.13.19:142][  0]LogConfig: Setting CVar [[r.Streaming.MaxNumTexturesToStreamPerFrame:0]]
[2020.01.23-16.13.19:142][  0]LogConfig: Setting CVar [[r.Streaming.Boost:1]]
[2020.01.23-16.13.19:142][  0]LogConfig: Setting CVar [[r.MaxAnisotropy:8]]
[2020.01.23-16.13.19:142][  0]LogConfig: Setting CVar [[r.Streaming.LimitPoolSizeToVRAM:0]]
[2020.01.23-16.13.19:142][  0]LogConfig: Setting CVar [[r.Streaming.PoolSize:1000]]
[2020.01.23-16.13.19:142][  0]LogConfig: Setting CVar [[r.Streaming.MaxEffectiveScreenSize:0]]
[2020.01.23-16.13.19:142][  0]LogConfig: Applying CVar settings from Section [EffectsQuality@3] File [C:/Users/02tyson.watson/Desktop/Tyson Watson/Unreal Prjects/HorrorGame/Saved/Config/Windows/Scalability.ini]
[2020.01.23-16.13.19:142][  0]LogConfig: Setting CVar [[r.TranslucencyLightingVolumeDim:64]]
[2020.01.23-16.13.19:142][  0]LogConfig: Setting CVar [[r.RefractionQuality:2]]
[2020.01.23-16.13.19:142][  0]LogConfig: Setting CVar [[r.SSR.Quality:3]]
[2020.01.23-16.13.19:142][  0]LogConfig: Setting CVar [[r.SceneColorFormat:4]]
[2020.01.23-16.13.19:142][  0]LogConfig: Setting CVar [[r.DetailMode:2]]
[2020.01.23-16.13.19:142][  0]LogConfig: Setting CVar [[r.TranslucencyVolumeBlur:1]]
[2020.01.23-16.13.19:142][  0]LogConfig: Setting CVar [[r.MaterialQualityLevel:1 ; High quality]]
[2020.01.23-16.13.19:142][  0]LogConfig: Setting CVar [[r.SSS.Scale:1]]
[2020.01.23-16.13.19:142][  0]LogConfig: Setting CVar [[r.SSS.SampleSet:2]]
[2020.01.23-16.13.19:142][  0]LogConfig: Setting CVar [[r.SSS.Quality:1]]
[2020.01.23-16.13.19:142][  0]LogConfig: Setting CVar [[r.SSS.HalfRes:1]]
[2020.01.23-16.13.19:142][  0]LogConfig: Setting CVar [[r.EmitterSpawnRateScale:1.0]]
[2020.01.23-16.13.19:142][  0]LogConfig: Setting CVar [[r.ParticleLightQuality:2]]
[2020.01.23-16.13.19:142][  0]LogConfig: Applying CVar settings from Section [FoliageQuality@3] File [C:/Users/02tyson.watson/Desktop/Tyson Watson/Unreal Prjects/HorrorGame/Saved/Config/Windows/Scalability.ini]
[2020.01.23-16.13.19:142][  0]LogConfig: Setting CVar [[foliage.DensityScale:1.0]]
[2020.01.23-16.13.19:142][  0]LogConfig: Setting CVar [[grass.DensityScale:1.0]]
[2020.01.23-16.13.19:142][  0]LogInit: Selected Device Profile: [Windows]
[2020.01.23-16.13.19:143][  0]LogInit: Applying CVar settings loaded from the selected device profile: [Windows]
[2020.01.23-16.13.19:158][  0]LogHAL: Display: Platform has ~ 16 GB [17058271232 / 17179869184 / 16], which maps to Larger [LargestMinGB=32, LargerMinGB=12, DefaultMinGB=8, SmallerMinGB=6, SmallestMinGB=0)
[2020.01.23-16.13.19:158][  0]LogConfig: Setting CVar [[r.Vulkan.UseRealUBs:0		; Required until we fix HLR fall-out]]
[2020.01.23-16.13.19:158][  0]LogInit: Going up to parent DeviceProfile []
[2020.01.23-16.13.19:158][  0]LogConfig: Applying CVar settings from Section [ViewDistanceQuality@3] File [C:/Users/02tyson.watson/Desktop/Tyson Watson/Unreal Prjects/HorrorGame/Saved/Config/Windows/Scalability.ini]
[2020.01.23-16.13.19:158][  0]LogConfig: Setting CVar [[r.SkeletalMeshLODBias:0]]
[2020.01.23-16.13.19:158][  0]LogConfig: Setting CVar [[r.ViewDistanceScale:1.0]]
[2020.01.23-16.13.19:158][  0]LogConfig: Applying CVar settings from Section [AntiAliasingQuality@3] File [C:/Users/02tyson.watson/Desktop/Tyson Watson/Unreal Prjects/HorrorGame/Saved/Config/Windows/Scalability.ini]
[2020.01.23-16.13.19:158][  0]LogConfig: Setting CVar [[r.PostProcessAAQuality:4]]
[2020.01.23-16.13.19:158][  0]LogConfig: Applying CVar settings from Section [ShadowQuality@3] File [C:/Users/02tyson.watson/Desktop/Tyson Watson/Unreal Prjects/HorrorGame/Saved/Config/Windows/Scalability.ini]
[2020.01.23-16.13.19:158][  0]LogConfig: Setting CVar [[r.LightFunctionQuality:1]]
[2020.01.23-16.13.19:158][  0]LogConfig: Setting CVar [[r.ShadowQuality:5]]
[2020.01.23-16.13.19:158][  0]LogConfig: Setting CVar [[r.Shadow.CSM.MaxCascades:10]]
[2020.01.23-16.13.19:158][  0]LogConfig: Setting CVar [[r.Shadow.MaxResolution:2048]]
[2020.01.23-16.13.19:158][  0]LogConfig: Setting CVar [[r.Shadow.MaxCSMResolution:2048]]
[2020.01.23-16.13.19:158][  0]LogConfig: Setting CVar [[r.Shadow.RadiusThreshold:0.01]]
[2020.01.23-16.13.19:158][  0]LogConfig: Setting CVar [[r.Shadow.DistanceScale:1.0]]
[2020.01.23-16.13.19:158][  0]LogConfig: Setting CVar [[r.Shadow.CSM.TransitionScale:1.0]]
[2020.01.23-16.13.19:158][  0]LogConfig: Setting CVar [[r.Shadow.PreShadowResolutionFactor:1.0]]
[2020.01.23-16.13.19:158][  0]LogConfig: Setting CVar [[r.DistanceFieldShadowing:1]]
[2020.01.23-16.13.19:158][  0]LogConfig: Setting CVar [[r.DistanceFieldAO:1]]
[2020.01.23-16.13.19:158][  0]LogConfig: Setting CVar [[r.AOQuality:2]]
[2020.01.23-16.13.19:158][  0]LogConfig: Setting CVar [[r.VolumetricFog:1]]
[2020.01.23-16.13.19:158][  0]LogConfig: Setting CVar [[r.VolumetricFog.GridPixelSize:8]]
[2020.01.23-16.13.19:158][  0]LogConfig: Setting CVar [[r.VolumetricFog.GridSizeZ:128]]
[2020.01.23-16.13.19:158][  0]LogConfig: Setting CVar [[r.VolumetricFog.HistoryMissSupersampleCount:4]]
[2020.01.23-16.13.19:158][  0]LogConfig: Setting CVar [[r.LightMaxDrawDistanceScale:1]]
[2020.01.23-16.13.19:158][  0]LogConfig: Setting CVar [[r.CapsuleShadows:1]]
[2020.01.23-16.13.19:158][  0]LogConfig: Applying CVar settings from Section [PostProcessQuality@3] File [C:/Users/02tyson.watson/Desktop/Tyson Watson/Unreal Prjects/HorrorGame/Saved/Config/Windows/Scalability.ini]
[2020.01.23-16.13.19:158][  0]LogConfig: Setting CVar [[r.MotionBlurQuality:4]]
[2020.01.23-16.13.19:158][  0]LogConfig: Setting CVar [[r.AmbientOcclusionMipLevelFactor:0.4]]
[2020.01.23-16.13.19:158][  0]LogConfig: Setting CVar [[r.AmbientOcclusionMaxQuality:100]]
[2020.01.23-16.13.19:158][  0]LogConfig: Setting CVar [[r.AmbientOcclusionLevels:-1]]
[2020.01.23-16.13.19:158][  0]LogConfig: Setting CVar [[r.AmbientOcclusionRadiusScale:1.0]]
[2020.01.23-16.13.19:158][  0]LogConfig: Setting CVar [[r.DepthOfFieldQuality:2]]
[2020.01.23-16.13.19:158][  0]LogConfig: Setting CVar [[r.RenderTargetPoolMin:400]]
[2020.01.23-16.13.19:158][  0]LogConfig: Setting CVar [[r.LensFlareQuality:2]]
[2020.01.23-16.13.19:158][  0]LogConfig: Setting CVar [[r.SceneColorFringeQuality:1]]
[2020.01.23-16.13.19:158][  0]LogConfig: Setting CVar [[r.EyeAdaptationQuality:2]]
[2020.01.23-16.13.19:158][  0]LogConfig: Setting CVar [[r.BloomQuality:5]]
[2020.01.23-16.13.19:158][  0]LogConfig: Setting CVar [[r.FastBlurThreshold:100]]
[2020.01.23-16.13.19:158][  0]LogConfig: Setting CVar [[r.Upscale.Quality:3]]
[2020.01.23-16.13.19:158][  0]LogConfig: Setting CVar [[r.Tonemapper.GrainQuantization:1]]
[2020.01.23-16.13.19:158][  0]LogConfig: Setting CVar [[r.LightShaftQuality:1]]
[2020.01.23-16.13.19:158][  0]LogConfig: Setting CVar [[r.Filter.SizeScale:1]]
[2020.01.23-16.13.19:158][  0]LogConfig: Setting CVar [[r.Tonemapper.Quality:5]]
[2020.01.23-16.13.19:158][  0]LogConfig: Setting CVar [[r.DOF.Gather.AccumulatorQuality:1        ; higher gathering accumulator quality]]
[2020.01.23-16.13.19:158][  0]LogConfig: Setting CVar [[r.DOF.Gather.PostfilterMethod:1          ; Median3x3 postfilering method]]
[2020.01.23-16.13.19:158][  0]LogConfig: Setting CVar [[r.DOF.Gather.EnableBokehSettings:0       ; no bokeh simulation when gathering]]
[2020.01.23-16.13.19:158][  0]LogConfig: Setting CVar [[r.DOF.Gather.RingCount:4                 ; medium number of samples when gathering]]
[2020.01.23-16.13.19:159][  0]LogConfig: Setting CVar [[r.DOF.Scatter.ForegroundCompositing:1    ; additive foreground scattering]]
[2020.01.23-16.13.19:159][  0]LogConfig: Setting CVar [[r.DOF.Scatter.BackgroundCompositing:2    ; additive background scattering]]
[2020.01.23-16.13.19:159][  0]LogConfig: Setting CVar [[r.DOF.Scatter.EnableBokehSettings:1      ; bokeh simulation when scattering]]
[2020.01.23-16.13.19:159][  0]LogConfig: Setting CVar [[r.DOF.Scatter.MaxSpriteRatio:0.1         ; only a maximum of 10% of scattered bokeh]]
[2020.01.23-16.13.19:159][  0]LogConfig: Setting CVar [[r.DOF.Recombine.Quality:1                ; cheap slight out of focus]]
[2020.01.23-16.13.19:159][  0]LogConfig: Setting CVar [[r.DOF.Recombine.EnableBokehSettings:0    ; no bokeh simulation on slight out of focus]]
[2020.01.23-16.13.19:159][  0]LogConfig: Setting CVar [[r.DOF.TemporalAAQuality:1                ; more stable temporal accumulation]]
[2020.01.23-16.13.19:159][  0]LogConfig: Setting CVar [[r.DOF.Kernel.MaxForegroundRadius:0.025]]
[2020.01.23-16.13.19:159][  0]LogConfig: Setting CVar [[r.DOF.Kernel.MaxBackgroundRadius:0.025]]
[2020.01.23-16.13.19:159][  0]LogConfig: Applying CVar settings from Section [TextureQuality@3] File [C:/Users/02tyson.watson/Desktop/Tyson Watson/Unreal Prjects/HorrorGame/Saved/Config/Windows/Scalability.ini]
[2020.01.23-16.13.19:159][  0]LogConfig: Setting CVar [[r.Streaming.MipBias:0]]
[2020.01.23-16.13.19:159][  0]LogConfig: Setting CVar [[r.Streaming.AmortizeCPUToGPUCopy:0]]
[2020.01.23-16.13.19:159][  0]LogConfig: Setting CVar [[r.Streaming.MaxNumTexturesToStreamPerFrame:0]]
[2020.01.23-16.13.19:159][  0]LogConfig: Setting CVar [[r.Streaming.Boost:1]]
[2020.01.23-16.13.19:159][  0]LogConfig: Setting CVar [[r.MaxAnisotropy:8]]
[2020.01.23-16.13.19:159][  0]LogConfig: Setting CVar [[r.Streaming.LimitPoolSizeToVRAM:0]]
[2020.01.23-16.13.19:159][  0]LogConfig: Setting CVar [[r.Streaming.PoolSize:1000]]
[2020.01.23-16.13.19:159][  0]LogConfig: Setting CVar [[r.Streaming.MaxEffectiveScreenSize:0]]
[2020.01.23-16.13.19:159][  0]LogConfig: Applying CVar settings from Section [EffectsQuality@3] File [C:/Users/02tyson.watson/Desktop/Tyson Watson/Unreal Prjects/HorrorGame/Saved/Config/Windows/Scalability.ini]
[2020.01.23-16.13.19:159][  0]LogConfig: Setting CVar [[r.TranslucencyLightingVolumeDim:64]]
[2020.01.23-16.13.19:159][  0]LogConfig: Setting CVar [[r.RefractionQuality:2]]
[2020.01.23-16.13.19:159][  0]LogConfig: Setting CVar [[r.SSR.Quality:3]]
[2020.01.23-16.13.19:159][  0]LogConfig: Setting CVar [[r.SceneColorFormat:4]]
[2020.01.23-16.13.19:159][  0]LogConfig: Setting CVar [[r.DetailMode:2]]
[2020.01.23-16.13.19:159][  0]LogConfig: Setting CVar [[r.TranslucencyVolumeBlur:1]]
[2020.01.23-16.13.19:159][  0]LogConfig: Setting CVar [[r.MaterialQualityLevel:1 ; High quality]]
[2020.01.23-16.13.19:159][  0]LogConfig: Setting CVar [[r.SSS.Scale:1]]
[2020.01.23-16.13.19:159][  0]LogConfig: Setting CVar [[r.SSS.SampleSet:2]]
[2020.01.23-16.13.19:159][  0]LogConfig: Setting CVar [[r.SSS.Quality:1]]
[2020.01.23-16.13.19:159][  0]LogConfig: Setting CVar [[r.SSS.HalfRes:1]]
[2020.01.23-16.13.19:159][  0]LogConfig: Setting CVar [[r.EmitterSpawnRateScale:1.0]]
[2020.01.23-16.13.19:159][  0]LogConfig: Setting CVar [[r.ParticleLightQuality:2]]
[2020.01.23-16.13.19:159][  0]LogConfig: Applying CVar settings from Section [FoliageQuality@3] File [C:/Users/02tyson.watson/Desktop/Tyson Watson/Unreal Prjects/HorrorGame/Saved/Config/Windows/Scalability.ini]
[2020.01.23-16.13.19:159][  0]LogConfig: Setting CVar [[foliage.DensityScale:1.0]]
[2020.01.23-16.13.19:159][  0]LogConfig: Setting CVar [[grass.DensityScale:1.0]]
[2020.01.23-16.13.19:159][  0]LogConfig: Applying CVar settings from Section [Startup] File [../../../Engine/Config/ConsoleVariables.ini]
[2020.01.23-16.13.19:159][  0]LogConfig: Setting CVar [[net.UseAdaptiveNetUpdateFrequency:0]]
[2020.01.23-16.13.19:159][  0]LogConfig: Setting CVar [[p.chaos.AllowCreatePhysxBodies:1]]
[2020.01.23-16.13.19:159][  0]LogConfig: Applying CVar settings from Section [ConsoleVariables] File [C:/Users/02tyson.watson/Desktop/Tyson Watson/Unreal Prjects/HorrorGame/Saved/Config/Windows/Engine.ini]
[2020.01.23-16.13.19:160][  0]LogInit: Computer: GUL-HS-2211SD02
[2020.01.23-16.13.19:160][  0]LogInit: User: 02tysonwatson
[2020.01.23-16.13.19:160][  0]LogInit: CPU Page size=4096, Cores=4
[2020.01.23-16.13.19:160][  0]LogInit: High frequency timer resolution =10.000000 MHz
[2020.01.23-16.13.19:160][  0]LogMemory: Memory total: Physical=15.9GB (16GB approx)
[2020.01.23-16.13.19:160][  0]LogMemory: Platform Memory Stats for Windows
[2020.01.23-16.13.19:160][  0]LogMemory: Process Physical Memory: 133.70 MB used, 133.70 MB peak
[2020.01.23-16.13.19:160][  0]LogMemory: Process Virtual Memory: 112.31 MB used, 112.31 MB peak
[2020.01.23-16.13.19:160][  0]LogMemory: Physical Memory: 8280.25 MB used,  7987.78 MB free, 16268.04 MB total
[2020.01.23-16.13.19:160][  0]LogMemory: Virtual Memory: 4792.88 MB used,  134212936.00 MB free, 134217728.00 MB total
[2020.01.23-16.13.19:192][  0]LogInit: Using OS detected language (en-US).
[2020.01.23-16.13.19:192][  0]LogInit: Using OS detected locale (en-US).
[2020.01.23-16.13.19:193][  0]LogTextLocalizationManager: No specific localization for 'en-US' exists, so the 'en' localization will be used.
[2020.01.23-16.13.19:450][  0]LogSlate: New Slate User Created.  User Index 0, Is Virtual User: 0
[2020.01.23-16.13.19:450][  0]LogSlate: Slate User Registered.  User Index 0, Is Virtual User: 0
[2020.01.23-16.13.19:479][  0]LogHMD: Failed to initialize OpenVR with code 110
[2020.01.23-16.13.19:479][  0]LogD3D11RHI: D3D11 adapters:
[2020.01.23-16.13.19:536][  0]LogD3D11RHI:    0. 'Intel(R) HD Graphics 630' (Feature Level 11_0)
[2020.01.23-16.13.19:536][  0]LogD3D11RHI:       128/0/8134 MB DedicatedVideo/DedicatedSystem/SharedSystem, Outputs:2, VendorId:0x8086
[2020.01.23-16.13.19:540][  0]LogD3D11RHI:    1. 'Microsoft Basic Render Driver' (Feature Level 11_0)
[2020.01.23-16.13.19:540][  0]LogD3D11RHI:       0/0/8134 MB DedicatedVideo/DedicatedSystem/SharedSystem, Outputs:0, VendorId:0x1414
[2020.01.23-16.13.19:540][  0]LogD3D11RHI: Chosen D3D11 Adapter: 0
[2020.01.23-16.13.19:547][  0]LogD3D11RHI: Creating new Direct3DDevice
[2020.01.23-16.13.19:547][  0]LogD3D11RHI:     GPU DeviceId: 0x5912 (for the marketing name, search the web for "GPU Device Id")
[2020.01.23-16.13.19:547][  0]LogWindows: EnumDisplayDevices:
[2020.01.23-16.13.19:547][  0]LogWindows:    0. 'Intel(R) HD Graphics 630' (P:0 D:1)
[2020.01.23-16.13.19:547][  0]LogWindows:    1. 'Intel(R) HD Graphics 630' (P:1 D:1)
[2020.01.23-16.13.19:548][  0]LogWindows:    2. 'Intel(R) HD Graphics 630' (P:0 D:0)
[2020.01.23-16.13.19:548][  0]LogWindows: DebugString: FoundDriverCount:3 
[2020.01.23-16.13.19:548][  0]LogD3D11RHI:     Adapter Name: Intel(R) HD Graphics 630
[2020.01.23-16.13.19:548][  0]LogD3D11RHI:   Driver Version: 25.20.100.6374 (internal:25.20.100.6374, unified:25.20.100.6374)
[2020.01.23-16.13.19:548][  0]LogD3D11RHI:      Driver Date: 11-18-2018
[2020.01.23-16.13.19:548][  0]LogRHI: Texture pool is 1523 MB (70% of 2176 MB)
[2020.01.23-16.13.19:593][  0]LogD3D11RHI: Async texture creation enabled
[2020.01.23-16.13.19:597][  0]LogRendererCore: FGlobalReadBuffer::InitRHI
[2020.01.23-16.13.19:597][  0]LogRendererCore: FGlobalReadBuffer::InitRHI
[2020.01.23-16.13.19:597][  0]LogRendererCore: FGlobalReadBuffer::InitRHI
[2020.01.23-16.13.19:599][  0]LogD3D11RHI: GPU Timing Frequency: 12.000048 (Debug: 2 0)
[2020.01.23-16.13.19:949][  0]LogTemp: Display: Module 'WindowsClientTargetPlatform' loaded TargetPlatform 'WindowsClient'
[2020.01.23-16.13.19:961][  0]LogTemp: Display: Module 'WindowsNoEditorTargetPlatform' loaded TargetPlatform 'WindowsNoEditor'
[2020.01.23-16.13.19:973][  0]LogTemp: Display: Module 'WindowsServerTargetPlatform' loaded TargetPlatform 'WindowsServer'
[2020.01.23-16.13.19:979][  0]LogTemp: Display: Module 'WindowsTargetPlatform' loaded TargetPlatform 'Windows'
[2020.01.23-16.13.19:979][  0]LogTargetPlatformManager: Display: Building Assets For Windows
[2020.01.23-16.13.19:987][  0]LogAudioDebug: Display: Lib vorbis DLL was dynamically loaded.
[2020.01.23-16.13.20:030][  0]LogShaderCompilers: Guid format shader working directory is -28 characters bigger than the processId version (../../../../../Users/02tyson.watson/Desktop/Tyson Watson/Unreal Prjects/HorrorGame/Intermediate/Shaders/WorkingDirectory/12508/).
[2020.01.23-16.13.20:030][  0]LogShaderCompilers: Cleaned the shader compiler working directory 'C:/Users/02tyson.watson/AppData/Local/Temp/UnrealShaderWorkingDir/A1326B524BD9A90F4C66D183E99B10E9/'.
[2020.01.23-16.13.20:032][  0]LogXGEController: Cannot use XGE Controller as Incredibuild is not installed on this machine.
[2020.01.23-16.13.20:032][  0]LogShaderCompilers: Cannot use XGE Shader Compiler as Incredibuild is not installed on this machine.
[2020.01.23-16.13.20:032][  0]LogShaderCompilers: Display: Using Local Shader Compiler.
[2020.01.23-16.13.20:489][  0]LogDerivedDataCache: Display: Max Cache Size: 512 MB
[2020.01.23-16.13.20:529][  0]LogDerivedDataCache: Loaded boot cache 0.04s 71MB C:/Users/02tyson.watson/AppData/Local/UnrealEngine/4.22/DerivedDataCache/Boot.ddc.
[2020.01.23-16.13.20:529][  0]LogDerivedDataCache: Display: Loaded Boot cache: C:/Users/02tyson.watson/AppData/Local/UnrealEngine/4.22/DerivedDataCache/Boot.ddc
[2020.01.23-16.13.20:530][  0]LogDerivedDataCache: FDerivedDataBackendGraph:  Pak pak cache file ../../../../../Users/02tyson.watson/Desktop/Tyson Watson/Unreal Prjects/HorrorGame/DerivedDataCache/DDC.ddp not found, will not use a pak cache.
[2020.01.23-16.13.20:530][  0]LogDerivedDataCache: Unable to find inner node Pak for hierarchical cache Hierarchy.
[2020.01.23-16.13.20:530][  0]LogDerivedDataCache: FDerivedDataBackendGraph:  CompressedPak pak cache file ../../../../../Users/02tyson.watson/Desktop/Tyson Watson/Unreal Prjects/HorrorGame/DerivedDataCache/Compressed.ddp not found, will not use a pak cache.
[2020.01.23-16.13.20:530][  0]LogDerivedDataCache: Unable to find inner node CompressedPak for hierarchical cache Hierarchy.
[2020.01.23-16.13.20:540][  0]LogDerivedDataCache: Display: Pak cache opened for reading ../../../Engine/DerivedDataCache/Compressed.ddp.
[2020.01.23-16.13.20:540][  0]LogDerivedDataCache: FDerivedDataBackendGraph:  EnterprisePak pak cache file ../../../Enterprise/DerivedDataCache/Compressed.ddp not found, will not use a pak cache.
[2020.01.23-16.13.20:540][  0]LogDerivedDataCache: Unable to find inner node EnterprisePak for hierarchical cache Hierarchy.
[2020.01.23-16.13.20:552][  0]LogDerivedDataCache: Using Local data cache path C:/Users/02tyson.watson/AppData/Local/UnrealEngine/Common/DerivedDataCache: Writable
[2020.01.23-16.13.20:552][  0]LogDerivedDataCache: Shared data cache path not found in *engine.ini, will not use an Shared cache.
[2020.01.23-16.13.20:552][  0]LogDerivedDataCache: Unable to find inner node Shared for hierarchical cache Hierarchy.
[2020.01.23-16.13.20:571][  0]LogMaterial: Verifying Global Shaders for PCD3D_SM5
[2020.01.23-16.13.20:572][  0]LogSlate: Using FreeType 2.6.0
[2020.01.23-16.13.20:573][  0]LogSlate: SlateFontServices - WITH_FREETYPE: 1, WITH_HARFBUZZ: 1
[2020.01.23-16.13.20:666][  0]LogInit: Using OS detected language (en-US).
[2020.01.23-16.13.20:666][  0]LogInit: Using OS detected locale (en-US).
[2020.01.23-16.13.20:666][  0]LogTextLocalizationManager: No localization for 'en-US' exists, so 'en' will be used for the language.
[2020.01.23-16.13.20:666][  0]LogTextLocalizationManager: No localization for 'en-US' exists, so 'en' will be used for the locale.
[2020.01.23-16.13.20:666][  0]LogSlate: FontCache flush requested. Reason: Culture for localization was changed
[2020.01.23-16.13.20:666][  0]LogSlate: FontCache flush requested. Reason: Culture for localization was changed
[2020.01.23-16.13.20:667][  0]LogTextLocalizationManager: Compacting localization data took   0.00ms
[2020.01.23-16.13.20:673][  0]LogAssetRegistry: FAssetRegistry took 0.0036 seconds to start up
[2020.01.23-16.13.20:856][  0]LogPackageLocalizationCache: Processed 10 localized package path(s) for 1 prioritized culture(s) in 0.000452 seconds
[2020.01.23-16.13.20:990][  0]LogInit: Selected Device Profile: [Windows]
[2020.01.23-16.13.21:123][  0]LogMeshReduction: Using QuadricMeshReduction for automatic static mesh reduction
[2020.01.23-16.13.21:123][  0]LogMeshReduction: Using SimplygonMeshReduction for automatic skeletal mesh reduction
[2020.01.23-16.13.21:123][  0]LogMeshReduction: Using ProxyLODMeshReduction for automatic mesh merging
[2020.01.23-16.13.21:123][  0]LogMeshReduction: No distributed automatic mesh merging module available
[2020.01.23-16.13.21:123][  0]LogMeshMerging: No distributed automatic mesh merging module available
[2020.01.23-16.13.21:134][  0]LogNetVersion: Horror_Game 1.0.0, NetCL: 5660361, EngineNetVer: 10, GameNetVer: 0 (Checksum: 364352182)
[2020.01.23-16.13.21:558][  0]LogMoviePlayer: Initializing movie player
[2020.01.23-16.13.21:667][  0]LogTcpMessaging: Initializing TcpMessaging bridge
[2020.01.23-16.13.21:680][  0]LogUdpMessaging: Initializing bridge on interface 0.0.0.0:0 to multicast group 230.0.0.1:6666.
[2020.01.23-16.13.21:777][  0]SourceControl: Source control is disabled
[2020.01.23-16.13.21:777][  0]SourceControl: Source control is disabled
[2020.01.23-16.13.21:779][  0]SourceControl: Source control is disabled
[2020.01.23-16.13.21:937][  0]LogAndroidPermission: UAndroidPermissionCallbackProxy::GetInstance
[2020.01.23-16.13.22:024][  0]LogOcInput: OculusInput pre-init called
[2020.01.23-16.13.22:032][  0]LogUObjectArray: 46490 objects as part of root set at end of initial load.
[2020.01.23-16.13.22:032][  0]LogUObjectAllocator: 8177640 out of 0 bytes used by permanent object pool.
[2020.01.23-16.13.22:032][  0]LogUObjectArray: CloseDisregardForGC: 0/0 objects in disregard for GC pool
[2020.01.23-16.13.22:160][  0]LogEngine: Initializing Engine...
[2020.01.23-16.13.22:161][  0]LogHMD: Failed to initialize OpenVR with code 110
[2020.01.23-16.13.22:172][  0]LogStats: UGameplayTagsManager::InitializeManager -  0.000 s
[2020.01.23-16.13.22:298][  0]LogInit: Initializing FReadOnlyCVARCache
[2020.01.23-16.13.22:312][  0]LogInit: XAudio2 using 'Headset Earphone (3- DELL PRO STEREO HEADSET UC150)' : 2 channels at 48 kHz using 16 bits per sample (channel mask 0x3)
[2020.01.23-16.13.22:321][  0]LogInit: FAudioDevice initialized.
[2020.01.23-16.13.22:333][  0]LogNetVersion: Set ProjectVersion to 1.0.0.0. Version Checksum will be recalculated on next use.
[2020.01.23-16.13.22:336][  0]LogInit: Texture streaming: Enabled
[2020.01.23-16.13.22:493][  0]LogSlate: Updating window title bar state: overlay mode, drag disabled, window buttons hidden, title bar hidden
[2020.01.23-16.13.22:493][  0]LogInit: Display: Game Engine Initialized.
[2020.01.23-16.13.22:537][  0]LogInit: Display: Starting Game.
[2020.01.23-16.13.22:537][  0]LogNet: Browse: /Game/Maps/Menus?Name=Player
[2020.01.23-16.13.22:537][  0]LogLoad: LoadMap: /Game/Maps/Menus?Name=Player
[2020.01.23-16.13.22:560][  0]LogUObjectHash: Compacting FUObjectHashTables data took   1.55ms
[2020.01.23-16.13.22:620][  0]LogAIModule: Creating AISystem for world Menus
[2020.01.23-16.13.22:620][  0]LogLoad: Game class is 'MainmenuGM_C'
[2020.01.23-16.13.22:621][  0]LogWorld: Bringing World /Game/Maps/Menus.Menus up for play (max tick rate 0) at 2020.01.23-11.13.22
[2020.01.23-16.13.22:622][  0]LogWorld: Bringing up level for play took: 0.000397
[2020.01.23-16.13.22:622][  0]LogGameMode: FindPlayerStart: PATHS NOT DEFINED or NO PLAYERSTART with positive rating
[2020.01.23-16.13.22:627][  0]LogPlayerController: Error: InputMode:UIOnly - Attempting to focus Non-Focusable widget SObjectWidget [Widget.cpp(710)]!
[2020.01.23-16.13.22:627][  0]LogLoad: Took 0.089971 seconds to LoadMap(/Game/Maps/Menus)
[2020.01.23-16.13.22:675][  0]LogRenderer: Reallocating scene render targets to support 1280x720 Format 10 NumSamples 1 (Frame:1).
[2020.01.23-16.13.22:675][  0]LogLoad: (Engine Initialization) Total time: 6.26 seconds
[2020.01.23-16.13.22:675][  0]LogLoad: (Engine Initialization) Total Blueprint compile time: 0.00 seconds
[2020.01.23-16.13.22:731][  0]LogContentStreaming: Texture pool size now 1000 MB
[2020.01.23-16.13.24:728][110]LogSlate: FSceneViewport::OnFocusLost() reason 0
[2020.01.23-16.13.26:721][228]LogSlate: Updating window title bar state: overlay mode, drag disabled, window buttons hidden, title bar hidden
[2020.01.23-16.13.29:275][386]LogSlate: Updating window title bar state: overlay mode, drag disabled, window buttons hidden, title bar hidden
[2020.01.23-16.13.47:729][531]LogOnlineSession: Warning: STEAM: You must be logged in to an online profile to search for internet games
[2020.01.23-16.13.47:777][534]LogOnline: Warning: OSS: Async task 'FOnlineAsyncTaskSteamFindLobbiesForFindSessions bWasSuccessful: 0 NumResults: 1088421888' failed in 0.052135 seconds
[2020.01.23-16.13.47:780][534]LogOnlineSession: STEAM: Found 0 lobbies, finalizing the search
[2020.01.23-16.13.47:780][534]LogBlueprintUserMessages: [SearrchGames_C_0] HeFaeildello
[2020.01.23-16.14.07:357][745]LogInit: WinSock: I am GUL-HS-2211SD02 (192.168.56.1:0)
[2020.01.23-16.14.10:340][930]LogOnlineSession: Warning: STEAM: Ignoring game search request while one is pending
[2020.01.23-16.14.11:383][987]LogSlate: Window 'Horror_Game (64-bit Development PCD3D_SM5) ' being destroyed
[2020.01.23-16.14.11:384][987]LogWindowsTextInputMethodSystem: Display: IME system now deactivated.
[2020.01.23-16.14.11:390][987]LogSlate: Updating window title bar state: overlay mode, drag disabled, window buttons hidden, title bar hidden
[2020.01.23-16.14.11:390][987]LogEngine: All Windows Closed
[2020.01.23-16.14.11:390][987]LogWindows: FPlatformMisc::RequestExit(0)
[2020.01.23-16.14.12:195][988]LogExit: Preparing to exit.
[2020.01.23-16.14.12:195][988]LogMoviePlayer: Shutting down movie player
[2020.01.23-16.14.12:722][988]LogSlate: Updating window title bar state: overlay mode, drag disabled, window buttons hidden, title bar hidden
[2020.01.23-16.14.12:727][988]LogExit: Game engine shut down
[2020.01.23-16.14.12:767][988]LogExit: Object subsystem successfully closed.
[2020.01.23-16.14.12:782][988]LogShaderCompilers: Display: Shaders left to compile 0
[2020.01.23-16.14.12:784][988]LogD3D11RHI: Shutdown
[2020.01.23-16.14.12:784][988]LogD3D11RHI: CleanupD3DDevice
[2020.01.23-16.14.12:785][988]LogRendererCore: FGlobalReadBuffer::ReleaseRHI
[2020.01.23-16.14.12:785][988]LogRendererCore: FGlobalDynamicReadBuffer::Cleanup()
[2020.01.23-16.14.12:785][988]LogRendererCore: FGlobalReadBuffer::ReleaseRHI
[2020.01.23-16.14.12:785][988]LogRendererCore: FGlobalDynamicReadBuffer::Cleanup()
[2020.01.23-16.14.12:785][988]LogRendererCore: FGlobalReadBuffer::ReleaseRHI
[2020.01.23-16.14.12:785][988]LogRendererCore: FGlobalDynamicReadBuffer::Cleanup()
